2026-01-15 20:29:30,536 - FL_Main_spp_mb - INFO - Experiment Configuration: {
  "experiment_name": "spp_mb",
  "random_seed": 42,
  "dataset": {
    "type": "mnist",
    "data_dir": "./data",
    "num_classes": 10,
    "partition_type": "iid"
  },
  "model": {
    "type": "lenet",
    "num_classes": 10
  },
  "federated_learning": {
    "num_rounds": 30,
    "num_clients": 100,
    "client_participation_rate": 0.1,
    "learning_rate": 0.01,
    "local_epochs": 2,
    "batch_size": 32
  },
  "server": {
    "data_size": 500
  },
  "attack": {
    "type": "mb",
    "num_malicious_clients": 20,
    "params": {
      "scaling_min": -100.0,
      "scaling_max": 100.0,
      "num_steps": 200
    }
  },
  "defense": {
    "type": "spp",
    "params": {
      "selection_ratio": 0.5,
      "cosine_threshold": 0.0
    }
  }
}
2026-01-15 20:29:30,537 - FL_Main_spp_mb - INFO - Using device: cpu
2026-01-15 20:29:35,594 - FL_Main_spp_mb - INFO - Data partitioned among 100 clients
2026-01-15 20:29:35,600 - FL_Main_spp_mb - INFO - Model initialized: lenet
2026-01-15 20:29:35,601 - FL_Main_spp_mb - INFO - Server initialized with defense: spp
2026-01-15 20:29:35,685 - FL_Main_spp_mb - INFO - Created 100 clients (20 malicious)
2026-01-15 20:29:35,685 - FL_Main_spp_mb - INFO - Experiment setup completed
2026-01-15 20:29:35,685 - FL_Main_spp_mb - INFO - Starting experiment with 30 rounds
2026-01-15 20:29:35,685 - FL_Main_spp_mb - INFO - === Round 1 Started ===
2026-01-15 20:29:35,685 - FL_Main_spp_mb - INFO - Participating clients: [25, 91, 83, 89, 69, 53, 28, 57, 75, 35]
2026-01-15 20:29:48,440 - FL_Main_spp_mb - INFO - === Round 1 Completed ===
2026-01-15 20:29:48,441 - FL_Main_spp_mb - INFO - Global Accuracy: 39.1900, Global Loss: 2.1943
2026-01-15 20:29:48,441 - FL_Main_spp_mb - INFO - Test Accuracy: 39.1900, Test Loss: 2.1943
2026-01-15 20:29:48,442 - FL_Main_spp_mb - INFO - === Round 2 Started ===
2026-01-15 20:29:48,442 - FL_Main_spp_mb - INFO - Participating clients: [0, 97, 20, 89, 54, 43, 35, 19, 27, 13]
2026-01-15 20:29:58,118 - FL_Main_spp_mb - INFO - === Round 2 Completed ===
2026-01-15 20:29:58,119 - FL_Main_spp_mb - INFO - Global Accuracy: 81.6600, Global Loss: 0.6326
2026-01-15 20:29:58,119 - FL_Main_spp_mb - INFO - Test Accuracy: 81.6600, Test Loss: 0.6326
2026-01-15 20:29:58,120 - FL_Main_spp_mb - INFO - === Round 3 Started ===
2026-01-15 20:29:58,120 - FL_Main_spp_mb - INFO - Participating clients: [11, 48, 12, 45, 44, 77, 33, 5, 93, 58]
2026-01-15 20:30:12,745 - FL_Main_spp_mb - INFO - === Round 3 Completed ===
2026-01-15 20:30:12,746 - FL_Main_spp_mb - INFO - Global Accuracy: 87.7700, Global Loss: 0.3993
2026-01-15 20:30:12,746 - FL_Main_spp_mb - INFO - Test Accuracy: 87.7700, Test Loss: 0.3993
2026-01-15 20:30:12,747 - FL_Main_spp_mb - INFO - === Round 4 Started ===
2026-01-15 20:30:12,747 - FL_Main_spp_mb - INFO - Participating clients: [68, 15, 48, 10, 70, 37, 80, 79, 46, 73]
2026-01-15 20:30:23,447 - FL_Main_spp_mb - INFO - === Round 4 Completed ===
2026-01-15 20:30:23,448 - FL_Main_spp_mb - INFO - Global Accuracy: 91.4800, Global Loss: 0.2760
2026-01-15 20:30:23,448 - FL_Main_spp_mb - INFO - Test Accuracy: 91.4800, Test Loss: 0.2760
2026-01-15 20:30:23,448 - FL_Main_spp_mb - INFO - === Round 5 Started ===
2026-01-15 20:30:23,449 - FL_Main_spp_mb - INFO - Participating clients: [24, 90, 8, 5, 84, 29, 98, 37, 10, 12]
2026-01-15 20:30:36,621 - FL_Main_spp_mb - INFO - === Round 5 Completed ===
2026-01-15 20:30:36,624 - FL_Main_spp_mb - INFO - Global Accuracy: 93.1300, Global Loss: 0.2242
2026-01-15 20:30:36,624 - FL_Main_spp_mb - INFO - Test Accuracy: 93.1300, Test Loss: 0.2242
2026-01-15 20:30:36,628 - FL_Main_spp_mb - INFO - === Round 6 Started ===
2026-01-15 20:30:36,628 - FL_Main_spp_mb - INFO - Participating clients: [48, 35, 58, 81, 46, 20, 47, 45, 26, 85]
2026-01-15 20:30:49,684 - FL_Main_spp_mb - INFO - === Round 6 Completed ===
2026-01-15 20:30:49,685 - FL_Main_spp_mb - INFO - Global Accuracy: 94.5400, Global Loss: 0.1821
2026-01-15 20:30:49,686 - FL_Main_spp_mb - INFO - Test Accuracy: 94.5400, Test Loss: 0.1821
2026-01-15 20:30:49,686 - FL_Main_spp_mb - INFO - === Round 7 Started ===
2026-01-15 20:30:49,686 - FL_Main_spp_mb - INFO - Participating clients: [34, 89, 87, 82, 9, 77, 81, 21, 68, 93]
2026-01-15 20:31:01,620 - FL_Main_spp_mb - INFO - === Round 7 Completed ===
2026-01-15 20:31:01,621 - FL_Main_spp_mb - INFO - Global Accuracy: 94.9100, Global Loss: 0.1620
2026-01-15 20:31:01,621 - FL_Main_spp_mb - INFO - Test Accuracy: 94.9100, Test Loss: 0.1620
2026-01-15 20:31:01,621 - FL_Main_spp_mb - INFO - === Round 8 Started ===
2026-01-15 20:31:01,622 - FL_Main_spp_mb - INFO - Participating clients: [31, 20, 59, 48, 34, 81, 88, 71, 28, 87]
2026-01-15 20:31:12,419 - FL_Main_spp_mb - INFO - === Round 8 Completed ===
2026-01-15 20:31:12,420 - FL_Main_spp_mb - INFO - Global Accuracy: 95.5500, Global Loss: 0.1439
2026-01-15 20:31:12,420 - FL_Main_spp_mb - INFO - Test Accuracy: 95.5500, Test Loss: 0.1439
2026-01-15 20:31:12,420 - FL_Main_spp_mb - INFO - === Round 9 Started ===
2026-01-15 20:31:12,420 - FL_Main_spp_mb - INFO - Participating clients: [41, 98, 99, 7, 29, 4, 40, 51, 34, 8]
2026-01-15 20:31:24,260 - FL_Main_spp_mb - INFO - === Round 9 Completed ===
2026-01-15 20:31:24,261 - FL_Main_spp_mb - INFO - Global Accuracy: 95.8800, Global Loss: 0.1362
2026-01-15 20:31:24,261 - FL_Main_spp_mb - INFO - Test Accuracy: 95.8800, Test Loss: 0.1362
2026-01-15 20:31:24,262 - FL_Main_spp_mb - INFO - === Round 10 Started ===
2026-01-15 20:31:24,262 - FL_Main_spp_mb - INFO - Participating clients: [27, 72, 91, 40, 83, 63, 50, 82, 58, 18]
2026-01-15 20:31:36,629 - FL_Main_spp_mb - INFO - === Round 10 Completed ===
2026-01-15 20:31:36,630 - FL_Main_spp_mb - INFO - Global Accuracy: 96.0600, Global Loss: 0.1194
2026-01-15 20:31:36,630 - FL_Main_spp_mb - INFO - Test Accuracy: 96.0600, Test Loss: 0.1194
2026-01-15 20:31:36,630 - FL_Main_spp_mb - INFO - === Round 11 Started ===
2026-01-15 20:31:36,630 - FL_Main_spp_mb - INFO - Participating clients: [33, 17, 31, 95, 71, 68, 74, 54, 51, 46]
2026-01-15 20:31:48,009 - FL_Main_spp_mb - INFO - === Round 11 Completed ===
2026-01-15 20:31:48,010 - FL_Main_spp_mb - INFO - Global Accuracy: 96.6700, Global Loss: 0.1119
2026-01-15 20:31:48,010 - FL_Main_spp_mb - INFO - Test Accuracy: 96.6700, Test Loss: 0.1119
2026-01-15 20:31:48,010 - FL_Main_spp_mb - INFO - === Round 12 Started ===
2026-01-15 20:31:48,010 - FL_Main_spp_mb - INFO - Participating clients: [28, 17, 65, 63, 11, 96, 6, 14, 19, 80]
2026-01-15 20:32:00,705 - FL_Main_spp_mb - INFO - === Round 12 Completed ===
2026-01-15 20:32:00,706 - FL_Main_spp_mb - INFO - Global Accuracy: 96.7900, Global Loss: 0.1039
2026-01-15 20:32:00,706 - FL_Main_spp_mb - INFO - Test Accuracy: 96.7900, Test Loss: 0.1039
2026-01-15 20:32:00,706 - FL_Main_spp_mb - INFO - === Round 13 Started ===
2026-01-15 20:32:00,706 - FL_Main_spp_mb - INFO - Participating clients: [20, 87, 54, 76, 8, 49, 48, 59, 67, 32]
2026-01-15 20:32:11,614 - FL_Main_spp_mb - INFO - === Round 13 Completed ===
2026-01-15 20:32:11,614 - FL_Main_spp_mb - INFO - Global Accuracy: 96.9900, Global Loss: 0.0977
2026-01-15 20:32:11,615 - FL_Main_spp_mb - INFO - Test Accuracy: 96.9900, Test Loss: 0.0977
2026-01-15 20:32:11,615 - FL_Main_spp_mb - INFO - === Round 14 Started ===
2026-01-15 20:32:11,615 - FL_Main_spp_mb - INFO - Participating clients: [70, 1, 87, 92, 14, 68, 96, 34, 98, 82]
2026-01-15 20:32:23,659 - FL_Main_spp_mb - INFO - === Round 14 Completed ===
2026-01-15 20:32:23,660 - FL_Main_spp_mb - INFO - Global Accuracy: 97.2300, Global Loss: 0.0906
2026-01-15 20:32:23,660 - FL_Main_spp_mb - INFO - Test Accuracy: 97.2300, Test Loss: 0.0906
2026-01-15 20:32:23,661 - FL_Main_spp_mb - INFO - === Round 15 Started ===
2026-01-15 20:32:23,661 - FL_Main_spp_mb - INFO - Participating clients: [43, 14, 37, 55, 20, 58, 0, 92, 33, 64]
2026-01-15 20:32:35,237 - FL_Main_spp_mb - INFO - === Round 15 Completed ===
2026-01-15 20:32:35,238 - FL_Main_spp_mb - INFO - Global Accuracy: 97.3700, Global Loss: 0.0891
2026-01-15 20:32:35,238 - FL_Main_spp_mb - INFO - Test Accuracy: 97.3700, Test Loss: 0.0891
2026-01-15 20:32:35,239 - FL_Main_spp_mb - INFO - === Round 16 Started ===
2026-01-15 20:32:35,239 - FL_Main_spp_mb - INFO - Participating clients: [97, 22, 64, 13, 80, 38, 81, 77, 25, 19]
2026-01-15 20:32:49,568 - FL_Main_spp_mb - INFO - === Round 16 Completed ===
2026-01-15 20:32:49,570 - FL_Main_spp_mb - INFO - Global Accuracy: 97.2000, Global Loss: 0.0893
2026-01-15 20:32:49,570 - FL_Main_spp_mb - INFO - Test Accuracy: 97.2000, Test Loss: 0.0893
2026-01-15 20:32:49,571 - FL_Main_spp_mb - INFO - === Round 17 Started ===
2026-01-15 20:32:49,571 - FL_Main_spp_mb - INFO - Participating clients: [47, 97, 20, 69, 99, 67, 0, 76, 41, 62]
2026-01-15 20:33:05,324 - FL_Main_spp_mb - INFO - === Round 17 Completed ===
2026-01-15 20:33:05,326 - FL_Main_spp_mb - INFO - Global Accuracy: 97.4300, Global Loss: 0.0828
2026-01-15 20:33:05,326 - FL_Main_spp_mb - INFO - Test Accuracy: 97.4300, Test Loss: 0.0828
2026-01-15 20:33:05,327 - FL_Main_spp_mb - INFO - === Round 18 Started ===
2026-01-15 20:33:05,327 - FL_Main_spp_mb - INFO - Participating clients: [2, 14, 46, 39, 30, 7, 72, 10, 93, 62]
2026-01-15 20:33:20,579 - FL_Main_spp_mb - INFO - === Round 18 Completed ===
2026-01-15 20:33:20,580 - FL_Main_spp_mb - INFO - Global Accuracy: 97.7500, Global Loss: 0.0758
2026-01-15 20:33:20,580 - FL_Main_spp_mb - INFO - Test Accuracy: 97.7500, Test Loss: 0.0758
2026-01-15 20:33:20,581 - FL_Main_spp_mb - INFO - === Round 19 Started ===
2026-01-15 20:33:20,581 - FL_Main_spp_mb - INFO - Participating clients: [8, 97, 68, 98, 16, 84, 60, 70, 21, 33]
2026-01-15 20:33:34,038 - FL_Main_spp_mb - INFO - === Round 19 Completed ===
2026-01-15 20:33:34,039 - FL_Main_spp_mb - INFO - Global Accuracy: 97.5100, Global Loss: 0.0773
2026-01-15 20:33:34,039 - FL_Main_spp_mb - INFO - Test Accuracy: 97.5100, Test Loss: 0.0773
2026-01-15 20:33:34,039 - FL_Main_spp_mb - INFO - === Round 20 Started ===
2026-01-15 20:33:34,039 - FL_Main_spp_mb - INFO - Participating clients: [67, 77, 54, 27, 69, 96, 93, 88, 25, 91]
2026-01-15 20:33:50,225 - FL_Main_spp_mb - INFO - === Round 20 Completed ===
2026-01-15 20:33:50,228 - FL_Main_spp_mb - INFO - Global Accuracy: 97.7400, Global Loss: 0.0732
2026-01-15 20:33:50,228 - FL_Main_spp_mb - INFO - Test Accuracy: 97.7400, Test Loss: 0.0732
2026-01-15 20:33:50,229 - FL_Main_spp_mb - INFO - === Round 21 Started ===
2026-01-15 20:33:50,229 - FL_Main_spp_mb - INFO - Participating clients: [39, 51, 85, 83, 47, 56, 66, 57, 15, 31]
2026-01-15 20:34:04,300 - FL_Main_spp_mb - INFO - === Round 21 Completed ===
2026-01-15 20:34:04,301 - FL_Main_spp_mb - INFO - Global Accuracy: 98.0200, Global Loss: 0.0660
2026-01-15 20:34:04,301 - FL_Main_spp_mb - INFO - Test Accuracy: 98.0200, Test Loss: 0.0660
2026-01-15 20:34:04,302 - FL_Main_spp_mb - INFO - === Round 22 Started ===
2026-01-15 20:34:04,302 - FL_Main_spp_mb - INFO - Participating clients: [28, 8, 43, 2, 75, 70, 29, 0, 9, 90]
2026-01-15 20:34:18,041 - FL_Main_spp_mb - INFO - === Round 22 Completed ===
2026-01-15 20:34:18,042 - FL_Main_spp_mb - INFO - Global Accuracy: 97.9300, Global Loss: 0.0668
2026-01-15 20:34:18,042 - FL_Main_spp_mb - INFO - Test Accuracy: 97.9300, Test Loss: 0.0668
2026-01-15 20:34:18,042 - FL_Main_spp_mb - INFO - === Round 23 Started ===
2026-01-15 20:34:18,042 - FL_Main_spp_mb - INFO - Participating clients: [80, 7, 29, 8, 4, 42, 9, 65, 30, 35]
2026-01-15 20:34:28,306 - FL_Main_spp_mb - INFO - === Round 23 Completed ===
2026-01-15 20:34:28,306 - FL_Main_spp_mb - INFO - Global Accuracy: 98.0000, Global Loss: 0.0654
2026-01-15 20:34:28,306 - FL_Main_spp_mb - INFO - Test Accuracy: 98.0000, Test Loss: 0.0654
2026-01-15 20:34:28,307 - FL_Main_spp_mb - INFO - === Round 24 Started ===
2026-01-15 20:34:28,307 - FL_Main_spp_mb - INFO - Participating clients: [85, 62, 27, 69, 16, 92, 73, 60, 31, 52]
2026-01-15 20:34:43,377 - FL_Main_spp_mb - INFO - === Round 24 Completed ===
2026-01-15 20:34:43,378 - FL_Main_spp_mb - INFO - Global Accuracy: 97.9900, Global Loss: 0.0645
2026-01-15 20:34:43,378 - FL_Main_spp_mb - INFO - Test Accuracy: 97.9900, Test Loss: 0.0645
2026-01-15 20:34:43,378 - FL_Main_spp_mb - INFO - === Round 25 Started ===
2026-01-15 20:34:43,378 - FL_Main_spp_mb - INFO - Participating clients: [24, 12, 84, 55, 45, 54, 52, 59, 93, 6]
2026-01-15 20:34:57,944 - FL_Main_spp_mb - INFO - === Round 25 Completed ===
2026-01-15 20:34:57,945 - FL_Main_spp_mb - INFO - Global Accuracy: 98.0900, Global Loss: 0.0626
2026-01-15 20:34:57,945 - FL_Main_spp_mb - INFO - Test Accuracy: 98.0900, Test Loss: 0.0626
2026-01-15 20:34:57,945 - FL_Main_spp_mb - INFO - === Round 26 Started ===
2026-01-15 20:34:57,945 - FL_Main_spp_mb - INFO - Participating clients: [86, 83, 82, 12, 7, 51, 93, 43, 13, 31]
2026-01-15 20:35:05,918 - FL_Main_spp_mb - INFO - === Round 26 Completed ===
2026-01-15 20:35:05,918 - FL_Main_spp_mb - INFO - Global Accuracy: 98.0900, Global Loss: 0.0626
2026-01-15 20:35:05,918 - FL_Main_spp_mb - INFO - Test Accuracy: 98.0900, Test Loss: 0.0626
2026-01-15 20:35:05,918 - FL_Main_spp_mb - INFO - === Round 27 Started ===
2026-01-15 20:35:05,918 - FL_Main_spp_mb - INFO - Participating clients: [24, 68, 57, 17, 54, 23, 35, 59, 31, 9]
2026-01-15 20:35:11,898 - FL_Main_spp_mb - INFO - === Round 27 Completed ===
2026-01-15 20:35:11,898 - FL_Main_spp_mb - INFO - Global Accuracy: 98.0100, Global Loss: 0.0602
2026-01-15 20:35:11,898 - FL_Main_spp_mb - INFO - Test Accuracy: 98.0100, Test Loss: 0.0602
2026-01-15 20:35:11,898 - FL_Main_spp_mb - INFO - === Round 28 Started ===
2026-01-15 20:35:11,898 - FL_Main_spp_mb - INFO - Participating clients: [56, 70, 12, 6, 83, 69, 1, 11, 96, 30]
2026-01-15 20:35:17,234 - FL_Main_spp_mb - INFO - === Round 28 Completed ===
2026-01-15 20:35:17,234 - FL_Main_spp_mb - INFO - Global Accuracy: 98.2200, Global Loss: 0.0579
2026-01-15 20:35:17,234 - FL_Main_spp_mb - INFO - Test Accuracy: 98.2200, Test Loss: 0.0579
2026-01-15 20:35:17,235 - FL_Main_spp_mb - INFO - === Round 29 Started ===
2026-01-15 20:35:17,235 - FL_Main_spp_mb - INFO - Participating clients: [21, 52, 62, 61, 27, 51, 7, 48, 0, 49]
2026-01-15 20:35:25,955 - FL_Main_spp_mb - INFO - === Round 29 Completed ===
2026-01-15 20:35:25,956 - FL_Main_spp_mb - INFO - Global Accuracy: 98.2800, Global Loss: 0.0553
2026-01-15 20:35:25,956 - FL_Main_spp_mb - INFO - Test Accuracy: 98.2800, Test Loss: 0.0553
2026-01-15 20:35:25,957 - FL_Main_spp_mb - INFO - === Round 30 Started ===
2026-01-15 20:35:25,957 - FL_Main_spp_mb - INFO - Participating clients: [33, 58, 36, 54, 89, 93, 71, 84, 91, 62]
2026-01-15 20:35:34,537 - FL_Main_spp_mb - INFO - === Round 30 Completed ===
2026-01-15 20:35:34,538 - FL_Main_spp_mb - INFO - Global Accuracy: 98.2300, Global Loss: 0.0563
2026-01-15 20:35:34,538 - FL_Main_spp_mb - INFO - Test Accuracy: 98.2300, Test Loss: 0.0563
2026-01-15 20:35:34,538 - FL_Main_spp_mb - INFO - Experiment completed
2026-01-15 20:35:34,549 - FL_Main_spp_mb - INFO - All logs saved to logs/spp_mb_20260115_202930
