2026-01-15 20:19:57,197 - FL_Defense_fltrust_mb - INFO - Round 1: fltrust defense applied - Rejected clients: [69, 28, 75, 35] - Detected malicious: [69, 28, 75, 35]
2026-01-15 20:19:57,197 - FL_Defense_fltrust_mb - INFO - Defense parameters: {'server_epochs': 5, 'server_lr': 0.01, 'cosine_threshold': 0.0, 'use_relu': True, 'clip_updates': True, 'use_statistical_filtering': True, 'std_threshold': 1.5}
2026-01-15 20:20:00,547 - FL_Defense_fltrust_mb - INFO - Round 2: fltrust defense applied - Rejected clients: [54, 35, 27, 13] - Detected malicious: [54, 35, 27, 13]
2026-01-15 20:20:00,547 - FL_Defense_fltrust_mb - INFO - Defense parameters: {'server_epochs': 5, 'server_lr': 0.01, 'cosine_threshold': 0.0, 'use_relu': True, 'clip_updates': True, 'use_statistical_filtering': True, 'std_threshold': 1.5}
2026-01-15 20:20:04,339 - FL_Defense_fltrust_mb - INFO - Round 3: fltrust defense applied - Rejected clients: [11, 77] - Detected malicious: [11, 77]
2026-01-15 20:20:04,339 - FL_Defense_fltrust_mb - INFO - Defense parameters: {'server_epochs': 5, 'server_lr': 0.01, 'cosine_threshold': 0.0, 'use_relu': True, 'clip_updates': True, 'use_statistical_filtering': True, 'std_threshold': 1.5}
2026-01-15 20:20:08,262 - FL_Defense_fltrust_mb - INFO - Round 4: fltrust defense applied
2026-01-15 20:20:08,263 - FL_Defense_fltrust_mb - INFO - Defense parameters: {'server_epochs': 5, 'server_lr': 0.01, 'cosine_threshold': 0.0, 'use_relu': True, 'clip_updates': True, 'use_statistical_filtering': True, 'std_threshold': 1.5}
2026-01-15 20:20:11,811 - FL_Defense_fltrust_mb - INFO - Round 5: fltrust defense applied - Rejected clients: [29] - Detected malicious: [29]
2026-01-15 20:20:11,811 - FL_Defense_fltrust_mb - INFO - Defense parameters: {'server_epochs': 5, 'server_lr': 0.01, 'cosine_threshold': 0.0, 'use_relu': True, 'clip_updates': True, 'use_statistical_filtering': True, 'std_threshold': 1.5}
2026-01-15 20:20:16,028 - FL_Defense_fltrust_mb - INFO - Round 6: fltrust defense applied - Rejected clients: [35, 81] - Detected malicious: [35, 81]
2026-01-15 20:20:16,028 - FL_Defense_fltrust_mb - INFO - Defense parameters: {'server_epochs': 5, 'server_lr': 0.01, 'cosine_threshold': 0.0, 'use_relu': True, 'clip_updates': True, 'use_statistical_filtering': True, 'std_threshold': 1.5}
2026-01-15 20:20:21,319 - FL_Defense_fltrust_mb - INFO - Round 7: fltrust defense applied - Rejected clients: [77, 81] - Detected malicious: [77, 81]
2026-01-15 20:20:21,319 - FL_Defense_fltrust_mb - INFO - Defense parameters: {'server_epochs': 5, 'server_lr': 0.01, 'cosine_threshold': 0.0, 'use_relu': True, 'clip_updates': True, 'use_statistical_filtering': True, 'std_threshold': 1.5}
2026-01-15 20:20:26,607 - FL_Defense_fltrust_mb - INFO - Round 8: fltrust defense applied - Rejected clients: [31, 81, 71, 28] - Detected malicious: [31, 81, 71, 28]
2026-01-15 20:20:26,607 - FL_Defense_fltrust_mb - INFO - Defense parameters: {'server_epochs': 5, 'server_lr': 0.01, 'cosine_threshold': 0.0, 'use_relu': True, 'clip_updates': True, 'use_statistical_filtering': True, 'std_threshold': 1.5}
2026-01-15 20:20:31,449 - FL_Defense_fltrust_mb - INFO - Round 9: fltrust defense applied - Rejected clients: [29, 4] - Detected malicious: [29, 4]
2026-01-15 20:20:31,449 - FL_Defense_fltrust_mb - INFO - Defense parameters: {'server_epochs': 5, 'server_lr': 0.01, 'cosine_threshold': 0.0, 'use_relu': True, 'clip_updates': True, 'use_statistical_filtering': True, 'std_threshold': 1.5}
2026-01-15 20:20:37,188 - FL_Defense_fltrust_mb - INFO - Round 10: fltrust defense applied - Rejected clients: [27] - Detected malicious: [27]
2026-01-15 20:20:37,188 - FL_Defense_fltrust_mb - INFO - Defense parameters: {'server_epochs': 5, 'server_lr': 0.01, 'cosine_threshold': 0.0, 'use_relu': True, 'clip_updates': True, 'use_statistical_filtering': True, 'std_threshold': 1.5}
2026-01-15 20:20:43,891 - FL_Defense_fltrust_mb - INFO - Round 11: fltrust defense applied - Rejected clients: [17, 31, 71, 54] - Detected malicious: [17, 31, 71, 54]
2026-01-15 20:20:43,891 - FL_Defense_fltrust_mb - INFO - Defense parameters: {'server_epochs': 5, 'server_lr': 0.01, 'cosine_threshold': 0.0, 'use_relu': True, 'clip_updates': True, 'use_statistical_filtering': True, 'std_threshold': 1.5}
2026-01-15 20:20:49,244 - FL_Defense_fltrust_mb - INFO - Round 12: fltrust defense applied - Rejected clients: [28, 17, 11, 14] - Detected malicious: [28, 17, 11, 14]
2026-01-15 20:20:49,244 - FL_Defense_fltrust_mb - INFO - Defense parameters: {'server_epochs': 5, 'server_lr': 0.01, 'cosine_threshold': 0.0, 'use_relu': True, 'clip_updates': True, 'use_statistical_filtering': True, 'std_threshold': 1.5}
2026-01-15 20:20:53,954 - FL_Defense_fltrust_mb - INFO - Round 13: fltrust defense applied - Rejected clients: [54] - Detected malicious: [54]
2026-01-15 20:20:53,954 - FL_Defense_fltrust_mb - INFO - Defense parameters: {'server_epochs': 5, 'server_lr': 0.01, 'cosine_threshold': 0.0, 'use_relu': True, 'clip_updates': True, 'use_statistical_filtering': True, 'std_threshold': 1.5}
2026-01-15 20:20:58,411 - FL_Defense_fltrust_mb - INFO - Round 14: fltrust defense applied - Rejected clients: [14] - Detected malicious: [14]
2026-01-15 20:20:58,411 - FL_Defense_fltrust_mb - INFO - Defense parameters: {'server_epochs': 5, 'server_lr': 0.01, 'cosine_threshold': 0.0, 'use_relu': True, 'clip_updates': True, 'use_statistical_filtering': True, 'std_threshold': 1.5}
2026-01-15 20:21:03,123 - FL_Defense_fltrust_mb - INFO - Round 15: fltrust defense applied - Rejected clients: [14, 64] - Detected malicious: [14, 64]
2026-01-15 20:21:03,123 - FL_Defense_fltrust_mb - INFO - Defense parameters: {'server_epochs': 5, 'server_lr': 0.01, 'cosine_threshold': 0.0, 'use_relu': True, 'clip_updates': True, 'use_statistical_filtering': True, 'std_threshold': 1.5}
2026-01-15 20:21:07,778 - FL_Defense_fltrust_mb - INFO - Round 16: fltrust defense applied - Rejected clients: [64, 13, 81, 77] - Detected malicious: [64, 13, 81, 77]
2026-01-15 20:21:07,778 - FL_Defense_fltrust_mb - INFO - Defense parameters: {'server_epochs': 5, 'server_lr': 0.01, 'cosine_threshold': 0.0, 'use_relu': True, 'clip_updates': True, 'use_statistical_filtering': True, 'std_threshold': 1.5}
2026-01-15 20:21:12,515 - FL_Defense_fltrust_mb - INFO - Round 17: fltrust defense applied - Rejected clients: [69] - Detected malicious: [69]
2026-01-15 20:21:12,515 - FL_Defense_fltrust_mb - INFO - Defense parameters: {'server_epochs': 5, 'server_lr': 0.01, 'cosine_threshold': 0.0, 'use_relu': True, 'clip_updates': True, 'use_statistical_filtering': True, 'std_threshold': 1.5}
2026-01-15 20:21:16,722 - FL_Defense_fltrust_mb - INFO - Round 18: fltrust defense applied - Rejected clients: [14] - Detected malicious: [14]
2026-01-15 20:21:16,722 - FL_Defense_fltrust_mb - INFO - Defense parameters: {'server_epochs': 5, 'server_lr': 0.01, 'cosine_threshold': 0.0, 'use_relu': True, 'clip_updates': True, 'use_statistical_filtering': True, 'std_threshold': 1.5}
2026-01-15 20:21:21,053 - FL_Defense_fltrust_mb - INFO - Round 19: fltrust defense applied
2026-01-15 20:21:21,053 - FL_Defense_fltrust_mb - INFO - Defense parameters: {'server_epochs': 5, 'server_lr': 0.01, 'cosine_threshold': 0.0, 'use_relu': True, 'clip_updates': True, 'use_statistical_filtering': True, 'std_threshold': 1.5}
2026-01-15 20:21:25,813 - FL_Defense_fltrust_mb - INFO - Round 20: fltrust defense applied - Rejected clients: [77, 54, 27, 69, 25] - Detected malicious: [77, 54, 27, 69]
2026-01-15 20:21:25,813 - FL_Defense_fltrust_mb - INFO - Defense parameters: {'server_epochs': 5, 'server_lr': 0.01, 'cosine_threshold': 0.0, 'use_relu': True, 'clip_updates': True, 'use_statistical_filtering': True, 'std_threshold': 1.5}
2026-01-15 20:21:30,528 - FL_Defense_fltrust_mb - INFO - Round 21: fltrust defense applied - Rejected clients: [31] - Detected malicious: [31]
2026-01-15 20:21:30,528 - FL_Defense_fltrust_mb - INFO - Defense parameters: {'server_epochs': 5, 'server_lr': 0.01, 'cosine_threshold': 0.0, 'use_relu': True, 'clip_updates': True, 'use_statistical_filtering': True, 'std_threshold': 1.5}
2026-01-15 20:21:38,342 - FL_Defense_fltrust_mb - INFO - Round 22: fltrust defense applied - Rejected clients: [28, 75, 29] - Detected malicious: [28, 75, 29]
2026-01-15 20:21:38,342 - FL_Defense_fltrust_mb - INFO - Defense parameters: {'server_epochs': 5, 'server_lr': 0.01, 'cosine_threshold': 0.0, 'use_relu': True, 'clip_updates': True, 'use_statistical_filtering': True, 'std_threshold': 1.5}
2026-01-15 20:21:43,651 - FL_Defense_fltrust_mb - INFO - Round 23: fltrust defense applied - Rejected clients: [29, 4, 35] - Detected malicious: [29, 4, 35]
2026-01-15 20:21:43,651 - FL_Defense_fltrust_mb - INFO - Defense parameters: {'server_epochs': 5, 'server_lr': 0.01, 'cosine_threshold': 0.0, 'use_relu': True, 'clip_updates': True, 'use_statistical_filtering': True, 'std_threshold': 1.5}
2026-01-15 20:21:49,105 - FL_Defense_fltrust_mb - INFO - Round 24: fltrust defense applied - Rejected clients: [27, 69, 31] - Detected malicious: [27, 69, 31]
2026-01-15 20:21:49,105 - FL_Defense_fltrust_mb - INFO - Defense parameters: {'server_epochs': 5, 'server_lr': 0.01, 'cosine_threshold': 0.0, 'use_relu': True, 'clip_updates': True, 'use_statistical_filtering': True, 'std_threshold': 1.5}
2026-01-15 20:21:54,480 - FL_Defense_fltrust_mb - INFO - Round 25: fltrust defense applied - Rejected clients: [54] - Detected malicious: [54]
2026-01-15 20:21:54,480 - FL_Defense_fltrust_mb - INFO - Defense parameters: {'server_epochs': 5, 'server_lr': 0.01, 'cosine_threshold': 0.0, 'use_relu': True, 'clip_updates': True, 'use_statistical_filtering': True, 'std_threshold': 1.5}
2026-01-15 20:21:59,816 - FL_Defense_fltrust_mb - INFO - Round 26: fltrust defense applied - Rejected clients: [86, 13, 31] - Detected malicious: [86, 13, 31]
2026-01-15 20:21:59,816 - FL_Defense_fltrust_mb - INFO - Defense parameters: {'server_epochs': 5, 'server_lr': 0.01, 'cosine_threshold': 0.0, 'use_relu': True, 'clip_updates': True, 'use_statistical_filtering': True, 'std_threshold': 1.5}
2026-01-15 20:22:06,272 - FL_Defense_fltrust_mb - INFO - Round 27: fltrust defense applied - Rejected clients: [17, 54, 35, 31] - Detected malicious: [17, 54, 35, 31]
2026-01-15 20:22:06,272 - FL_Defense_fltrust_mb - INFO - Defense parameters: {'server_epochs': 5, 'server_lr': 0.01, 'cosine_threshold': 0.0, 'use_relu': True, 'clip_updates': True, 'use_statistical_filtering': True, 'std_threshold': 1.5}
2026-01-15 20:22:10,151 - FL_Defense_fltrust_mb - INFO - Round 28: fltrust defense applied - Rejected clients: [69, 11] - Detected malicious: [69, 11]
2026-01-15 20:22:10,151 - FL_Defense_fltrust_mb - INFO - Defense parameters: {'server_epochs': 5, 'server_lr': 0.01, 'cosine_threshold': 0.0, 'use_relu': True, 'clip_updates': True, 'use_statistical_filtering': True, 'std_threshold': 1.5}
2026-01-15 20:22:13,669 - FL_Defense_fltrust_mb - INFO - Round 29: fltrust defense applied - Rejected clients: [21, 27, 51, 7] - Detected malicious: [27]
2026-01-15 20:22:13,669 - FL_Defense_fltrust_mb - INFO - Defense parameters: {'server_epochs': 5, 'server_lr': 0.01, 'cosine_threshold': 0.0, 'use_relu': True, 'clip_updates': True, 'use_statistical_filtering': True, 'std_threshold': 1.5}
2026-01-15 20:22:17,207 - FL_Defense_fltrust_mb - INFO - Round 30: fltrust defense applied - Rejected clients: [54, 71] - Detected malicious: [54, 71]
2026-01-15 20:22:17,207 - FL_Defense_fltrust_mb - INFO - Defense parameters: {'server_epochs': 5, 'server_lr': 0.01, 'cosine_threshold': 0.0, 'use_relu': True, 'clip_updates': True, 'use_statistical_filtering': True, 'std_threshold': 1.5}
