2026-01-15 20:19:50,471 - FL_Main_fltrust_mb - INFO - Experiment Configuration: {
  "experiment_name": "fltrust_mb",
  "random_seed": 42,
  "dataset": {
    "type": "mnist",
    "data_dir": "./data",
    "num_classes": 10,
    "partition_type": "iid"
  },
  "model": {
    "type": "lenet",
    "num_classes": 10
  },
  "federated_learning": {
    "num_rounds": 30,
    "num_clients": 100,
    "client_participation_rate": 0.1,
    "learning_rate": 0.01,
    "local_epochs": 2,
    "batch_size": 32
  },
  "server": {
    "data_size": 500
  },
  "attack": {
    "type": "mb",
    "num_malicious_clients": 20,
    "params": {
      "scaling_min": -100.0,
      "scaling_max": 100.0,
      "num_steps": 200
    }
  },
  "defense": {
    "type": "fltrust",
    "params": {
      "server_epochs": 5,
      "server_lr": 0.01,
      "cosine_threshold": 0.0,
      "use_relu": true,
      "clip_updates": true,
      "use_statistical_filtering": true,
      "std_threshold": 1.5
    }
  }
}
2026-01-15 20:19:50,472 - FL_Main_fltrust_mb - INFO - Using device: cpu
2026-01-15 20:19:53,345 - FL_Main_fltrust_mb - INFO - Data partitioned among 100 clients
2026-01-15 20:19:53,351 - FL_Main_fltrust_mb - INFO - Model initialized: lenet
2026-01-15 20:19:53,351 - FL_Main_fltrust_mb - INFO - Server initialized with defense: fltrust
2026-01-15 20:19:53,419 - FL_Main_fltrust_mb - INFO - Created 100 clients (20 malicious)
2026-01-15 20:19:53,419 - FL_Main_fltrust_mb - INFO - Experiment setup completed
2026-01-15 20:19:53,419 - FL_Main_fltrust_mb - INFO - Starting experiment with 30 rounds
2026-01-15 20:19:53,419 - FL_Main_fltrust_mb - INFO - === Round 1 Started ===
2026-01-15 20:19:53,419 - FL_Main_fltrust_mb - INFO - Participating clients: [25, 91, 83, 89, 69, 53, 28, 57, 75, 35]
2026-01-15 20:19:57,985 - FL_Main_fltrust_mb - INFO - === Round 1 Completed ===
2026-01-15 20:19:57,985 - FL_Main_fltrust_mb - INFO - Global Accuracy: 20.1200, Global Loss: 2.2848
2026-01-15 20:19:57,985 - FL_Main_fltrust_mb - INFO - Test Accuracy: 20.1200, Test Loss: 2.2848
2026-01-15 20:19:57,986 - FL_Main_fltrust_mb - INFO - === Round 2 Started ===
2026-01-15 20:19:57,986 - FL_Main_fltrust_mb - INFO - Participating clients: [0, 97, 20, 89, 54, 43, 35, 19, 27, 13]
2026-01-15 20:20:01,344 - FL_Main_fltrust_mb - INFO - === Round 2 Completed ===
2026-01-15 20:20:01,344 - FL_Main_fltrust_mb - INFO - Global Accuracy: 38.5500, Global Loss: 2.2454
2026-01-15 20:20:01,344 - FL_Main_fltrust_mb - INFO - Test Accuracy: 38.5500, Test Loss: 2.2454
2026-01-15 20:20:01,344 - FL_Main_fltrust_mb - INFO - === Round 3 Started ===
2026-01-15 20:20:01,344 - FL_Main_fltrust_mb - INFO - Participating clients: [11, 48, 12, 45, 44, 77, 33, 5, 93, 58]
2026-01-15 20:20:05,138 - FL_Main_fltrust_mb - INFO - === Round 3 Completed ===
2026-01-15 20:20:05,138 - FL_Main_fltrust_mb - INFO - Global Accuracy: 52.3700, Global Loss: 2.0896
2026-01-15 20:20:05,138 - FL_Main_fltrust_mb - INFO - Test Accuracy: 52.3700, Test Loss: 2.0896
2026-01-15 20:20:05,139 - FL_Main_fltrust_mb - INFO - === Round 4 Started ===
2026-01-15 20:20:05,139 - FL_Main_fltrust_mb - INFO - Participating clients: [68, 15, 48, 10, 70, 37, 80, 79, 46, 73]
2026-01-15 20:20:09,050 - FL_Main_fltrust_mb - INFO - === Round 4 Completed ===
2026-01-15 20:20:09,050 - FL_Main_fltrust_mb - INFO - Global Accuracy: 77.7400, Global Loss: 1.4813
2026-01-15 20:20:09,050 - FL_Main_fltrust_mb - INFO - Test Accuracy: 77.7400, Test Loss: 1.4813
2026-01-15 20:20:09,050 - FL_Main_fltrust_mb - INFO - === Round 5 Started ===
2026-01-15 20:20:09,051 - FL_Main_fltrust_mb - INFO - Participating clients: [24, 90, 8, 5, 84, 29, 98, 37, 10, 12]
2026-01-15 20:20:12,661 - FL_Main_fltrust_mb - INFO - === Round 5 Completed ===
2026-01-15 20:20:12,661 - FL_Main_fltrust_mb - INFO - Global Accuracy: 85.4300, Global Loss: 0.8494
2026-01-15 20:20:12,661 - FL_Main_fltrust_mb - INFO - Test Accuracy: 85.4300, Test Loss: 0.8494
2026-01-15 20:20:12,661 - FL_Main_fltrust_mb - INFO - === Round 6 Started ===
2026-01-15 20:20:12,661 - FL_Main_fltrust_mb - INFO - Participating clients: [48, 35, 58, 81, 46, 20, 47, 45, 26, 85]
2026-01-15 20:20:16,992 - FL_Main_fltrust_mb - INFO - === Round 6 Completed ===
2026-01-15 20:20:16,992 - FL_Main_fltrust_mb - INFO - Global Accuracy: 88.3800, Global Loss: 0.5583
2026-01-15 20:20:16,992 - FL_Main_fltrust_mb - INFO - Test Accuracy: 88.3800, Test Loss: 0.5583
2026-01-15 20:20:16,992 - FL_Main_fltrust_mb - INFO - === Round 7 Started ===
2026-01-15 20:20:16,992 - FL_Main_fltrust_mb - INFO - Participating clients: [34, 89, 87, 82, 9, 77, 81, 21, 68, 93]
2026-01-15 20:20:22,487 - FL_Main_fltrust_mb - INFO - === Round 7 Completed ===
2026-01-15 20:20:22,487 - FL_Main_fltrust_mb - INFO - Global Accuracy: 90.0700, Global Loss: 0.4298
2026-01-15 20:20:22,487 - FL_Main_fltrust_mb - INFO - Test Accuracy: 90.0700, Test Loss: 0.4298
2026-01-15 20:20:22,488 - FL_Main_fltrust_mb - INFO - === Round 8 Started ===
2026-01-15 20:20:22,488 - FL_Main_fltrust_mb - INFO - Participating clients: [31, 20, 59, 48, 34, 81, 88, 71, 28, 87]
2026-01-15 20:20:27,687 - FL_Main_fltrust_mb - INFO - === Round 8 Completed ===
2026-01-15 20:20:27,687 - FL_Main_fltrust_mb - INFO - Global Accuracy: 91.0400, Global Loss: 0.3474
2026-01-15 20:20:27,687 - FL_Main_fltrust_mb - INFO - Test Accuracy: 91.0400, Test Loss: 0.3474
2026-01-15 20:20:27,688 - FL_Main_fltrust_mb - INFO - === Round 9 Started ===
2026-01-15 20:20:27,688 - FL_Main_fltrust_mb - INFO - Participating clients: [41, 98, 99, 7, 29, 4, 40, 51, 34, 8]
2026-01-15 20:20:33,182 - FL_Main_fltrust_mb - INFO - === Round 9 Completed ===
2026-01-15 20:20:33,182 - FL_Main_fltrust_mb - INFO - Global Accuracy: 91.7500, Global Loss: 0.2941
2026-01-15 20:20:33,182 - FL_Main_fltrust_mb - INFO - Test Accuracy: 91.7500, Test Loss: 0.2941
2026-01-15 20:20:33,182 - FL_Main_fltrust_mb - INFO - === Round 10 Started ===
2026-01-15 20:20:33,182 - FL_Main_fltrust_mb - INFO - Participating clients: [27, 72, 91, 40, 83, 63, 50, 82, 58, 18]
2026-01-15 20:20:38,473 - FL_Main_fltrust_mb - INFO - === Round 10 Completed ===
2026-01-15 20:20:38,473 - FL_Main_fltrust_mb - INFO - Global Accuracy: 92.3700, Global Loss: 0.2601
2026-01-15 20:20:38,473 - FL_Main_fltrust_mb - INFO - Test Accuracy: 92.3700, Test Loss: 0.2601
2026-01-15 20:20:38,473 - FL_Main_fltrust_mb - INFO - === Round 11 Started ===
2026-01-15 20:20:38,474 - FL_Main_fltrust_mb - INFO - Participating clients: [33, 17, 31, 95, 71, 68, 74, 54, 51, 46]
2026-01-15 20:20:44,847 - FL_Main_fltrust_mb - INFO - === Round 11 Completed ===
2026-01-15 20:20:44,847 - FL_Main_fltrust_mb - INFO - Global Accuracy: 92.9700, Global Loss: 0.2350
2026-01-15 20:20:44,847 - FL_Main_fltrust_mb - INFO - Test Accuracy: 92.9700, Test Loss: 0.2350
2026-01-15 20:20:44,848 - FL_Main_fltrust_mb - INFO - === Round 12 Started ===
2026-01-15 20:20:44,848 - FL_Main_fltrust_mb - INFO - Participating clients: [28, 17, 65, 63, 11, 96, 6, 14, 19, 80]
2026-01-15 20:20:50,252 - FL_Main_fltrust_mb - INFO - === Round 12 Completed ===
2026-01-15 20:20:50,252 - FL_Main_fltrust_mb - INFO - Global Accuracy: 93.4100, Global Loss: 0.2188
2026-01-15 20:20:50,252 - FL_Main_fltrust_mb - INFO - Test Accuracy: 93.4100, Test Loss: 0.2188
2026-01-15 20:20:50,254 - FL_Main_fltrust_mb - INFO - === Round 13 Started ===
2026-01-15 20:20:50,254 - FL_Main_fltrust_mb - INFO - Participating clients: [20, 87, 54, 76, 8, 49, 48, 59, 67, 32]
2026-01-15 20:20:54,888 - FL_Main_fltrust_mb - INFO - === Round 13 Completed ===
2026-01-15 20:20:54,888 - FL_Main_fltrust_mb - INFO - Global Accuracy: 93.9000, Global Loss: 0.2036
2026-01-15 20:20:54,888 - FL_Main_fltrust_mb - INFO - Test Accuracy: 93.9000, Test Loss: 0.2036
2026-01-15 20:20:54,888 - FL_Main_fltrust_mb - INFO - === Round 14 Started ===
2026-01-15 20:20:54,889 - FL_Main_fltrust_mb - INFO - Participating clients: [70, 1, 87, 92, 14, 68, 96, 34, 98, 82]
2026-01-15 20:20:59,572 - FL_Main_fltrust_mb - INFO - === Round 14 Completed ===
2026-01-15 20:20:59,572 - FL_Main_fltrust_mb - INFO - Global Accuracy: 94.1400, Global Loss: 0.1912
2026-01-15 20:20:59,572 - FL_Main_fltrust_mb - INFO - Test Accuracy: 94.1400, Test Loss: 0.1912
2026-01-15 20:20:59,572 - FL_Main_fltrust_mb - INFO - === Round 15 Started ===
2026-01-15 20:20:59,572 - FL_Main_fltrust_mb - INFO - Participating clients: [43, 14, 37, 55, 20, 58, 0, 92, 33, 64]
2026-01-15 20:21:04,098 - FL_Main_fltrust_mb - INFO - === Round 15 Completed ===
2026-01-15 20:21:04,099 - FL_Main_fltrust_mb - INFO - Global Accuracy: 94.5700, Global Loss: 0.1788
2026-01-15 20:21:04,099 - FL_Main_fltrust_mb - INFO - Test Accuracy: 94.5700, Test Loss: 0.1788
2026-01-15 20:21:04,099 - FL_Main_fltrust_mb - INFO - === Round 16 Started ===
2026-01-15 20:21:04,099 - FL_Main_fltrust_mb - INFO - Participating clients: [97, 22, 64, 13, 80, 38, 81, 77, 25, 19]
2026-01-15 20:21:08,811 - FL_Main_fltrust_mb - INFO - === Round 16 Completed ===
2026-01-15 20:21:08,811 - FL_Main_fltrust_mb - INFO - Global Accuracy: 94.7600, Global Loss: 0.1691
2026-01-15 20:21:08,811 - FL_Main_fltrust_mb - INFO - Test Accuracy: 94.7600, Test Loss: 0.1691
2026-01-15 20:21:08,812 - FL_Main_fltrust_mb - INFO - === Round 17 Started ===
2026-01-15 20:21:08,812 - FL_Main_fltrust_mb - INFO - Participating clients: [47, 97, 20, 69, 99, 67, 0, 76, 41, 62]
2026-01-15 20:21:13,462 - FL_Main_fltrust_mb - INFO - === Round 17 Completed ===
2026-01-15 20:21:13,462 - FL_Main_fltrust_mb - INFO - Global Accuracy: 95.0500, Global Loss: 0.1608
2026-01-15 20:21:13,462 - FL_Main_fltrust_mb - INFO - Test Accuracy: 95.0500, Test Loss: 0.1608
2026-01-15 20:21:13,462 - FL_Main_fltrust_mb - INFO - === Round 18 Started ===
2026-01-15 20:21:13,462 - FL_Main_fltrust_mb - INFO - Participating clients: [2, 14, 46, 39, 30, 7, 72, 10, 93, 62]
2026-01-15 20:21:17,705 - FL_Main_fltrust_mb - INFO - === Round 18 Completed ===
2026-01-15 20:21:17,705 - FL_Main_fltrust_mb - INFO - Global Accuracy: 95.1900, Global Loss: 0.1529
2026-01-15 20:21:17,705 - FL_Main_fltrust_mb - INFO - Test Accuracy: 95.1900, Test Loss: 0.1529
2026-01-15 20:21:17,706 - FL_Main_fltrust_mb - INFO - === Round 19 Started ===
2026-01-15 20:21:17,706 - FL_Main_fltrust_mb - INFO - Participating clients: [8, 97, 68, 98, 16, 84, 60, 70, 21, 33]
2026-01-15 20:21:22,068 - FL_Main_fltrust_mb - INFO - === Round 19 Completed ===
2026-01-15 20:21:22,068 - FL_Main_fltrust_mb - INFO - Global Accuracy: 95.4100, Global Loss: 0.1480
2026-01-15 20:21:22,068 - FL_Main_fltrust_mb - INFO - Test Accuracy: 95.4100, Test Loss: 0.1480
2026-01-15 20:21:22,068 - FL_Main_fltrust_mb - INFO - === Round 20 Started ===
2026-01-15 20:21:22,068 - FL_Main_fltrust_mb - INFO - Participating clients: [67, 77, 54, 27, 69, 96, 93, 88, 25, 91]
2026-01-15 20:21:26,881 - FL_Main_fltrust_mb - INFO - === Round 20 Completed ===
2026-01-15 20:21:26,881 - FL_Main_fltrust_mb - INFO - Global Accuracy: 95.4700, Global Loss: 0.1432
2026-01-15 20:21:26,881 - FL_Main_fltrust_mb - INFO - Test Accuracy: 95.4700, Test Loss: 0.1432
2026-01-15 20:21:26,881 - FL_Main_fltrust_mb - INFO - === Round 21 Started ===
2026-01-15 20:21:26,881 - FL_Main_fltrust_mb - INFO - Participating clients: [39, 51, 85, 83, 47, 56, 66, 57, 15, 31]
2026-01-15 20:21:31,583 - FL_Main_fltrust_mb - INFO - === Round 21 Completed ===
2026-01-15 20:21:31,583 - FL_Main_fltrust_mb - INFO - Global Accuracy: 95.6300, Global Loss: 0.1371
2026-01-15 20:21:31,583 - FL_Main_fltrust_mb - INFO - Test Accuracy: 95.6300, Test Loss: 0.1371
2026-01-15 20:21:31,583 - FL_Main_fltrust_mb - INFO - === Round 22 Started ===
2026-01-15 20:21:31,583 - FL_Main_fltrust_mb - INFO - Participating clients: [28, 8, 43, 2, 75, 70, 29, 0, 9, 90]
2026-01-15 20:21:39,539 - FL_Main_fltrust_mb - INFO - === Round 22 Completed ===
2026-01-15 20:21:39,540 - FL_Main_fltrust_mb - INFO - Global Accuracy: 95.8300, Global Loss: 0.1320
2026-01-15 20:21:39,540 - FL_Main_fltrust_mb - INFO - Test Accuracy: 95.8300, Test Loss: 0.1320
2026-01-15 20:21:39,540 - FL_Main_fltrust_mb - INFO - === Round 23 Started ===
2026-01-15 20:21:39,540 - FL_Main_fltrust_mb - INFO - Participating clients: [80, 7, 29, 8, 4, 42, 9, 65, 30, 35]
2026-01-15 20:21:45,029 - FL_Main_fltrust_mb - INFO - === Round 23 Completed ===
2026-01-15 20:21:45,029 - FL_Main_fltrust_mb - INFO - Global Accuracy: 95.9600, Global Loss: 0.1275
2026-01-15 20:21:45,029 - FL_Main_fltrust_mb - INFO - Test Accuracy: 95.9600, Test Loss: 0.1275
2026-01-15 20:21:45,030 - FL_Main_fltrust_mb - INFO - === Round 24 Started ===
2026-01-15 20:21:45,030 - FL_Main_fltrust_mb - INFO - Participating clients: [85, 62, 27, 69, 16, 92, 73, 60, 31, 52]
2026-01-15 20:21:50,297 - FL_Main_fltrust_mb - INFO - === Round 24 Completed ===
2026-01-15 20:21:50,297 - FL_Main_fltrust_mb - INFO - Global Accuracy: 96.0400, Global Loss: 0.1245
2026-01-15 20:21:50,297 - FL_Main_fltrust_mb - INFO - Test Accuracy: 96.0400, Test Loss: 0.1245
2026-01-15 20:21:50,297 - FL_Main_fltrust_mb - INFO - === Round 25 Started ===
2026-01-15 20:21:50,297 - FL_Main_fltrust_mb - INFO - Participating clients: [24, 12, 84, 55, 45, 54, 52, 59, 93, 6]
2026-01-15 20:21:55,691 - FL_Main_fltrust_mb - INFO - === Round 25 Completed ===
2026-01-15 20:21:55,691 - FL_Main_fltrust_mb - INFO - Global Accuracy: 96.1600, Global Loss: 0.1212
2026-01-15 20:21:55,691 - FL_Main_fltrust_mb - INFO - Test Accuracy: 96.1600, Test Loss: 0.1212
2026-01-15 20:21:55,692 - FL_Main_fltrust_mb - INFO - === Round 26 Started ===
2026-01-15 20:21:55,692 - FL_Main_fltrust_mb - INFO - Participating clients: [86, 83, 82, 12, 7, 51, 93, 43, 13, 31]
2026-01-15 20:22:00,882 - FL_Main_fltrust_mb - INFO - === Round 26 Completed ===
2026-01-15 20:22:00,882 - FL_Main_fltrust_mb - INFO - Global Accuracy: 96.3100, Global Loss: 0.1173
2026-01-15 20:22:00,882 - FL_Main_fltrust_mb - INFO - Test Accuracy: 96.3100, Test Loss: 0.1173
2026-01-15 20:22:00,883 - FL_Main_fltrust_mb - INFO - === Round 27 Started ===
2026-01-15 20:22:00,883 - FL_Main_fltrust_mb - INFO - Participating clients: [24, 68, 57, 17, 54, 23, 35, 59, 31, 9]
2026-01-15 20:22:07,207 - FL_Main_fltrust_mb - INFO - === Round 27 Completed ===
2026-01-15 20:22:07,207 - FL_Main_fltrust_mb - INFO - Global Accuracy: 96.5000, Global Loss: 0.1138
2026-01-15 20:22:07,207 - FL_Main_fltrust_mb - INFO - Test Accuracy: 96.5000, Test Loss: 0.1138
2026-01-15 20:22:07,208 - FL_Main_fltrust_mb - INFO - === Round 28 Started ===
2026-01-15 20:22:07,208 - FL_Main_fltrust_mb - INFO - Participating clients: [56, 70, 12, 6, 83, 69, 1, 11, 96, 30]
2026-01-15 20:22:10,982 - FL_Main_fltrust_mb - INFO - === Round 28 Completed ===
2026-01-15 20:22:10,982 - FL_Main_fltrust_mb - INFO - Global Accuracy: 96.5300, Global Loss: 0.1108
2026-01-15 20:22:10,982 - FL_Main_fltrust_mb - INFO - Test Accuracy: 96.5300, Test Loss: 0.1108
2026-01-15 20:22:10,982 - FL_Main_fltrust_mb - INFO - === Round 29 Started ===
2026-01-15 20:22:10,982 - FL_Main_fltrust_mb - INFO - Participating clients: [21, 52, 62, 61, 27, 51, 7, 48, 0, 49]
2026-01-15 20:22:14,480 - FL_Main_fltrust_mb - INFO - === Round 29 Completed ===
2026-01-15 20:22:14,481 - FL_Main_fltrust_mb - INFO - Global Accuracy: 96.7500, Global Loss: 0.1081
2026-01-15 20:22:14,481 - FL_Main_fltrust_mb - INFO - Test Accuracy: 96.7500, Test Loss: 0.1081
2026-01-15 20:22:14,481 - FL_Main_fltrust_mb - INFO - === Round 30 Started ===
2026-01-15 20:22:14,481 - FL_Main_fltrust_mb - INFO - Participating clients: [33, 58, 36, 54, 89, 93, 71, 84, 91, 62]
2026-01-15 20:22:18,074 - FL_Main_fltrust_mb - INFO - === Round 30 Completed ===
2026-01-15 20:22:18,074 - FL_Main_fltrust_mb - INFO - Global Accuracy: 96.8100, Global Loss: 0.1043
2026-01-15 20:22:18,074 - FL_Main_fltrust_mb - INFO - Test Accuracy: 96.8100, Test Loss: 0.1043
2026-01-15 20:22:18,075 - FL_Main_fltrust_mb - INFO - Experiment completed
2026-01-15 20:22:18,082 - FL_Main_fltrust_mb - INFO - All logs saved to logs/fltrust_mb_20260115_201950
