2025-12-20 13:15:29,358 - FL_Main_la_attack_vs_krum_defense - INFO - Experiment Configuration: {
  "experiment_name": "la_attack_vs_krum_defense",
  "random_seed": 42,
  "dataset": {
    "type": "cifar10",
    "data_dir": "./data",
    "num_classes": 10,
    "partition_type": "non_iid_dirichlet",
    "alpha": 0.3
  },
  "model": {
    "type": "lenet",
    "num_classes": 10
  },
  "federated_learning": {
    "num_rounds": 25,
    "num_clients": 20,
    "client_participation_rate": 0.7,
    "learning_rate": 0.02,
    "local_epochs": 3,
    "batch_size": 64
  },
  "server": {
    "data_size": 200
  },
  "attack": {
    "type": "la",
    "num_malicious_clients": 4,
    "params": {
      "max_iterations": 100,
      "step_size": 0.1,
      "target_norm_ratio": 15.0
    }
  },
  "defense": {
    "type": "krum",
    "params": {
      "num_malicious": 4,
      "multi_krum": false,
      "num_selected": 1
    }
  }
}
2025-12-20 13:15:29,359 - FL_Main_la_attack_vs_krum_defense - INFO - Using device: cpu
2025-12-20 13:15:36,694 - FL_Main_la_attack_vs_krum_defense - INFO - Data partitioned among 20 clients
2025-12-20 13:15:36,695 - FL_Main_la_attack_vs_krum_defense - INFO - Model initialized: lenet
2025-12-20 13:15:36,695 - FL_Main_la_attack_vs_krum_defense - INFO - Server initialized with defense: krum
2025-12-20 13:15:36,705 - FL_Main_la_attack_vs_krum_defense - INFO - Created 20 clients (4 malicious)
2025-12-20 13:15:36,705 - FL_Main_la_attack_vs_krum_defense - INFO - Experiment setup completed
2025-12-20 13:15:36,705 - FL_Main_la_attack_vs_krum_defense - INFO - Starting experiment with 25 rounds
2025-12-20 13:15:36,705 - FL_Main_la_attack_vs_krum_defense - INFO - === Round 1 Started ===
2025-12-20 13:15:36,705 - FL_Main_la_attack_vs_krum_defense - INFO - Participating clients: [7, 4, 3, 2, 13, 0, 14, 1, 17, 11, 8, 15, 10, 5]
2025-12-20 13:16:04,076 - FL_Main_la_attack_vs_krum_defense - INFO - === Round 1 Completed ===
2025-12-20 13:16:04,077 - FL_Main_la_attack_vs_krum_defense - INFO - Global Accuracy: 17.8500, Global Loss: 2.5844
2025-12-20 13:16:04,077 - FL_Main_la_attack_vs_krum_defense - INFO - Test Accuracy: 17.8500, Test Loss: 2.5844
2025-12-20 13:16:04,077 - FL_Main_la_attack_vs_krum_defense - INFO - === Round 2 Started ===
2025-12-20 13:16:04,077 - FL_Main_la_attack_vs_krum_defense - INFO - Participating clients: [17, 13, 7, 14, 8, 12, 18, 0, 2, 6, 5, 4, 11, 1]
2025-12-20 13:16:30,736 - FL_Main_la_attack_vs_krum_defense - INFO - === Round 2 Completed ===
2025-12-20 13:16:30,736 - FL_Main_la_attack_vs_krum_defense - INFO - Global Accuracy: 15.3400, Global Loss: 3.4656
2025-12-20 13:16:30,736 - FL_Main_la_attack_vs_krum_defense - INFO - Test Accuracy: 15.3400, Test Loss: 3.4656
2025-12-20 13:16:30,736 - FL_Main_la_attack_vs_krum_defense - INFO - === Round 3 Started ===
2025-12-20 13:16:30,736 - FL_Main_la_attack_vs_krum_defense - INFO - Participating clients: [10, 3, 2, 12, 18, 5, 13, 14, 9, 4, 0, 7, 1, 15]
2025-12-20 13:16:57,693 - FL_Main_la_attack_vs_krum_defense - INFO - === Round 3 Completed ===
2025-12-20 13:16:57,693 - FL_Main_la_attack_vs_krum_defense - INFO - Global Accuracy: 20.7700, Global Loss: 3.0056
2025-12-20 13:16:57,693 - FL_Main_la_attack_vs_krum_defense - INFO - Test Accuracy: 20.7700, Test Loss: 3.0056
2025-12-20 13:16:57,693 - FL_Main_la_attack_vs_krum_defense - INFO - === Round 4 Started ===
2025-12-20 13:16:57,693 - FL_Main_la_attack_vs_krum_defense - INFO - Participating clients: [2, 17, 9, 11, 6, 16, 1, 0, 10, 3, 4, 13, 14, 15]
2025-12-20 13:17:26,060 - FL_Main_la_attack_vs_krum_defense - INFO - === Round 4 Completed ===
2025-12-20 13:17:26,060 - FL_Main_la_attack_vs_krum_defense - INFO - Global Accuracy: 20.8700, Global Loss: 3.1431
2025-12-20 13:17:26,060 - FL_Main_la_attack_vs_krum_defense - INFO - Test Accuracy: 20.8700, Test Loss: 3.1431
2025-12-20 13:17:26,060 - FL_Main_la_attack_vs_krum_defense - INFO - === Round 5 Started ===
2025-12-20 13:17:26,060 - FL_Main_la_attack_vs_krum_defense - INFO - Participating clients: [3, 12, 8, 14, 11, 2, 5, 13, 19, 10, 4, 1, 16, 9]
2025-12-20 13:17:57,725 - FL_Main_la_attack_vs_krum_defense - INFO - === Round 5 Completed ===
2025-12-20 13:17:57,726 - FL_Main_la_attack_vs_krum_defense - INFO - Global Accuracy: 20.9300, Global Loss: 3.3089
2025-12-20 13:17:57,726 - FL_Main_la_attack_vs_krum_defense - INFO - Test Accuracy: 20.9300, Test Loss: 3.3089
2025-12-20 13:17:57,726 - FL_Main_la_attack_vs_krum_defense - INFO - === Round 6 Started ===
2025-12-20 13:17:57,726 - FL_Main_la_attack_vs_krum_defense - INFO - Participating clients: [7, 5, 14, 12, 8, 17, 10, 11, 15, 3, 18, 0, 13, 6]
2025-12-20 13:18:27,347 - FL_Main_la_attack_vs_krum_defense - INFO - === Round 6 Completed ===
2025-12-20 13:18:27,347 - FL_Main_la_attack_vs_krum_defense - INFO - Global Accuracy: 20.7600, Global Loss: 2.4404
2025-12-20 13:18:27,347 - FL_Main_la_attack_vs_krum_defense - INFO - Test Accuracy: 20.7600, Test Loss: 2.4404
2025-12-20 13:18:27,348 - FL_Main_la_attack_vs_krum_defense - INFO - === Round 7 Started ===
2025-12-20 13:18:27,348 - FL_Main_la_attack_vs_krum_defense - INFO - Participating clients: [1, 10, 12, 8, 2, 3, 9, 11, 5, 14, 7, 6, 13, 19]
2025-12-20 13:18:55,351 - FL_Main_la_attack_vs_krum_defense - INFO - === Round 7 Completed ===
2025-12-20 13:18:55,351 - FL_Main_la_attack_vs_krum_defense - INFO - Global Accuracy: 20.2100, Global Loss: 2.8247
2025-12-20 13:18:55,351 - FL_Main_la_attack_vs_krum_defense - INFO - Test Accuracy: 20.2100, Test Loss: 2.8247
2025-12-20 13:18:55,352 - FL_Main_la_attack_vs_krum_defense - INFO - === Round 8 Started ===
2025-12-20 13:18:55,352 - FL_Main_la_attack_vs_krum_defense - INFO - Participating clients: [8, 4, 7, 19, 13, 14, 9, 6, 5, 3, 2, 16, 17, 0]
2025-12-20 13:19:25,597 - FL_Main_la_attack_vs_krum_defense - INFO - === Round 8 Completed ===
2025-12-20 13:19:25,597 - FL_Main_la_attack_vs_krum_defense - INFO - Global Accuracy: 22.6200, Global Loss: 2.7851
2025-12-20 13:19:25,597 - FL_Main_la_attack_vs_krum_defense - INFO - Test Accuracy: 22.6200, Test Loss: 2.7851
2025-12-20 13:19:25,598 - FL_Main_la_attack_vs_krum_defense - INFO - === Round 9 Started ===
2025-12-20 13:19:25,598 - FL_Main_la_attack_vs_krum_defense - INFO - Participating clients: [1, 3, 4, 5, 13, 9, 19, 6, 12, 14, 7, 8, 17, 10]
2025-12-20 13:19:58,233 - FL_Main_la_attack_vs_krum_defense - INFO - === Round 9 Completed ===
2025-12-20 13:19:58,233 - FL_Main_la_attack_vs_krum_defense - INFO - Global Accuracy: 21.7900, Global Loss: 2.9384
2025-12-20 13:19:58,233 - FL_Main_la_attack_vs_krum_defense - INFO - Test Accuracy: 21.7900, Test Loss: 2.9384
2025-12-20 13:19:58,233 - FL_Main_la_attack_vs_krum_defense - INFO - === Round 10 Started ===
2025-12-20 13:19:58,233 - FL_Main_la_attack_vs_krum_defense - INFO - Participating clients: [0, 3, 17, 8, 10, 1, 4, 6, 2, 7, 19, 13, 11, 16]
2025-12-20 13:20:28,774 - FL_Main_la_attack_vs_krum_defense - INFO - === Round 10 Completed ===
2025-12-20 13:20:28,774 - FL_Main_la_attack_vs_krum_defense - INFO - Global Accuracy: 16.7300, Global Loss: 3.3078
2025-12-20 13:20:28,774 - FL_Main_la_attack_vs_krum_defense - INFO - Test Accuracy: 16.7300, Test Loss: 3.3078
2025-12-20 13:20:28,774 - FL_Main_la_attack_vs_krum_defense - INFO - === Round 11 Started ===
2025-12-20 13:20:28,774 - FL_Main_la_attack_vs_krum_defense - INFO - Participating clients: [3, 9, 16, 6, 4, 5, 12, 2, 8, 11, 0, 14, 7, 18]
2025-12-20 13:20:58,416 - FL_Main_la_attack_vs_krum_defense - INFO - === Round 11 Completed ===
2025-12-20 13:20:58,416 - FL_Main_la_attack_vs_krum_defense - INFO - Global Accuracy: 22.1100, Global Loss: 3.1769
2025-12-20 13:20:58,416 - FL_Main_la_attack_vs_krum_defense - INFO - Test Accuracy: 22.1100, Test Loss: 3.1769
2025-12-20 13:20:58,416 - FL_Main_la_attack_vs_krum_defense - INFO - === Round 12 Started ===
2025-12-20 13:20:58,416 - FL_Main_la_attack_vs_krum_defense - INFO - Participating clients: [3, 11, 9, 7, 1, 19, 17, 15, 12, 16, 18, 8, 2, 13]
2025-12-20 13:21:25,965 - FL_Main_la_attack_vs_krum_defense - INFO - === Round 12 Completed ===
2025-12-20 13:21:25,965 - FL_Main_la_attack_vs_krum_defense - INFO - Global Accuracy: 20.1400, Global Loss: 2.2809
2025-12-20 13:21:25,965 - FL_Main_la_attack_vs_krum_defense - INFO - Test Accuracy: 20.1400, Test Loss: 2.2809
2025-12-20 13:21:25,965 - FL_Main_la_attack_vs_krum_defense - INFO - === Round 13 Started ===
2025-12-20 13:21:25,965 - FL_Main_la_attack_vs_krum_defense - INFO - Participating clients: [15, 17, 5, 8, 13, 3, 16, 12, 11, 14, 4, 6, 18, 10]
2025-12-20 13:21:54,876 - FL_Main_la_attack_vs_krum_defense - INFO - === Round 13 Completed ===
2025-12-20 13:21:54,876 - FL_Main_la_attack_vs_krum_defense - INFO - Global Accuracy: 23.3500, Global Loss: 2.3270
2025-12-20 13:21:54,876 - FL_Main_la_attack_vs_krum_defense - INFO - Test Accuracy: 23.3500, Test Loss: 2.3270
2025-12-20 13:21:54,877 - FL_Main_la_attack_vs_krum_defense - INFO - === Round 14 Started ===
2025-12-20 13:21:54,877 - FL_Main_la_attack_vs_krum_defense - INFO - Participating clients: [16, 14, 3, 7, 19, 1, 5, 0, 9, 8, 17, 11, 12, 15]
2025-12-20 13:22:22,559 - FL_Main_la_attack_vs_krum_defense - INFO - === Round 14 Completed ===
2025-12-20 13:22:22,559 - FL_Main_la_attack_vs_krum_defense - INFO - Global Accuracy: 25.9000, Global Loss: 2.3488
2025-12-20 13:22:22,559 - FL_Main_la_attack_vs_krum_defense - INFO - Test Accuracy: 25.9000, Test Loss: 2.3488
2025-12-20 13:22:22,559 - FL_Main_la_attack_vs_krum_defense - INFO - === Round 15 Started ===
2025-12-20 13:22:22,560 - FL_Main_la_attack_vs_krum_defense - INFO - Participating clients: [1, 7, 2, 19, 10, 16, 8, 3, 4, 15, 18, 12, 17, 5]
2025-12-20 13:22:50,615 - FL_Main_la_attack_vs_krum_defense - INFO - === Round 15 Completed ===
2025-12-20 13:22:50,615 - FL_Main_la_attack_vs_krum_defense - INFO - Global Accuracy: 26.1400, Global Loss: 2.3020
2025-12-20 13:22:50,615 - FL_Main_la_attack_vs_krum_defense - INFO - Test Accuracy: 26.1400, Test Loss: 2.3020
2025-12-20 13:22:50,615 - FL_Main_la_attack_vs_krum_defense - INFO - === Round 16 Started ===
2025-12-20 13:22:50,615 - FL_Main_la_attack_vs_krum_defense - INFO - Participating clients: [18, 19, 15, 7, 17, 12, 6, 3, 1, 11, 13, 5, 9, 14]
2025-12-20 13:23:16,103 - FL_Main_la_attack_vs_krum_defense - INFO - === Round 16 Completed ===
2025-12-20 13:23:16,103 - FL_Main_la_attack_vs_krum_defense - INFO - Global Accuracy: 26.5200, Global Loss: 2.2639
2025-12-20 13:23:16,103 - FL_Main_la_attack_vs_krum_defense - INFO - Test Accuracy: 26.5200, Test Loss: 2.2639
2025-12-20 13:23:16,103 - FL_Main_la_attack_vs_krum_defense - INFO - === Round 17 Started ===
2025-12-20 13:23:16,104 - FL_Main_la_attack_vs_krum_defense - INFO - Participating clients: [14, 1, 3, 18, 12, 11, 5, 15, 16, 17, 10, 9, 7, 19]
2025-12-20 13:23:54,890 - FL_Main_la_attack_vs_krum_defense - INFO - === Round 17 Completed ===
2025-12-20 13:23:54,891 - FL_Main_la_attack_vs_krum_defense - INFO - Global Accuracy: 28.2000, Global Loss: 2.1744
2025-12-20 13:23:54,891 - FL_Main_la_attack_vs_krum_defense - INFO - Test Accuracy: 28.2000, Test Loss: 2.1744
2025-12-20 13:23:54,891 - FL_Main_la_attack_vs_krum_defense - INFO - === Round 18 Started ===
2025-12-20 13:23:54,891 - FL_Main_la_attack_vs_krum_defense - INFO - Participating clients: [13, 5, 8, 14, 7, 19, 1, 15, 17, 16, 0, 11, 9, 12]
2025-12-20 13:24:32,694 - FL_Main_la_attack_vs_krum_defense - INFO - === Round 18 Completed ===
2025-12-20 13:24:32,695 - FL_Main_la_attack_vs_krum_defense - INFO - Global Accuracy: 29.3000, Global Loss: 2.2226
2025-12-20 13:24:32,695 - FL_Main_la_attack_vs_krum_defense - INFO - Test Accuracy: 29.3000, Test Loss: 2.2226
2025-12-20 13:24:32,695 - FL_Main_la_attack_vs_krum_defense - INFO - === Round 19 Started ===
2025-12-20 13:24:32,695 - FL_Main_la_attack_vs_krum_defense - INFO - Participating clients: [7, 5, 13, 15, 16, 3, 17, 6, 0, 2, 12, 11, 9, 10]
2025-12-20 13:25:20,372 - FL_Main_la_attack_vs_krum_defense - INFO - === Round 19 Completed ===
2025-12-20 13:25:20,373 - FL_Main_la_attack_vs_krum_defense - INFO - Global Accuracy: 25.6400, Global Loss: 2.7448
2025-12-20 13:25:20,373 - FL_Main_la_attack_vs_krum_defense - INFO - Test Accuracy: 25.6400, Test Loss: 2.7448
2025-12-20 13:25:20,374 - FL_Main_la_attack_vs_krum_defense - INFO - === Round 20 Started ===
2025-12-20 13:25:20,374 - FL_Main_la_attack_vs_krum_defense - INFO - Participating clients: [14, 9, 13, 15, 4, 3, 16, 19, 0, 18, 8, 11, 5, 10]
2025-12-20 13:26:02,084 - FL_Main_la_attack_vs_krum_defense - INFO - === Round 20 Completed ===
2025-12-20 13:26:02,084 - FL_Main_la_attack_vs_krum_defense - INFO - Global Accuracy: 26.8000, Global Loss: 2.2680
2025-12-20 13:26:02,084 - FL_Main_la_attack_vs_krum_defense - INFO - Test Accuracy: 26.8000, Test Loss: 2.2680
2025-12-20 13:26:02,085 - FL_Main_la_attack_vs_krum_defense - INFO - === Round 21 Started ===
2025-12-20 13:26:02,085 - FL_Main_la_attack_vs_krum_defense - INFO - Participating clients: [1, 18, 15, 16, 5, 0, 8, 19, 2, 12, 9, 10, 3, 7]
2025-12-20 13:26:33,502 - FL_Main_la_attack_vs_krum_defense - INFO - === Round 21 Completed ===
2025-12-20 13:26:33,502 - FL_Main_la_attack_vs_krum_defense - INFO - Global Accuracy: 29.8800, Global Loss: 2.1285
2025-12-20 13:26:33,502 - FL_Main_la_attack_vs_krum_defense - INFO - Test Accuracy: 29.8800, Test Loss: 2.1285
2025-12-20 13:26:33,503 - FL_Main_la_attack_vs_krum_defense - INFO - === Round 22 Started ===
2025-12-20 13:26:33,503 - FL_Main_la_attack_vs_krum_defense - INFO - Participating clients: [3, 18, 7, 1, 2, 6, 10, 9, 12, 8, 5, 4, 19, 11]
2025-12-20 13:27:01,953 - FL_Main_la_attack_vs_krum_defense - INFO - === Round 22 Completed ===
2025-12-20 13:27:01,953 - FL_Main_la_attack_vs_krum_defense - INFO - Global Accuracy: 22.8300, Global Loss: 2.8521
2025-12-20 13:27:01,953 - FL_Main_la_attack_vs_krum_defense - INFO - Test Accuracy: 22.8300, Test Loss: 2.8521
2025-12-20 13:27:01,954 - FL_Main_la_attack_vs_krum_defense - INFO - === Round 23 Started ===
2025-12-20 13:27:01,954 - FL_Main_la_attack_vs_krum_defense - INFO - Participating clients: [10, 7, 8, 12, 4, 19, 14, 15, 18, 5, 1, 0, 11, 16]
2025-12-20 13:27:41,074 - FL_Main_la_attack_vs_krum_defense - INFO - === Round 23 Completed ===
2025-12-20 13:27:41,074 - FL_Main_la_attack_vs_krum_defense - INFO - Global Accuracy: 25.3200, Global Loss: 3.0446
2025-12-20 13:27:41,074 - FL_Main_la_attack_vs_krum_defense - INFO - Test Accuracy: 25.3200, Test Loss: 3.0446
2025-12-20 13:27:41,074 - FL_Main_la_attack_vs_krum_defense - INFO - === Round 24 Started ===
2025-12-20 13:27:41,074 - FL_Main_la_attack_vs_krum_defense - INFO - Participating clients: [18, 3, 2, 6, 8, 17, 5, 1, 19, 13, 4, 14, 7, 16]
2025-12-20 13:28:21,170 - FL_Main_la_attack_vs_krum_defense - INFO - === Round 24 Completed ===
2025-12-20 13:28:21,170 - FL_Main_la_attack_vs_krum_defense - INFO - Global Accuracy: 19.8400, Global Loss: 3.9363
2025-12-20 13:28:21,170 - FL_Main_la_attack_vs_krum_defense - INFO - Test Accuracy: 19.8400, Test Loss: 3.9363
2025-12-20 13:28:21,171 - FL_Main_la_attack_vs_krum_defense - INFO - === Round 25 Started ===
2025-12-20 13:28:21,171 - FL_Main_la_attack_vs_krum_defense - INFO - Participating clients: [17, 9, 16, 0, 18, 14, 10, 1, 2, 4, 12, 15, 11, 7]
2025-12-20 13:28:57,345 - FL_Main_la_attack_vs_krum_defense - INFO - === Round 25 Completed ===
2025-12-20 13:28:57,345 - FL_Main_la_attack_vs_krum_defense - INFO - Global Accuracy: 21.2400, Global Loss: 2.3088
2025-12-20 13:28:57,345 - FL_Main_la_attack_vs_krum_defense - INFO - Test Accuracy: 21.2400, Test Loss: 2.3088
2025-12-20 13:28:57,345 - FL_Main_la_attack_vs_krum_defense - INFO - Experiment completed
2025-12-20 13:28:57,352 - FL_Main_la_attack_vs_krum_defense - INFO - All logs saved to logs/la_attack_vs_krum_defense_20251220_131529
