2026-01-14 19:42:42,343 - FL_Main_normclip_none - INFO - Experiment Configuration: {
  "experiment_name": "normclip_none",
  "random_seed": 42,
  "dataset": {
    "type": "mnist",
    "data_dir": "./data",
    "num_classes": 10,
    "partition_type": "iid"
  },
  "model": {
    "type": "lenet",
    "num_classes": 10
  },
  "federated_learning": {
    "num_rounds": 30,
    "num_clients": 100,
    "client_participation_rate": 0.1,
    "learning_rate": 0.01,
    "local_epochs": 2,
    "batch_size": 32
  },
  "server": {
    "data_size": 100
  },
  "attack": {
    "type": "none",
    "num_malicious_clients": 0
  },
  "defense": {
    "type": "norm_clipping",
    "params": {
      "max_norm": 100.0,
      "check_lower_bound": true
    }
  }
}
2026-01-14 19:42:42,343 - FL_Main_normclip_none - INFO - Using device: cpu
2026-01-14 19:42:45,016 - FL_Main_normclip_none - INFO - Data partitioned among 100 clients
2026-01-14 19:42:45,017 - FL_Main_normclip_none - INFO - Model initialized: lenet
2026-01-14 19:42:45,018 - FL_Main_normclip_none - INFO - Server initialized with defense: norm_clipping
2026-01-14 19:42:45,060 - FL_Main_normclip_none - INFO - Created 100 clients (0 malicious)
2026-01-14 19:42:45,060 - FL_Main_normclip_none - INFO - Experiment setup completed
2026-01-14 19:42:45,060 - FL_Main_normclip_none - INFO - Starting experiment with 30 rounds
2026-01-14 19:42:45,060 - FL_Main_normclip_none - INFO - === Round 1 Started ===
2026-01-14 19:42:45,060 - FL_Main_normclip_none - INFO - Participating clients: [81, 14, 3, 94, 35, 31, 28, 17, 13, 86]
2026-01-14 19:42:48,003 - FL_Main_normclip_none - INFO - === Round 1 Completed ===
2026-01-14 19:42:48,003 - FL_Main_normclip_none - INFO - Global Accuracy: 37.3600, Global Loss: 2.1908
2026-01-14 19:42:48,003 - FL_Main_normclip_none - INFO - Test Accuracy: 37.3600, Test Loss: 2.1908
2026-01-14 19:42:48,003 - FL_Main_normclip_none - INFO - === Round 2 Started ===
2026-01-14 19:42:48,003 - FL_Main_normclip_none - INFO - Participating clients: [94, 69, 11, 75, 54, 4, 3, 27, 29, 64]
2026-01-14 19:42:53,270 - FL_Main_normclip_none - INFO - === Round 2 Completed ===
2026-01-14 19:42:53,270 - FL_Main_normclip_none - INFO - Global Accuracy: 80.7300, Global Loss: 0.6205
2026-01-14 19:42:53,270 - FL_Main_normclip_none - INFO - Test Accuracy: 80.7300, Test Loss: 0.6205
2026-01-14 19:42:53,271 - FL_Main_normclip_none - INFO - === Round 3 Started ===
2026-01-14 19:42:53,271 - FL_Main_normclip_none - INFO - Participating clients: [77, 3, 71, 25, 91, 83, 89, 69, 53, 28]
2026-01-14 19:42:56,712 - FL_Main_normclip_none - INFO - === Round 3 Completed ===
2026-01-14 19:42:56,713 - FL_Main_normclip_none - INFO - Global Accuracy: 88.4000, Global Loss: 0.3907
2026-01-14 19:42:56,713 - FL_Main_normclip_none - INFO - Test Accuracy: 88.4000, Test Loss: 0.3907
2026-01-14 19:42:56,713 - FL_Main_normclip_none - INFO - === Round 4 Started ===
2026-01-14 19:42:56,713 - FL_Main_normclip_none - INFO - Participating clients: [57, 75, 35, 0, 97, 20, 89, 54, 43, 19]
2026-01-14 19:43:03,597 - FL_Main_normclip_none - INFO - === Round 4 Completed ===
2026-01-14 19:43:03,598 - FL_Main_normclip_none - INFO - Global Accuracy: 91.2800, Global Loss: 0.2772
2026-01-14 19:43:03,598 - FL_Main_normclip_none - INFO - Test Accuracy: 91.2800, Test Loss: 0.2772
2026-01-14 19:43:03,598 - FL_Main_normclip_none - INFO - === Round 5 Started ===
2026-01-14 19:43:03,598 - FL_Main_normclip_none - INFO - Participating clients: [27, 97, 43, 13, 11, 48, 12, 45, 44, 77]
2026-01-14 19:43:09,021 - FL_Main_normclip_none - INFO - === Round 5 Completed ===
2026-01-14 19:43:09,022 - FL_Main_normclip_none - INFO - Global Accuracy: 93.3600, Global Loss: 0.2222
2026-01-14 19:43:09,022 - FL_Main_normclip_none - INFO - Test Accuracy: 93.3600, Test Loss: 0.2222
2026-01-14 19:43:09,022 - FL_Main_normclip_none - INFO - === Round 6 Started ===
2026-01-14 19:43:09,022 - FL_Main_normclip_none - INFO - Participating clients: [33, 5, 93, 58, 68, 15, 48, 10, 70, 37]
2026-01-14 19:43:18,807 - FL_Main_normclip_none - INFO - === Round 6 Completed ===
2026-01-14 19:43:18,808 - FL_Main_normclip_none - INFO - Global Accuracy: 94.3900, Global Loss: 0.1867
2026-01-14 19:43:18,808 - FL_Main_normclip_none - INFO - Test Accuracy: 94.3900, Test Loss: 0.1867
2026-01-14 19:43:18,808 - FL_Main_normclip_none - INFO - === Round 7 Started ===
2026-01-14 19:43:18,808 - FL_Main_normclip_none - INFO - Participating clients: [80, 79, 46, 73, 24, 90, 8, 5, 84, 29]
2026-01-14 19:43:31,227 - FL_Main_normclip_none - INFO - === Round 7 Completed ===
2026-01-14 19:43:31,228 - FL_Main_normclip_none - INFO - Global Accuracy: 94.7400, Global Loss: 0.1681
2026-01-14 19:43:31,228 - FL_Main_normclip_none - INFO - Test Accuracy: 94.7400, Test Loss: 0.1681
2026-01-14 19:43:31,228 - FL_Main_normclip_none - INFO - === Round 8 Started ===
2026-01-14 19:43:31,228 - FL_Main_normclip_none - INFO - Participating clients: [98, 37, 10, 29, 12, 48, 35, 58, 81, 46]
2026-01-14 19:43:41,218 - FL_Main_normclip_none - INFO - === Round 8 Completed ===
2026-01-14 19:43:41,219 - FL_Main_normclip_none - INFO - Global Accuracy: 95.7000, Global Loss: 0.1410
2026-01-14 19:43:41,219 - FL_Main_normclip_none - INFO - Test Accuracy: 95.7000, Test Loss: 0.1410
2026-01-14 19:43:41,220 - FL_Main_normclip_none - INFO - === Round 9 Started ===
2026-01-14 19:43:41,220 - FL_Main_normclip_none - INFO - Participating clients: [20, 47, 45, 26, 85, 34, 89, 87, 82, 9]
2026-01-14 19:43:48,302 - FL_Main_normclip_none - INFO - === Round 9 Completed ===
2026-01-14 19:43:48,303 - FL_Main_normclip_none - INFO - Global Accuracy: 96.0600, Global Loss: 0.1267
2026-01-14 19:43:48,303 - FL_Main_normclip_none - INFO - Test Accuracy: 96.0600, Test Loss: 0.1267
2026-01-14 19:43:48,303 - FL_Main_normclip_none - INFO - === Round 10 Started ===
2026-01-14 19:43:48,303 - FL_Main_normclip_none - INFO - Participating clients: [77, 81, 21, 68, 93, 31, 20, 59, 48, 34]
2026-01-14 19:43:55,607 - FL_Main_normclip_none - INFO - === Round 10 Completed ===
2026-01-14 19:43:55,607 - FL_Main_normclip_none - INFO - Global Accuracy: 96.4200, Global Loss: 0.1190
2026-01-14 19:43:55,607 - FL_Main_normclip_none - INFO - Test Accuracy: 96.4200, Test Loss: 0.1190
2026-01-14 19:43:55,608 - FL_Main_normclip_none - INFO - === Round 11 Started ===
2026-01-14 19:43:55,608 - FL_Main_normclip_none - INFO - Participating clients: [81, 88, 71, 28, 87, 41, 98, 99, 7, 29]
2026-01-14 19:44:03,115 - FL_Main_normclip_none - INFO - === Round 11 Completed ===
2026-01-14 19:44:03,116 - FL_Main_normclip_none - INFO - Global Accuracy: 96.7800, Global Loss: 0.1048
2026-01-14 19:44:03,116 - FL_Main_normclip_none - INFO - Test Accuracy: 96.7800, Test Loss: 0.1048
2026-01-14 19:44:03,118 - FL_Main_normclip_none - INFO - === Round 12 Started ===
2026-01-14 19:44:03,118 - FL_Main_normclip_none - INFO - Participating clients: [4, 40, 51, 34, 8, 27, 72, 91, 83, 63]
2026-01-14 19:44:12,551 - FL_Main_normclip_none - INFO - === Round 12 Completed ===
2026-01-14 19:44:12,552 - FL_Main_normclip_none - INFO - Global Accuracy: 96.8600, Global Loss: 0.1007
2026-01-14 19:44:12,552 - FL_Main_normclip_none - INFO - Test Accuracy: 96.8600, Test Loss: 0.1007
2026-01-14 19:44:12,552 - FL_Main_normclip_none - INFO - === Round 13 Started ===
2026-01-14 19:44:12,553 - FL_Main_normclip_none - INFO - Participating clients: [50, 82, 58, 18, 33, 17, 31, 95, 71, 68]
2026-01-14 19:44:18,994 - FL_Main_normclip_none - INFO - === Round 13 Completed ===
2026-01-14 19:44:18,994 - FL_Main_normclip_none - INFO - Global Accuracy: 97.1600, Global Loss: 0.0944
2026-01-14 19:44:18,994 - FL_Main_normclip_none - INFO - Test Accuracy: 97.1600, Test Loss: 0.0944
2026-01-14 19:44:18,995 - FL_Main_normclip_none - INFO - === Round 14 Started ===
2026-01-14 19:44:18,995 - FL_Main_normclip_none - INFO - Participating clients: [33, 95, 74, 54, 51, 46, 28, 17, 65, 63]
2026-01-14 19:44:26,133 - FL_Main_normclip_none - INFO - === Round 14 Completed ===
2026-01-14 19:44:26,134 - FL_Main_normclip_none - INFO - Global Accuracy: 97.2800, Global Loss: 0.0907
2026-01-14 19:44:26,134 - FL_Main_normclip_none - INFO - Test Accuracy: 97.2800, Test Loss: 0.0907
2026-01-14 19:44:26,134 - FL_Main_normclip_none - INFO - === Round 15 Started ===
2026-01-14 19:44:26,134 - FL_Main_normclip_none - INFO - Participating clients: [11, 96, 6, 14, 19, 80, 20, 87, 54, 76]
2026-01-14 19:44:37,113 - FL_Main_normclip_none - INFO - === Round 15 Completed ===
2026-01-14 19:44:37,114 - FL_Main_normclip_none - INFO - Global Accuracy: 97.4900, Global Loss: 0.0818
2026-01-14 19:44:37,114 - FL_Main_normclip_none - INFO - Test Accuracy: 97.4900, Test Loss: 0.0818
2026-01-14 19:44:37,115 - FL_Main_normclip_none - INFO - === Round 16 Started ===
2026-01-14 19:44:37,115 - FL_Main_normclip_none - INFO - Participating clients: [8, 49, 48, 76, 59, 67, 32, 70, 1, 87]
2026-01-14 19:44:49,449 - FL_Main_normclip_none - INFO - === Round 16 Completed ===
2026-01-14 19:44:49,450 - FL_Main_normclip_none - INFO - Global Accuracy: 97.4900, Global Loss: 0.0782
2026-01-14 19:44:49,450 - FL_Main_normclip_none - INFO - Test Accuracy: 97.4900, Test Loss: 0.0782
2026-01-14 19:44:49,451 - FL_Main_normclip_none - INFO - === Round 17 Started ===
2026-01-14 19:44:49,451 - FL_Main_normclip_none - INFO - Participating clients: [92, 14, 87, 68, 96, 34, 98, 82, 43, 37]
2026-01-14 19:44:57,867 - FL_Main_normclip_none - INFO - === Round 17 Completed ===
2026-01-14 19:44:57,868 - FL_Main_normclip_none - INFO - Global Accuracy: 97.6300, Global Loss: 0.0758
2026-01-14 19:44:57,868 - FL_Main_normclip_none - INFO - Test Accuracy: 97.6300, Test Loss: 0.0758
2026-01-14 19:44:57,868 - FL_Main_normclip_none - INFO - === Round 18 Started ===
2026-01-14 19:44:57,868 - FL_Main_normclip_none - INFO - Participating clients: [55, 20, 58, 0, 92, 33, 64, 97, 22, 13]
2026-01-14 19:45:09,777 - FL_Main_normclip_none - INFO - === Round 18 Completed ===
2026-01-14 19:45:09,780 - FL_Main_normclip_none - INFO - Global Accuracy: 97.8500, Global Loss: 0.0728
2026-01-14 19:45:09,780 - FL_Main_normclip_none - INFO - Test Accuracy: 97.8500, Test Loss: 0.0728
2026-01-14 19:45:09,782 - FL_Main_normclip_none - INFO - === Round 19 Started ===
2026-01-14 19:45:09,782 - FL_Main_normclip_none - INFO - Participating clients: [80, 38, 81, 64, 77, 25, 19, 47, 97, 20]
2026-01-14 19:45:21,942 - FL_Main_normclip_none - INFO - === Round 19 Completed ===
2026-01-14 19:45:21,943 - FL_Main_normclip_none - INFO - Global Accuracy: 97.5400, Global Loss: 0.0783
2026-01-14 19:45:21,943 - FL_Main_normclip_none - INFO - Test Accuracy: 97.5400, Test Loss: 0.0783
2026-01-14 19:45:21,946 - FL_Main_normclip_none - INFO - === Round 20 Started ===
2026-01-14 19:45:21,947 - FL_Main_normclip_none - INFO - Participating clients: [69, 99, 67, 0, 76, 41, 62, 2, 14, 46]
2026-01-14 19:45:30,906 - FL_Main_normclip_none - INFO - === Round 20 Completed ===
2026-01-14 19:45:30,906 - FL_Main_normclip_none - INFO - Global Accuracy: 97.7200, Global Loss: 0.0680
2026-01-14 19:45:30,906 - FL_Main_normclip_none - INFO - Test Accuracy: 97.7200, Test Loss: 0.0680
2026-01-14 19:45:30,907 - FL_Main_normclip_none - INFO - === Round 21 Started ===
2026-01-14 19:45:30,907 - FL_Main_normclip_none - INFO - Participating clients: [39, 30, 7, 72, 10, 93, 62, 8, 97, 68]
2026-01-14 19:45:42,124 - FL_Main_normclip_none - INFO - === Round 21 Completed ===
2026-01-14 19:45:42,125 - FL_Main_normclip_none - INFO - Global Accuracy: 98.0100, Global Loss: 0.0646
2026-01-14 19:45:42,125 - FL_Main_normclip_none - INFO - Test Accuracy: 98.0100, Test Loss: 0.0646
2026-01-14 19:45:42,125 - FL_Main_normclip_none - INFO - === Round 22 Started ===
2026-01-14 19:45:42,125 - FL_Main_normclip_none - INFO - Participating clients: [98, 16, 84, 60, 70, 21, 33, 67, 77, 54]
2026-01-14 19:45:50,224 - FL_Main_normclip_none - INFO - === Round 22 Completed ===
2026-01-14 19:45:50,225 - FL_Main_normclip_none - INFO - Global Accuracy: 97.9600, Global Loss: 0.0660
2026-01-14 19:45:50,225 - FL_Main_normclip_none - INFO - Test Accuracy: 97.9600, Test Loss: 0.0660
2026-01-14 19:45:50,225 - FL_Main_normclip_none - INFO - === Round 23 Started ===
2026-01-14 19:45:50,225 - FL_Main_normclip_none - INFO - Participating clients: [27, 69, 96, 93, 88, 25, 91, 39, 51, 85]
2026-01-14 19:45:57,930 - FL_Main_normclip_none - INFO - === Round 23 Completed ===
2026-01-14 19:45:57,931 - FL_Main_normclip_none - INFO - Global Accuracy: 98.0800, Global Loss: 0.0599
2026-01-14 19:45:57,931 - FL_Main_normclip_none - INFO - Test Accuracy: 98.0800, Test Loss: 0.0599
2026-01-14 19:45:57,932 - FL_Main_normclip_none - INFO - === Round 24 Started ===
2026-01-14 19:45:57,932 - FL_Main_normclip_none - INFO - Participating clients: [83, 47, 56, 66, 57, 15, 31, 28, 8, 43]
2026-01-14 19:46:05,620 - FL_Main_normclip_none - INFO - === Round 24 Completed ===
2026-01-14 19:46:05,622 - FL_Main_normclip_none - INFO - Global Accuracy: 98.1400, Global Loss: 0.0588
2026-01-14 19:46:05,622 - FL_Main_normclip_none - INFO - Test Accuracy: 98.1400, Test Loss: 0.0588
2026-01-14 19:46:05,622 - FL_Main_normclip_none - INFO - === Round 25 Started ===
2026-01-14 19:46:05,622 - FL_Main_normclip_none - INFO - Participating clients: [2, 75, 70, 29, 28, 0, 9, 90, 80, 7]
2026-01-14 19:46:13,735 - FL_Main_normclip_none - INFO - === Round 25 Completed ===
2026-01-14 19:46:13,736 - FL_Main_normclip_none - INFO - Global Accuracy: 98.0600, Global Loss: 0.0579
2026-01-14 19:46:13,736 - FL_Main_normclip_none - INFO - Test Accuracy: 98.0600, Test Loss: 0.0579
2026-01-14 19:46:13,736 - FL_Main_normclip_none - INFO - === Round 26 Started ===
2026-01-14 19:46:13,736 - FL_Main_normclip_none - INFO - Participating clients: [29, 8, 4, 42, 9, 65, 30, 35, 85, 62]
2026-01-14 19:46:23,904 - FL_Main_normclip_none - INFO - === Round 26 Completed ===
2026-01-14 19:46:23,904 - FL_Main_normclip_none - INFO - Global Accuracy: 98.1700, Global Loss: 0.0569
2026-01-14 19:46:23,904 - FL_Main_normclip_none - INFO - Test Accuracy: 98.1700, Test Loss: 0.0569
2026-01-14 19:46:23,906 - FL_Main_normclip_none - INFO - === Round 27 Started ===
2026-01-14 19:46:23,906 - FL_Main_normclip_none - INFO - Participating clients: [27, 69, 16, 92, 73, 60, 31, 52, 24, 12]
2026-01-14 19:46:31,113 - FL_Main_normclip_none - INFO - === Round 27 Completed ===
2026-01-14 19:46:31,114 - FL_Main_normclip_none - INFO - Global Accuracy: 98.2800, Global Loss: 0.0552
2026-01-14 19:46:31,114 - FL_Main_normclip_none - INFO - Test Accuracy: 98.2800, Test Loss: 0.0552
2026-01-14 19:46:31,114 - FL_Main_normclip_none - INFO - === Round 28 Started ===
2026-01-14 19:46:31,114 - FL_Main_normclip_none - INFO - Participating clients: [12, 84, 55, 45, 54, 52, 59, 93, 6, 86]
2026-01-14 19:46:38,632 - FL_Main_normclip_none - INFO - === Round 28 Completed ===
2026-01-14 19:46:38,633 - FL_Main_normclip_none - INFO - Global Accuracy: 98.1600, Global Loss: 0.0562
2026-01-14 19:46:38,633 - FL_Main_normclip_none - INFO - Test Accuracy: 98.1600, Test Loss: 0.0562
2026-01-14 19:46:38,633 - FL_Main_normclip_none - INFO - === Round 29 Started ===
2026-01-14 19:46:38,633 - FL_Main_normclip_none - INFO - Participating clients: [83, 82, 12, 7, 51, 93, 43, 13, 31, 24]
2026-01-14 19:46:47,675 - FL_Main_normclip_none - INFO - === Round 29 Completed ===
2026-01-14 19:46:47,676 - FL_Main_normclip_none - INFO - Global Accuracy: 98.2300, Global Loss: 0.0550
2026-01-14 19:46:47,676 - FL_Main_normclip_none - INFO - Test Accuracy: 98.2300, Test Loss: 0.0550
2026-01-14 19:46:47,677 - FL_Main_normclip_none - INFO - === Round 30 Started ===
2026-01-14 19:46:47,677 - FL_Main_normclip_none - INFO - Participating clients: [24, 68, 57, 17, 54, 23, 35, 59, 31, 9]
2026-01-14 19:46:55,091 - FL_Main_normclip_none - INFO - === Round 30 Completed ===
2026-01-14 19:46:55,092 - FL_Main_normclip_none - INFO - Global Accuracy: 98.2600, Global Loss: 0.0529
2026-01-14 19:46:55,092 - FL_Main_normclip_none - INFO - Test Accuracy: 98.2600, Test Loss: 0.0529
2026-01-14 19:46:55,092 - FL_Main_normclip_none - INFO - Experiment completed
2026-01-14 19:46:55,100 - FL_Main_normclip_none - INFO - All logs saved to logs/normclip_none_20260114_194242
