2026-01-15 20:46:00,686 - FL_Main_krum_la - INFO - Experiment Configuration: {
  "experiment_name": "krum_la",
  "random_seed": 42,
  "dataset": {
    "type": "mnist",
    "data_dir": "./data",
    "num_classes": 10,
    "partition_type": "iid"
  },
  "model": {
    "type": "lenet",
    "num_classes": 10
  },
  "federated_learning": {
    "num_rounds": 30,
    "num_clients": 100,
    "client_participation_rate": 0.1,
    "learning_rate": 0.01,
    "local_epochs": 2,
    "batch_size": 32
  },
  "server": {
    "data_size": 100
  },
  "attack": {
    "type": "la",
    "num_malicious_clients": 20,
    "params": {
      "target_norm_ratio": 10.0,
      "max_iterations": 100
    }
  },
  "defense": {
    "type": "krum",
    "params": {
      "num_malicious": 2,
      "multi_krum": true,
      "num_selected": 5
    }
  }
}
2026-01-15 20:46:00,686 - FL_Main_krum_la - INFO - Using device: cpu
2026-01-15 20:46:03,384 - FL_Main_krum_la - INFO - Data partitioned among 100 clients
2026-01-15 20:46:03,396 - FL_Main_krum_la - INFO - Model initialized: lenet
2026-01-15 20:46:03,397 - FL_Main_krum_la - INFO - Server initialized with defense: krum
2026-01-15 20:46:03,440 - FL_Main_krum_la - INFO - Created 100 clients (20 malicious)
2026-01-15 20:46:03,440 - FL_Main_krum_la - INFO - Experiment setup completed
2026-01-15 20:46:03,440 - FL_Main_krum_la - INFO - Starting experiment with 30 rounds
2026-01-15 20:46:03,440 - FL_Main_krum_la - INFO - === Round 1 Started ===
2026-01-15 20:46:03,440 - FL_Main_krum_la - INFO - Participating clients: [25, 91, 83, 89, 69, 53, 28, 57, 75, 35]
2026-01-15 20:46:07,986 - FL_Main_krum_la - INFO - === Round 1 Completed ===
2026-01-15 20:46:07,987 - FL_Main_krum_la - INFO - Global Accuracy: 42.0700, Global Loss: 2.1968
2026-01-15 20:46:07,987 - FL_Main_krum_la - INFO - Test Accuracy: 42.0700, Test Loss: 2.1968
2026-01-15 20:46:07,987 - FL_Main_krum_la - INFO - === Round 2 Started ===
2026-01-15 20:46:07,988 - FL_Main_krum_la - INFO - Participating clients: [0, 97, 20, 89, 54, 43, 35, 19, 27, 13]
2026-01-15 20:46:18,371 - FL_Main_krum_la - INFO - === Round 2 Completed ===
2026-01-15 20:46:18,372 - FL_Main_krum_la - INFO - Global Accuracy: 76.9300, Global Loss: 0.7106
2026-01-15 20:46:18,372 - FL_Main_krum_la - INFO - Test Accuracy: 76.9300, Test Loss: 0.7106
2026-01-15 20:46:18,374 - FL_Main_krum_la - INFO - === Round 3 Started ===
2026-01-15 20:46:18,374 - FL_Main_krum_la - INFO - Participating clients: [11, 48, 12, 45, 44, 77, 33, 5, 93, 58]
2026-01-15 20:46:29,197 - FL_Main_krum_la - INFO - === Round 3 Completed ===
2026-01-15 20:46:29,198 - FL_Main_krum_la - INFO - Global Accuracy: 84.4900, Global Loss: 0.4598
2026-01-15 20:46:29,198 - FL_Main_krum_la - INFO - Test Accuracy: 84.4900, Test Loss: 0.4598
2026-01-15 20:46:29,198 - FL_Main_krum_la - INFO - === Round 4 Started ===
2026-01-15 20:46:29,198 - FL_Main_krum_la - INFO - Participating clients: [68, 15, 48, 10, 70, 37, 80, 79, 46, 73]
2026-01-15 20:46:33,500 - FL_Main_krum_la - INFO - === Round 4 Completed ===
2026-01-15 20:46:33,500 - FL_Main_krum_la - INFO - Global Accuracy: 91.1600, Global Loss: 0.2949
2026-01-15 20:46:33,500 - FL_Main_krum_la - INFO - Test Accuracy: 91.1600, Test Loss: 0.2949
2026-01-15 20:46:33,500 - FL_Main_krum_la - INFO - === Round 5 Started ===
2026-01-15 20:46:33,500 - FL_Main_krum_la - INFO - Participating clients: [24, 90, 8, 5, 84, 29, 98, 37, 10, 12]
2026-01-15 20:46:38,768 - FL_Main_krum_la - INFO - === Round 5 Completed ===
2026-01-15 20:46:38,769 - FL_Main_krum_la - INFO - Global Accuracy: 92.8900, Global Loss: 0.2329
2026-01-15 20:46:38,769 - FL_Main_krum_la - INFO - Test Accuracy: 92.8900, Test Loss: 0.2329
2026-01-15 20:46:38,769 - FL_Main_krum_la - INFO - === Round 6 Started ===
2026-01-15 20:46:38,769 - FL_Main_krum_la - INFO - Participating clients: [48, 35, 58, 81, 46, 20, 47, 45, 26, 85]
2026-01-15 20:46:43,183 - FL_Main_krum_la - INFO - === Round 6 Completed ===
2026-01-15 20:46:43,183 - FL_Main_krum_la - INFO - Global Accuracy: 93.9200, Global Loss: 0.2000
2026-01-15 20:46:43,183 - FL_Main_krum_la - INFO - Test Accuracy: 93.9200, Test Loss: 0.2000
2026-01-15 20:46:43,184 - FL_Main_krum_la - INFO - === Round 7 Started ===
2026-01-15 20:46:43,184 - FL_Main_krum_la - INFO - Participating clients: [34, 89, 87, 82, 9, 77, 81, 21, 68, 93]
2026-01-15 20:46:48,436 - FL_Main_krum_la - INFO - === Round 7 Completed ===
2026-01-15 20:46:48,436 - FL_Main_krum_la - INFO - Global Accuracy: 94.8100, Global Loss: 0.1696
2026-01-15 20:46:48,436 - FL_Main_krum_la - INFO - Test Accuracy: 94.8100, Test Loss: 0.1696
2026-01-15 20:46:48,436 - FL_Main_krum_la - INFO - === Round 8 Started ===
2026-01-15 20:46:48,436 - FL_Main_krum_la - INFO - Participating clients: [31, 20, 59, 48, 34, 81, 88, 71, 28, 87]
2026-01-15 20:46:54,430 - FL_Main_krum_la - INFO - === Round 8 Completed ===
2026-01-15 20:46:54,431 - FL_Main_krum_la - INFO - Global Accuracy: 95.3900, Global Loss: 0.1539
2026-01-15 20:46:54,431 - FL_Main_krum_la - INFO - Test Accuracy: 95.3900, Test Loss: 0.1539
2026-01-15 20:46:54,431 - FL_Main_krum_la - INFO - === Round 9 Started ===
2026-01-15 20:46:54,431 - FL_Main_krum_la - INFO - Participating clients: [41, 98, 99, 7, 29, 4, 40, 51, 34, 8]
2026-01-15 20:47:00,350 - FL_Main_krum_la - INFO - === Round 9 Completed ===
2026-01-15 20:47:00,350 - FL_Main_krum_la - INFO - Global Accuracy: 95.7900, Global Loss: 0.1353
2026-01-15 20:47:00,350 - FL_Main_krum_la - INFO - Test Accuracy: 95.7900, Test Loss: 0.1353
2026-01-15 20:47:00,351 - FL_Main_krum_la - INFO - === Round 10 Started ===
2026-01-15 20:47:00,351 - FL_Main_krum_la - INFO - Participating clients: [27, 72, 91, 40, 83, 63, 50, 82, 58, 18]
2026-01-15 20:47:08,333 - FL_Main_krum_la - INFO - === Round 10 Completed ===
2026-01-15 20:47:08,333 - FL_Main_krum_la - INFO - Global Accuracy: 95.7500, Global Loss: 0.1325
2026-01-15 20:47:08,333 - FL_Main_krum_la - INFO - Test Accuracy: 95.7500, Test Loss: 0.1325
2026-01-15 20:47:08,334 - FL_Main_krum_la - INFO - === Round 11 Started ===
2026-01-15 20:47:08,334 - FL_Main_krum_la - INFO - Participating clients: [33, 17, 31, 95, 71, 68, 74, 54, 51, 46]
2026-01-15 20:47:16,705 - FL_Main_krum_la - INFO - === Round 11 Completed ===
2026-01-15 20:47:16,706 - FL_Main_krum_la - INFO - Global Accuracy: 96.6300, Global Loss: 0.1158
2026-01-15 20:47:16,706 - FL_Main_krum_la - INFO - Test Accuracy: 96.6300, Test Loss: 0.1158
2026-01-15 20:47:16,706 - FL_Main_krum_la - INFO - === Round 12 Started ===
2026-01-15 20:47:16,706 - FL_Main_krum_la - INFO - Participating clients: [28, 17, 65, 63, 11, 96, 6, 14, 19, 80]
2026-01-15 20:47:20,909 - FL_Main_krum_la - INFO - === Round 12 Completed ===
2026-01-15 20:47:20,910 - FL_Main_krum_la - INFO - Global Accuracy: 96.4900, Global Loss: 0.1112
2026-01-15 20:47:20,910 - FL_Main_krum_la - INFO - Test Accuracy: 96.4900, Test Loss: 0.1112
2026-01-15 20:47:20,910 - FL_Main_krum_la - INFO - === Round 13 Started ===
2026-01-15 20:47:20,910 - FL_Main_krum_la - INFO - Participating clients: [20, 87, 54, 76, 8, 49, 48, 59, 67, 32]
2026-01-15 20:47:26,193 - FL_Main_krum_la - INFO - === Round 13 Completed ===
2026-01-15 20:47:26,193 - FL_Main_krum_la - INFO - Global Accuracy: 96.9600, Global Loss: 0.0962
2026-01-15 20:47:26,193 - FL_Main_krum_la - INFO - Test Accuracy: 96.9600, Test Loss: 0.0962
2026-01-15 20:47:26,193 - FL_Main_krum_la - INFO - === Round 14 Started ===
2026-01-15 20:47:26,193 - FL_Main_krum_la - INFO - Participating clients: [70, 1, 87, 92, 14, 68, 96, 34, 98, 82]
2026-01-15 20:47:30,461 - FL_Main_krum_la - INFO - === Round 14 Completed ===
2026-01-15 20:47:30,461 - FL_Main_krum_la - INFO - Global Accuracy: 96.9800, Global Loss: 0.0962
2026-01-15 20:47:30,461 - FL_Main_krum_la - INFO - Test Accuracy: 96.9800, Test Loss: 0.0962
2026-01-15 20:47:30,461 - FL_Main_krum_la - INFO - === Round 15 Started ===
2026-01-15 20:47:30,461 - FL_Main_krum_la - INFO - Participating clients: [43, 14, 37, 55, 20, 58, 0, 92, 33, 64]
2026-01-15 20:47:34,559 - FL_Main_krum_la - INFO - === Round 15 Completed ===
2026-01-15 20:47:34,559 - FL_Main_krum_la - INFO - Global Accuracy: 97.2700, Global Loss: 0.0921
2026-01-15 20:47:34,559 - FL_Main_krum_la - INFO - Test Accuracy: 97.2700, Test Loss: 0.0921
2026-01-15 20:47:34,560 - FL_Main_krum_la - INFO - === Round 16 Started ===
2026-01-15 20:47:34,560 - FL_Main_krum_la - INFO - Participating clients: [97, 22, 64, 13, 80, 38, 81, 77, 25, 19]
2026-01-15 20:47:42,943 - FL_Main_krum_la - INFO - === Round 16 Completed ===
2026-01-15 20:47:42,944 - FL_Main_krum_la - INFO - Global Accuracy: 97.2800, Global Loss: 0.0842
2026-01-15 20:47:42,944 - FL_Main_krum_la - INFO - Test Accuracy: 97.2800, Test Loss: 0.0842
2026-01-15 20:47:42,945 - FL_Main_krum_la - INFO - === Round 17 Started ===
2026-01-15 20:47:42,946 - FL_Main_krum_la - INFO - Participating clients: [47, 97, 20, 69, 99, 67, 0, 76, 41, 62]
2026-01-15 20:47:48,768 - FL_Main_krum_la - INFO - === Round 17 Completed ===
2026-01-15 20:47:48,768 - FL_Main_krum_la - INFO - Global Accuracy: 97.2900, Global Loss: 0.0849
2026-01-15 20:47:48,768 - FL_Main_krum_la - INFO - Test Accuracy: 97.2900, Test Loss: 0.0849
2026-01-15 20:47:48,769 - FL_Main_krum_la - INFO - === Round 18 Started ===
2026-01-15 20:47:48,769 - FL_Main_krum_la - INFO - Participating clients: [2, 14, 46, 39, 30, 7, 72, 10, 93, 62]
2026-01-15 20:47:53,708 - FL_Main_krum_la - INFO - === Round 18 Completed ===
2026-01-15 20:47:53,708 - FL_Main_krum_la - INFO - Global Accuracy: 97.7000, Global Loss: 0.0761
2026-01-15 20:47:53,708 - FL_Main_krum_la - INFO - Test Accuracy: 97.7000, Test Loss: 0.0761
2026-01-15 20:47:53,709 - FL_Main_krum_la - INFO - === Round 19 Started ===
2026-01-15 20:47:53,709 - FL_Main_krum_la - INFO - Participating clients: [8, 97, 68, 98, 16, 84, 60, 70, 21, 33]
2026-01-15 20:48:00,083 - FL_Main_krum_la - INFO - === Round 19 Completed ===
2026-01-15 20:48:00,083 - FL_Main_krum_la - INFO - Global Accuracy: 97.5300, Global Loss: 0.0790
2026-01-15 20:48:00,083 - FL_Main_krum_la - INFO - Test Accuracy: 97.5300, Test Loss: 0.0790
2026-01-15 20:48:00,084 - FL_Main_krum_la - INFO - === Round 20 Started ===
2026-01-15 20:48:00,084 - FL_Main_krum_la - INFO - Participating clients: [67, 77, 54, 27, 69, 96, 93, 88, 25, 91]
2026-01-15 20:48:06,709 - FL_Main_krum_la - INFO - === Round 20 Completed ===
2026-01-15 20:48:06,709 - FL_Main_krum_la - INFO - Global Accuracy: 97.6800, Global Loss: 0.0732
2026-01-15 20:48:06,709 - FL_Main_krum_la - INFO - Test Accuracy: 97.6800, Test Loss: 0.0732
2026-01-15 20:48:06,709 - FL_Main_krum_la - INFO - === Round 21 Started ===
2026-01-15 20:48:06,709 - FL_Main_krum_la - INFO - Participating clients: [39, 51, 85, 83, 47, 56, 66, 57, 15, 31]
2026-01-15 20:48:14,753 - FL_Main_krum_la - INFO - === Round 21 Completed ===
2026-01-15 20:48:14,753 - FL_Main_krum_la - INFO - Global Accuracy: 97.7200, Global Loss: 0.0799
2026-01-15 20:48:14,753 - FL_Main_krum_la - INFO - Test Accuracy: 97.7200, Test Loss: 0.0799
2026-01-15 20:48:14,754 - FL_Main_krum_la - INFO - === Round 22 Started ===
2026-01-15 20:48:14,754 - FL_Main_krum_la - INFO - Participating clients: [28, 8, 43, 2, 75, 70, 29, 0, 9, 90]
2026-01-15 20:48:21,327 - FL_Main_krum_la - INFO - === Round 22 Completed ===
2026-01-15 20:48:21,327 - FL_Main_krum_la - INFO - Global Accuracy: 97.7300, Global Loss: 0.0694
2026-01-15 20:48:21,327 - FL_Main_krum_la - INFO - Test Accuracy: 97.7300, Test Loss: 0.0694
2026-01-15 20:48:21,329 - FL_Main_krum_la - INFO - === Round 23 Started ===
2026-01-15 20:48:21,329 - FL_Main_krum_la - INFO - Participating clients: [80, 7, 29, 8, 4, 42, 9, 65, 30, 35]
2026-01-15 20:48:27,699 - FL_Main_krum_la - INFO - === Round 23 Completed ===
2026-01-15 20:48:27,700 - FL_Main_krum_la - INFO - Global Accuracy: 97.7500, Global Loss: 0.0687
2026-01-15 20:48:27,700 - FL_Main_krum_la - INFO - Test Accuracy: 97.7500, Test Loss: 0.0687
2026-01-15 20:48:27,700 - FL_Main_krum_la - INFO - === Round 24 Started ===
2026-01-15 20:48:27,700 - FL_Main_krum_la - INFO - Participating clients: [85, 62, 27, 69, 16, 92, 73, 60, 31, 52]
2026-01-15 20:48:37,702 - FL_Main_krum_la - INFO - === Round 24 Completed ===
2026-01-15 20:48:37,702 - FL_Main_krum_la - INFO - Global Accuracy: 97.8800, Global Loss: 0.0683
2026-01-15 20:48:37,702 - FL_Main_krum_la - INFO - Test Accuracy: 97.8800, Test Loss: 0.0683
2026-01-15 20:48:37,703 - FL_Main_krum_la - INFO - === Round 25 Started ===
2026-01-15 20:48:37,703 - FL_Main_krum_la - INFO - Participating clients: [24, 12, 84, 55, 45, 54, 52, 59, 93, 6]
2026-01-15 20:48:48,859 - FL_Main_krum_la - INFO - === Round 25 Completed ===
2026-01-15 20:48:48,859 - FL_Main_krum_la - INFO - Global Accuracy: 97.9500, Global Loss: 0.0672
2026-01-15 20:48:48,860 - FL_Main_krum_la - INFO - Test Accuracy: 97.9500, Test Loss: 0.0672
2026-01-15 20:48:48,860 - FL_Main_krum_la - INFO - === Round 26 Started ===
2026-01-15 20:48:48,860 - FL_Main_krum_la - INFO - Participating clients: [86, 83, 82, 12, 7, 51, 93, 43, 13, 31]
2026-01-15 20:48:56,620 - FL_Main_krum_la - INFO - === Round 26 Completed ===
2026-01-15 20:48:56,620 - FL_Main_krum_la - INFO - Global Accuracy: 97.9300, Global Loss: 0.0648
2026-01-15 20:48:56,620 - FL_Main_krum_la - INFO - Test Accuracy: 97.9300, Test Loss: 0.0648
2026-01-15 20:48:56,621 - FL_Main_krum_la - INFO - === Round 27 Started ===
2026-01-15 20:48:56,621 - FL_Main_krum_la - INFO - Participating clients: [24, 68, 57, 17, 54, 23, 35, 59, 31, 9]
2026-01-15 20:49:02,874 - FL_Main_krum_la - INFO - === Round 27 Completed ===
2026-01-15 20:49:02,874 - FL_Main_krum_la - INFO - Global Accuracy: 98.0500, Global Loss: 0.0639
2026-01-15 20:49:02,875 - FL_Main_krum_la - INFO - Test Accuracy: 98.0500, Test Loss: 0.0639
2026-01-15 20:49:02,876 - FL_Main_krum_la - INFO - === Round 28 Started ===
2026-01-15 20:49:02,877 - FL_Main_krum_la - INFO - Participating clients: [56, 70, 12, 6, 83, 69, 1, 11, 96, 30]
2026-01-15 20:49:08,957 - FL_Main_krum_la - INFO - === Round 28 Completed ===
2026-01-15 20:49:08,957 - FL_Main_krum_la - INFO - Global Accuracy: 98.0300, Global Loss: 0.0598
2026-01-15 20:49:08,957 - FL_Main_krum_la - INFO - Test Accuracy: 98.0300, Test Loss: 0.0598
2026-01-15 20:49:08,958 - FL_Main_krum_la - INFO - === Round 29 Started ===
2026-01-15 20:49:08,958 - FL_Main_krum_la - INFO - Participating clients: [21, 52, 62, 61, 27, 51, 7, 48, 0, 49]
2026-01-15 20:49:13,973 - FL_Main_krum_la - INFO - === Round 29 Completed ===
2026-01-15 20:49:13,973 - FL_Main_krum_la - INFO - Global Accuracy: 98.1400, Global Loss: 0.0578
2026-01-15 20:49:13,973 - FL_Main_krum_la - INFO - Test Accuracy: 98.1400, Test Loss: 0.0578
2026-01-15 20:49:13,973 - FL_Main_krum_la - INFO - === Round 30 Started ===
2026-01-15 20:49:13,973 - FL_Main_krum_la - INFO - Participating clients: [33, 58, 36, 54, 89, 93, 71, 84, 91, 62]
2026-01-15 20:49:20,860 - FL_Main_krum_la - INFO - === Round 30 Completed ===
2026-01-15 20:49:20,860 - FL_Main_krum_la - INFO - Global Accuracy: 98.1700, Global Loss: 0.0592
2026-01-15 20:49:20,860 - FL_Main_krum_la - INFO - Test Accuracy: 98.1700, Test Loss: 0.0592
2026-01-15 20:49:20,862 - FL_Main_krum_la - INFO - Experiment completed
2026-01-15 20:49:20,873 - FL_Main_krum_la - INFO - All logs saved to logs/krum_la_20260115_204600
