2026-01-14 19:32:12,054 - FL_Main_baseline_la - INFO - Experiment Configuration: {
  "experiment_name": "baseline_la",
  "random_seed": 42,
  "dataset": {
    "type": "mnist",
    "data_dir": "./data",
    "num_classes": 10,
    "partition_type": "iid"
  },
  "model": {
    "type": "lenet",
    "num_classes": 10
  },
  "federated_learning": {
    "num_rounds": 30,
    "num_clients": 100,
    "client_participation_rate": 0.1,
    "learning_rate": 0.01,
    "local_epochs": 2,
    "batch_size": 32
  },
  "server": {
    "data_size": 100
  },
  "attack": {
    "type": "la",
    "num_malicious_clients": 20,
    "params": {
      "target_norm_ratio": 10.0,
      "max_iterations": 100
    }
  },
  "defense": {
    "type": "none"
  }
}
2026-01-14 19:32:12,054 - FL_Main_baseline_la - INFO - Using device: cpu
2026-01-14 19:32:15,118 - FL_Main_baseline_la - INFO - Data partitioned among 100 clients
2026-01-14 19:32:15,120 - FL_Main_baseline_la - INFO - Model initialized: lenet
2026-01-14 19:32:15,120 - FL_Main_baseline_la - INFO - Server initialized with defense: none
2026-01-14 19:32:15,169 - FL_Main_baseline_la - INFO - Created 100 clients (20 malicious)
2026-01-14 19:32:15,170 - FL_Main_baseline_la - INFO - Experiment setup completed
2026-01-14 19:32:15,170 - FL_Main_baseline_la - INFO - Starting experiment with 30 rounds
2026-01-14 19:32:15,170 - FL_Main_baseline_la - INFO - === Round 1 Started ===
2026-01-14 19:32:15,170 - FL_Main_baseline_la - INFO - Participating clients: [25, 91, 83, 89, 69, 53, 28, 57, 75, 35]
2026-01-14 19:32:18,273 - FL_Main_baseline_la - INFO - === Round 1 Completed ===
2026-01-14 19:32:18,274 - FL_Main_baseline_la - INFO - Global Accuracy: 9.7400, Global Loss: 4.8492
2026-01-14 19:32:18,274 - FL_Main_baseline_la - INFO - Test Accuracy: 9.7400, Test Loss: 4.8492
2026-01-14 19:32:18,274 - FL_Main_baseline_la - INFO - === Round 2 Started ===
2026-01-14 19:32:18,274 - FL_Main_baseline_la - INFO - Participating clients: [0, 97, 20, 89, 54, 43, 35, 19, 27, 13]
2026-01-14 19:32:21,391 - FL_Main_baseline_la - INFO - === Round 2 Completed ===
2026-01-14 19:32:21,391 - FL_Main_baseline_la - INFO - Global Accuracy: 13.8700, Global Loss: 127.5232
2026-01-14 19:32:21,391 - FL_Main_baseline_la - INFO - Test Accuracy: 13.8700, Test Loss: 127.5232
2026-01-14 19:32:21,391 - FL_Main_baseline_la - INFO - === Round 3 Started ===
2026-01-14 19:32:21,391 - FL_Main_baseline_la - INFO - Participating clients: [11, 48, 12, 45, 44, 77, 33, 5, 93, 58]
2026-01-14 19:32:27,488 - FL_Main_baseline_la - INFO - === Round 3 Completed ===
2026-01-14 19:32:27,488 - FL_Main_baseline_la - INFO - Global Accuracy: 11.6400, Global Loss: 10608.9722
2026-01-14 19:32:27,488 - FL_Main_baseline_la - INFO - Test Accuracy: 11.6400, Test Loss: 10608.9722
2026-01-14 19:32:27,488 - FL_Main_baseline_la - INFO - === Round 4 Started ===
2026-01-14 19:32:27,489 - FL_Main_baseline_la - INFO - Participating clients: [68, 15, 48, 10, 70, 37, 80, 79, 46, 73]
2026-01-14 19:32:34,863 - FL_Main_baseline_la - INFO - === Round 4 Completed ===
2026-01-14 19:32:34,863 - FL_Main_baseline_la - INFO - Global Accuracy: 9.8000, Global Loss: nan
2026-01-14 19:32:34,863 - FL_Main_baseline_la - INFO - Test Accuracy: 9.8000, Test Loss: nan
2026-01-14 19:32:34,863 - FL_Main_baseline_la - INFO - === Round 5 Started ===
2026-01-14 19:32:34,863 - FL_Main_baseline_la - INFO - Participating clients: [24, 90, 8, 5, 84, 29, 98, 37, 10, 12]
2026-01-14 19:32:38,839 - FL_Main_baseline_la - INFO - === Round 5 Completed ===
2026-01-14 19:32:38,840 - FL_Main_baseline_la - INFO - Global Accuracy: 9.8000, Global Loss: nan
2026-01-14 19:32:38,840 - FL_Main_baseline_la - INFO - Test Accuracy: 9.8000, Test Loss: nan
2026-01-14 19:32:38,840 - FL_Main_baseline_la - INFO - === Round 6 Started ===
2026-01-14 19:32:38,840 - FL_Main_baseline_la - INFO - Participating clients: [48, 35, 58, 81, 46, 20, 47, 45, 26, 85]
2026-01-14 19:32:45,422 - FL_Main_baseline_la - INFO - === Round 6 Completed ===
2026-01-14 19:32:45,422 - FL_Main_baseline_la - INFO - Global Accuracy: 9.8000, Global Loss: nan
2026-01-14 19:32:45,422 - FL_Main_baseline_la - INFO - Test Accuracy: 9.8000, Test Loss: nan
2026-01-14 19:32:45,423 - FL_Main_baseline_la - INFO - === Round 7 Started ===
2026-01-14 19:32:45,423 - FL_Main_baseline_la - INFO - Participating clients: [34, 89, 87, 82, 9, 77, 81, 21, 68, 93]
2026-01-14 19:32:51,921 - FL_Main_baseline_la - INFO - === Round 7 Completed ===
2026-01-14 19:32:51,921 - FL_Main_baseline_la - INFO - Global Accuracy: 9.8000, Global Loss: nan
2026-01-14 19:32:51,921 - FL_Main_baseline_la - INFO - Test Accuracy: 9.8000, Test Loss: nan
2026-01-14 19:32:51,921 - FL_Main_baseline_la - INFO - === Round 8 Started ===
2026-01-14 19:32:51,921 - FL_Main_baseline_la - INFO - Participating clients: [31, 20, 59, 48, 34, 81, 88, 71, 28, 87]
2026-01-14 19:32:57,968 - FL_Main_baseline_la - INFO - === Round 8 Completed ===
2026-01-14 19:32:57,968 - FL_Main_baseline_la - INFO - Global Accuracy: 9.8000, Global Loss: nan
2026-01-14 19:32:57,968 - FL_Main_baseline_la - INFO - Test Accuracy: 9.8000, Test Loss: nan
2026-01-14 19:32:57,969 - FL_Main_baseline_la - INFO - === Round 9 Started ===
2026-01-14 19:32:57,969 - FL_Main_baseline_la - INFO - Participating clients: [41, 98, 99, 7, 29, 4, 40, 51, 34, 8]
2026-01-14 19:33:03,892 - FL_Main_baseline_la - INFO - === Round 9 Completed ===
2026-01-14 19:33:03,892 - FL_Main_baseline_la - INFO - Global Accuracy: 9.8000, Global Loss: nan
2026-01-14 19:33:03,892 - FL_Main_baseline_la - INFO - Test Accuracy: 9.8000, Test Loss: nan
2026-01-14 19:33:03,892 - FL_Main_baseline_la - INFO - === Round 10 Started ===
2026-01-14 19:33:03,892 - FL_Main_baseline_la - INFO - Participating clients: [27, 72, 91, 40, 83, 63, 50, 82, 58, 18]
2026-01-14 19:33:08,843 - FL_Main_baseline_la - INFO - === Round 10 Completed ===
2026-01-14 19:33:08,843 - FL_Main_baseline_la - INFO - Global Accuracy: 9.8000, Global Loss: nan
2026-01-14 19:33:08,843 - FL_Main_baseline_la - INFO - Test Accuracy: 9.8000, Test Loss: nan
2026-01-14 19:33:08,844 - FL_Main_baseline_la - INFO - === Round 11 Started ===
2026-01-14 19:33:08,844 - FL_Main_baseline_la - INFO - Participating clients: [33, 17, 31, 95, 71, 68, 74, 54, 51, 46]
2026-01-14 19:33:14,322 - FL_Main_baseline_la - INFO - === Round 11 Completed ===
2026-01-14 19:33:14,322 - FL_Main_baseline_la - INFO - Global Accuracy: 9.8000, Global Loss: nan
2026-01-14 19:33:14,322 - FL_Main_baseline_la - INFO - Test Accuracy: 9.8000, Test Loss: nan
2026-01-14 19:33:14,323 - FL_Main_baseline_la - INFO - === Round 12 Started ===
2026-01-14 19:33:14,323 - FL_Main_baseline_la - INFO - Participating clients: [28, 17, 65, 63, 11, 96, 6, 14, 19, 80]
2026-01-14 19:33:20,087 - FL_Main_baseline_la - INFO - === Round 12 Completed ===
2026-01-14 19:33:20,087 - FL_Main_baseline_la - INFO - Global Accuracy: 9.8000, Global Loss: nan
2026-01-14 19:33:20,087 - FL_Main_baseline_la - INFO - Test Accuracy: 9.8000, Test Loss: nan
2026-01-14 19:33:20,088 - FL_Main_baseline_la - INFO - === Round 13 Started ===
2026-01-14 19:33:20,088 - FL_Main_baseline_la - INFO - Participating clients: [20, 87, 54, 76, 8, 49, 48, 59, 67, 32]
2026-01-14 19:33:26,759 - FL_Main_baseline_la - INFO - === Round 13 Completed ===
2026-01-14 19:33:26,760 - FL_Main_baseline_la - INFO - Global Accuracy: 9.8000, Global Loss: nan
2026-01-14 19:33:26,760 - FL_Main_baseline_la - INFO - Test Accuracy: 9.8000, Test Loss: nan
2026-01-14 19:33:26,761 - FL_Main_baseline_la - INFO - === Round 14 Started ===
2026-01-14 19:33:26,761 - FL_Main_baseline_la - INFO - Participating clients: [70, 1, 87, 92, 14, 68, 96, 34, 98, 82]
2026-01-14 19:33:32,787 - FL_Main_baseline_la - INFO - === Round 14 Completed ===
2026-01-14 19:33:32,787 - FL_Main_baseline_la - INFO - Global Accuracy: 9.8000, Global Loss: nan
2026-01-14 19:33:32,787 - FL_Main_baseline_la - INFO - Test Accuracy: 9.8000, Test Loss: nan
2026-01-14 19:33:32,788 - FL_Main_baseline_la - INFO - === Round 15 Started ===
2026-01-14 19:33:32,788 - FL_Main_baseline_la - INFO - Participating clients: [43, 14, 37, 55, 20, 58, 0, 92, 33, 64]
2026-01-14 19:33:37,859 - FL_Main_baseline_la - INFO - === Round 15 Completed ===
2026-01-14 19:33:37,859 - FL_Main_baseline_la - INFO - Global Accuracy: 9.8000, Global Loss: nan
2026-01-14 19:33:37,859 - FL_Main_baseline_la - INFO - Test Accuracy: 9.8000, Test Loss: nan
2026-01-14 19:33:37,859 - FL_Main_baseline_la - INFO - === Round 16 Started ===
2026-01-14 19:33:37,859 - FL_Main_baseline_la - INFO - Participating clients: [97, 22, 64, 13, 80, 38, 81, 77, 25, 19]
2026-01-14 19:33:43,501 - FL_Main_baseline_la - INFO - === Round 16 Completed ===
2026-01-14 19:33:43,501 - FL_Main_baseline_la - INFO - Global Accuracy: 9.8000, Global Loss: nan
2026-01-14 19:33:43,501 - FL_Main_baseline_la - INFO - Test Accuracy: 9.8000, Test Loss: nan
2026-01-14 19:33:43,502 - FL_Main_baseline_la - INFO - === Round 17 Started ===
2026-01-14 19:33:43,502 - FL_Main_baseline_la - INFO - Participating clients: [47, 97, 20, 69, 99, 67, 0, 76, 41, 62]
2026-01-14 19:33:49,605 - FL_Main_baseline_la - INFO - === Round 17 Completed ===
2026-01-14 19:33:49,605 - FL_Main_baseline_la - INFO - Global Accuracy: 9.8000, Global Loss: nan
2026-01-14 19:33:49,605 - FL_Main_baseline_la - INFO - Test Accuracy: 9.8000, Test Loss: nan
2026-01-14 19:33:49,605 - FL_Main_baseline_la - INFO - === Round 18 Started ===
2026-01-14 19:33:49,605 - FL_Main_baseline_la - INFO - Participating clients: [2, 14, 46, 39, 30, 7, 72, 10, 93, 62]
2026-01-14 19:33:55,265 - FL_Main_baseline_la - INFO - === Round 18 Completed ===
2026-01-14 19:33:55,265 - FL_Main_baseline_la - INFO - Global Accuracy: 9.8000, Global Loss: nan
2026-01-14 19:33:55,265 - FL_Main_baseline_la - INFO - Test Accuracy: 9.8000, Test Loss: nan
2026-01-14 19:33:55,265 - FL_Main_baseline_la - INFO - === Round 19 Started ===
2026-01-14 19:33:55,265 - FL_Main_baseline_la - INFO - Participating clients: [8, 97, 68, 98, 16, 84, 60, 70, 21, 33]
2026-01-14 19:34:01,034 - FL_Main_baseline_la - INFO - === Round 19 Completed ===
2026-01-14 19:34:01,035 - FL_Main_baseline_la - INFO - Global Accuracy: 9.8000, Global Loss: nan
2026-01-14 19:34:01,035 - FL_Main_baseline_la - INFO - Test Accuracy: 9.8000, Test Loss: nan
2026-01-14 19:34:01,035 - FL_Main_baseline_la - INFO - === Round 20 Started ===
2026-01-14 19:34:01,035 - FL_Main_baseline_la - INFO - Participating clients: [67, 77, 54, 27, 69, 96, 93, 88, 25, 91]
2026-01-14 19:34:07,252 - FL_Main_baseline_la - INFO - === Round 20 Completed ===
2026-01-14 19:34:07,252 - FL_Main_baseline_la - INFO - Global Accuracy: 9.8000, Global Loss: nan
2026-01-14 19:34:07,252 - FL_Main_baseline_la - INFO - Test Accuracy: 9.8000, Test Loss: nan
2026-01-14 19:34:07,253 - FL_Main_baseline_la - INFO - === Round 21 Started ===
2026-01-14 19:34:07,253 - FL_Main_baseline_la - INFO - Participating clients: [39, 51, 85, 83, 47, 56, 66, 57, 15, 31]
2026-01-14 19:34:17,222 - FL_Main_baseline_la - INFO - === Round 21 Completed ===
2026-01-14 19:34:17,222 - FL_Main_baseline_la - INFO - Global Accuracy: 9.8000, Global Loss: nan
2026-01-14 19:34:17,223 - FL_Main_baseline_la - INFO - Test Accuracy: 9.8000, Test Loss: nan
2026-01-14 19:34:17,226 - FL_Main_baseline_la - INFO - === Round 22 Started ===
2026-01-14 19:34:17,226 - FL_Main_baseline_la - INFO - Participating clients: [28, 8, 43, 2, 75, 70, 29, 0, 9, 90]
2026-01-14 19:34:31,224 - FL_Main_baseline_la - INFO - === Round 22 Completed ===
2026-01-14 19:34:31,224 - FL_Main_baseline_la - INFO - Global Accuracy: 9.8000, Global Loss: nan
2026-01-14 19:34:31,224 - FL_Main_baseline_la - INFO - Test Accuracy: 9.8000, Test Loss: nan
2026-01-14 19:34:31,227 - FL_Main_baseline_la - INFO - === Round 23 Started ===
2026-01-14 19:34:31,228 - FL_Main_baseline_la - INFO - Participating clients: [80, 7, 29, 8, 4, 42, 9, 65, 30, 35]
2026-01-14 19:34:43,946 - FL_Main_baseline_la - INFO - === Round 23 Completed ===
2026-01-14 19:34:43,947 - FL_Main_baseline_la - INFO - Global Accuracy: 9.8000, Global Loss: nan
2026-01-14 19:34:43,947 - FL_Main_baseline_la - INFO - Test Accuracy: 9.8000, Test Loss: nan
2026-01-14 19:34:43,949 - FL_Main_baseline_la - INFO - === Round 24 Started ===
2026-01-14 19:34:43,949 - FL_Main_baseline_la - INFO - Participating clients: [85, 62, 27, 69, 16, 92, 73, 60, 31, 52]
2026-01-14 19:34:56,818 - FL_Main_baseline_la - INFO - === Round 24 Completed ===
2026-01-14 19:34:56,819 - FL_Main_baseline_la - INFO - Global Accuracy: 9.8000, Global Loss: nan
2026-01-14 19:34:56,819 - FL_Main_baseline_la - INFO - Test Accuracy: 9.8000, Test Loss: nan
2026-01-14 19:34:56,821 - FL_Main_baseline_la - INFO - === Round 25 Started ===
2026-01-14 19:34:56,821 - FL_Main_baseline_la - INFO - Participating clients: [24, 12, 84, 55, 45, 54, 52, 59, 93, 6]
2026-01-14 19:35:07,822 - FL_Main_baseline_la - INFO - === Round 25 Completed ===
2026-01-14 19:35:07,823 - FL_Main_baseline_la - INFO - Global Accuracy: 9.8000, Global Loss: nan
2026-01-14 19:35:07,823 - FL_Main_baseline_la - INFO - Test Accuracy: 9.8000, Test Loss: nan
2026-01-14 19:35:07,824 - FL_Main_baseline_la - INFO - === Round 26 Started ===
2026-01-14 19:35:07,824 - FL_Main_baseline_la - INFO - Participating clients: [86, 83, 82, 12, 7, 51, 93, 43, 13, 31]
2026-01-14 19:35:18,517 - FL_Main_baseline_la - INFO - === Round 26 Completed ===
2026-01-14 19:35:18,518 - FL_Main_baseline_la - INFO - Global Accuracy: 9.8000, Global Loss: nan
2026-01-14 19:35:18,518 - FL_Main_baseline_la - INFO - Test Accuracy: 9.8000, Test Loss: nan
2026-01-14 19:35:18,519 - FL_Main_baseline_la - INFO - === Round 27 Started ===
2026-01-14 19:35:18,519 - FL_Main_baseline_la - INFO - Participating clients: [24, 68, 57, 17, 54, 23, 35, 59, 31, 9]
2026-01-14 19:35:28,949 - FL_Main_baseline_la - INFO - === Round 27 Completed ===
2026-01-14 19:35:28,950 - FL_Main_baseline_la - INFO - Global Accuracy: 9.8000, Global Loss: nan
2026-01-14 19:35:28,950 - FL_Main_baseline_la - INFO - Test Accuracy: 9.8000, Test Loss: nan
2026-01-14 19:35:28,950 - FL_Main_baseline_la - INFO - === Round 28 Started ===
2026-01-14 19:35:28,950 - FL_Main_baseline_la - INFO - Participating clients: [56, 70, 12, 6, 83, 69, 1, 11, 96, 30]
2026-01-14 19:35:39,375 - FL_Main_baseline_la - INFO - === Round 28 Completed ===
2026-01-14 19:35:39,375 - FL_Main_baseline_la - INFO - Global Accuracy: 9.8000, Global Loss: nan
2026-01-14 19:35:39,375 - FL_Main_baseline_la - INFO - Test Accuracy: 9.8000, Test Loss: nan
2026-01-14 19:35:39,375 - FL_Main_baseline_la - INFO - === Round 29 Started ===
2026-01-14 19:35:39,375 - FL_Main_baseline_la - INFO - Participating clients: [21, 52, 62, 61, 27, 51, 7, 48, 0, 49]
2026-01-14 19:35:57,675 - FL_Main_baseline_la - INFO - === Round 29 Completed ===
2026-01-14 19:35:57,679 - FL_Main_baseline_la - INFO - Global Accuracy: 9.8000, Global Loss: nan
2026-01-14 19:35:57,679 - FL_Main_baseline_la - INFO - Test Accuracy: 9.8000, Test Loss: nan
2026-01-14 19:35:57,684 - FL_Main_baseline_la - INFO - === Round 30 Started ===
2026-01-14 19:35:57,684 - FL_Main_baseline_la - INFO - Participating clients: [33, 58, 36, 54, 89, 93, 71, 84, 91, 62]
2026-01-14 19:36:07,450 - FL_Main_baseline_la - INFO - === Round 30 Completed ===
2026-01-14 19:36:07,450 - FL_Main_baseline_la - INFO - Global Accuracy: 9.8000, Global Loss: nan
2026-01-14 19:36:07,450 - FL_Main_baseline_la - INFO - Test Accuracy: 9.8000, Test Loss: nan
2026-01-14 19:36:07,451 - FL_Main_baseline_la - INFO - Experiment completed
2026-01-14 19:36:07,459 - FL_Main_baseline_la - INFO - All logs saved to logs/baseline_la_20260114_193212
