2026-01-21 11:46:17,081 - FL_Main_baseline_mb - INFO - Experiment Configuration: {
  "experiment_name": "baseline_mb",
  "random_seed": 42,
  "dataset": {
    "type": "cifar",
    "data_dir": "./data",
    "num_classes": 10,
    "partition_type": "iid"
  },
  "model": {
    "type": "lenet",
    "num_classes": 10
  },
  "federated_learning": {
    "num_rounds": 30,
    "num_clients": 100,
    "client_participation_rate": 0.1,
    "learning_rate": 0.01,
    "local_epochs": 2,
    "batch_size": 32
  },
  "server": {
    "data_size": 100
  },
  "attack": {
    "type": "mb",
    "num_malicious_clients": 20,
    "params": {
      "scaling_min": -100.0,
      "scaling_max": 100.0,
      "num_steps": 200
    }
  },
  "defense": {
    "type": "none"
  }
}
2026-01-21 11:46:17,081 - FL_Main_baseline_mb - INFO - Using device: cpu
2026-01-21 11:46:40,759 - FL_Main_baseline_mb - INFO - Data partitioned among 100 clients
2026-01-21 11:46:40,765 - FL_Main_baseline_mb - INFO - Model initialized: lenet
2026-01-21 11:46:40,767 - FL_Main_baseline_mb - INFO - Server initialized with defense: none
2026-01-21 11:46:40,989 - FL_Main_baseline_mb - INFO - Created 100 clients (20 malicious)
2026-01-21 11:46:40,990 - FL_Main_baseline_mb - INFO - Experiment setup completed
2026-01-21 11:46:40,990 - FL_Main_baseline_mb - INFO - Starting experiment with 30 rounds
2026-01-21 11:46:40,990 - FL_Main_baseline_mb - INFO - === Round 1 Started ===
2026-01-21 11:46:40,990 - FL_Main_baseline_mb - INFO - Participating clients: [25, 91, 83, 89, 69, 53, 28, 57, 75, 35]
2026-01-21 11:47:00,845 - FL_Main_baseline_mb - INFO - === Round 1 Completed ===
2026-01-21 11:47:00,845 - FL_Main_baseline_mb - INFO - Global Accuracy: 9.6900, Global Loss: 21.3324
2026-01-21 11:47:00,845 - FL_Main_baseline_mb - INFO - Test Accuracy: 9.6900, Test Loss: 21.3324
2026-01-21 11:47:00,846 - FL_Main_baseline_mb - INFO - === Round 2 Started ===
2026-01-21 11:47:00,846 - FL_Main_baseline_mb - INFO - Participating clients: [0, 97, 20, 89, 54, 43, 35, 19, 27, 13]
2026-01-21 11:47:24,054 - FL_Main_baseline_mb - INFO - === Round 2 Completed ===
2026-01-21 11:47:24,055 - FL_Main_baseline_mb - INFO - Global Accuracy: 10.0000, Global Loss: 6529280.5695
2026-01-21 11:47:24,055 - FL_Main_baseline_mb - INFO - Test Accuracy: 10.0000, Test Loss: 6529280.5695
2026-01-21 11:47:24,056 - FL_Main_baseline_mb - INFO - === Round 3 Started ===
2026-01-21 11:47:24,056 - FL_Main_baseline_mb - INFO - Participating clients: [11, 48, 12, 45, 44, 77, 33, 5, 93, 58]
2026-01-21 11:48:00,306 - FL_Main_baseline_mb - INFO - === Round 3 Completed ===
2026-01-21 11:48:00,307 - FL_Main_baseline_mb - INFO - Global Accuracy: 9.9400, Global Loss: nan
2026-01-21 11:48:00,307 - FL_Main_baseline_mb - INFO - Test Accuracy: 9.9400, Test Loss: nan
2026-01-21 11:48:00,308 - FL_Main_baseline_mb - INFO - === Round 4 Started ===
2026-01-21 11:48:00,308 - FL_Main_baseline_mb - INFO - Participating clients: [68, 15, 48, 10, 70, 37, 80, 79, 46, 73]
2026-01-21 11:48:23,095 - FL_Main_baseline_mb - INFO - === Round 4 Completed ===
2026-01-21 11:48:23,095 - FL_Main_baseline_mb - INFO - Global Accuracy: 10.0000, Global Loss: nan
2026-01-21 11:48:23,095 - FL_Main_baseline_mb - INFO - Test Accuracy: 10.0000, Test Loss: nan
2026-01-21 11:48:23,096 - FL_Main_baseline_mb - INFO - === Round 5 Started ===
2026-01-21 11:48:23,096 - FL_Main_baseline_mb - INFO - Participating clients: [24, 90, 8, 5, 84, 29, 98, 37, 10, 12]
2026-01-21 11:48:46,355 - FL_Main_baseline_mb - INFO - === Round 5 Completed ===
2026-01-21 11:48:46,355 - FL_Main_baseline_mb - INFO - Global Accuracy: 10.0000, Global Loss: nan
2026-01-21 11:48:46,356 - FL_Main_baseline_mb - INFO - Test Accuracy: 10.0000, Test Loss: nan
2026-01-21 11:48:46,356 - FL_Main_baseline_mb - INFO - === Round 6 Started ===
2026-01-21 11:48:46,357 - FL_Main_baseline_mb - INFO - Participating clients: [48, 35, 58, 81, 46, 20, 47, 45, 26, 85]
2026-01-21 11:49:06,950 - FL_Main_baseline_mb - INFO - === Round 6 Completed ===
2026-01-21 11:49:06,950 - FL_Main_baseline_mb - INFO - Global Accuracy: 10.0000, Global Loss: nan
2026-01-21 11:49:06,950 - FL_Main_baseline_mb - INFO - Test Accuracy: 10.0000, Test Loss: nan
2026-01-21 11:49:06,951 - FL_Main_baseline_mb - INFO - === Round 7 Started ===
2026-01-21 11:49:06,951 - FL_Main_baseline_mb - INFO - Participating clients: [34, 89, 87, 82, 9, 77, 81, 21, 68, 93]
2026-01-21 11:49:28,080 - FL_Main_baseline_mb - INFO - === Round 7 Completed ===
2026-01-21 11:49:28,081 - FL_Main_baseline_mb - INFO - Global Accuracy: 10.0000, Global Loss: nan
2026-01-21 11:49:28,081 - FL_Main_baseline_mb - INFO - Test Accuracy: 10.0000, Test Loss: nan
2026-01-21 11:49:28,082 - FL_Main_baseline_mb - INFO - === Round 8 Started ===
2026-01-21 11:49:28,083 - FL_Main_baseline_mb - INFO - Participating clients: [31, 20, 59, 48, 34, 81, 88, 71, 28, 87]
2026-01-21 11:49:50,474 - FL_Main_baseline_mb - INFO - === Round 8 Completed ===
2026-01-21 11:49:50,474 - FL_Main_baseline_mb - INFO - Global Accuracy: 10.0000, Global Loss: nan
2026-01-21 11:49:50,474 - FL_Main_baseline_mb - INFO - Test Accuracy: 10.0000, Test Loss: nan
2026-01-21 11:49:50,478 - FL_Main_baseline_mb - INFO - === Round 9 Started ===
2026-01-21 11:49:50,478 - FL_Main_baseline_mb - INFO - Participating clients: [41, 98, 99, 7, 29, 4, 40, 51, 34, 8]
2026-01-21 11:50:08,917 - FL_Main_baseline_mb - INFO - === Round 9 Completed ===
2026-01-21 11:50:08,917 - FL_Main_baseline_mb - INFO - Global Accuracy: 10.0000, Global Loss: nan
2026-01-21 11:50:08,917 - FL_Main_baseline_mb - INFO - Test Accuracy: 10.0000, Test Loss: nan
2026-01-21 11:50:08,918 - FL_Main_baseline_mb - INFO - === Round 10 Started ===
2026-01-21 11:50:08,919 - FL_Main_baseline_mb - INFO - Participating clients: [27, 72, 91, 40, 83, 63, 50, 82, 58, 18]
2026-01-21 11:50:30,402 - FL_Main_baseline_mb - INFO - === Round 10 Completed ===
2026-01-21 11:50:30,403 - FL_Main_baseline_mb - INFO - Global Accuracy: 10.0000, Global Loss: nan
2026-01-21 11:50:30,403 - FL_Main_baseline_mb - INFO - Test Accuracy: 10.0000, Test Loss: nan
2026-01-21 11:50:30,404 - FL_Main_baseline_mb - INFO - === Round 11 Started ===
2026-01-21 11:50:30,405 - FL_Main_baseline_mb - INFO - Participating clients: [33, 17, 31, 95, 71, 68, 74, 54, 51, 46]
2026-01-21 11:50:53,623 - FL_Main_baseline_mb - INFO - === Round 11 Completed ===
2026-01-21 11:50:53,623 - FL_Main_baseline_mb - INFO - Global Accuracy: 10.0000, Global Loss: nan
2026-01-21 11:50:53,623 - FL_Main_baseline_mb - INFO - Test Accuracy: 10.0000, Test Loss: nan
2026-01-21 11:50:53,624 - FL_Main_baseline_mb - INFO - === Round 12 Started ===
2026-01-21 11:50:53,624 - FL_Main_baseline_mb - INFO - Participating clients: [28, 17, 65, 63, 11, 96, 6, 14, 19, 80]
2026-01-21 11:51:17,840 - FL_Main_baseline_mb - INFO - === Round 12 Completed ===
2026-01-21 11:51:17,840 - FL_Main_baseline_mb - INFO - Global Accuracy: 10.0000, Global Loss: nan
2026-01-21 11:51:17,840 - FL_Main_baseline_mb - INFO - Test Accuracy: 10.0000, Test Loss: nan
2026-01-21 11:51:17,841 - FL_Main_baseline_mb - INFO - === Round 13 Started ===
2026-01-21 11:51:17,841 - FL_Main_baseline_mb - INFO - Participating clients: [20, 87, 54, 76, 8, 49, 48, 59, 67, 32]
2026-01-21 11:51:39,470 - FL_Main_baseline_mb - INFO - === Round 13 Completed ===
2026-01-21 11:51:39,471 - FL_Main_baseline_mb - INFO - Global Accuracy: 10.0000, Global Loss: nan
2026-01-21 11:51:39,471 - FL_Main_baseline_mb - INFO - Test Accuracy: 10.0000, Test Loss: nan
2026-01-21 11:51:39,472 - FL_Main_baseline_mb - INFO - === Round 14 Started ===
2026-01-21 11:51:39,472 - FL_Main_baseline_mb - INFO - Participating clients: [70, 1, 87, 92, 14, 68, 96, 34, 98, 82]
2026-01-21 11:52:01,049 - FL_Main_baseline_mb - INFO - === Round 14 Completed ===
2026-01-21 11:52:01,050 - FL_Main_baseline_mb - INFO - Global Accuracy: 10.0000, Global Loss: nan
2026-01-21 11:52:01,050 - FL_Main_baseline_mb - INFO - Test Accuracy: 10.0000, Test Loss: nan
2026-01-21 11:52:01,051 - FL_Main_baseline_mb - INFO - === Round 15 Started ===
2026-01-21 11:52:01,051 - FL_Main_baseline_mb - INFO - Participating clients: [43, 14, 37, 55, 20, 58, 0, 92, 33, 64]
2026-01-21 11:52:24,888 - FL_Main_baseline_mb - INFO - === Round 15 Completed ===
2026-01-21 11:52:24,888 - FL_Main_baseline_mb - INFO - Global Accuracy: 10.0000, Global Loss: nan
2026-01-21 11:52:24,888 - FL_Main_baseline_mb - INFO - Test Accuracy: 10.0000, Test Loss: nan
2026-01-21 11:52:24,889 - FL_Main_baseline_mb - INFO - === Round 16 Started ===
2026-01-21 11:52:24,890 - FL_Main_baseline_mb - INFO - Participating clients: [97, 22, 64, 13, 80, 38, 81, 77, 25, 19]
2026-01-21 11:52:48,852 - FL_Main_baseline_mb - INFO - === Round 16 Completed ===
2026-01-21 11:52:48,852 - FL_Main_baseline_mb - INFO - Global Accuracy: 10.0000, Global Loss: nan
2026-01-21 11:52:48,853 - FL_Main_baseline_mb - INFO - Test Accuracy: 10.0000, Test Loss: nan
2026-01-21 11:52:48,854 - FL_Main_baseline_mb - INFO - === Round 17 Started ===
2026-01-21 11:52:48,854 - FL_Main_baseline_mb - INFO - Participating clients: [47, 97, 20, 69, 99, 67, 0, 76, 41, 62]
2026-01-21 11:53:09,491 - FL_Main_baseline_mb - INFO - === Round 17 Completed ===
2026-01-21 11:53:09,491 - FL_Main_baseline_mb - INFO - Global Accuracy: 10.0000, Global Loss: nan
2026-01-21 11:53:09,492 - FL_Main_baseline_mb - INFO - Test Accuracy: 10.0000, Test Loss: nan
2026-01-21 11:53:09,492 - FL_Main_baseline_mb - INFO - === Round 18 Started ===
2026-01-21 11:53:09,493 - FL_Main_baseline_mb - INFO - Participating clients: [2, 14, 46, 39, 30, 7, 72, 10, 93, 62]
2026-01-21 11:53:33,142 - FL_Main_baseline_mb - INFO - === Round 18 Completed ===
2026-01-21 11:53:33,142 - FL_Main_baseline_mb - INFO - Global Accuracy: 10.0000, Global Loss: nan
2026-01-21 11:53:33,142 - FL_Main_baseline_mb - INFO - Test Accuracy: 10.0000, Test Loss: nan
2026-01-21 11:53:33,143 - FL_Main_baseline_mb - INFO - === Round 19 Started ===
2026-01-21 11:53:33,143 - FL_Main_baseline_mb - INFO - Participating clients: [8, 97, 68, 98, 16, 84, 60, 70, 21, 33]
2026-01-21 11:53:56,866 - FL_Main_baseline_mb - INFO - === Round 19 Completed ===
2026-01-21 11:53:56,867 - FL_Main_baseline_mb - INFO - Global Accuracy: 10.0000, Global Loss: nan
2026-01-21 11:53:56,867 - FL_Main_baseline_mb - INFO - Test Accuracy: 10.0000, Test Loss: nan
2026-01-21 11:53:56,867 - FL_Main_baseline_mb - INFO - === Round 20 Started ===
2026-01-21 11:53:56,868 - FL_Main_baseline_mb - INFO - Participating clients: [67, 77, 54, 27, 69, 96, 93, 88, 25, 91]
2026-01-21 11:54:21,171 - FL_Main_baseline_mb - INFO - === Round 20 Completed ===
2026-01-21 11:54:21,171 - FL_Main_baseline_mb - INFO - Global Accuracy: 10.0000, Global Loss: nan
2026-01-21 11:54:21,171 - FL_Main_baseline_mb - INFO - Test Accuracy: 10.0000, Test Loss: nan
2026-01-21 11:54:21,172 - FL_Main_baseline_mb - INFO - === Round 21 Started ===
2026-01-21 11:54:21,172 - FL_Main_baseline_mb - INFO - Participating clients: [39, 51, 85, 83, 47, 56, 66, 57, 15, 31]
2026-01-21 11:54:45,058 - FL_Main_baseline_mb - INFO - === Round 21 Completed ===
2026-01-21 11:54:45,059 - FL_Main_baseline_mb - INFO - Global Accuracy: 10.0000, Global Loss: nan
2026-01-21 11:54:45,059 - FL_Main_baseline_mb - INFO - Test Accuracy: 10.0000, Test Loss: nan
2026-01-21 11:54:45,060 - FL_Main_baseline_mb - INFO - === Round 22 Started ===
2026-01-21 11:54:45,060 - FL_Main_baseline_mb - INFO - Participating clients: [28, 8, 43, 2, 75, 70, 29, 0, 9, 90]
2026-01-21 11:55:09,795 - FL_Main_baseline_mb - INFO - === Round 22 Completed ===
2026-01-21 11:55:09,795 - FL_Main_baseline_mb - INFO - Global Accuracy: 10.0000, Global Loss: nan
2026-01-21 11:55:09,796 - FL_Main_baseline_mb - INFO - Test Accuracy: 10.0000, Test Loss: nan
2026-01-21 11:55:09,797 - FL_Main_baseline_mb - INFO - === Round 23 Started ===
2026-01-21 11:55:09,797 - FL_Main_baseline_mb - INFO - Participating clients: [80, 7, 29, 8, 4, 42, 9, 65, 30, 35]
2026-01-21 11:55:32,765 - FL_Main_baseline_mb - INFO - === Round 23 Completed ===
2026-01-21 11:55:32,765 - FL_Main_baseline_mb - INFO - Global Accuracy: 10.0000, Global Loss: nan
2026-01-21 11:55:32,766 - FL_Main_baseline_mb - INFO - Test Accuracy: 10.0000, Test Loss: nan
2026-01-21 11:55:32,767 - FL_Main_baseline_mb - INFO - === Round 24 Started ===
2026-01-21 11:55:32,768 - FL_Main_baseline_mb - INFO - Participating clients: [85, 62, 27, 69, 16, 92, 73, 60, 31, 52]
2026-01-21 11:55:56,391 - FL_Main_baseline_mb - INFO - === Round 24 Completed ===
2026-01-21 11:55:56,392 - FL_Main_baseline_mb - INFO - Global Accuracy: 10.0000, Global Loss: nan
2026-01-21 11:55:56,392 - FL_Main_baseline_mb - INFO - Test Accuracy: 10.0000, Test Loss: nan
2026-01-21 11:55:56,393 - FL_Main_baseline_mb - INFO - === Round 25 Started ===
2026-01-21 11:55:56,393 - FL_Main_baseline_mb - INFO - Participating clients: [24, 12, 84, 55, 45, 54, 52, 59, 93, 6]
2026-01-21 11:56:21,127 - FL_Main_baseline_mb - INFO - === Round 25 Completed ===
2026-01-21 11:56:21,128 - FL_Main_baseline_mb - INFO - Global Accuracy: 10.0000, Global Loss: nan
2026-01-21 11:56:21,128 - FL_Main_baseline_mb - INFO - Test Accuracy: 10.0000, Test Loss: nan
2026-01-21 11:56:21,129 - FL_Main_baseline_mb - INFO - === Round 26 Started ===
2026-01-21 11:56:21,129 - FL_Main_baseline_mb - INFO - Participating clients: [86, 83, 82, 12, 7, 51, 93, 43, 13, 31]
2026-01-21 11:56:44,397 - FL_Main_baseline_mb - INFO - === Round 26 Completed ===
2026-01-21 11:56:44,398 - FL_Main_baseline_mb - INFO - Global Accuracy: 10.0000, Global Loss: nan
2026-01-21 11:56:44,398 - FL_Main_baseline_mb - INFO - Test Accuracy: 10.0000, Test Loss: nan
2026-01-21 11:56:44,399 - FL_Main_baseline_mb - INFO - === Round 27 Started ===
2026-01-21 11:56:44,399 - FL_Main_baseline_mb - INFO - Participating clients: [24, 68, 57, 17, 54, 23, 35, 59, 31, 9]
2026-01-21 11:57:04,536 - FL_Main_baseline_mb - INFO - === Round 27 Completed ===
2026-01-21 11:57:04,536 - FL_Main_baseline_mb - INFO - Global Accuracy: 10.0000, Global Loss: nan
2026-01-21 11:57:04,537 - FL_Main_baseline_mb - INFO - Test Accuracy: 10.0000, Test Loss: nan
2026-01-21 11:57:04,538 - FL_Main_baseline_mb - INFO - === Round 28 Started ===
2026-01-21 11:57:04,538 - FL_Main_baseline_mb - INFO - Participating clients: [56, 70, 12, 6, 83, 69, 1, 11, 96, 30]
2026-01-21 11:57:26,094 - FL_Main_baseline_mb - INFO - === Round 28 Completed ===
2026-01-21 11:57:26,094 - FL_Main_baseline_mb - INFO - Global Accuracy: 10.0000, Global Loss: nan
2026-01-21 11:57:26,094 - FL_Main_baseline_mb - INFO - Test Accuracy: 10.0000, Test Loss: nan
2026-01-21 11:57:26,095 - FL_Main_baseline_mb - INFO - === Round 29 Started ===
2026-01-21 11:57:26,095 - FL_Main_baseline_mb - INFO - Participating clients: [21, 52, 62, 61, 27, 51, 7, 48, 0, 49]
2026-01-21 11:57:46,804 - FL_Main_baseline_mb - INFO - === Round 29 Completed ===
2026-01-21 11:57:46,805 - FL_Main_baseline_mb - INFO - Global Accuracy: 10.0000, Global Loss: nan
2026-01-21 11:57:46,805 - FL_Main_baseline_mb - INFO - Test Accuracy: 10.0000, Test Loss: nan
2026-01-21 11:57:46,806 - FL_Main_baseline_mb - INFO - === Round 30 Started ===
2026-01-21 11:57:46,806 - FL_Main_baseline_mb - INFO - Participating clients: [33, 58, 36, 54, 89, 93, 71, 84, 91, 62]
2026-01-21 11:58:11,389 - FL_Main_baseline_mb - INFO - === Round 30 Completed ===
2026-01-21 11:58:11,390 - FL_Main_baseline_mb - INFO - Global Accuracy: 10.0000, Global Loss: nan
2026-01-21 11:58:11,390 - FL_Main_baseline_mb - INFO - Test Accuracy: 10.0000, Test Loss: nan
2026-01-21 11:58:11,391 - FL_Main_baseline_mb - INFO - Experiment completed
2026-01-21 11:58:11,414 - FL_Main_baseline_mb - INFO - All logs saved to logs/baseline_mb_20260121_114617
