2025-12-20 12:49:27,368 - FL_Main_baseline_fedavg - INFO - Experiment Configuration: {
  "experiment_name": "baseline_fedavg",
  "random_seed": 42,
  "dataset": {
    "type": "cifar10",
    "data_dir": "./data",
    "num_classes": 10,
    "partition_type": "iid",
    "alpha": 0.5
  },
  "model": {
    "type": "lenet",
    "num_classes": 10
  },
  "federated_learning": {
    "num_rounds": 30,
    "num_clients": 10,
    "client_participation_rate": 1.0,
    "learning_rate": 0.01,
    "local_epochs": 1,
    "batch_size": 32
  },
  "server": {
    "data_size": 100
  },
  "attack": {
    "type": "none",
    "num_malicious_clients": 0
  },
  "defense": {
    "type": "none"
  }
}
2025-12-20 12:49:27,368 - FL_Main_baseline_fedavg - INFO - Using device: cpu
2025-12-20 12:49:34,701 - FL_Main_baseline_fedavg - INFO - Data partitioned among 10 clients
2025-12-20 12:49:34,704 - FL_Main_baseline_fedavg - INFO - Model initialized: lenet
2025-12-20 12:49:34,706 - FL_Main_baseline_fedavg - INFO - Server initialized with defense: none
2025-12-20 12:49:34,711 - FL_Main_baseline_fedavg - INFO - Created 10 clients (0 malicious)
2025-12-20 12:49:34,711 - FL_Main_baseline_fedavg - INFO - Experiment setup completed
2025-12-20 12:49:34,711 - FL_Main_baseline_fedavg - INFO - Starting experiment with 30 rounds
2025-12-20 12:49:34,711 - FL_Main_baseline_fedavg - INFO - === Round 1 Started ===
2025-12-20 12:49:34,711 - FL_Main_baseline_fedavg - INFO - Participating clients: [1, 0, 4, 9, 6, 5, 8, 2, 3, 7]
2025-12-20 12:49:50,756 - FL_Main_baseline_fedavg - INFO - === Round 1 Completed ===
2025-12-20 12:49:50,756 - FL_Main_baseline_fedavg - INFO - Global Accuracy: 29.5200, Global Loss: 1.9577
2025-12-20 12:49:50,756 - FL_Main_baseline_fedavg - INFO - Test Accuracy: 29.5200, Test Loss: 1.9577
2025-12-20 12:49:50,757 - FL_Main_baseline_fedavg - INFO - === Round 2 Started ===
2025-12-20 12:49:50,757 - FL_Main_baseline_fedavg - INFO - Participating clients: [0, 9, 1, 7, 6, 4, 8, 2, 3, 5]
2025-12-20 12:50:06,908 - FL_Main_baseline_fedavg - INFO - === Round 2 Completed ===
2025-12-20 12:50:06,908 - FL_Main_baseline_fedavg - INFO - Global Accuracy: 37.4000, Global Loss: 1.7272
2025-12-20 12:50:06,908 - FL_Main_baseline_fedavg - INFO - Test Accuracy: 37.4000, Test Loss: 1.7272
2025-12-20 12:50:06,908 - FL_Main_baseline_fedavg - INFO - === Round 3 Started ===
2025-12-20 12:50:06,908 - FL_Main_baseline_fedavg - INFO - Participating clients: [3, 7, 4, 6, 0, 1, 9, 8, 2, 5]
2025-12-20 12:50:22,807 - FL_Main_baseline_fedavg - INFO - === Round 3 Completed ===
2025-12-20 12:50:22,808 - FL_Main_baseline_fedavg - INFO - Global Accuracy: 41.8400, Global Loss: 1.5918
2025-12-20 12:50:22,808 - FL_Main_baseline_fedavg - INFO - Test Accuracy: 41.8400, Test Loss: 1.5918
2025-12-20 12:50:22,808 - FL_Main_baseline_fedavg - INFO - === Round 4 Started ===
2025-12-20 12:50:22,808 - FL_Main_baseline_fedavg - INFO - Participating clients: [3, 5, 1, 0, 9, 6, 2, 7, 8, 4]
2025-12-20 12:50:41,796 - FL_Main_baseline_fedavg - INFO - === Round 4 Completed ===
2025-12-20 12:50:41,796 - FL_Main_baseline_fedavg - INFO - Global Accuracy: 44.8200, Global Loss: 1.5461
2025-12-20 12:50:41,796 - FL_Main_baseline_fedavg - INFO - Test Accuracy: 44.8200, Test Loss: 1.5461
2025-12-20 12:50:41,797 - FL_Main_baseline_fedavg - INFO - === Round 5 Started ===
2025-12-20 12:50:41,797 - FL_Main_baseline_fedavg - INFO - Participating clients: [7, 8, 1, 3, 0, 4, 2, 6, 9, 5]
2025-12-20 12:51:01,796 - FL_Main_baseline_fedavg - INFO - === Round 5 Completed ===
2025-12-20 12:51:02,790 - FL_Main_baseline_fedavg - INFO - Global Accuracy: 46.9400, Global Loss: 1.4741
2025-12-20 12:51:02,827 - FL_Main_baseline_fedavg - INFO - Test Accuracy: 46.9400, Test Loss: 1.4741
2025-12-20 12:51:02,830 - FL_Main_baseline_fedavg - INFO - === Round 6 Started ===
2025-12-20 12:51:02,830 - FL_Main_baseline_fedavg - INFO - Participating clients: [1, 0, 3, 6, 2, 8, 9, 4, 7, 5]
2025-12-20 12:51:23,318 - FL_Main_baseline_fedavg - INFO - === Round 6 Completed ===
2025-12-20 12:51:23,318 - FL_Main_baseline_fedavg - INFO - Global Accuracy: 48.7300, Global Loss: 1.4484
2025-12-20 12:51:23,319 - FL_Main_baseline_fedavg - INFO - Test Accuracy: 48.7300, Test Loss: 1.4484
2025-12-20 12:51:23,319 - FL_Main_baseline_fedavg - INFO - === Round 7 Started ===
2025-12-20 12:51:23,319 - FL_Main_baseline_fedavg - INFO - Participating clients: [7, 5, 2, 9, 6, 1, 8, 3, 0, 4]
2025-12-20 12:51:39,447 - FL_Main_baseline_fedavg - INFO - === Round 7 Completed ===
2025-12-20 12:51:39,448 - FL_Main_baseline_fedavg - INFO - Global Accuracy: 49.6800, Global Loss: 1.4077
2025-12-20 12:51:39,448 - FL_Main_baseline_fedavg - INFO - Test Accuracy: 49.6800, Test Loss: 1.4077
2025-12-20 12:51:39,448 - FL_Main_baseline_fedavg - INFO - === Round 8 Started ===
2025-12-20 12:51:39,448 - FL_Main_baseline_fedavg - INFO - Participating clients: [8, 3, 2, 9, 6, 7, 1, 4, 5, 0]
2025-12-20 12:51:56,961 - FL_Main_baseline_fedavg - INFO - === Round 8 Completed ===
2025-12-20 12:51:56,962 - FL_Main_baseline_fedavg - INFO - Global Accuracy: 50.4600, Global Loss: 1.3903
2025-12-20 12:51:56,962 - FL_Main_baseline_fedavg - INFO - Test Accuracy: 50.4600, Test Loss: 1.3903
2025-12-20 12:51:56,962 - FL_Main_baseline_fedavg - INFO - === Round 9 Started ===
2025-12-20 12:51:56,962 - FL_Main_baseline_fedavg - INFO - Participating clients: [3, 0, 5, 9, 2, 8, 1, 7, 6, 4]
2025-12-20 12:52:12,054 - FL_Main_baseline_fedavg - INFO - === Round 9 Completed ===
2025-12-20 12:52:12,055 - FL_Main_baseline_fedavg - INFO - Global Accuracy: 51.2700, Global Loss: 1.3716
2025-12-20 12:52:12,055 - FL_Main_baseline_fedavg - INFO - Test Accuracy: 51.2700, Test Loss: 1.3716
2025-12-20 12:52:12,055 - FL_Main_baseline_fedavg - INFO - === Round 10 Started ===
2025-12-20 12:52:12,055 - FL_Main_baseline_fedavg - INFO - Participating clients: [7, 6, 9, 1, 2, 8, 4, 5, 3, 0]
2025-12-20 12:52:26,443 - FL_Main_baseline_fedavg - INFO - === Round 10 Completed ===
2025-12-20 12:52:26,444 - FL_Main_baseline_fedavg - INFO - Global Accuracy: 52.7300, Global Loss: 1.3486
2025-12-20 12:52:26,444 - FL_Main_baseline_fedavg - INFO - Test Accuracy: 52.7300, Test Loss: 1.3486
2025-12-20 12:52:26,444 - FL_Main_baseline_fedavg - INFO - === Round 11 Started ===
2025-12-20 12:52:26,444 - FL_Main_baseline_fedavg - INFO - Participating clients: [9, 6, 5, 1, 8, 4, 3, 0, 2, 7]
2025-12-20 12:52:42,729 - FL_Main_baseline_fedavg - INFO - === Round 11 Completed ===
2025-12-20 12:52:42,729 - FL_Main_baseline_fedavg - INFO - Global Accuracy: 52.9400, Global Loss: 1.3262
2025-12-20 12:52:42,729 - FL_Main_baseline_fedavg - INFO - Test Accuracy: 52.9400, Test Loss: 1.3262
2025-12-20 12:52:42,730 - FL_Main_baseline_fedavg - INFO - === Round 12 Started ===
2025-12-20 12:52:42,730 - FL_Main_baseline_fedavg - INFO - Participating clients: [2, 9, 6, 4, 0, 3, 7, 8, 1, 5]
