2026-01-14 19:43:04,690 - FL_Main_normclip_mb - INFO - Experiment Configuration: {
  "experiment_name": "normclip_mb",
  "random_seed": 42,
  "dataset": {
    "type": "mnist",
    "data_dir": "./data",
    "num_classes": 10,
    "partition_type": "iid"
  },
  "model": {
    "type": "lenet",
    "num_classes": 10
  },
  "federated_learning": {
    "num_rounds": 30,
    "num_clients": 100,
    "client_participation_rate": 0.1,
    "learning_rate": 0.01,
    "local_epochs": 2,
    "batch_size": 32
  },
  "server": {
    "data_size": 100
  },
  "attack": {
    "type": "mb",
    "num_malicious_clients": 20,
    "params": {
      "scaling_min": -100.0,
      "scaling_max": 100.0,
      "num_steps": 200
    }
  },
  "defense": {
    "type": "norm_clipping",
    "params": {
      "max_norm": 100.0,
      "check_lower_bound": true
    }
  }
}
2026-01-14 19:43:04,690 - FL_Main_normclip_mb - INFO - Using device: cpu
2026-01-14 19:43:08,564 - FL_Main_normclip_mb - INFO - Data partitioned among 100 clients
2026-01-14 19:43:08,566 - FL_Main_normclip_mb - INFO - Model initialized: lenet
2026-01-14 19:43:08,567 - FL_Main_normclip_mb - INFO - Server initialized with defense: norm_clipping
2026-01-14 19:43:08,632 - FL_Main_normclip_mb - INFO - Created 100 clients (20 malicious)
2026-01-14 19:43:08,633 - FL_Main_normclip_mb - INFO - Experiment setup completed
2026-01-14 19:43:08,633 - FL_Main_normclip_mb - INFO - Starting experiment with 30 rounds
2026-01-14 19:43:08,633 - FL_Main_normclip_mb - INFO - === Round 1 Started ===
2026-01-14 19:43:08,633 - FL_Main_normclip_mb - INFO - Participating clients: [25, 91, 83, 89, 69, 53, 28, 57, 75, 35]
2026-01-14 19:43:18,512 - FL_Main_normclip_mb - INFO - === Round 1 Completed ===
2026-01-14 19:43:18,513 - FL_Main_normclip_mb - INFO - Global Accuracy: 3.9300, Global Loss: 31.7869
2026-01-14 19:43:18,513 - FL_Main_normclip_mb - INFO - Test Accuracy: 3.9300, Test Loss: 31.7869
2026-01-14 19:43:18,514 - FL_Main_normclip_mb - INFO - === Round 2 Started ===
2026-01-14 19:43:18,514 - FL_Main_normclip_mb - INFO - Participating clients: [0, 97, 20, 89, 54, 43, 35, 19, 27, 13]
2026-01-14 19:43:31,093 - FL_Main_normclip_mb - INFO - === Round 2 Completed ===
2026-01-14 19:43:31,093 - FL_Main_normclip_mb - INFO - Global Accuracy: 9.9700, Global Loss: 2.3063
2026-01-14 19:43:31,093 - FL_Main_normclip_mb - INFO - Test Accuracy: 9.9700, Test Loss: 2.3063
2026-01-14 19:43:31,093 - FL_Main_normclip_mb - INFO - === Round 3 Started ===
2026-01-14 19:43:31,093 - FL_Main_normclip_mb - INFO - Participating clients: [11, 48, 12, 45, 44, 77, 33, 5, 93, 58]
2026-01-14 19:43:41,091 - FL_Main_normclip_mb - INFO - === Round 3 Completed ===
2026-01-14 19:43:41,091 - FL_Main_normclip_mb - INFO - Global Accuracy: 10.7400, Global Loss: 2.3009
2026-01-14 19:43:41,091 - FL_Main_normclip_mb - INFO - Test Accuracy: 10.7400, Test Loss: 2.3009
2026-01-14 19:43:41,091 - FL_Main_normclip_mb - INFO - === Round 4 Started ===
2026-01-14 19:43:41,091 - FL_Main_normclip_mb - INFO - Participating clients: [68, 15, 48, 10, 70, 37, 80, 79, 46, 73]
2026-01-14 19:43:48,072 - FL_Main_normclip_mb - INFO - === Round 4 Completed ===
2026-01-14 19:43:48,073 - FL_Main_normclip_mb - INFO - Global Accuracy: 12.6700, Global Loss: 2.2965
2026-01-14 19:43:48,073 - FL_Main_normclip_mb - INFO - Test Accuracy: 12.6700, Test Loss: 2.2965
2026-01-14 19:43:48,073 - FL_Main_normclip_mb - INFO - === Round 5 Started ===
2026-01-14 19:43:48,073 - FL_Main_normclip_mb - INFO - Participating clients: [24, 90, 8, 5, 84, 29, 98, 37, 10, 12]
2026-01-14 19:43:55,417 - FL_Main_normclip_mb - INFO - === Round 5 Completed ===
2026-01-14 19:43:55,417 - FL_Main_normclip_mb - INFO - Global Accuracy: 15.0800, Global Loss: 2.2781
2026-01-14 19:43:55,417 - FL_Main_normclip_mb - INFO - Test Accuracy: 15.0800, Test Loss: 2.2781
2026-01-14 19:43:55,417 - FL_Main_normclip_mb - INFO - === Round 6 Started ===
2026-01-14 19:43:55,417 - FL_Main_normclip_mb - INFO - Participating clients: [48, 35, 58, 81, 46, 20, 47, 45, 26, 85]
2026-01-14 19:44:02,936 - FL_Main_normclip_mb - INFO - === Round 6 Completed ===
2026-01-14 19:44:02,937 - FL_Main_normclip_mb - INFO - Global Accuracy: 17.9600, Global Loss: 2.1939
2026-01-14 19:44:02,937 - FL_Main_normclip_mb - INFO - Test Accuracy: 17.9600, Test Loss: 2.1939
2026-01-14 19:44:02,937 - FL_Main_normclip_mb - INFO - === Round 7 Started ===
2026-01-14 19:44:02,937 - FL_Main_normclip_mb - INFO - Participating clients: [34, 89, 87, 82, 9, 77, 81, 21, 68, 93]
2026-01-14 19:44:12,417 - FL_Main_normclip_mb - INFO - === Round 7 Completed ===
2026-01-14 19:44:12,417 - FL_Main_normclip_mb - INFO - Global Accuracy: 33.2100, Global Loss: 1.9515
2026-01-14 19:44:12,417 - FL_Main_normclip_mb - INFO - Test Accuracy: 33.2100, Test Loss: 1.9515
2026-01-14 19:44:12,418 - FL_Main_normclip_mb - INFO - === Round 8 Started ===
2026-01-14 19:44:12,418 - FL_Main_normclip_mb - INFO - Participating clients: [31, 20, 59, 48, 34, 81, 88, 71, 28, 87]
2026-01-14 19:44:18,628 - FL_Main_normclip_mb - INFO - === Round 8 Completed ===
2026-01-14 19:44:18,628 - FL_Main_normclip_mb - INFO - Global Accuracy: 50.1000, Global Loss: 1.5055
2026-01-14 19:44:18,628 - FL_Main_normclip_mb - INFO - Test Accuracy: 50.1000, Test Loss: 1.5055
2026-01-14 19:44:18,628 - FL_Main_normclip_mb - INFO - === Round 9 Started ===
2026-01-14 19:44:18,628 - FL_Main_normclip_mb - INFO - Participating clients: [41, 98, 99, 7, 29, 4, 40, 51, 34, 8]
2026-01-14 19:44:25,861 - FL_Main_normclip_mb - INFO - === Round 9 Completed ===
2026-01-14 19:44:25,862 - FL_Main_normclip_mb - INFO - Global Accuracy: 57.9200, Global Loss: 1.2019
2026-01-14 19:44:25,862 - FL_Main_normclip_mb - INFO - Test Accuracy: 57.9200, Test Loss: 1.2019
2026-01-14 19:44:25,862 - FL_Main_normclip_mb - INFO - === Round 10 Started ===
2026-01-14 19:44:25,862 - FL_Main_normclip_mb - INFO - Participating clients: [27, 72, 91, 40, 83, 63, 50, 82, 58, 18]
2026-01-14 19:44:36,220 - FL_Main_normclip_mb - INFO - === Round 10 Completed ===
2026-01-14 19:44:36,221 - FL_Main_normclip_mb - INFO - Global Accuracy: 68.9000, Global Loss: 0.9481
2026-01-14 19:44:36,221 - FL_Main_normclip_mb - INFO - Test Accuracy: 68.9000, Test Loss: 0.9481
2026-01-14 19:44:36,223 - FL_Main_normclip_mb - INFO - === Round 11 Started ===
2026-01-14 19:44:36,223 - FL_Main_normclip_mb - INFO - Participating clients: [33, 17, 31, 95, 71, 68, 74, 54, 51, 46]
2026-01-14 19:44:49,322 - FL_Main_normclip_mb - INFO - === Round 11 Completed ===
2026-01-14 19:44:49,323 - FL_Main_normclip_mb - INFO - Global Accuracy: 78.7000, Global Loss: 0.6851
2026-01-14 19:44:49,323 - FL_Main_normclip_mb - INFO - Test Accuracy: 78.7000, Test Loss: 0.6851
2026-01-14 19:44:49,324 - FL_Main_normclip_mb - INFO - === Round 12 Started ===
2026-01-14 19:44:49,324 - FL_Main_normclip_mb - INFO - Participating clients: [28, 17, 65, 63, 11, 96, 6, 14, 19, 80]
2026-01-14 19:44:57,563 - FL_Main_normclip_mb - INFO - === Round 12 Completed ===
2026-01-14 19:44:57,563 - FL_Main_normclip_mb - INFO - Global Accuracy: 84.4500, Global Loss: 0.5051
2026-01-14 19:44:57,563 - FL_Main_normclip_mb - INFO - Test Accuracy: 84.4500, Test Loss: 0.5051
2026-01-14 19:44:57,564 - FL_Main_normclip_mb - INFO - === Round 13 Started ===
2026-01-14 19:44:57,564 - FL_Main_normclip_mb - INFO - Participating clients: [20, 87, 54, 76, 8, 49, 48, 59, 67, 32]
2026-01-14 19:45:08,901 - FL_Main_normclip_mb - INFO - === Round 13 Completed ===
2026-01-14 19:45:08,902 - FL_Main_normclip_mb - INFO - Global Accuracy: 88.3300, Global Loss: 0.3922
2026-01-14 19:45:08,902 - FL_Main_normclip_mb - INFO - Test Accuracy: 88.3300, Test Loss: 0.3922
2026-01-14 19:45:08,906 - FL_Main_normclip_mb - INFO - === Round 14 Started ===
2026-01-14 19:45:08,906 - FL_Main_normclip_mb - INFO - Participating clients: [70, 1, 87, 92, 14, 68, 96, 34, 98, 82]
2026-01-14 19:45:21,122 - FL_Main_normclip_mb - INFO - === Round 14 Completed ===
2026-01-14 19:45:21,122 - FL_Main_normclip_mb - INFO - Global Accuracy: 89.2200, Global Loss: 0.3424
2026-01-14 19:45:21,123 - FL_Main_normclip_mb - INFO - Test Accuracy: 89.2200, Test Loss: 0.3424
2026-01-14 19:45:21,125 - FL_Main_normclip_mb - INFO - === Round 15 Started ===
2026-01-14 19:45:21,125 - FL_Main_normclip_mb - INFO - Participating clients: [43, 14, 37, 55, 20, 58, 0, 92, 33, 64]
2026-01-14 19:45:30,574 - FL_Main_normclip_mb - INFO - === Round 15 Completed ===
2026-01-14 19:45:30,574 - FL_Main_normclip_mb - INFO - Global Accuracy: 90.6800, Global Loss: 0.3107
2026-01-14 19:45:30,574 - FL_Main_normclip_mb - INFO - Test Accuracy: 90.6800, Test Loss: 0.3107
2026-01-14 19:45:30,575 - FL_Main_normclip_mb - INFO - === Round 16 Started ===
2026-01-14 19:45:30,575 - FL_Main_normclip_mb - INFO - Participating clients: [97, 22, 64, 13, 80, 38, 81, 77, 25, 19]
2026-01-14 19:45:41,565 - FL_Main_normclip_mb - INFO - === Round 16 Completed ===
2026-01-14 19:45:41,565 - FL_Main_normclip_mb - INFO - Global Accuracy: 91.2500, Global Loss: 0.2869
2026-01-14 19:45:41,565 - FL_Main_normclip_mb - INFO - Test Accuracy: 91.2500, Test Loss: 0.2869
2026-01-14 19:45:41,566 - FL_Main_normclip_mb - INFO - === Round 17 Started ===
2026-01-14 19:45:41,566 - FL_Main_normclip_mb - INFO - Participating clients: [47, 97, 20, 69, 99, 67, 0, 76, 41, 62]
2026-01-14 19:45:49,428 - FL_Main_normclip_mb - INFO - === Round 17 Completed ===
2026-01-14 19:45:49,429 - FL_Main_normclip_mb - INFO - Global Accuracy: 91.5500, Global Loss: 0.2683
2026-01-14 19:45:49,429 - FL_Main_normclip_mb - INFO - Test Accuracy: 91.5500, Test Loss: 0.2683
2026-01-14 19:45:49,430 - FL_Main_normclip_mb - INFO - === Round 18 Started ===
2026-01-14 19:45:49,430 - FL_Main_normclip_mb - INFO - Participating clients: [2, 14, 46, 39, 30, 7, 72, 10, 93, 62]
2026-01-14 19:45:56,959 - FL_Main_normclip_mb - INFO - === Round 18 Completed ===
2026-01-14 19:45:56,959 - FL_Main_normclip_mb - INFO - Global Accuracy: 91.7600, Global Loss: 0.2620
2026-01-14 19:45:56,959 - FL_Main_normclip_mb - INFO - Test Accuracy: 91.7600, Test Loss: 0.2620
2026-01-14 19:45:56,962 - FL_Main_normclip_mb - INFO - === Round 19 Started ===
2026-01-14 19:45:56,962 - FL_Main_normclip_mb - INFO - Participating clients: [8, 97, 68, 98, 16, 84, 60, 70, 21, 33]
2026-01-14 19:46:04,715 - FL_Main_normclip_mb - INFO - === Round 19 Completed ===
2026-01-14 19:46:04,715 - FL_Main_normclip_mb - INFO - Global Accuracy: 92.3700, Global Loss: 0.2445
2026-01-14 19:46:04,715 - FL_Main_normclip_mb - INFO - Test Accuracy: 92.3700, Test Loss: 0.2445
2026-01-14 19:46:04,716 - FL_Main_normclip_mb - INFO - === Round 20 Started ===
2026-01-14 19:46:04,716 - FL_Main_normclip_mb - INFO - Participating clients: [67, 77, 54, 27, 69, 96, 93, 88, 25, 91]
2026-01-14 19:46:12,749 - FL_Main_normclip_mb - INFO - === Round 20 Completed ===
2026-01-14 19:46:12,750 - FL_Main_normclip_mb - INFO - Global Accuracy: 92.8600, Global Loss: 0.2292
2026-01-14 19:46:12,750 - FL_Main_normclip_mb - INFO - Test Accuracy: 92.8600, Test Loss: 0.2292
2026-01-14 19:46:12,751 - FL_Main_normclip_mb - INFO - === Round 21 Started ===
2026-01-14 19:46:12,751 - FL_Main_normclip_mb - INFO - Participating clients: [39, 51, 85, 83, 47, 56, 66, 57, 15, 31]
2026-01-14 19:46:22,898 - FL_Main_normclip_mb - INFO - === Round 21 Completed ===
2026-01-14 19:46:22,898 - FL_Main_normclip_mb - INFO - Global Accuracy: 93.1200, Global Loss: 0.2254
2026-01-14 19:46:22,899 - FL_Main_normclip_mb - INFO - Test Accuracy: 93.1200, Test Loss: 0.2254
2026-01-14 19:46:22,901 - FL_Main_normclip_mb - INFO - === Round 22 Started ===
2026-01-14 19:46:22,901 - FL_Main_normclip_mb - INFO - Participating clients: [28, 8, 43, 2, 75, 70, 29, 0, 9, 90]
2026-01-14 19:46:30,108 - FL_Main_normclip_mb - INFO - === Round 22 Completed ===
2026-01-14 19:46:30,109 - FL_Main_normclip_mb - INFO - Global Accuracy: 93.4000, Global Loss: 0.2172
2026-01-14 19:46:30,109 - FL_Main_normclip_mb - INFO - Test Accuracy: 93.4000, Test Loss: 0.2172
2026-01-14 19:46:30,109 - FL_Main_normclip_mb - INFO - === Round 23 Started ===
2026-01-14 19:46:30,109 - FL_Main_normclip_mb - INFO - Participating clients: [80, 7, 29, 8, 4, 42, 9, 65, 30, 35]
2026-01-14 19:46:37,610 - FL_Main_normclip_mb - INFO - === Round 23 Completed ===
2026-01-14 19:46:37,610 - FL_Main_normclip_mb - INFO - Global Accuracy: 93.4300, Global Loss: 0.2116
2026-01-14 19:46:37,610 - FL_Main_normclip_mb - INFO - Test Accuracy: 93.4300, Test Loss: 0.2116
2026-01-14 19:46:37,611 - FL_Main_normclip_mb - INFO - === Round 24 Started ===
2026-01-14 19:46:37,611 - FL_Main_normclip_mb - INFO - Participating clients: [85, 62, 27, 69, 16, 92, 73, 60, 31, 52]
2026-01-14 19:46:46,465 - FL_Main_normclip_mb - INFO - === Round 24 Completed ===
2026-01-14 19:46:46,465 - FL_Main_normclip_mb - INFO - Global Accuracy: 93.6300, Global Loss: 0.2075
2026-01-14 19:46:46,465 - FL_Main_normclip_mb - INFO - Test Accuracy: 93.6300, Test Loss: 0.2075
2026-01-14 19:46:46,466 - FL_Main_normclip_mb - INFO - === Round 25 Started ===
2026-01-14 19:46:46,466 - FL_Main_normclip_mb - INFO - Participating clients: [24, 12, 84, 55, 45, 54, 52, 59, 93, 6]
2026-01-14 19:46:53,759 - FL_Main_normclip_mb - INFO - === Round 25 Completed ===
2026-01-14 19:46:53,759 - FL_Main_normclip_mb - INFO - Global Accuracy: 93.7000, Global Loss: 0.2011
2026-01-14 19:46:53,759 - FL_Main_normclip_mb - INFO - Test Accuracy: 93.7000, Test Loss: 0.2011
2026-01-14 19:46:53,760 - FL_Main_normclip_mb - INFO - === Round 26 Started ===
2026-01-14 19:46:53,760 - FL_Main_normclip_mb - INFO - Participating clients: [86, 83, 82, 12, 7, 51, 93, 43, 13, 31]
2026-01-14 19:47:02,891 - FL_Main_normclip_mb - INFO - === Round 26 Completed ===
2026-01-14 19:47:02,892 - FL_Main_normclip_mb - INFO - Global Accuracy: 93.9000, Global Loss: 0.2015
2026-01-14 19:47:02,892 - FL_Main_normclip_mb - INFO - Test Accuracy: 93.9000, Test Loss: 0.2015
2026-01-14 19:47:02,901 - FL_Main_normclip_mb - INFO - === Round 27 Started ===
2026-01-14 19:47:02,901 - FL_Main_normclip_mb - INFO - Participating clients: [24, 68, 57, 17, 54, 23, 35, 59, 31, 9]
2026-01-14 19:47:08,981 - FL_Main_normclip_mb - INFO - === Round 27 Completed ===
2026-01-14 19:47:08,981 - FL_Main_normclip_mb - INFO - Global Accuracy: 93.8500, Global Loss: 0.1986
2026-01-14 19:47:08,981 - FL_Main_normclip_mb - INFO - Test Accuracy: 93.8500, Test Loss: 0.1986
2026-01-14 19:47:08,982 - FL_Main_normclip_mb - INFO - === Round 28 Started ===
2026-01-14 19:47:08,982 - FL_Main_normclip_mb - INFO - Participating clients: [56, 70, 12, 6, 83, 69, 1, 11, 96, 30]
2026-01-14 19:47:16,051 - FL_Main_normclip_mb - INFO - === Round 28 Completed ===
2026-01-14 19:47:16,051 - FL_Main_normclip_mb - INFO - Global Accuracy: 94.4700, Global Loss: 0.1822
2026-01-14 19:47:16,051 - FL_Main_normclip_mb - INFO - Test Accuracy: 94.4700, Test Loss: 0.1822
2026-01-14 19:47:16,051 - FL_Main_normclip_mb - INFO - === Round 29 Started ===
2026-01-14 19:47:16,051 - FL_Main_normclip_mb - INFO - Participating clients: [21, 52, 62, 61, 27, 51, 7, 48, 0, 49]
2026-01-14 19:47:21,152 - FL_Main_normclip_mb - INFO - === Round 29 Completed ===
2026-01-14 19:47:21,152 - FL_Main_normclip_mb - INFO - Global Accuracy: 94.5200, Global Loss: 0.1767
2026-01-14 19:47:21,152 - FL_Main_normclip_mb - INFO - Test Accuracy: 94.5200, Test Loss: 0.1767
2026-01-14 19:47:21,153 - FL_Main_normclip_mb - INFO - === Round 30 Started ===
2026-01-14 19:47:21,153 - FL_Main_normclip_mb - INFO - Participating clients: [33, 58, 36, 54, 89, 93, 71, 84, 91, 62]
2026-01-14 19:47:25,664 - FL_Main_normclip_mb - INFO - === Round 30 Completed ===
2026-01-14 19:47:25,664 - FL_Main_normclip_mb - INFO - Global Accuracy: 94.6200, Global Loss: 0.1785
2026-01-14 19:47:25,664 - FL_Main_normclip_mb - INFO - Test Accuracy: 94.6200, Test Loss: 0.1785
2026-01-14 19:47:25,664 - FL_Main_normclip_mb - INFO - Experiment completed
2026-01-14 19:47:25,672 - FL_Main_normclip_mb - INFO - All logs saved to logs/normclip_mb_20260114_194304
