2026-01-15 20:29:36,221 - FL_Defense_spp_la - INFO - Round 1: spp defense applied - Rejected clients: [69, 28, 75, 35] - Detected malicious: [69, 28, 75, 35]
2026-01-15 20:29:36,221 - FL_Defense_spp_la - INFO - Defense parameters: {'selection_ratio': 0.5, 'cosine_threshold': 0.0}
2026-01-15 20:29:49,091 - FL_Defense_spp_la - INFO - Round 2: spp defense applied - Rejected clients: [13] - Detected malicious: [54, 35, 27, 13]
2026-01-15 20:29:49,091 - FL_Defense_spp_la - INFO - Defense parameters: {'selection_ratio': 0.5, 'cosine_threshold': 0.0}
2026-01-15 20:29:59,335 - FL_Defense_spp_la - INFO - Round 3: spp defense applied - Detected malicious: [11, 77]
2026-01-15 20:29:59,335 - FL_Defense_spp_la - INFO - Defense parameters: {'selection_ratio': 0.5, 'cosine_threshold': 0.0}
2026-01-15 20:30:13,591 - FL_Defense_spp_la - INFO - Round 4: spp defense applied
2026-01-15 20:30:13,591 - FL_Defense_spp_la - INFO - Defense parameters: {'selection_ratio': 0.5, 'cosine_threshold': 0.0}
2026-01-15 20:30:25,029 - FL_Defense_spp_la - INFO - Round 5: spp defense applied - Rejected clients: [29] - Detected malicious: [29]
2026-01-15 20:30:25,029 - FL_Defense_spp_la - INFO - Defense parameters: {'selection_ratio': 0.5, 'cosine_threshold': 0.0}
2026-01-15 20:30:38,794 - FL_Defense_spp_la - INFO - Round 6: spp defense applied - Rejected clients: [35, 81] - Detected malicious: [35, 81]
2026-01-15 20:30:38,794 - FL_Defense_spp_la - INFO - Defense parameters: {'selection_ratio': 0.5, 'cosine_threshold': 0.0}
2026-01-15 20:30:51,404 - FL_Defense_spp_la - INFO - Round 7: spp defense applied - Rejected clients: [81] - Detected malicious: [77, 81]
2026-01-15 20:30:51,404 - FL_Defense_spp_la - INFO - Defense parameters: {'selection_ratio': 0.5, 'cosine_threshold': 0.0}
2026-01-15 20:31:03,492 - FL_Defense_spp_la - INFO - Round 8: spp defense applied - Rejected clients: [31, 81] - Detected malicious: [31, 81, 71, 28]
2026-01-15 20:31:03,492 - FL_Defense_spp_la - INFO - Defense parameters: {'selection_ratio': 0.5, 'cosine_threshold': 0.0}
2026-01-15 20:31:14,555 - FL_Defense_spp_la - INFO - Round 9: spp defense applied - Rejected clients: [29] - Detected malicious: [29, 4]
2026-01-15 20:31:14,555 - FL_Defense_spp_la - INFO - Defense parameters: {'selection_ratio': 0.5, 'cosine_threshold': 0.0}
2026-01-15 20:31:27,126 - FL_Defense_spp_la - INFO - Round 10: spp defense applied - Rejected clients: [27] - Detected malicious: [27]
2026-01-15 20:31:27,126 - FL_Defense_spp_la - INFO - Defense parameters: {'selection_ratio': 0.5, 'cosine_threshold': 0.0}
2026-01-15 20:31:38,851 - FL_Defense_spp_la - INFO - Round 11: spp defense applied - Detected malicious: [17, 31, 71, 54]
2026-01-15 20:31:38,851 - FL_Defense_spp_la - INFO - Defense parameters: {'selection_ratio': 0.5, 'cosine_threshold': 0.0}
2026-01-15 20:31:50,321 - FL_Defense_spp_la - INFO - Round 12: spp defense applied - Rejected clients: [28] - Detected malicious: [28, 17, 11, 14]
2026-01-15 20:31:50,321 - FL_Defense_spp_la - INFO - Defense parameters: {'selection_ratio': 0.5, 'cosine_threshold': 0.0}
2026-01-15 20:32:02,637 - FL_Defense_spp_la - INFO - Round 13: spp defense applied - Rejected clients: [54] - Detected malicious: [54]
2026-01-15 20:32:02,637 - FL_Defense_spp_la - INFO - Defense parameters: {'selection_ratio': 0.5, 'cosine_threshold': 0.0}
2026-01-15 20:32:13,716 - FL_Defense_spp_la - INFO - Round 14: spp defense applied - Detected malicious: [14]
2026-01-15 20:32:13,716 - FL_Defense_spp_la - INFO - Defense parameters: {'selection_ratio': 0.5, 'cosine_threshold': 0.0}
2026-01-15 20:32:25,506 - FL_Defense_spp_la - INFO - Round 15: spp defense applied - Detected malicious: [14, 64]
2026-01-15 20:32:25,506 - FL_Defense_spp_la - INFO - Defense parameters: {'selection_ratio': 0.5, 'cosine_threshold': 0.0}
2026-01-15 20:32:38,069 - FL_Defense_spp_la - INFO - Round 16: spp defense applied - Rejected clients: [13, 81] - Detected malicious: [64, 13, 81, 77]
2026-01-15 20:32:38,069 - FL_Defense_spp_la - INFO - Defense parameters: {'selection_ratio': 0.5, 'cosine_threshold': 0.0}
2026-01-15 20:32:53,500 - FL_Defense_spp_la - INFO - Round 17: spp defense applied - Rejected clients: [69] - Detected malicious: [69]
2026-01-15 20:32:53,500 - FL_Defense_spp_la - INFO - Defense parameters: {'selection_ratio': 0.5, 'cosine_threshold': 0.0}
2026-01-15 20:33:07,984 - FL_Defense_spp_la - INFO - Round 18: spp defense applied - Rejected clients: [14] - Detected malicious: [14]
2026-01-15 20:33:07,984 - FL_Defense_spp_la - INFO - Defense parameters: {'selection_ratio': 0.5, 'cosine_threshold': 0.0}
2026-01-15 20:33:22,763 - FL_Defense_spp_la - INFO - Round 19: spp defense applied
2026-01-15 20:33:22,763 - FL_Defense_spp_la - INFO - Defense parameters: {'selection_ratio': 0.5, 'cosine_threshold': 0.0}
2026-01-15 20:33:37,347 - FL_Defense_spp_la - INFO - Round 20: spp defense applied - Detected malicious: [77, 54, 27, 69]
2026-01-15 20:33:37,347 - FL_Defense_spp_la - INFO - Defense parameters: {'selection_ratio': 0.5, 'cosine_threshold': 0.0}
2026-01-15 20:33:52,656 - FL_Defense_spp_la - INFO - Round 21: spp defense applied - Detected malicious: [31]
2026-01-15 20:33:52,656 - FL_Defense_spp_la - INFO - Defense parameters: {'selection_ratio': 0.5, 'cosine_threshold': 0.0}
2026-01-15 20:34:06,243 - FL_Defense_spp_la - INFO - Round 22: spp defense applied - Rejected clients: [75] - Detected malicious: [28, 75, 29]
2026-01-15 20:34:06,243 - FL_Defense_spp_la - INFO - Defense parameters: {'selection_ratio': 0.5, 'cosine_threshold': 0.0}
2026-01-15 20:34:22,181 - FL_Defense_spp_la - INFO - Round 23: spp defense applied - Rejected clients: [4] - Detected malicious: [29, 4, 35]
2026-01-15 20:34:22,181 - FL_Defense_spp_la - INFO - Defense parameters: {'selection_ratio': 0.5, 'cosine_threshold': 0.0}
2026-01-15 20:34:31,849 - FL_Defense_spp_la - INFO - Round 24: spp defense applied - Rejected clients: [31] - Detected malicious: [27, 69, 31]
2026-01-15 20:34:31,849 - FL_Defense_spp_la - INFO - Defense parameters: {'selection_ratio': 0.5, 'cosine_threshold': 0.0}
2026-01-15 20:34:46,815 - FL_Defense_spp_la - INFO - Round 25: spp defense applied - Detected malicious: [54]
2026-01-15 20:34:46,815 - FL_Defense_spp_la - INFO - Defense parameters: {'selection_ratio': 0.5, 'cosine_threshold': 0.0}
2026-01-15 20:35:00,108 - FL_Defense_spp_la - INFO - Round 26: spp defense applied - Rejected clients: [86] - Detected malicious: [86, 13, 31]
2026-01-15 20:35:00,108 - FL_Defense_spp_la - INFO - Defense parameters: {'selection_ratio': 0.5, 'cosine_threshold': 0.0}
2026-01-15 20:35:07,654 - FL_Defense_spp_la - INFO - Round 27: spp defense applied - Rejected clients: [17, 31] - Detected malicious: [17, 54, 35, 31]
2026-01-15 20:35:07,654 - FL_Defense_spp_la - INFO - Defense parameters: {'selection_ratio': 0.5, 'cosine_threshold': 0.0}
2026-01-15 20:35:13,903 - FL_Defense_spp_la - INFO - Round 28: spp defense applied - Detected malicious: [69, 11]
2026-01-15 20:35:13,903 - FL_Defense_spp_la - INFO - Defense parameters: {'selection_ratio': 0.5, 'cosine_threshold': 0.0}
2026-01-15 20:35:20,156 - FL_Defense_spp_la - INFO - Round 29: spp defense applied - Rejected clients: [27] - Detected malicious: [27]
2026-01-15 20:35:20,156 - FL_Defense_spp_la - INFO - Defense parameters: {'selection_ratio': 0.5, 'cosine_threshold': 0.0}
2026-01-15 20:35:27,895 - FL_Defense_spp_la - INFO - Round 30: spp defense applied - Detected malicious: [54, 71]
2026-01-15 20:35:27,895 - FL_Defense_spp_la - INFO - Defense parameters: {'selection_ratio': 0.5, 'cosine_threshold': 0.0}
