2026-01-15 20:29:24,652 - FL_Main_spp_la - INFO - Experiment Configuration: {
  "experiment_name": "spp_la",
  "random_seed": 42,
  "dataset": {
    "type": "mnist",
    "data_dir": "./data",
    "num_classes": 10,
    "partition_type": "iid"
  },
  "model": {
    "type": "lenet",
    "num_classes": 10
  },
  "federated_learning": {
    "num_rounds": 30,
    "num_clients": 100,
    "client_participation_rate": 0.1,
    "learning_rate": 0.01,
    "local_epochs": 2,
    "batch_size": 32
  },
  "server": {
    "data_size": 500
  },
  "attack": {
    "type": "la",
    "num_malicious_clients": 20,
    "params": {
      "target_norm_ratio": 10.0,
      "max_iterations": 100
    }
  },
  "defense": {
    "type": "spp",
    "params": {
      "selection_ratio": 0.5,
      "cosine_threshold": 0.0
    }
  }
}
2026-01-15 20:29:24,652 - FL_Main_spp_la - INFO - Using device: cpu
2026-01-15 20:29:30,110 - FL_Main_spp_la - INFO - Data partitioned among 100 clients
2026-01-15 20:29:30,114 - FL_Main_spp_la - INFO - Model initialized: lenet
2026-01-15 20:29:30,116 - FL_Main_spp_la - INFO - Server initialized with defense: spp
2026-01-15 20:29:30,193 - FL_Main_spp_la - INFO - Created 100 clients (20 malicious)
2026-01-15 20:29:30,193 - FL_Main_spp_la - INFO - Experiment setup completed
2026-01-15 20:29:30,193 - FL_Main_spp_la - INFO - Starting experiment with 30 rounds
2026-01-15 20:29:30,193 - FL_Main_spp_la - INFO - === Round 1 Started ===
2026-01-15 20:29:30,193 - FL_Main_spp_la - INFO - Participating clients: [25, 91, 83, 89, 69, 53, 28, 57, 75, 35]
2026-01-15 20:29:38,753 - FL_Main_spp_la - INFO - === Round 1 Completed ===
2026-01-15 20:29:38,753 - FL_Main_spp_la - INFO - Global Accuracy: 38.7600, Global Loss: 2.1953
2026-01-15 20:29:38,753 - FL_Main_spp_la - INFO - Test Accuracy: 38.7600, Test Loss: 2.1953
2026-01-15 20:29:38,754 - FL_Main_spp_la - INFO - === Round 2 Started ===
2026-01-15 20:29:38,754 - FL_Main_spp_la - INFO - Participating clients: [0, 97, 20, 89, 54, 43, 35, 19, 27, 13]
2026-01-15 20:29:51,165 - FL_Main_spp_la - INFO - === Round 2 Completed ===
2026-01-15 20:29:51,165 - FL_Main_spp_la - INFO - Global Accuracy: 75.7600, Global Loss: 0.7213
2026-01-15 20:29:51,165 - FL_Main_spp_la - INFO - Test Accuracy: 75.7600, Test Loss: 0.7213
2026-01-15 20:29:51,165 - FL_Main_spp_la - INFO - === Round 3 Started ===
2026-01-15 20:29:51,166 - FL_Main_spp_la - INFO - Participating clients: [11, 48, 12, 45, 44, 77, 33, 5, 93, 58]
2026-01-15 20:30:03,179 - FL_Main_spp_la - INFO - === Round 3 Completed ===
2026-01-15 20:30:03,180 - FL_Main_spp_la - INFO - Global Accuracy: 88.9500, Global Loss: 0.3842
2026-01-15 20:30:03,180 - FL_Main_spp_la - INFO - Test Accuracy: 88.9500, Test Loss: 0.3842
2026-01-15 20:30:03,182 - FL_Main_spp_la - INFO - === Round 4 Started ===
2026-01-15 20:30:03,182 - FL_Main_spp_la - INFO - Participating clients: [68, 15, 48, 10, 70, 37, 80, 79, 46, 73]
2026-01-15 20:30:15,638 - FL_Main_spp_la - INFO - === Round 4 Completed ===
2026-01-15 20:30:15,638 - FL_Main_spp_la - INFO - Global Accuracy: 91.2500, Global Loss: 0.2827
2026-01-15 20:30:15,638 - FL_Main_spp_la - INFO - Test Accuracy: 91.2500, Test Loss: 0.2827
2026-01-15 20:30:15,639 - FL_Main_spp_la - INFO - === Round 5 Started ===
2026-01-15 20:30:15,639 - FL_Main_spp_la - INFO - Participating clients: [24, 90, 8, 5, 84, 29, 98, 37, 10, 12]
2026-01-15 20:30:27,300 - FL_Main_spp_la - INFO - === Round 5 Completed ===
2026-01-15 20:30:27,301 - FL_Main_spp_la - INFO - Global Accuracy: 92.6100, Global Loss: 0.2436
2026-01-15 20:30:27,301 - FL_Main_spp_la - INFO - Test Accuracy: 92.6100, Test Loss: 0.2436
2026-01-15 20:30:27,302 - FL_Main_spp_la - INFO - === Round 6 Started ===
2026-01-15 20:30:27,302 - FL_Main_spp_la - INFO - Participating clients: [48, 35, 58, 81, 46, 20, 47, 45, 26, 85]
2026-01-15 20:30:42,036 - FL_Main_spp_la - INFO - === Round 6 Completed ===
2026-01-15 20:30:42,037 - FL_Main_spp_la - INFO - Global Accuracy: 94.3400, Global Loss: 0.1891
2026-01-15 20:30:42,037 - FL_Main_spp_la - INFO - Test Accuracy: 94.3400, Test Loss: 0.1891
2026-01-15 20:30:42,038 - FL_Main_spp_la - INFO - === Round 7 Started ===
2026-01-15 20:30:42,038 - FL_Main_spp_la - INFO - Participating clients: [34, 89, 87, 82, 9, 77, 81, 21, 68, 93]
2026-01-15 20:30:53,882 - FL_Main_spp_la - INFO - === Round 7 Completed ===
2026-01-15 20:30:53,883 - FL_Main_spp_la - INFO - Global Accuracy: 95.1400, Global Loss: 0.1577
2026-01-15 20:30:53,883 - FL_Main_spp_la - INFO - Test Accuracy: 95.1400, Test Loss: 0.1577
2026-01-15 20:30:53,883 - FL_Main_spp_la - INFO - === Round 8 Started ===
2026-01-15 20:30:53,883 - FL_Main_spp_la - INFO - Participating clients: [31, 20, 59, 48, 34, 81, 88, 71, 28, 87]
2026-01-15 20:31:05,657 - FL_Main_spp_la - INFO - === Round 8 Completed ===
2026-01-15 20:31:05,657 - FL_Main_spp_la - INFO - Global Accuracy: 95.4500, Global Loss: 0.1419
2026-01-15 20:31:05,657 - FL_Main_spp_la - INFO - Test Accuracy: 95.4500, Test Loss: 0.1419
2026-01-15 20:31:05,658 - FL_Main_spp_la - INFO - === Round 9 Started ===
2026-01-15 20:31:05,658 - FL_Main_spp_la - INFO - Participating clients: [41, 98, 99, 7, 29, 4, 40, 51, 34, 8]
2026-01-15 20:31:17,280 - FL_Main_spp_la - INFO - === Round 9 Completed ===
2026-01-15 20:31:17,281 - FL_Main_spp_la - INFO - Global Accuracy: 95.9600, Global Loss: 0.1303
2026-01-15 20:31:17,281 - FL_Main_spp_la - INFO - Test Accuracy: 95.9600, Test Loss: 0.1303
2026-01-15 20:31:17,281 - FL_Main_spp_la - INFO - === Round 10 Started ===
2026-01-15 20:31:17,281 - FL_Main_spp_la - INFO - Participating clients: [27, 72, 91, 40, 83, 63, 50, 82, 58, 18]
2026-01-15 20:31:30,212 - FL_Main_spp_la - INFO - === Round 10 Completed ===
2026-01-15 20:31:30,212 - FL_Main_spp_la - INFO - Global Accuracy: 96.1000, Global Loss: 0.1193
2026-01-15 20:31:30,213 - FL_Main_spp_la - INFO - Test Accuracy: 96.1000, Test Loss: 0.1193
2026-01-15 20:31:30,214 - FL_Main_spp_la - INFO - === Round 11 Started ===
2026-01-15 20:31:30,214 - FL_Main_spp_la - INFO - Participating clients: [33, 17, 31, 95, 71, 68, 74, 54, 51, 46]
2026-01-15 20:31:41,250 - FL_Main_spp_la - INFO - === Round 11 Completed ===
2026-01-15 20:31:41,251 - FL_Main_spp_la - INFO - Global Accuracy: 96.6700, Global Loss: 0.1092
2026-01-15 20:31:41,251 - FL_Main_spp_la - INFO - Test Accuracy: 96.6700, Test Loss: 0.1092
2026-01-15 20:31:41,251 - FL_Main_spp_la - INFO - === Round 12 Started ===
2026-01-15 20:31:41,251 - FL_Main_spp_la - INFO - Participating clients: [28, 17, 65, 63, 11, 96, 6, 14, 19, 80]
2026-01-15 20:31:53,669 - FL_Main_spp_la - INFO - === Round 12 Completed ===
2026-01-15 20:31:53,671 - FL_Main_spp_la - INFO - Global Accuracy: 96.9800, Global Loss: 0.0999
2026-01-15 20:31:53,671 - FL_Main_spp_la - INFO - Test Accuracy: 96.9800, Test Loss: 0.0999
2026-01-15 20:31:53,672 - FL_Main_spp_la - INFO - === Round 13 Started ===
2026-01-15 20:31:53,672 - FL_Main_spp_la - INFO - Participating clients: [20, 87, 54, 76, 8, 49, 48, 59, 67, 32]
2026-01-15 20:32:05,002 - FL_Main_spp_la - INFO - === Round 13 Completed ===
2026-01-15 20:32:05,002 - FL_Main_spp_la - INFO - Global Accuracy: 97.1900, Global Loss: 0.0932
2026-01-15 20:32:05,004 - FL_Main_spp_la - INFO - Test Accuracy: 97.1900, Test Loss: 0.0932
2026-01-15 20:32:05,005 - FL_Main_spp_la - INFO - === Round 14 Started ===
2026-01-15 20:32:05,006 - FL_Main_spp_la - INFO - Participating clients: [70, 1, 87, 92, 14, 68, 96, 34, 98, 82]
2026-01-15 20:32:17,192 - FL_Main_spp_la - INFO - === Round 14 Completed ===
2026-01-15 20:32:17,192 - FL_Main_spp_la - INFO - Global Accuracy: 97.3500, Global Loss: 0.0883
2026-01-15 20:32:17,193 - FL_Main_spp_la - INFO - Test Accuracy: 97.3500, Test Loss: 0.0883
2026-01-15 20:32:17,194 - FL_Main_spp_la - INFO - === Round 15 Started ===
2026-01-15 20:32:17,194 - FL_Main_spp_la - INFO - Participating clients: [43, 14, 37, 55, 20, 58, 0, 92, 33, 64]
2026-01-15 20:32:28,553 - FL_Main_spp_la - INFO - === Round 15 Completed ===
2026-01-15 20:32:28,553 - FL_Main_spp_la - INFO - Global Accuracy: 97.2000, Global Loss: 0.0927
2026-01-15 20:32:28,553 - FL_Main_spp_la - INFO - Test Accuracy: 97.2000, Test Loss: 0.0927
2026-01-15 20:32:28,554 - FL_Main_spp_la - INFO - === Round 16 Started ===
2026-01-15 20:32:28,554 - FL_Main_spp_la - INFO - Participating clients: [97, 22, 64, 13, 80, 38, 81, 77, 25, 19]
2026-01-15 20:32:41,874 - FL_Main_spp_la - INFO - === Round 16 Completed ===
2026-01-15 20:32:41,875 - FL_Main_spp_la - INFO - Global Accuracy: 97.2000, Global Loss: 0.0877
2026-01-15 20:32:41,875 - FL_Main_spp_la - INFO - Test Accuracy: 97.2000, Test Loss: 0.0877
2026-01-15 20:32:41,877 - FL_Main_spp_la - INFO - === Round 17 Started ===
2026-01-15 20:32:41,877 - FL_Main_spp_la - INFO - Participating clients: [47, 97, 20, 69, 99, 67, 0, 76, 41, 62]
2026-01-15 20:32:57,023 - FL_Main_spp_la - INFO - === Round 17 Completed ===
2026-01-15 20:32:57,025 - FL_Main_spp_la - INFO - Global Accuracy: 97.3400, Global Loss: 0.0813
2026-01-15 20:32:57,026 - FL_Main_spp_la - INFO - Test Accuracy: 97.3400, Test Loss: 0.0813
2026-01-15 20:32:57,028 - FL_Main_spp_la - INFO - === Round 18 Started ===
2026-01-15 20:32:57,028 - FL_Main_spp_la - INFO - Participating clients: [2, 14, 46, 39, 30, 7, 72, 10, 93, 62]
2026-01-15 20:33:10,715 - FL_Main_spp_la - INFO - === Round 18 Completed ===
2026-01-15 20:33:10,716 - FL_Main_spp_la - INFO - Global Accuracy: 97.6600, Global Loss: 0.0757
2026-01-15 20:33:10,716 - FL_Main_spp_la - INFO - Test Accuracy: 97.6600, Test Loss: 0.0757
2026-01-15 20:33:10,716 - FL_Main_spp_la - INFO - === Round 19 Started ===
2026-01-15 20:33:10,716 - FL_Main_spp_la - INFO - Participating clients: [8, 97, 68, 98, 16, 84, 60, 70, 21, 33]
2026-01-15 20:33:25,095 - FL_Main_spp_la - INFO - === Round 19 Completed ===
2026-01-15 20:33:25,096 - FL_Main_spp_la - INFO - Global Accuracy: 97.7200, Global Loss: 0.0732
2026-01-15 20:33:25,096 - FL_Main_spp_la - INFO - Test Accuracy: 97.7200, Test Loss: 0.0732
2026-01-15 20:33:25,097 - FL_Main_spp_la - INFO - === Round 20 Started ===
2026-01-15 20:33:25,097 - FL_Main_spp_la - INFO - Participating clients: [67, 77, 54, 27, 69, 96, 93, 88, 25, 91]
2026-01-15 20:33:40,306 - FL_Main_spp_la - INFO - === Round 20 Completed ===
2026-01-15 20:33:40,306 - FL_Main_spp_la - INFO - Global Accuracy: 97.7000, Global Loss: 0.0745
2026-01-15 20:33:40,306 - FL_Main_spp_la - INFO - Test Accuracy: 97.7000, Test Loss: 0.0745
2026-01-15 20:33:40,307 - FL_Main_spp_la - INFO - === Round 21 Started ===
2026-01-15 20:33:40,307 - FL_Main_spp_la - INFO - Participating clients: [39, 51, 85, 83, 47, 56, 66, 57, 15, 31]
2026-01-15 20:33:55,328 - FL_Main_spp_la - INFO - === Round 21 Completed ===
2026-01-15 20:33:55,329 - FL_Main_spp_la - INFO - Global Accuracy: 97.9500, Global Loss: 0.0673
2026-01-15 20:33:55,329 - FL_Main_spp_la - INFO - Test Accuracy: 97.9500, Test Loss: 0.0673
2026-01-15 20:33:55,330 - FL_Main_spp_la - INFO - === Round 22 Started ===
2026-01-15 20:33:55,330 - FL_Main_spp_la - INFO - Participating clients: [28, 8, 43, 2, 75, 70, 29, 0, 9, 90]
2026-01-15 20:34:09,984 - FL_Main_spp_la - INFO - === Round 22 Completed ===
2026-01-15 20:34:09,984 - FL_Main_spp_la - INFO - Global Accuracy: 97.9600, Global Loss: 0.0663
2026-01-15 20:34:09,985 - FL_Main_spp_la - INFO - Test Accuracy: 97.9600, Test Loss: 0.0663
2026-01-15 20:34:09,986 - FL_Main_spp_la - INFO - === Round 23 Started ===
2026-01-15 20:34:09,986 - FL_Main_spp_la - INFO - Participating clients: [80, 7, 29, 8, 4, 42, 9, 65, 30, 35]
2026-01-15 20:34:24,359 - FL_Main_spp_la - INFO - === Round 23 Completed ===
2026-01-15 20:34:24,359 - FL_Main_spp_la - INFO - Global Accuracy: 98.0700, Global Loss: 0.0631
2026-01-15 20:34:24,359 - FL_Main_spp_la - INFO - Test Accuracy: 98.0700, Test Loss: 0.0631
2026-01-15 20:34:24,359 - FL_Main_spp_la - INFO - === Round 24 Started ===
2026-01-15 20:34:24,359 - FL_Main_spp_la - INFO - Participating clients: [85, 62, 27, 69, 16, 92, 73, 60, 31, 52]
2026-01-15 20:34:36,171 - FL_Main_spp_la - INFO - === Round 24 Completed ===
2026-01-15 20:34:36,172 - FL_Main_spp_la - INFO - Global Accuracy: 97.9000, Global Loss: 0.0637
2026-01-15 20:34:36,172 - FL_Main_spp_la - INFO - Test Accuracy: 97.9000, Test Loss: 0.0637
2026-01-15 20:34:36,173 - FL_Main_spp_la - INFO - === Round 25 Started ===
2026-01-15 20:34:36,173 - FL_Main_spp_la - INFO - Participating clients: [24, 12, 84, 55, 45, 54, 52, 59, 93, 6]
2026-01-15 20:34:51,177 - FL_Main_spp_la - INFO - === Round 25 Completed ===
2026-01-15 20:34:51,177 - FL_Main_spp_la - INFO - Global Accuracy: 97.9900, Global Loss: 0.0619
2026-01-15 20:34:51,177 - FL_Main_spp_la - INFO - Test Accuracy: 97.9900, Test Loss: 0.0619
2026-01-15 20:34:51,178 - FL_Main_spp_la - INFO - === Round 26 Started ===
2026-01-15 20:34:51,178 - FL_Main_spp_la - INFO - Participating clients: [86, 83, 82, 12, 7, 51, 93, 43, 13, 31]
2026-01-15 20:35:03,053 - FL_Main_spp_la - INFO - === Round 26 Completed ===
2026-01-15 20:35:03,054 - FL_Main_spp_la - INFO - Global Accuracy: 98.0400, Global Loss: 0.0665
2026-01-15 20:35:03,054 - FL_Main_spp_la - INFO - Test Accuracy: 98.0400, Test Loss: 0.0665
2026-01-15 20:35:03,054 - FL_Main_spp_la - INFO - === Round 27 Started ===
2026-01-15 20:35:03,054 - FL_Main_spp_la - INFO - Participating clients: [24, 68, 57, 17, 54, 23, 35, 59, 31, 9]
2026-01-15 20:35:09,019 - FL_Main_spp_la - INFO - === Round 27 Completed ===
2026-01-15 20:35:09,019 - FL_Main_spp_la - INFO - Global Accuracy: 97.9500, Global Loss: 0.0633
2026-01-15 20:35:09,019 - FL_Main_spp_la - INFO - Test Accuracy: 97.9500, Test Loss: 0.0633
2026-01-15 20:35:09,020 - FL_Main_spp_la - INFO - === Round 28 Started ===
2026-01-15 20:35:09,020 - FL_Main_spp_la - INFO - Participating clients: [56, 70, 12, 6, 83, 69, 1, 11, 96, 30]
2026-01-15 20:35:15,128 - FL_Main_spp_la - INFO - === Round 28 Completed ===
2026-01-15 20:35:15,128 - FL_Main_spp_la - INFO - Global Accuracy: 98.1000, Global Loss: 0.0606
2026-01-15 20:35:15,128 - FL_Main_spp_la - INFO - Test Accuracy: 98.1000, Test Loss: 0.0606
2026-01-15 20:35:15,129 - FL_Main_spp_la - INFO - === Round 29 Started ===
2026-01-15 20:35:15,129 - FL_Main_spp_la - INFO - Participating clients: [21, 52, 62, 61, 27, 51, 7, 48, 0, 49]
2026-01-15 20:35:21,297 - FL_Main_spp_la - INFO - === Round 29 Completed ===
2026-01-15 20:35:21,298 - FL_Main_spp_la - INFO - Global Accuracy: 98.1500, Global Loss: 0.0597
2026-01-15 20:35:21,298 - FL_Main_spp_la - INFO - Test Accuracy: 98.1500, Test Loss: 0.0597
2026-01-15 20:35:21,298 - FL_Main_spp_la - INFO - === Round 30 Started ===
2026-01-15 20:35:21,298 - FL_Main_spp_la - INFO - Participating clients: [33, 58, 36, 54, 89, 93, 71, 84, 91, 62]
2026-01-15 20:35:29,414 - FL_Main_spp_la - INFO - === Round 30 Completed ===
2026-01-15 20:35:29,414 - FL_Main_spp_la - INFO - Global Accuracy: 98.1100, Global Loss: 0.0565
2026-01-15 20:35:29,414 - FL_Main_spp_la - INFO - Test Accuracy: 98.1100, Test Loss: 0.0565
2026-01-15 20:35:29,415 - FL_Main_spp_la - INFO - Experiment completed
2026-01-15 20:35:29,424 - FL_Main_spp_la - INFO - All logs saved to logs/spp_la_20260115_202924
