2026-01-21 11:58:19,906 - FL_Main_baseline_faker - INFO - Experiment Configuration: {
  "experiment_name": "baseline_faker",
  "random_seed": 42,
  "dataset": {
    "type": "cifar",
    "data_dir": "./data",
    "num_classes": 10,
    "partition_type": "iid"
  },
  "model": {
    "type": "lenet",
    "num_classes": 10
  },
  "federated_learning": {
    "num_rounds": 30,
    "num_clients": 100,
    "client_participation_rate": 0.1,
    "learning_rate": 0.01,
    "local_epochs": 2,
    "batch_size": 32
  },
  "server": {
    "data_size": 100
  },
  "attack": {
    "type": "faker",
    "num_malicious_clients": 20,
    "params": {
      "target_defense": "none",
      "scale_factor": -5.0,
      "noise_scale": 0.01
    }
  },
  "defense": {
    "type": "none"
  }
}
2026-01-21 11:58:19,907 - FL_Main_baseline_faker - INFO - Using device: cpu
2026-01-21 11:58:43,110 - FL_Main_baseline_faker - INFO - Data partitioned among 100 clients
2026-01-21 11:58:43,117 - FL_Main_baseline_faker - INFO - Model initialized: lenet
2026-01-21 11:58:43,119 - FL_Main_baseline_faker - INFO - Server initialized with defense: none
2026-01-21 11:58:43,459 - FL_Main_baseline_faker - INFO - Created 100 clients (20 malicious)
2026-01-21 11:58:43,459 - FL_Main_baseline_faker - INFO - Experiment setup completed
2026-01-21 11:58:43,460 - FL_Main_baseline_faker - INFO - Starting experiment with 30 rounds
2026-01-21 11:58:43,460 - FL_Main_baseline_faker - INFO - === Round 1 Started ===
2026-01-21 11:58:43,460 - FL_Main_baseline_faker - INFO - Participating clients: [25, 91, 83, 89, 69, 53, 28, 57, 75, 35]
2026-01-21 11:59:05,812 - FL_Main_baseline_faker - INFO - === Round 1 Completed ===
2026-01-21 11:59:05,813 - FL_Main_baseline_faker - INFO - Global Accuracy: 9.9600, Global Loss: 2.3139
2026-01-21 11:59:05,813 - FL_Main_baseline_faker - INFO - Test Accuracy: 9.9600, Test Loss: 2.3139
2026-01-21 11:59:05,814 - FL_Main_baseline_faker - INFO - === Round 2 Started ===
2026-01-21 11:59:05,814 - FL_Main_baseline_faker - INFO - Participating clients: [0, 97, 20, 89, 54, 43, 35, 19, 27, 13]
2026-01-21 11:59:27,105 - FL_Main_baseline_faker - INFO - === Round 2 Completed ===
2026-01-21 11:59:27,106 - FL_Main_baseline_faker - INFO - Global Accuracy: 10.0000, Global Loss: 2.3776
2026-01-21 11:59:27,106 - FL_Main_baseline_faker - INFO - Test Accuracy: 10.0000, Test Loss: 2.3776
2026-01-21 11:59:27,106 - FL_Main_baseline_faker - INFO - === Round 3 Started ===
2026-01-21 11:59:27,107 - FL_Main_baseline_faker - INFO - Participating clients: [11, 48, 12, 45, 44, 77, 33, 5, 93, 58]
2026-01-21 11:59:50,242 - FL_Main_baseline_faker - INFO - === Round 3 Completed ===
2026-01-21 11:59:50,242 - FL_Main_baseline_faker - INFO - Global Accuracy: 10.0000, Global Loss: 2.5721
2026-01-21 11:59:50,242 - FL_Main_baseline_faker - INFO - Test Accuracy: 10.0000, Test Loss: 2.5721
2026-01-21 11:59:50,243 - FL_Main_baseline_faker - INFO - === Round 4 Started ===
2026-01-21 11:59:50,243 - FL_Main_baseline_faker - INFO - Participating clients: [68, 15, 48, 10, 70, 37, 80, 79, 46, 73]
2026-01-21 12:00:11,087 - FL_Main_baseline_faker - INFO - === Round 4 Completed ===
2026-01-21 12:00:11,088 - FL_Main_baseline_faker - INFO - Global Accuracy: 9.8200, Global Loss: 2.3049
2026-01-21 12:00:11,088 - FL_Main_baseline_faker - INFO - Test Accuracy: 9.8200, Test Loss: 2.3049
2026-01-21 12:00:11,088 - FL_Main_baseline_faker - INFO - === Round 5 Started ===
2026-01-21 12:00:11,089 - FL_Main_baseline_faker - INFO - Participating clients: [24, 90, 8, 5, 84, 29, 98, 37, 10, 12]
2026-01-21 12:00:34,866 - FL_Main_baseline_faker - INFO - === Round 5 Completed ===
2026-01-21 12:00:34,867 - FL_Main_baseline_faker - INFO - Global Accuracy: 10.3100, Global Loss: 2.3039
2026-01-21 12:00:34,867 - FL_Main_baseline_faker - INFO - Test Accuracy: 10.3100, Test Loss: 2.3039
2026-01-21 12:00:34,868 - FL_Main_baseline_faker - INFO - === Round 6 Started ===
2026-01-21 12:00:34,868 - FL_Main_baseline_faker - INFO - Participating clients: [48, 35, 58, 81, 46, 20, 47, 45, 26, 85]
2026-01-21 12:00:58,604 - FL_Main_baseline_faker - INFO - === Round 6 Completed ===
2026-01-21 12:00:58,604 - FL_Main_baseline_faker - INFO - Global Accuracy: 10.1000, Global Loss: 2.3043
2026-01-21 12:00:58,605 - FL_Main_baseline_faker - INFO - Test Accuracy: 10.1000, Test Loss: 2.3043
2026-01-21 12:00:58,605 - FL_Main_baseline_faker - INFO - === Round 7 Started ===
2026-01-21 12:00:58,606 - FL_Main_baseline_faker - INFO - Participating clients: [34, 89, 87, 82, 9, 77, 81, 21, 68, 93]
2026-01-21 12:01:21,853 - FL_Main_baseline_faker - INFO - === Round 7 Completed ===
2026-01-21 12:01:21,854 - FL_Main_baseline_faker - INFO - Global Accuracy: 10.8700, Global Loss: 2.3080
2026-01-21 12:01:21,854 - FL_Main_baseline_faker - INFO - Test Accuracy: 10.8700, Test Loss: 2.3080
2026-01-21 12:01:21,855 - FL_Main_baseline_faker - INFO - === Round 8 Started ===
2026-01-21 12:01:21,856 - FL_Main_baseline_faker - INFO - Participating clients: [31, 20, 59, 48, 34, 81, 88, 71, 28, 87]
2026-01-21 12:01:44,825 - FL_Main_baseline_faker - INFO - === Round 8 Completed ===
2026-01-21 12:01:44,825 - FL_Main_baseline_faker - INFO - Global Accuracy: 10.5500, Global Loss: 2.3197
2026-01-21 12:01:44,826 - FL_Main_baseline_faker - INFO - Test Accuracy: 10.5500, Test Loss: 2.3197
2026-01-21 12:01:44,826 - FL_Main_baseline_faker - INFO - === Round 9 Started ===
2026-01-21 12:01:44,826 - FL_Main_baseline_faker - INFO - Participating clients: [41, 98, 99, 7, 29, 4, 40, 51, 34, 8]
2026-01-21 12:02:07,750 - FL_Main_baseline_faker - INFO - === Round 9 Completed ===
2026-01-21 12:02:07,751 - FL_Main_baseline_faker - INFO - Global Accuracy: 11.4500, Global Loss: 2.3221
2026-01-21 12:02:07,751 - FL_Main_baseline_faker - INFO - Test Accuracy: 11.4500, Test Loss: 2.3221
2026-01-21 12:02:07,752 - FL_Main_baseline_faker - INFO - === Round 10 Started ===
2026-01-21 12:02:07,752 - FL_Main_baseline_faker - INFO - Participating clients: [27, 72, 91, 40, 83, 63, 50, 82, 58, 18]
2026-01-21 12:02:33,172 - FL_Main_baseline_faker - INFO - === Round 10 Completed ===
2026-01-21 12:02:33,172 - FL_Main_baseline_faker - INFO - Global Accuracy: 10.0000, Global Loss: 2.3168
2026-01-21 12:02:33,173 - FL_Main_baseline_faker - INFO - Test Accuracy: 10.0000, Test Loss: 2.3168
2026-01-21 12:02:33,174 - FL_Main_baseline_faker - INFO - === Round 11 Started ===
2026-01-21 12:02:33,174 - FL_Main_baseline_faker - INFO - Participating clients: [33, 17, 31, 95, 71, 68, 74, 54, 51, 46]
2026-01-21 12:02:58,059 - FL_Main_baseline_faker - INFO - === Round 11 Completed ===
2026-01-21 12:02:58,059 - FL_Main_baseline_faker - INFO - Global Accuracy: 10.0000, Global Loss: 2.3443
2026-01-21 12:02:58,060 - FL_Main_baseline_faker - INFO - Test Accuracy: 10.0000, Test Loss: 2.3443
2026-01-21 12:02:58,061 - FL_Main_baseline_faker - INFO - === Round 12 Started ===
2026-01-21 12:02:58,061 - FL_Main_baseline_faker - INFO - Participating clients: [28, 17, 65, 63, 11, 96, 6, 14, 19, 80]
2026-01-21 12:03:23,362 - FL_Main_baseline_faker - INFO - === Round 12 Completed ===
2026-01-21 12:03:23,362 - FL_Main_baseline_faker - INFO - Global Accuracy: 11.0500, Global Loss: 2.5095
2026-01-21 12:03:23,362 - FL_Main_baseline_faker - INFO - Test Accuracy: 11.0500, Test Loss: 2.5095
2026-01-21 12:03:23,363 - FL_Main_baseline_faker - INFO - === Round 13 Started ===
2026-01-21 12:03:23,364 - FL_Main_baseline_faker - INFO - Participating clients: [20, 87, 54, 76, 8, 49, 48, 59, 67, 32]
2026-01-21 12:03:48,912 - FL_Main_baseline_faker - INFO - === Round 13 Completed ===
2026-01-21 12:03:48,913 - FL_Main_baseline_faker - INFO - Global Accuracy: 10.0100, Global Loss: 2.3769
2026-01-21 12:03:48,913 - FL_Main_baseline_faker - INFO - Test Accuracy: 10.0100, Test Loss: 2.3769
2026-01-21 12:03:48,914 - FL_Main_baseline_faker - INFO - === Round 14 Started ===
2026-01-21 12:03:48,914 - FL_Main_baseline_faker - INFO - Participating clients: [70, 1, 87, 92, 14, 68, 96, 34, 98, 82]
2026-01-21 12:04:15,095 - FL_Main_baseline_faker - INFO - === Round 14 Completed ===
2026-01-21 12:04:15,096 - FL_Main_baseline_faker - INFO - Global Accuracy: 10.0400, Global Loss: 2.3517
2026-01-21 12:04:15,096 - FL_Main_baseline_faker - INFO - Test Accuracy: 10.0400, Test Loss: 2.3517
2026-01-21 12:04:15,097 - FL_Main_baseline_faker - INFO - === Round 15 Started ===
2026-01-21 12:04:15,097 - FL_Main_baseline_faker - INFO - Participating clients: [43, 14, 37, 55, 20, 58, 0, 92, 33, 64]
2026-01-21 12:04:41,643 - FL_Main_baseline_faker - INFO - === Round 15 Completed ===
2026-01-21 12:04:41,644 - FL_Main_baseline_faker - INFO - Global Accuracy: 10.0500, Global Loss: 2.3618
2026-01-21 12:04:41,644 - FL_Main_baseline_faker - INFO - Test Accuracy: 10.0500, Test Loss: 2.3618
2026-01-21 12:04:41,645 - FL_Main_baseline_faker - INFO - === Round 16 Started ===
2026-01-21 12:04:41,645 - FL_Main_baseline_faker - INFO - Participating clients: [97, 22, 64, 13, 80, 38, 81, 77, 25, 19]
2026-01-21 12:05:06,690 - FL_Main_baseline_faker - INFO - === Round 16 Completed ===
2026-01-21 12:05:06,691 - FL_Main_baseline_faker - INFO - Global Accuracy: 10.0300, Global Loss: 2.5087
2026-01-21 12:05:06,691 - FL_Main_baseline_faker - INFO - Test Accuracy: 10.0300, Test Loss: 2.5087
2026-01-21 12:05:06,692 - FL_Main_baseline_faker - INFO - === Round 17 Started ===
2026-01-21 12:05:06,693 - FL_Main_baseline_faker - INFO - Participating clients: [47, 97, 20, 69, 99, 67, 0, 76, 41, 62]
2026-01-21 12:05:32,395 - FL_Main_baseline_faker - INFO - === Round 17 Completed ===
2026-01-21 12:05:32,396 - FL_Main_baseline_faker - INFO - Global Accuracy: 10.0000, Global Loss: 2.4089
2026-01-21 12:05:32,396 - FL_Main_baseline_faker - INFO - Test Accuracy: 10.0000, Test Loss: 2.4089
2026-01-21 12:05:32,397 - FL_Main_baseline_faker - INFO - === Round 18 Started ===
2026-01-21 12:05:32,397 - FL_Main_baseline_faker - INFO - Participating clients: [2, 14, 46, 39, 30, 7, 72, 10, 93, 62]
2026-01-21 12:05:57,471 - FL_Main_baseline_faker - INFO - === Round 18 Completed ===
2026-01-21 12:05:57,471 - FL_Main_baseline_faker - INFO - Global Accuracy: 10.3100, Global Loss: 2.3774
2026-01-21 12:05:57,472 - FL_Main_baseline_faker - INFO - Test Accuracy: 10.3100, Test Loss: 2.3774
2026-01-21 12:05:57,473 - FL_Main_baseline_faker - INFO - === Round 19 Started ===
2026-01-21 12:05:57,473 - FL_Main_baseline_faker - INFO - Participating clients: [8, 97, 68, 98, 16, 84, 60, 70, 21, 33]
2026-01-21 12:06:23,785 - FL_Main_baseline_faker - INFO - === Round 19 Completed ===
2026-01-21 12:06:23,785 - FL_Main_baseline_faker - INFO - Global Accuracy: 10.0100, Global Loss: 2.3335
2026-01-21 12:06:23,786 - FL_Main_baseline_faker - INFO - Test Accuracy: 10.0100, Test Loss: 2.3335
2026-01-21 12:06:23,786 - FL_Main_baseline_faker - INFO - === Round 20 Started ===
2026-01-21 12:06:23,787 - FL_Main_baseline_faker - INFO - Participating clients: [67, 77, 54, 27, 69, 96, 93, 88, 25, 91]
2026-01-21 12:06:50,845 - FL_Main_baseline_faker - INFO - === Round 20 Completed ===
2026-01-21 12:06:50,845 - FL_Main_baseline_faker - INFO - Global Accuracy: 10.0000, Global Loss: 2.3927
2026-01-21 12:06:50,845 - FL_Main_baseline_faker - INFO - Test Accuracy: 10.0000, Test Loss: 2.3927
2026-01-21 12:06:50,846 - FL_Main_baseline_faker - INFO - === Round 21 Started ===
2026-01-21 12:06:50,846 - FL_Main_baseline_faker - INFO - Participating clients: [39, 51, 85, 83, 47, 56, 66, 57, 15, 31]
2026-01-21 12:07:18,674 - FL_Main_baseline_faker - INFO - === Round 21 Completed ===
2026-01-21 12:07:18,675 - FL_Main_baseline_faker - INFO - Global Accuracy: 10.0000, Global Loss: 2.3751
2026-01-21 12:07:18,675 - FL_Main_baseline_faker - INFO - Test Accuracy: 10.0000, Test Loss: 2.3751
2026-01-21 12:07:18,676 - FL_Main_baseline_faker - INFO - === Round 22 Started ===
2026-01-21 12:07:18,676 - FL_Main_baseline_faker - INFO - Participating clients: [28, 8, 43, 2, 75, 70, 29, 0, 9, 90]
2026-01-21 12:07:37,647 - FL_Main_baseline_faker - INFO - === Round 22 Completed ===
2026-01-21 12:07:37,647 - FL_Main_baseline_faker - INFO - Global Accuracy: 10.0000, Global Loss: 2.4230
2026-01-21 12:07:37,647 - FL_Main_baseline_faker - INFO - Test Accuracy: 10.0000, Test Loss: 2.4230
2026-01-21 12:07:37,648 - FL_Main_baseline_faker - INFO - === Round 23 Started ===
2026-01-21 12:07:37,648 - FL_Main_baseline_faker - INFO - Participating clients: [80, 7, 29, 8, 4, 42, 9, 65, 30, 35]
2026-01-21 12:07:56,880 - FL_Main_baseline_faker - INFO - === Round 23 Completed ===
2026-01-21 12:07:56,880 - FL_Main_baseline_faker - INFO - Global Accuracy: 10.0000, Global Loss: 2.5125
2026-01-21 12:07:56,880 - FL_Main_baseline_faker - INFO - Test Accuracy: 10.0000, Test Loss: 2.5125
2026-01-21 12:07:56,881 - FL_Main_baseline_faker - INFO - === Round 24 Started ===
2026-01-21 12:07:56,881 - FL_Main_baseline_faker - INFO - Participating clients: [85, 62, 27, 69, 16, 92, 73, 60, 31, 52]
2026-01-21 12:08:19,375 - FL_Main_baseline_faker - INFO - === Round 24 Completed ===
2026-01-21 12:08:19,375 - FL_Main_baseline_faker - INFO - Global Accuracy: 10.0000, Global Loss: 2.8331
2026-01-21 12:08:19,376 - FL_Main_baseline_faker - INFO - Test Accuracy: 10.0000, Test Loss: 2.8331
2026-01-21 12:08:19,377 - FL_Main_baseline_faker - INFO - === Round 25 Started ===
2026-01-21 12:08:19,377 - FL_Main_baseline_faker - INFO - Participating clients: [24, 12, 84, 55, 45, 54, 52, 59, 93, 6]
2026-01-21 12:08:41,996 - FL_Main_baseline_faker - INFO - === Round 25 Completed ===
2026-01-21 12:08:41,996 - FL_Main_baseline_faker - INFO - Global Accuracy: 10.0000, Global Loss: 2.5546
2026-01-21 12:08:41,996 - FL_Main_baseline_faker - INFO - Test Accuracy: 10.0000, Test Loss: 2.5546
2026-01-21 12:08:41,997 - FL_Main_baseline_faker - INFO - === Round 26 Started ===
2026-01-21 12:08:41,997 - FL_Main_baseline_faker - INFO - Participating clients: [86, 83, 82, 12, 7, 51, 93, 43, 13, 31]
2026-01-21 12:09:04,134 - FL_Main_baseline_faker - INFO - === Round 26 Completed ===
2026-01-21 12:09:04,135 - FL_Main_baseline_faker - INFO - Global Accuracy: 10.0000, Global Loss: 2.8098
2026-01-21 12:09:04,135 - FL_Main_baseline_faker - INFO - Test Accuracy: 10.0000, Test Loss: 2.8098
2026-01-21 12:09:04,136 - FL_Main_baseline_faker - INFO - === Round 27 Started ===
2026-01-21 12:09:04,136 - FL_Main_baseline_faker - INFO - Participating clients: [24, 68, 57, 17, 54, 23, 35, 59, 31, 9]
2026-01-21 12:09:26,662 - FL_Main_baseline_faker - INFO - === Round 27 Completed ===
2026-01-21 12:09:26,662 - FL_Main_baseline_faker - INFO - Global Accuracy: 10.0000, Global Loss: 12.4408
2026-01-21 12:09:26,662 - FL_Main_baseline_faker - INFO - Test Accuracy: 10.0000, Test Loss: 12.4408
2026-01-21 12:09:26,663 - FL_Main_baseline_faker - INFO - === Round 28 Started ===
2026-01-21 12:09:26,663 - FL_Main_baseline_faker - INFO - Participating clients: [56, 70, 12, 6, 83, 69, 1, 11, 96, 30]
2026-01-21 12:09:48,500 - FL_Main_baseline_faker - INFO - === Round 28 Completed ===
2026-01-21 12:09:48,500 - FL_Main_baseline_faker - INFO - Global Accuracy: 10.0000, Global Loss: 135.9154
2026-01-21 12:09:48,500 - FL_Main_baseline_faker - INFO - Test Accuracy: 10.0000, Test Loss: 135.9154
2026-01-21 12:09:48,501 - FL_Main_baseline_faker - INFO - === Round 29 Started ===
2026-01-21 12:09:48,502 - FL_Main_baseline_faker - INFO - Participating clients: [21, 52, 62, 61, 27, 51, 7, 48, 0, 49]
2026-01-21 12:10:11,471 - FL_Main_baseline_faker - INFO - === Round 29 Completed ===
2026-01-21 12:10:11,471 - FL_Main_baseline_faker - INFO - Global Accuracy: 10.1300, Global Loss: 2.6599
2026-01-21 12:10:11,471 - FL_Main_baseline_faker - INFO - Test Accuracy: 10.1300, Test Loss: 2.6599
2026-01-21 12:10:11,472 - FL_Main_baseline_faker - INFO - === Round 30 Started ===
2026-01-21 12:10:11,472 - FL_Main_baseline_faker - INFO - Participating clients: [33, 58, 36, 54, 89, 93, 71, 84, 91, 62]
2026-01-21 12:10:31,402 - FL_Main_baseline_faker - INFO - === Round 30 Completed ===
2026-01-21 12:10:31,402 - FL_Main_baseline_faker - INFO - Global Accuracy: 10.1000, Global Loss: 4.6090
2026-01-21 12:10:31,403 - FL_Main_baseline_faker - INFO - Test Accuracy: 10.1000, Test Loss: 4.6090
2026-01-21 12:10:31,403 - FL_Main_baseline_faker - INFO - Experiment completed
2026-01-21 12:10:31,419 - FL_Main_baseline_faker - INFO - All logs saved to logs/baseline_faker_20260121_115819
