2026-01-15 20:29:49,026 - FL_Main_spp_faker - INFO - Experiment Configuration: {
  "experiment_name": "spp_faker",
  "random_seed": 42,
  "dataset": {
    "type": "mnist",
    "data_dir": "./data",
    "num_classes": 10,
    "partition_type": "iid"
  },
  "model": {
    "type": "lenet",
    "num_classes": 10
  },
  "federated_learning": {
    "num_rounds": 30,
    "num_clients": 100,
    "client_participation_rate": 0.1,
    "learning_rate": 0.01,
    "local_epochs": 2,
    "batch_size": 32
  },
  "server": {
    "data_size": 500
  },
  "attack": {
    "type": "faker",
    "num_malicious_clients": 20,
    "params": {
      "target_defense": "fltrust",
      "num_groups": 50,
      "optimization_iterations": 10,
      "min_cosine_margin": 0.001
    }
  },
  "defense": {
    "type": "spp",
    "params": {
      "selection_ratio": 0.5,
      "cosine_threshold": 0.5
    }
  }
}
2026-01-15 20:29:49,027 - FL_Main_spp_faker - INFO - Using device: cpu
2026-01-15 20:29:55,974 - FL_Main_spp_faker - INFO - Data partitioned among 100 clients
2026-01-15 20:29:55,985 - FL_Main_spp_faker - INFO - Model initialized: lenet
2026-01-15 20:29:55,987 - FL_Main_spp_faker - INFO - Server initialized with defense: spp
2026-01-15 20:29:56,069 - FL_Main_spp_faker - INFO - Created 100 clients (20 malicious)
2026-01-15 20:29:56,069 - FL_Main_spp_faker - INFO - Experiment setup completed
2026-01-15 20:29:56,069 - FL_Main_spp_faker - INFO - Starting experiment with 30 rounds
2026-01-15 20:29:56,069 - FL_Main_spp_faker - INFO - === Round 1 Started ===
2026-01-15 20:29:56,069 - FL_Main_spp_faker - INFO - Participating clients: [25, 91, 83, 89, 69, 53, 28, 57, 75, 35]
2026-01-15 20:30:11,107 - FL_Main_spp_faker - INFO - === Round 1 Completed ===
2026-01-15 20:30:11,110 - FL_Main_spp_faker - INFO - Global Accuracy: 18.4700, Global Loss: 2.1886
2026-01-15 20:30:11,110 - FL_Main_spp_faker - INFO - Test Accuracy: 18.4700, Test Loss: 2.1886
2026-01-15 20:30:11,115 - FL_Main_spp_faker - INFO - === Round 2 Started ===
2026-01-15 20:30:11,116 - FL_Main_spp_faker - INFO - Participating clients: [0, 97, 20, 89, 54, 43, 35, 19, 27, 13]
2026-01-15 20:30:22,828 - FL_Main_spp_faker - INFO - === Round 2 Completed ===
2026-01-15 20:30:22,830 - FL_Main_spp_faker - INFO - Global Accuracy: 70.8300, Global Loss: 0.9025
2026-01-15 20:30:22,830 - FL_Main_spp_faker - INFO - Test Accuracy: 70.8300, Test Loss: 0.9025
2026-01-15 20:30:22,831 - FL_Main_spp_faker - INFO - === Round 3 Started ===
2026-01-15 20:30:22,831 - FL_Main_spp_faker - INFO - Participating clients: [11, 48, 12, 45, 44, 77, 33, 5, 93, 58]
2026-01-15 20:30:36,702 - FL_Main_spp_faker - INFO - === Round 3 Completed ===
2026-01-15 20:30:36,702 - FL_Main_spp_faker - INFO - Global Accuracy: 85.9800, Global Loss: 0.4412
2026-01-15 20:30:36,703 - FL_Main_spp_faker - INFO - Test Accuracy: 85.9800, Test Loss: 0.4412
2026-01-15 20:30:36,704 - FL_Main_spp_faker - INFO - === Round 4 Started ===
2026-01-15 20:30:36,704 - FL_Main_spp_faker - INFO - Participating clients: [68, 15, 48, 10, 70, 37, 80, 79, 46, 73]
2026-01-15 20:30:49,900 - FL_Main_spp_faker - INFO - === Round 4 Completed ===
2026-01-15 20:30:49,900 - FL_Main_spp_faker - INFO - Global Accuracy: 92.8100, Global Loss: 0.2402
2026-01-15 20:30:49,900 - FL_Main_spp_faker - INFO - Test Accuracy: 92.8100, Test Loss: 0.2402
2026-01-15 20:30:49,901 - FL_Main_spp_faker - INFO - === Round 5 Started ===
2026-01-15 20:30:49,901 - FL_Main_spp_faker - INFO - Participating clients: [24, 90, 8, 5, 84, 29, 98, 37, 10, 12]
2026-01-15 20:31:01,971 - FL_Main_spp_faker - INFO - === Round 5 Completed ===
2026-01-15 20:31:01,971 - FL_Main_spp_faker - INFO - Global Accuracy: 93.0900, Global Loss: 0.2221
2026-01-15 20:31:01,971 - FL_Main_spp_faker - INFO - Test Accuracy: 93.0900, Test Loss: 0.2221
2026-01-15 20:31:01,972 - FL_Main_spp_faker - INFO - === Round 6 Started ===
2026-01-15 20:31:01,972 - FL_Main_spp_faker - INFO - Participating clients: [48, 35, 58, 81, 46, 20, 47, 45, 26, 85]
2026-01-15 20:31:13,766 - FL_Main_spp_faker - INFO - === Round 6 Completed ===
2026-01-15 20:31:13,766 - FL_Main_spp_faker - INFO - Global Accuracy: 93.1400, Global Loss: 0.2186
2026-01-15 20:31:13,766 - FL_Main_spp_faker - INFO - Test Accuracy: 93.1400, Test Loss: 0.2186
2026-01-15 20:31:13,767 - FL_Main_spp_faker - INFO - === Round 7 Started ===
2026-01-15 20:31:13,767 - FL_Main_spp_faker - INFO - Participating clients: [34, 89, 87, 82, 9, 77, 81, 21, 68, 93]
2026-01-15 20:31:25,962 - FL_Main_spp_faker - INFO - === Round 7 Completed ===
2026-01-15 20:31:25,962 - FL_Main_spp_faker - INFO - Global Accuracy: 94.4300, Global Loss: 0.1757
2026-01-15 20:31:25,962 - FL_Main_spp_faker - INFO - Test Accuracy: 94.4300, Test Loss: 0.1757
2026-01-15 20:31:25,963 - FL_Main_spp_faker - INFO - === Round 8 Started ===
2026-01-15 20:31:25,963 - FL_Main_spp_faker - INFO - Participating clients: [31, 20, 59, 48, 34, 81, 88, 71, 28, 87]
2026-01-15 20:31:38,808 - FL_Main_spp_faker - INFO - === Round 8 Completed ===
2026-01-15 20:31:38,810 - FL_Main_spp_faker - INFO - Global Accuracy: 93.3900, Global Loss: 0.2138
2026-01-15 20:31:38,810 - FL_Main_spp_faker - INFO - Test Accuracy: 93.3900, Test Loss: 0.2138
2026-01-15 20:31:38,812 - FL_Main_spp_faker - INFO - === Round 9 Started ===
2026-01-15 20:31:38,812 - FL_Main_spp_faker - INFO - Participating clients: [41, 98, 99, 7, 29, 4, 40, 51, 34, 8]
2026-01-15 20:31:51,114 - FL_Main_spp_faker - INFO - === Round 9 Completed ===
2026-01-15 20:31:51,115 - FL_Main_spp_faker - INFO - Global Accuracy: 92.9400, Global Loss: 0.2407
2026-01-15 20:31:51,115 - FL_Main_spp_faker - INFO - Test Accuracy: 92.9400, Test Loss: 0.2407
2026-01-15 20:31:51,116 - FL_Main_spp_faker - INFO - === Round 10 Started ===
2026-01-15 20:31:51,116 - FL_Main_spp_faker - INFO - Participating clients: [27, 72, 91, 40, 83, 63, 50, 82, 58, 18]
2026-01-15 20:32:03,112 - FL_Main_spp_faker - INFO - === Round 10 Completed ===
2026-01-15 20:32:03,112 - FL_Main_spp_faker - INFO - Global Accuracy: 95.9100, Global Loss: 0.1296
2026-01-15 20:32:03,112 - FL_Main_spp_faker - INFO - Test Accuracy: 95.9100, Test Loss: 0.1296
2026-01-15 20:32:03,112 - FL_Main_spp_faker - INFO - === Round 11 Started ===
2026-01-15 20:32:03,112 - FL_Main_spp_faker - INFO - Participating clients: [33, 17, 31, 95, 71, 68, 74, 54, 51, 46]
2026-01-15 20:32:16,065 - FL_Main_spp_faker - INFO - === Round 11 Completed ===
2026-01-15 20:32:16,066 - FL_Main_spp_faker - INFO - Global Accuracy: 92.3000, Global Loss: 0.2434
2026-01-15 20:32:16,066 - FL_Main_spp_faker - INFO - Test Accuracy: 92.3000, Test Loss: 0.2434
2026-01-15 20:32:16,066 - FL_Main_spp_faker - INFO - === Round 12 Started ===
2026-01-15 20:32:16,066 - FL_Main_spp_faker - INFO - Participating clients: [28, 17, 65, 63, 11, 96, 6, 14, 19, 80]
2026-01-15 20:32:28,833 - FL_Main_spp_faker - INFO - === Round 12 Completed ===
2026-01-15 20:32:28,834 - FL_Main_spp_faker - INFO - Global Accuracy: 92.2700, Global Loss: 0.2788
2026-01-15 20:32:28,834 - FL_Main_spp_faker - INFO - Test Accuracy: 92.2700, Test Loss: 0.2788
2026-01-15 20:32:28,834 - FL_Main_spp_faker - INFO - === Round 13 Started ===
2026-01-15 20:32:28,835 - FL_Main_spp_faker - INFO - Participating clients: [20, 87, 54, 76, 8, 49, 48, 59, 67, 32]
2026-01-15 20:32:42,414 - FL_Main_spp_faker - INFO - === Round 13 Completed ===
2026-01-15 20:32:42,414 - FL_Main_spp_faker - INFO - Global Accuracy: 95.6900, Global Loss: 0.1339
2026-01-15 20:32:42,414 - FL_Main_spp_faker - INFO - Test Accuracy: 95.6900, Test Loss: 0.1339
2026-01-15 20:32:42,416 - FL_Main_spp_faker - INFO - === Round 14 Started ===
2026-01-15 20:32:42,416 - FL_Main_spp_faker - INFO - Participating clients: [70, 1, 87, 92, 14, 68, 96, 34, 98, 82]
2026-01-15 20:32:58,562 - FL_Main_spp_faker - INFO - === Round 14 Completed ===
2026-01-15 20:32:58,563 - FL_Main_spp_faker - INFO - Global Accuracy: 96.8100, Global Loss: 0.1007
2026-01-15 20:32:58,563 - FL_Main_spp_faker - INFO - Test Accuracy: 96.8100, Test Loss: 0.1007
2026-01-15 20:32:58,564 - FL_Main_spp_faker - INFO - === Round 15 Started ===
2026-01-15 20:32:58,565 - FL_Main_spp_faker - INFO - Participating clients: [43, 14, 37, 55, 20, 58, 0, 92, 33, 64]
2026-01-15 20:33:11,869 - FL_Main_spp_faker - INFO - === Round 15 Completed ===
2026-01-15 20:33:11,869 - FL_Main_spp_faker - INFO - Global Accuracy: 96.6600, Global Loss: 0.1106
2026-01-15 20:33:11,869 - FL_Main_spp_faker - INFO - Test Accuracy: 96.6600, Test Loss: 0.1106
2026-01-15 20:33:11,870 - FL_Main_spp_faker - INFO - === Round 16 Started ===
2026-01-15 20:33:11,870 - FL_Main_spp_faker - INFO - Participating clients: [97, 22, 64, 13, 80, 38, 81, 77, 25, 19]
2026-01-15 20:33:30,387 - FL_Main_spp_faker - INFO - === Round 16 Completed ===
2026-01-15 20:33:30,387 - FL_Main_spp_faker - INFO - Global Accuracy: 89.7900, Global Loss: 0.4195
2026-01-15 20:33:30,388 - FL_Main_spp_faker - INFO - Test Accuracy: 89.7900, Test Loss: 0.4195
2026-01-15 20:33:30,389 - FL_Main_spp_faker - INFO - === Round 17 Started ===
2026-01-15 20:33:30,389 - FL_Main_spp_faker - INFO - Participating clients: [47, 97, 20, 69, 99, 67, 0, 76, 41, 62]
2026-01-15 20:33:43,223 - FL_Main_spp_faker - INFO - === Round 17 Completed ===
2026-01-15 20:33:43,224 - FL_Main_spp_faker - INFO - Global Accuracy: 96.6500, Global Loss: 0.1138
2026-01-15 20:33:43,224 - FL_Main_spp_faker - INFO - Test Accuracy: 96.6500, Test Loss: 0.1138
2026-01-15 20:33:43,230 - FL_Main_spp_faker - INFO - === Round 18 Started ===
2026-01-15 20:33:43,230 - FL_Main_spp_faker - INFO - Participating clients: [2, 14, 46, 39, 30, 7, 72, 10, 93, 62]
2026-01-15 20:33:59,152 - FL_Main_spp_faker - INFO - === Round 18 Completed ===
2026-01-15 20:33:59,152 - FL_Main_spp_faker - INFO - Global Accuracy: 97.1500, Global Loss: 0.0924
2026-01-15 20:33:59,152 - FL_Main_spp_faker - INFO - Test Accuracy: 97.1500, Test Loss: 0.0924
2026-01-15 20:33:59,153 - FL_Main_spp_faker - INFO - === Round 19 Started ===
2026-01-15 20:33:59,153 - FL_Main_spp_faker - INFO - Participating clients: [8, 97, 68, 98, 16, 84, 60, 70, 21, 33]
2026-01-15 20:34:14,863 - FL_Main_spp_faker - INFO - === Round 19 Completed ===
2026-01-15 20:34:14,864 - FL_Main_spp_faker - INFO - Global Accuracy: 97.7400, Global Loss: 0.0692
2026-01-15 20:34:14,864 - FL_Main_spp_faker - INFO - Test Accuracy: 97.7400, Test Loss: 0.0692
2026-01-15 20:34:14,864 - FL_Main_spp_faker - INFO - === Round 20 Started ===
2026-01-15 20:34:14,865 - FL_Main_spp_faker - INFO - Participating clients: [67, 77, 54, 27, 69, 96, 93, 88, 25, 91]
2026-01-15 20:34:26,922 - FL_Main_spp_faker - INFO - === Round 20 Completed ===
2026-01-15 20:34:26,922 - FL_Main_spp_faker - INFO - Global Accuracy: 96.1100, Global Loss: 0.1348
2026-01-15 20:34:26,923 - FL_Main_spp_faker - INFO - Test Accuracy: 96.1100, Test Loss: 0.1348
2026-01-15 20:34:26,923 - FL_Main_spp_faker - INFO - === Round 21 Started ===
2026-01-15 20:34:26,923 - FL_Main_spp_faker - INFO - Participating clients: [39, 51, 85, 83, 47, 56, 66, 57, 15, 31]
2026-01-15 20:34:40,249 - FL_Main_spp_faker - INFO - === Round 21 Completed ===
2026-01-15 20:34:40,249 - FL_Main_spp_faker - INFO - Global Accuracy: 96.8800, Global Loss: 0.0973
2026-01-15 20:34:40,249 - FL_Main_spp_faker - INFO - Test Accuracy: 96.8800, Test Loss: 0.0973
2026-01-15 20:34:40,250 - FL_Main_spp_faker - INFO - === Round 22 Started ===
2026-01-15 20:34:40,250 - FL_Main_spp_faker - INFO - Participating clients: [28, 8, 43, 2, 75, 70, 29, 0, 9, 90]
2026-01-15 20:34:55,916 - FL_Main_spp_faker - INFO - === Round 22 Completed ===
2026-01-15 20:34:55,917 - FL_Main_spp_faker - INFO - Global Accuracy: 95.8700, Global Loss: 0.1522
2026-01-15 20:34:55,917 - FL_Main_spp_faker - INFO - Test Accuracy: 95.8700, Test Loss: 0.1522
2026-01-15 20:34:55,918 - FL_Main_spp_faker - INFO - === Round 23 Started ===
2026-01-15 20:34:55,918 - FL_Main_spp_faker - INFO - Participating clients: [80, 7, 29, 8, 4, 42, 9, 65, 30, 35]
2026-01-15 20:35:05,522 - FL_Main_spp_faker - INFO - === Round 23 Completed ===
2026-01-15 20:35:05,522 - FL_Main_spp_faker - INFO - Global Accuracy: 91.9300, Global Loss: 0.2533
2026-01-15 20:35:05,522 - FL_Main_spp_faker - INFO - Test Accuracy: 91.9300, Test Loss: 0.2533
2026-01-15 20:35:05,523 - FL_Main_spp_faker - INFO - === Round 24 Started ===
2026-01-15 20:35:05,523 - FL_Main_spp_faker - INFO - Participating clients: [85, 62, 27, 69, 16, 92, 73, 60, 31, 52]
2026-01-15 20:35:11,893 - FL_Main_spp_faker - INFO - === Round 24 Completed ===
2026-01-15 20:35:11,893 - FL_Main_spp_faker - INFO - Global Accuracy: 92.1700, Global Loss: 0.2606
2026-01-15 20:35:11,893 - FL_Main_spp_faker - INFO - Test Accuracy: 92.1700, Test Loss: 0.2606
2026-01-15 20:35:11,893 - FL_Main_spp_faker - INFO - === Round 25 Started ===
2026-01-15 20:35:11,893 - FL_Main_spp_faker - INFO - Participating clients: [24, 12, 84, 55, 45, 54, 52, 59, 93, 6]
2026-01-15 20:35:17,293 - FL_Main_spp_faker - INFO - === Round 25 Completed ===
2026-01-15 20:35:17,293 - FL_Main_spp_faker - INFO - Global Accuracy: 95.8100, Global Loss: 0.1463
2026-01-15 20:35:17,293 - FL_Main_spp_faker - INFO - Test Accuracy: 95.8100, Test Loss: 0.1463
2026-01-15 20:35:17,293 - FL_Main_spp_faker - INFO - === Round 26 Started ===
2026-01-15 20:35:17,293 - FL_Main_spp_faker - INFO - Participating clients: [86, 83, 82, 12, 7, 51, 93, 43, 13, 31]
2026-01-15 20:35:26,292 - FL_Main_spp_faker - INFO - === Round 26 Completed ===
2026-01-15 20:35:26,292 - FL_Main_spp_faker - INFO - Global Accuracy: 93.6800, Global Loss: 0.2085
2026-01-15 20:35:26,292 - FL_Main_spp_faker - INFO - Test Accuracy: 93.6800, Test Loss: 0.2085
2026-01-15 20:35:26,292 - FL_Main_spp_faker - INFO - === Round 27 Started ===
2026-01-15 20:35:26,292 - FL_Main_spp_faker - INFO - Participating clients: [24, 68, 57, 17, 54, 23, 35, 59, 31, 9]
2026-01-15 20:35:35,677 - FL_Main_spp_faker - INFO - === Round 27 Completed ===
2026-01-15 20:35:35,677 - FL_Main_spp_faker - INFO - Global Accuracy: 85.3800, Global Loss: 0.6812
2026-01-15 20:35:35,677 - FL_Main_spp_faker - INFO - Test Accuracy: 85.3800, Test Loss: 0.6812
2026-01-15 20:35:35,677 - FL_Main_spp_faker - INFO - === Round 28 Started ===
2026-01-15 20:35:35,677 - FL_Main_spp_faker - INFO - Participating clients: [56, 70, 12, 6, 83, 69, 1, 11, 96, 30]
2026-01-15 20:35:44,901 - FL_Main_spp_faker - INFO - === Round 28 Completed ===
2026-01-15 20:35:44,901 - FL_Main_spp_faker - INFO - Global Accuracy: 95.1400, Global Loss: 0.1600
2026-01-15 20:35:44,901 - FL_Main_spp_faker - INFO - Test Accuracy: 95.1400, Test Loss: 0.1600
2026-01-15 20:35:44,901 - FL_Main_spp_faker - INFO - === Round 29 Started ===
2026-01-15 20:35:44,901 - FL_Main_spp_faker - INFO - Participating clients: [21, 52, 62, 61, 27, 51, 7, 48, 0, 49]
2026-01-15 20:35:51,733 - FL_Main_spp_faker - INFO - === Round 29 Completed ===
2026-01-15 20:35:51,733 - FL_Main_spp_faker - INFO - Global Accuracy: 97.6800, Global Loss: 0.0778
2026-01-15 20:35:51,733 - FL_Main_spp_faker - INFO - Test Accuracy: 97.6800, Test Loss: 0.0778
2026-01-15 20:35:51,734 - FL_Main_spp_faker - INFO - === Round 30 Started ===
2026-01-15 20:35:51,734 - FL_Main_spp_faker - INFO - Participating clients: [33, 58, 36, 54, 89, 93, 71, 84, 91, 62]
2026-01-15 20:36:00,186 - FL_Main_spp_faker - INFO - === Round 30 Completed ===
2026-01-15 20:36:00,186 - FL_Main_spp_faker - INFO - Global Accuracy: 96.9200, Global Loss: 0.1033
2026-01-15 20:36:00,186 - FL_Main_spp_faker - INFO - Test Accuracy: 96.9200, Test Loss: 0.1033
2026-01-15 20:36:00,187 - FL_Main_spp_faker - INFO - Experiment completed
2026-01-15 20:36:00,194 - FL_Main_spp_faker - INFO - All logs saved to logs/spp_faker_20260115_202949
