2026-01-21 12:11:23,567 - FL_Defense_fltrust_none - INFO - Round 1: fltrust defense applied
2026-01-21 12:11:23,568 - FL_Defense_fltrust_none - INFO - Defense parameters: {'server_epochs': 5, 'server_lr': 0.01, 'cosine_threshold': 0.0, 'use_relu': True, 'clip_updates': True, 'use_statistical_filtering': True, 'std_threshold': 1.5}
2026-01-21 12:11:49,108 - FL_Defense_fltrust_none - INFO - Round 2: fltrust defense applied
2026-01-21 12:11:49,109 - FL_Defense_fltrust_none - INFO - Defense parameters: {'server_epochs': 5, 'server_lr': 0.01, 'cosine_threshold': 0.0, 'use_relu': True, 'clip_updates': True, 'use_statistical_filtering': True, 'std_threshold': 1.5}
2026-01-21 12:12:12,743 - FL_Defense_fltrust_none - INFO - Round 3: fltrust defense applied
2026-01-21 12:12:12,744 - FL_Defense_fltrust_none - INFO - Defense parameters: {'server_epochs': 5, 'server_lr': 0.01, 'cosine_threshold': 0.0, 'use_relu': True, 'clip_updates': True, 'use_statistical_filtering': True, 'std_threshold': 1.5}
2026-01-21 12:12:38,047 - FL_Defense_fltrust_none - INFO - Round 4: fltrust defense applied
2026-01-21 12:12:38,047 - FL_Defense_fltrust_none - INFO - Defense parameters: {'server_epochs': 5, 'server_lr': 0.01, 'cosine_threshold': 0.0, 'use_relu': True, 'clip_updates': True, 'use_statistical_filtering': True, 'std_threshold': 1.5}
2026-01-21 12:13:00,701 - FL_Defense_fltrust_none - INFO - Round 5: fltrust defense applied
2026-01-21 12:13:00,702 - FL_Defense_fltrust_none - INFO - Defense parameters: {'server_epochs': 5, 'server_lr': 0.01, 'cosine_threshold': 0.0, 'use_relu': True, 'clip_updates': True, 'use_statistical_filtering': True, 'std_threshold': 1.5}
2026-01-21 12:13:27,655 - FL_Defense_fltrust_none - INFO - Round 6: fltrust defense applied
2026-01-21 12:13:27,655 - FL_Defense_fltrust_none - INFO - Defense parameters: {'server_epochs': 5, 'server_lr': 0.01, 'cosine_threshold': 0.0, 'use_relu': True, 'clip_updates': True, 'use_statistical_filtering': True, 'std_threshold': 1.5}
2026-01-21 12:13:52,553 - FL_Defense_fltrust_none - INFO - Round 7: fltrust defense applied
2026-01-21 12:13:52,554 - FL_Defense_fltrust_none - INFO - Defense parameters: {'server_epochs': 5, 'server_lr': 0.01, 'cosine_threshold': 0.0, 'use_relu': True, 'clip_updates': True, 'use_statistical_filtering': True, 'std_threshold': 1.5}
2026-01-21 12:14:17,330 - FL_Defense_fltrust_none - INFO - Round 8: fltrust defense applied
2026-01-21 12:14:17,330 - FL_Defense_fltrust_none - INFO - Defense parameters: {'server_epochs': 5, 'server_lr': 0.01, 'cosine_threshold': 0.0, 'use_relu': True, 'clip_updates': True, 'use_statistical_filtering': True, 'std_threshold': 1.5}
2026-01-21 12:14:41,636 - FL_Defense_fltrust_none - INFO - Round 9: fltrust defense applied
2026-01-21 12:14:41,637 - FL_Defense_fltrust_none - INFO - Defense parameters: {'server_epochs': 5, 'server_lr': 0.01, 'cosine_threshold': 0.0, 'use_relu': True, 'clip_updates': True, 'use_statistical_filtering': True, 'std_threshold': 1.5}
2026-01-21 12:15:06,452 - FL_Defense_fltrust_none - INFO - Round 10: fltrust defense applied
2026-01-21 12:15:06,452 - FL_Defense_fltrust_none - INFO - Defense parameters: {'server_epochs': 5, 'server_lr': 0.01, 'cosine_threshold': 0.0, 'use_relu': True, 'clip_updates': True, 'use_statistical_filtering': True, 'std_threshold': 1.5}
2026-01-21 12:15:31,547 - FL_Defense_fltrust_none - INFO - Round 11: fltrust defense applied
2026-01-21 12:15:31,547 - FL_Defense_fltrust_none - INFO - Defense parameters: {'server_epochs': 5, 'server_lr': 0.01, 'cosine_threshold': 0.0, 'use_relu': True, 'clip_updates': True, 'use_statistical_filtering': True, 'std_threshold': 1.5}
2026-01-21 12:15:57,877 - FL_Defense_fltrust_none - INFO - Round 12: fltrust defense applied
2026-01-21 12:15:57,888 - FL_Defense_fltrust_none - INFO - Defense parameters: {'server_epochs': 5, 'server_lr': 0.01, 'cosine_threshold': 0.0, 'use_relu': True, 'clip_updates': True, 'use_statistical_filtering': True, 'std_threshold': 1.5}
2026-01-21 12:16:23,589 - FL_Defense_fltrust_none - INFO - Round 13: fltrust defense applied
2026-01-21 12:16:23,589 - FL_Defense_fltrust_none - INFO - Defense parameters: {'server_epochs': 5, 'server_lr': 0.01, 'cosine_threshold': 0.0, 'use_relu': True, 'clip_updates': True, 'use_statistical_filtering': True, 'std_threshold': 1.5}
2026-01-21 12:16:48,608 - FL_Defense_fltrust_none - INFO - Round 14: fltrust defense applied
2026-01-21 12:16:48,609 - FL_Defense_fltrust_none - INFO - Defense parameters: {'server_epochs': 5, 'server_lr': 0.01, 'cosine_threshold': 0.0, 'use_relu': True, 'clip_updates': True, 'use_statistical_filtering': True, 'std_threshold': 1.5}
2026-01-21 12:17:15,938 - FL_Defense_fltrust_none - INFO - Round 15: fltrust defense applied
2026-01-21 12:17:15,938 - FL_Defense_fltrust_none - INFO - Defense parameters: {'server_epochs': 5, 'server_lr': 0.01, 'cosine_threshold': 0.0, 'use_relu': True, 'clip_updates': True, 'use_statistical_filtering': True, 'std_threshold': 1.5}
2026-01-21 12:17:41,232 - FL_Defense_fltrust_none - INFO - Round 16: fltrust defense applied
2026-01-21 12:17:41,232 - FL_Defense_fltrust_none - INFO - Defense parameters: {'server_epochs': 5, 'server_lr': 0.01, 'cosine_threshold': 0.0, 'use_relu': True, 'clip_updates': True, 'use_statistical_filtering': True, 'std_threshold': 1.5}
2026-01-21 12:18:09,335 - FL_Defense_fltrust_none - INFO - Round 17: fltrust defense applied
2026-01-21 12:18:09,335 - FL_Defense_fltrust_none - INFO - Defense parameters: {'server_epochs': 5, 'server_lr': 0.01, 'cosine_threshold': 0.0, 'use_relu': True, 'clip_updates': True, 'use_statistical_filtering': True, 'std_threshold': 1.5}
2026-01-21 12:18:35,442 - FL_Defense_fltrust_none - INFO - Round 18: fltrust defense applied
2026-01-21 12:18:35,442 - FL_Defense_fltrust_none - INFO - Defense parameters: {'server_epochs': 5, 'server_lr': 0.01, 'cosine_threshold': 0.0, 'use_relu': True, 'clip_updates': True, 'use_statistical_filtering': True, 'std_threshold': 1.5}
2026-01-21 12:19:00,788 - FL_Defense_fltrust_none - INFO - Round 19: fltrust defense applied
2026-01-21 12:19:00,788 - FL_Defense_fltrust_none - INFO - Defense parameters: {'server_epochs': 5, 'server_lr': 0.01, 'cosine_threshold': 0.0, 'use_relu': True, 'clip_updates': True, 'use_statistical_filtering': True, 'std_threshold': 1.5}
2026-01-21 12:19:27,110 - FL_Defense_fltrust_none - INFO - Round 20: fltrust defense applied
2026-01-21 12:19:27,110 - FL_Defense_fltrust_none - INFO - Defense parameters: {'server_epochs': 5, 'server_lr': 0.01, 'cosine_threshold': 0.0, 'use_relu': True, 'clip_updates': True, 'use_statistical_filtering': True, 'std_threshold': 1.5}
2026-01-21 12:19:53,289 - FL_Defense_fltrust_none - INFO - Round 21: fltrust defense applied
2026-01-21 12:19:53,289 - FL_Defense_fltrust_none - INFO - Defense parameters: {'server_epochs': 5, 'server_lr': 0.01, 'cosine_threshold': 0.0, 'use_relu': True, 'clip_updates': True, 'use_statistical_filtering': True, 'std_threshold': 1.5}
2026-01-21 12:20:24,372 - FL_Defense_fltrust_none - INFO - Round 22: fltrust defense applied
2026-01-21 12:20:24,372 - FL_Defense_fltrust_none - INFO - Defense parameters: {'server_epochs': 5, 'server_lr': 0.01, 'cosine_threshold': 0.0, 'use_relu': True, 'clip_updates': True, 'use_statistical_filtering': True, 'std_threshold': 1.5}
2026-01-21 12:20:47,095 - FL_Defense_fltrust_none - INFO - Round 23: fltrust defense applied
2026-01-21 12:20:47,095 - FL_Defense_fltrust_none - INFO - Defense parameters: {'server_epochs': 5, 'server_lr': 0.01, 'cosine_threshold': 0.0, 'use_relu': True, 'clip_updates': True, 'use_statistical_filtering': True, 'std_threshold': 1.5}
2026-01-21 12:21:12,104 - FL_Defense_fltrust_none - INFO - Round 24: fltrust defense applied - Rejected clients: [15]
2026-01-21 12:21:12,105 - FL_Defense_fltrust_none - INFO - Defense parameters: {'server_epochs': 5, 'server_lr': 0.01, 'cosine_threshold': 0.0, 'use_relu': True, 'clip_updates': True, 'use_statistical_filtering': True, 'std_threshold': 1.5}
2026-01-21 12:21:44,933 - FL_Defense_fltrust_none - INFO - Round 25: fltrust defense applied - Rejected clients: [29]
2026-01-21 12:21:44,933 - FL_Defense_fltrust_none - INFO - Defense parameters: {'server_epochs': 5, 'server_lr': 0.01, 'cosine_threshold': 0.0, 'use_relu': True, 'clip_updates': True, 'use_statistical_filtering': True, 'std_threshold': 1.5}
2026-01-21 12:22:07,348 - FL_Defense_fltrust_none - INFO - Round 26: fltrust defense applied - Rejected clients: [29, 35, 62]
2026-01-21 12:22:07,348 - FL_Defense_fltrust_none - INFO - Defense parameters: {'server_epochs': 5, 'server_lr': 0.01, 'cosine_threshold': 0.0, 'use_relu': True, 'clip_updates': True, 'use_statistical_filtering': True, 'std_threshold': 1.5}
2026-01-21 12:22:29,709 - FL_Defense_fltrust_none - INFO - Round 27: fltrust defense applied
2026-01-21 12:22:29,709 - FL_Defense_fltrust_none - INFO - Defense parameters: {'server_epochs': 5, 'server_lr': 0.01, 'cosine_threshold': 0.0, 'use_relu': True, 'clip_updates': True, 'use_statistical_filtering': True, 'std_threshold': 1.5}
2026-01-21 12:22:51,834 - FL_Defense_fltrust_none - INFO - Round 28: fltrust defense applied
2026-01-21 12:22:51,834 - FL_Defense_fltrust_none - INFO - Defense parameters: {'server_epochs': 5, 'server_lr': 0.01, 'cosine_threshold': 0.0, 'use_relu': True, 'clip_updates': True, 'use_statistical_filtering': True, 'std_threshold': 1.5}
2026-01-21 12:23:16,933 - FL_Defense_fltrust_none - INFO - Round 29: fltrust defense applied - Rejected clients: [51, 31]
2026-01-21 12:23:16,933 - FL_Defense_fltrust_none - INFO - Defense parameters: {'server_epochs': 5, 'server_lr': 0.01, 'cosine_threshold': 0.0, 'use_relu': True, 'clip_updates': True, 'use_statistical_filtering': True, 'std_threshold': 1.5}
2026-01-21 12:23:38,481 - FL_Defense_fltrust_none - INFO - Round 30: fltrust defense applied - Rejected clients: [31]
2026-01-21 12:23:38,481 - FL_Defense_fltrust_none - INFO - Defense parameters: {'server_epochs': 5, 'server_lr': 0.01, 'cosine_threshold': 0.0, 'use_relu': True, 'clip_updates': True, 'use_statistical_filtering': True, 'std_threshold': 1.5}
