2026-01-21 11:33:38,626 - FL_Main_baseline_la - INFO - Experiment Configuration: {
  "experiment_name": "baseline_la",
  "random_seed": 42,
  "dataset": {
    "type": "cifar",
    "data_dir": "./data",
    "num_classes": 10,
    "partition_type": "iid"
  },
  "model": {
    "type": "lenet",
    "num_classes": 10
  },
  "federated_learning": {
    "num_rounds": 30,
    "num_clients": 100,
    "client_participation_rate": 0.1,
    "learning_rate": 0.01,
    "local_epochs": 2,
    "batch_size": 32
  },
  "server": {
    "data_size": 100
  },
  "attack": {
    "type": "la",
    "num_malicious_clients": 20,
    "params": {
      "target_norm_ratio": 10.0,
      "max_iterations": 100
    }
  },
  "defense": {
    "type": "none"
  }
}
2026-01-21 11:33:38,627 - FL_Main_baseline_la - INFO - Using device: cpu
2026-01-21 11:34:01,251 - FL_Main_baseline_la - INFO - Data partitioned among 100 clients
2026-01-21 11:34:01,258 - FL_Main_baseline_la - INFO - Model initialized: lenet
2026-01-21 11:34:01,260 - FL_Main_baseline_la - INFO - Server initialized with defense: none
2026-01-21 11:34:01,591 - FL_Main_baseline_la - INFO - Created 100 clients (20 malicious)
2026-01-21 11:34:01,592 - FL_Main_baseline_la - INFO - Experiment setup completed
2026-01-21 11:34:01,592 - FL_Main_baseline_la - INFO - Starting experiment with 30 rounds
2026-01-21 11:34:01,592 - FL_Main_baseline_la - INFO - === Round 1 Started ===
2026-01-21 11:34:01,592 - FL_Main_baseline_la - INFO - Participating clients: [25, 91, 83, 89, 69, 53, 28, 57, 75, 35]
2026-01-21 11:34:25,200 - FL_Main_baseline_la - INFO - === Round 1 Completed ===
2026-01-21 11:34:25,201 - FL_Main_baseline_la - INFO - Global Accuracy: 6.6700, Global Loss: 3.4095
2026-01-21 11:34:25,201 - FL_Main_baseline_la - INFO - Test Accuracy: 6.6700, Test Loss: 3.4095
2026-01-21 11:34:25,202 - FL_Main_baseline_la - INFO - === Round 2 Started ===
2026-01-21 11:34:25,202 - FL_Main_baseline_la - INFO - Participating clients: [0, 97, 20, 89, 54, 43, 35, 19, 27, 13]
2026-01-21 11:34:50,114 - FL_Main_baseline_la - INFO - === Round 2 Completed ===
2026-01-21 11:34:50,114 - FL_Main_baseline_la - INFO - Global Accuracy: 8.1900, Global Loss: 50.2948
2026-01-21 11:34:50,115 - FL_Main_baseline_la - INFO - Test Accuracy: 8.1900, Test Loss: 50.2948
2026-01-21 11:34:50,116 - FL_Main_baseline_la - INFO - === Round 3 Started ===
2026-01-21 11:34:50,117 - FL_Main_baseline_la - INFO - Participating clients: [11, 48, 12, 45, 44, 77, 33, 5, 93, 58]
2026-01-21 11:35:13,988 - FL_Main_baseline_la - INFO - === Round 3 Completed ===
2026-01-21 11:35:13,988 - FL_Main_baseline_la - INFO - Global Accuracy: 7.9100, Global Loss: 67.8955
2026-01-21 11:35:13,989 - FL_Main_baseline_la - INFO - Test Accuracy: 7.9100, Test Loss: 67.8955
2026-01-21 11:35:13,990 - FL_Main_baseline_la - INFO - === Round 4 Started ===
2026-01-21 11:35:13,991 - FL_Main_baseline_la - INFO - Participating clients: [68, 15, 48, 10, 70, 37, 80, 79, 46, 73]
2026-01-21 11:35:37,998 - FL_Main_baseline_la - INFO - === Round 4 Completed ===
2026-01-21 11:35:37,998 - FL_Main_baseline_la - INFO - Global Accuracy: 10.0000, Global Loss: 2.3103
2026-01-21 11:35:37,998 - FL_Main_baseline_la - INFO - Test Accuracy: 10.0000, Test Loss: 2.3103
2026-01-21 11:35:37,999 - FL_Main_baseline_la - INFO - === Round 5 Started ===
2026-01-21 11:35:37,999 - FL_Main_baseline_la - INFO - Participating clients: [24, 90, 8, 5, 84, 29, 98, 37, 10, 12]
2026-01-21 11:36:00,834 - FL_Main_baseline_la - INFO - === Round 5 Completed ===
2026-01-21 11:36:00,835 - FL_Main_baseline_la - INFO - Global Accuracy: 8.2800, Global Loss: 96.2850
2026-01-21 11:36:00,835 - FL_Main_baseline_la - INFO - Test Accuracy: 8.2800, Test Loss: 96.2850
2026-01-21 11:36:00,836 - FL_Main_baseline_la - INFO - === Round 6 Started ===
2026-01-21 11:36:00,836 - FL_Main_baseline_la - INFO - Participating clients: [48, 35, 58, 81, 46, 20, 47, 45, 26, 85]
2026-01-21 11:36:24,282 - FL_Main_baseline_la - INFO - === Round 6 Completed ===
2026-01-21 11:36:24,282 - FL_Main_baseline_la - INFO - Global Accuracy: 11.1000, Global Loss: 130109.6719
2026-01-21 11:36:24,283 - FL_Main_baseline_la - INFO - Test Accuracy: 11.1000, Test Loss: 130109.6719
2026-01-21 11:36:24,284 - FL_Main_baseline_la - INFO - === Round 7 Started ===
2026-01-21 11:36:24,284 - FL_Main_baseline_la - INFO - Participating clients: [34, 89, 87, 82, 9, 77, 81, 21, 68, 93]
2026-01-21 11:36:48,003 - FL_Main_baseline_la - INFO - === Round 7 Completed ===
2026-01-21 11:36:48,004 - FL_Main_baseline_la - INFO - Global Accuracy: 10.0000, Global Loss: nan
2026-01-21 11:36:48,006 - FL_Main_baseline_la - INFO - Test Accuracy: 10.0000, Test Loss: nan
2026-01-21 11:36:48,007 - FL_Main_baseline_la - INFO - === Round 8 Started ===
2026-01-21 11:36:48,007 - FL_Main_baseline_la - INFO - Participating clients: [31, 20, 59, 48, 34, 81, 88, 71, 28, 87]
2026-01-21 11:37:11,407 - FL_Main_baseline_la - INFO - === Round 8 Completed ===
2026-01-21 11:37:11,408 - FL_Main_baseline_la - INFO - Global Accuracy: 10.0000, Global Loss: nan
2026-01-21 11:37:11,408 - FL_Main_baseline_la - INFO - Test Accuracy: 10.0000, Test Loss: nan
2026-01-21 11:37:11,409 - FL_Main_baseline_la - INFO - === Round 9 Started ===
2026-01-21 11:37:11,409 - FL_Main_baseline_la - INFO - Participating clients: [41, 98, 99, 7, 29, 4, 40, 51, 34, 8]
2026-01-21 11:37:36,493 - FL_Main_baseline_la - INFO - === Round 9 Completed ===
2026-01-21 11:37:36,494 - FL_Main_baseline_la - INFO - Global Accuracy: 10.0000, Global Loss: nan
2026-01-21 11:37:36,494 - FL_Main_baseline_la - INFO - Test Accuracy: 10.0000, Test Loss: nan
2026-01-21 11:37:36,495 - FL_Main_baseline_la - INFO - === Round 10 Started ===
2026-01-21 11:37:36,495 - FL_Main_baseline_la - INFO - Participating clients: [27, 72, 91, 40, 83, 63, 50, 82, 58, 18]
2026-01-21 11:38:00,042 - FL_Main_baseline_la - INFO - === Round 10 Completed ===
2026-01-21 11:38:00,042 - FL_Main_baseline_la - INFO - Global Accuracy: 10.0000, Global Loss: nan
2026-01-21 11:38:00,043 - FL_Main_baseline_la - INFO - Test Accuracy: 10.0000, Test Loss: nan
2026-01-21 11:38:00,044 - FL_Main_baseline_la - INFO - === Round 11 Started ===
2026-01-21 11:38:00,044 - FL_Main_baseline_la - INFO - Participating clients: [33, 17, 31, 95, 71, 68, 74, 54, 51, 46]
2026-01-21 11:38:24,624 - FL_Main_baseline_la - INFO - === Round 11 Completed ===
2026-01-21 11:38:24,625 - FL_Main_baseline_la - INFO - Global Accuracy: 10.0000, Global Loss: nan
2026-01-21 11:38:24,625 - FL_Main_baseline_la - INFO - Test Accuracy: 10.0000, Test Loss: nan
2026-01-21 11:38:24,626 - FL_Main_baseline_la - INFO - === Round 12 Started ===
2026-01-21 11:38:24,626 - FL_Main_baseline_la - INFO - Participating clients: [28, 17, 65, 63, 11, 96, 6, 14, 19, 80]
2026-01-21 11:38:50,483 - FL_Main_baseline_la - INFO - === Round 12 Completed ===
2026-01-21 11:38:50,483 - FL_Main_baseline_la - INFO - Global Accuracy: 10.0000, Global Loss: nan
2026-01-21 11:38:50,483 - FL_Main_baseline_la - INFO - Test Accuracy: 10.0000, Test Loss: nan
2026-01-21 11:38:50,485 - FL_Main_baseline_la - INFO - === Round 13 Started ===
2026-01-21 11:38:50,485 - FL_Main_baseline_la - INFO - Participating clients: [20, 87, 54, 76, 8, 49, 48, 59, 67, 32]
2026-01-21 11:39:17,881 - FL_Main_baseline_la - INFO - === Round 13 Completed ===
2026-01-21 11:39:17,883 - FL_Main_baseline_la - INFO - Global Accuracy: 10.0000, Global Loss: nan
2026-01-21 11:39:17,883 - FL_Main_baseline_la - INFO - Test Accuracy: 10.0000, Test Loss: nan
2026-01-21 11:39:17,884 - FL_Main_baseline_la - INFO - === Round 14 Started ===
2026-01-21 11:39:17,884 - FL_Main_baseline_la - INFO - Participating clients: [70, 1, 87, 92, 14, 68, 96, 34, 98, 82]
2026-01-21 11:39:41,644 - FL_Main_baseline_la - INFO - === Round 14 Completed ===
2026-01-21 11:39:41,645 - FL_Main_baseline_la - INFO - Global Accuracy: 10.0000, Global Loss: nan
2026-01-21 11:39:41,645 - FL_Main_baseline_la - INFO - Test Accuracy: 10.0000, Test Loss: nan
2026-01-21 11:39:41,646 - FL_Main_baseline_la - INFO - === Round 15 Started ===
2026-01-21 11:39:41,646 - FL_Main_baseline_la - INFO - Participating clients: [43, 14, 37, 55, 20, 58, 0, 92, 33, 64]
2026-01-21 11:40:03,238 - FL_Main_baseline_la - INFO - === Round 15 Completed ===
2026-01-21 11:40:03,238 - FL_Main_baseline_la - INFO - Global Accuracy: 10.0000, Global Loss: nan
2026-01-21 11:40:03,238 - FL_Main_baseline_la - INFO - Test Accuracy: 10.0000, Test Loss: nan
2026-01-21 11:40:03,239 - FL_Main_baseline_la - INFO - === Round 16 Started ===
2026-01-21 11:40:03,240 - FL_Main_baseline_la - INFO - Participating clients: [97, 22, 64, 13, 80, 38, 81, 77, 25, 19]
2026-01-21 11:40:27,200 - FL_Main_baseline_la - INFO - === Round 16 Completed ===
2026-01-21 11:40:27,201 - FL_Main_baseline_la - INFO - Global Accuracy: 10.0000, Global Loss: nan
2026-01-21 11:40:27,201 - FL_Main_baseline_la - INFO - Test Accuracy: 10.0000, Test Loss: nan
2026-01-21 11:40:27,203 - FL_Main_baseline_la - INFO - === Round 17 Started ===
2026-01-21 11:40:27,203 - FL_Main_baseline_la - INFO - Participating clients: [47, 97, 20, 69, 99, 67, 0, 76, 41, 62]
2026-01-21 11:40:52,202 - FL_Main_baseline_la - INFO - === Round 17 Completed ===
2026-01-21 11:40:52,203 - FL_Main_baseline_la - INFO - Global Accuracy: 10.0000, Global Loss: nan
2026-01-21 11:40:52,203 - FL_Main_baseline_la - INFO - Test Accuracy: 10.0000, Test Loss: nan
2026-01-21 11:40:52,204 - FL_Main_baseline_la - INFO - === Round 18 Started ===
2026-01-21 11:40:52,204 - FL_Main_baseline_la - INFO - Participating clients: [2, 14, 46, 39, 30, 7, 72, 10, 93, 62]
2026-01-21 11:41:16,503 - FL_Main_baseline_la - INFO - === Round 18 Completed ===
2026-01-21 11:41:16,504 - FL_Main_baseline_la - INFO - Global Accuracy: 10.0000, Global Loss: nan
2026-01-21 11:41:16,504 - FL_Main_baseline_la - INFO - Test Accuracy: 10.0000, Test Loss: nan
2026-01-21 11:41:16,506 - FL_Main_baseline_la - INFO - === Round 19 Started ===
2026-01-21 11:41:16,506 - FL_Main_baseline_la - INFO - Participating clients: [8, 97, 68, 98, 16, 84, 60, 70, 21, 33]
2026-01-21 11:41:40,531 - FL_Main_baseline_la - INFO - === Round 19 Completed ===
2026-01-21 11:41:40,531 - FL_Main_baseline_la - INFO - Global Accuracy: 10.0000, Global Loss: nan
2026-01-21 11:41:40,532 - FL_Main_baseline_la - INFO - Test Accuracy: 10.0000, Test Loss: nan
2026-01-21 11:41:40,532 - FL_Main_baseline_la - INFO - === Round 20 Started ===
2026-01-21 11:41:40,533 - FL_Main_baseline_la - INFO - Participating clients: [67, 77, 54, 27, 69, 96, 93, 88, 25, 91]
2026-01-21 11:42:03,149 - FL_Main_baseline_la - INFO - === Round 20 Completed ===
2026-01-21 11:42:03,150 - FL_Main_baseline_la - INFO - Global Accuracy: 10.0000, Global Loss: nan
2026-01-21 11:42:03,150 - FL_Main_baseline_la - INFO - Test Accuracy: 10.0000, Test Loss: nan
2026-01-21 11:42:03,151 - FL_Main_baseline_la - INFO - === Round 21 Started ===
2026-01-21 11:42:03,151 - FL_Main_baseline_la - INFO - Participating clients: [39, 51, 85, 83, 47, 56, 66, 57, 15, 31]
2026-01-21 11:42:25,927 - FL_Main_baseline_la - INFO - === Round 21 Completed ===
2026-01-21 11:42:25,928 - FL_Main_baseline_la - INFO - Global Accuracy: 10.0000, Global Loss: nan
2026-01-21 11:42:25,928 - FL_Main_baseline_la - INFO - Test Accuracy: 10.0000, Test Loss: nan
2026-01-21 11:42:25,930 - FL_Main_baseline_la - INFO - === Round 22 Started ===
2026-01-21 11:42:25,930 - FL_Main_baseline_la - INFO - Participating clients: [28, 8, 43, 2, 75, 70, 29, 0, 9, 90]
2026-01-21 11:42:50,152 - FL_Main_baseline_la - INFO - === Round 22 Completed ===
2026-01-21 11:42:50,152 - FL_Main_baseline_la - INFO - Global Accuracy: 10.0000, Global Loss: nan
2026-01-21 11:42:50,152 - FL_Main_baseline_la - INFO - Test Accuracy: 10.0000, Test Loss: nan
2026-01-21 11:42:50,153 - FL_Main_baseline_la - INFO - === Round 23 Started ===
2026-01-21 11:42:50,153 - FL_Main_baseline_la - INFO - Participating clients: [80, 7, 29, 8, 4, 42, 9, 65, 30, 35]
2026-01-21 11:43:13,069 - FL_Main_baseline_la - INFO - === Round 23 Completed ===
2026-01-21 11:43:13,069 - FL_Main_baseline_la - INFO - Global Accuracy: 10.0000, Global Loss: nan
2026-01-21 11:43:13,069 - FL_Main_baseline_la - INFO - Test Accuracy: 10.0000, Test Loss: nan
2026-01-21 11:43:13,071 - FL_Main_baseline_la - INFO - === Round 24 Started ===
2026-01-21 11:43:13,071 - FL_Main_baseline_la - INFO - Participating clients: [85, 62, 27, 69, 16, 92, 73, 60, 31, 52]
2026-01-21 11:43:37,717 - FL_Main_baseline_la - INFO - === Round 24 Completed ===
2026-01-21 11:43:37,717 - FL_Main_baseline_la - INFO - Global Accuracy: 10.0000, Global Loss: nan
2026-01-21 11:43:37,718 - FL_Main_baseline_la - INFO - Test Accuracy: 10.0000, Test Loss: nan
2026-01-21 11:43:37,719 - FL_Main_baseline_la - INFO - === Round 25 Started ===
2026-01-21 11:43:37,719 - FL_Main_baseline_la - INFO - Participating clients: [24, 12, 84, 55, 45, 54, 52, 59, 93, 6]
2026-01-21 11:44:01,467 - FL_Main_baseline_la - INFO - === Round 25 Completed ===
2026-01-21 11:44:01,467 - FL_Main_baseline_la - INFO - Global Accuracy: 10.0000, Global Loss: nan
2026-01-21 11:44:01,467 - FL_Main_baseline_la - INFO - Test Accuracy: 10.0000, Test Loss: nan
2026-01-21 11:44:01,468 - FL_Main_baseline_la - INFO - === Round 26 Started ===
2026-01-21 11:44:01,469 - FL_Main_baseline_la - INFO - Participating clients: [86, 83, 82, 12, 7, 51, 93, 43, 13, 31]
2026-01-21 11:44:25,417 - FL_Main_baseline_la - INFO - === Round 26 Completed ===
2026-01-21 11:44:25,418 - FL_Main_baseline_la - INFO - Global Accuracy: 10.0000, Global Loss: nan
2026-01-21 11:44:25,418 - FL_Main_baseline_la - INFO - Test Accuracy: 10.0000, Test Loss: nan
2026-01-21 11:44:25,419 - FL_Main_baseline_la - INFO - === Round 27 Started ===
2026-01-21 11:44:25,419 - FL_Main_baseline_la - INFO - Participating clients: [24, 68, 57, 17, 54, 23, 35, 59, 31, 9]
2026-01-21 11:44:51,415 - FL_Main_baseline_la - INFO - === Round 27 Completed ===
2026-01-21 11:44:51,416 - FL_Main_baseline_la - INFO - Global Accuracy: 10.0000, Global Loss: nan
2026-01-21 11:44:51,416 - FL_Main_baseline_la - INFO - Test Accuracy: 10.0000, Test Loss: nan
2026-01-21 11:44:51,417 - FL_Main_baseline_la - INFO - === Round 28 Started ===
2026-01-21 11:44:51,417 - FL_Main_baseline_la - INFO - Participating clients: [56, 70, 12, 6, 83, 69, 1, 11, 96, 30]
2026-01-21 11:45:16,244 - FL_Main_baseline_la - INFO - === Round 28 Completed ===
2026-01-21 11:45:16,244 - FL_Main_baseline_la - INFO - Global Accuracy: 10.0000, Global Loss: nan
2026-01-21 11:45:16,244 - FL_Main_baseline_la - INFO - Test Accuracy: 10.0000, Test Loss: nan
2026-01-21 11:45:16,245 - FL_Main_baseline_la - INFO - === Round 29 Started ===
2026-01-21 11:45:16,246 - FL_Main_baseline_la - INFO - Participating clients: [21, 52, 62, 61, 27, 51, 7, 48, 0, 49]
2026-01-21 11:45:39,805 - FL_Main_baseline_la - INFO - === Round 29 Completed ===
2026-01-21 11:45:39,806 - FL_Main_baseline_la - INFO - Global Accuracy: 10.0000, Global Loss: nan
2026-01-21 11:45:39,806 - FL_Main_baseline_la - INFO - Test Accuracy: 10.0000, Test Loss: nan
2026-01-21 11:45:39,807 - FL_Main_baseline_la - INFO - === Round 30 Started ===
2026-01-21 11:45:39,807 - FL_Main_baseline_la - INFO - Participating clients: [33, 58, 36, 54, 89, 93, 71, 84, 91, 62]
2026-01-21 11:46:03,234 - FL_Main_baseline_la - INFO - === Round 30 Completed ===
2026-01-21 11:46:03,234 - FL_Main_baseline_la - INFO - Global Accuracy: 10.0000, Global Loss: nan
2026-01-21 11:46:03,234 - FL_Main_baseline_la - INFO - Test Accuracy: 10.0000, Test Loss: nan
2026-01-21 11:46:03,235 - FL_Main_baseline_la - INFO - Experiment completed
2026-01-21 11:46:03,253 - FL_Main_baseline_la - INFO - All logs saved to logs/baseline_la_20260121_113338
