2026-01-15 20:46:29,647 - FL_Attack_krum_mb - INFO - Round 1: mb attack by clients [69, 28, 75, 35] - Success: False
2026-01-15 20:46:29,647 - FL_Attack_krum_mb - INFO - Attack parameters: {'scaling_min': -100.0, 'scaling_max': 100.0, 'num_steps': 200}
2026-01-15 20:46:29,647 - FL_Attack_krum_mb - INFO - Similarity metrics: {'l2_ratio': 9.999333381652832, 'euclidean_distance': 98.39203643798828, 'cosine_similarity': -0.9995688199996948, 'correlation': -0.9995682835578918, 'l2_norm1': 89.44999694824219, 'l2_norm2': 8.945595741271973}
2026-01-15 20:46:34,199 - FL_Attack_krum_mb - INFO - Round 2: mb attack by clients [54, 35, 27, 13] - Success: False
2026-01-15 20:46:34,200 - FL_Attack_krum_mb - INFO - Attack parameters: {'scaling_min': -100.0, 'scaling_max': 100.0, 'num_steps': 200}
2026-01-15 20:46:34,200 - FL_Attack_krum_mb - INFO - Similarity metrics: {'l2_ratio': 10.004796028137207, 'euclidean_distance': 103.5140380859375, 'cosine_similarity': -0.997980535030365, 'correlation': -0.9979789853096008, 'l2_norm1': 94.12344360351562, 'l2_norm2': 9.407832145690918}
2026-01-15 20:46:39,375 - FL_Attack_krum_mb - INFO - Round 3: mb attack by clients [11, 77] - Success: False
2026-01-15 20:46:39,376 - FL_Attack_krum_mb - INFO - Attack parameters: {'scaling_min': -100.0, 'scaling_max': 100.0, 'num_steps': 200}
2026-01-15 20:46:39,376 - FL_Attack_krum_mb - INFO - Similarity metrics: {'l2_ratio': 10.031231880187988, 'euclidean_distance': 106.76764678955078, 'cosine_similarity': -0.9937610030174255, 'correlation': -0.993759036064148, 'l2_norm1': 97.1389389038086, 'l2_norm2': 9.683650016784668}
2026-01-15 20:46:49,239 - FL_Attack_krum_mb - INFO - Round 5: mb attack by clients [29] - Success: False
2026-01-15 20:46:49,240 - FL_Attack_krum_mb - INFO - Attack parameters: {'scaling_min': -100.0, 'scaling_max': 100.0, 'num_steps': 200}
2026-01-15 20:46:49,240 - FL_Attack_krum_mb - INFO - Similarity metrics: {'l2_ratio': 9.970254898071289, 'euclidean_distance': 109.836669921875, 'cosine_similarity': -0.9948979616165161, 'correlation': -0.9948967695236206, 'l2_norm1': 99.86670684814453, 'l2_norm2': 10.016465187072754}
2026-01-15 20:46:55,295 - FL_Attack_krum_mb - INFO - Round 6: mb attack by clients [35, 81] - Success: False
2026-01-15 20:46:55,295 - FL_Attack_krum_mb - INFO - Attack parameters: {'scaling_min': -100.0, 'scaling_max': 100.0, 'num_steps': 200}
2026-01-15 20:46:55,295 - FL_Attack_krum_mb - INFO - Similarity metrics: {'l2_ratio': 10.161365509033203, 'euclidean_distance': 113.51414489746094, 'cosine_similarity': -0.9909393787384033, 'correlation': -0.9909910559654236, 'l2_norm1': 103.42031860351562, 'l2_norm2': 10.177797317504883}
2026-01-15 20:47:01,457 - FL_Attack_krum_mb - INFO - Round 7: mb attack by clients [77, 81] - Success: False
2026-01-15 20:47:01,458 - FL_Attack_krum_mb - INFO - Attack parameters: {'scaling_min': -100.0, 'scaling_max': 100.0, 'num_steps': 200}
2026-01-15 20:47:01,458 - FL_Attack_krum_mb - INFO - Similarity metrics: {'l2_ratio': 10.106771469116211, 'euclidean_distance': 113.76521301269531, 'cosine_similarity': -0.9945363402366638, 'correlation': -0.9945363402366638, 'l2_norm1': 103.56876373291016, 'l2_norm2': 10.247462272644043}
2026-01-15 20:47:09,461 - FL_Attack_krum_mb - INFO - Round 8: mb attack by clients [31, 81, 71, 28] - Success: False
2026-01-15 20:47:09,461 - FL_Attack_krum_mb - INFO - Attack parameters: {'scaling_min': -100.0, 'scaling_max': 100.0, 'num_steps': 200}
2026-01-15 20:47:09,461 - FL_Attack_krum_mb - INFO - Similarity metrics: {'l2_ratio': 9.960476875305176, 'euclidean_distance': 113.24525451660156, 'cosine_similarity': -0.9949610829353333, 'correlation': -0.9949638247489929, 'l2_norm1': 102.95613861083984, 'l2_norm2': 10.336466789245605}
2026-01-15 20:47:17,718 - FL_Attack_krum_mb - INFO - Round 9: mb attack by clients [29, 4] - Success: False
2026-01-15 20:47:17,718 - FL_Attack_krum_mb - INFO - Attack parameters: {'scaling_min': -100.0, 'scaling_max': 100.0, 'num_steps': 200}
2026-01-15 20:47:17,718 - FL_Attack_krum_mb - INFO - Similarity metrics: {'l2_ratio': 10.04045581817627, 'euclidean_distance': 114.71788787841797, 'cosine_similarity': -0.9954004287719727, 'correlation': -0.9953992962837219, 'l2_norm1': 104.36669921875, 'l2_norm2': 10.394618034362793}
2026-01-15 20:47:22,189 - FL_Attack_krum_mb - INFO - Round 10: mb attack by clients [27] - Success: False
2026-01-15 20:47:22,189 - FL_Attack_krum_mb - INFO - Attack parameters: {'scaling_min': -100.0, 'scaling_max': 100.0, 'num_steps': 200}
2026-01-15 20:47:22,189 - FL_Attack_krum_mb - INFO - Similarity metrics: {'l2_ratio': 10.277198791503906, 'euclidean_distance': 118.02488708496094, 'cosine_similarity': -0.9902727007865906, 'correlation': -0.990439772605896, 'l2_norm1': 107.64371490478516, 'l2_norm2': 10.474032402038574}
2026-01-15 20:47:27,177 - FL_Attack_krum_mb - INFO - Round 11: mb attack by clients [17, 31, 71, 54] - Success: False
2026-01-15 20:47:27,177 - FL_Attack_krum_mb - INFO - Attack parameters: {'scaling_min': -100.0, 'scaling_max': 100.0, 'num_steps': 200}
2026-01-15 20:47:27,177 - FL_Attack_krum_mb - INFO - Similarity metrics: {'l2_ratio': 9.85050106048584, 'euclidean_distance': 115.83415985107422, 'cosine_similarity': -0.9945727586746216, 'correlation': -0.9946042895317078, 'l2_norm1': 105.20645904541016, 'l2_norm2': 10.680315017700195}
2026-01-15 20:47:31,422 - FL_Attack_krum_mb - INFO - Round 12: mb attack by clients [28, 17, 11, 14] - Success: False
2026-01-15 20:47:31,423 - FL_Attack_krum_mb - INFO - Attack parameters: {'scaling_min': -100.0, 'scaling_max': 100.0, 'num_steps': 200}
2026-01-15 20:47:31,423 - FL_Attack_krum_mb - INFO - Similarity metrics: {'l2_ratio': 10.037317276000977, 'euclidean_distance': 116.88951873779297, 'cosine_similarity': -0.9963890910148621, 'correlation': -0.9963942766189575, 'l2_norm1': 106.33074951171875, 'l2_norm2': 10.59354305267334}
2026-01-15 20:47:36,157 - FL_Attack_krum_mb - INFO - Round 13: mb attack by clients [54] - Success: False
2026-01-15 20:47:36,157 - FL_Attack_krum_mb - INFO - Attack parameters: {'scaling_min': -100.0, 'scaling_max': 100.0, 'num_steps': 200}
2026-01-15 20:47:36,157 - FL_Attack_krum_mb - INFO - Similarity metrics: {'l2_ratio': 9.997260093688965, 'euclidean_distance': 117.62493133544922, 'cosine_similarity': -0.9956932663917542, 'correlation': -0.9957062005996704, 'l2_norm1': 106.96720123291016, 'l2_norm2': 10.699651718139648}
2026-01-15 20:47:44,522 - FL_Attack_krum_mb - INFO - Round 14: mb attack by clients [14] - Success: False
2026-01-15 20:47:44,523 - FL_Attack_krum_mb - INFO - Attack parameters: {'scaling_min': -100.0, 'scaling_max': 100.0, 'num_steps': 200}
2026-01-15 20:47:44,523 - FL_Attack_krum_mb - INFO - Similarity metrics: {'l2_ratio': 9.960460662841797, 'euclidean_distance': 118.29702758789062, 'cosine_similarity': -0.9945477843284607, 'correlation': -0.994572639465332, 'l2_norm1': 107.55261993408203, 'l2_norm2': 10.797956466674805}
2026-01-15 20:47:49,624 - FL_Attack_krum_mb - INFO - Round 15: mb attack by clients [14, 64] - Success: False
2026-01-15 20:47:49,624 - FL_Attack_krum_mb - INFO - Attack parameters: {'scaling_min': -100.0, 'scaling_max': 100.0, 'num_steps': 200}
2026-01-15 20:47:49,624 - FL_Attack_krum_mb - INFO - Similarity metrics: {'l2_ratio': 9.760964393615723, 'euclidean_distance': 119.015869140625, 'cosine_similarity': -0.9918485879898071, 'correlation': -0.9920098781585693, 'l2_norm1': 108.03022003173828, 'l2_norm2': 11.06757640838623}
2026-01-15 20:47:54,684 - FL_Attack_krum_mb - INFO - Round 16: mb attack by clients [64, 13, 81, 77] - Success: False
2026-01-15 20:47:54,684 - FL_Attack_krum_mb - INFO - Attack parameters: {'scaling_min': -100.0, 'scaling_max': 100.0, 'num_steps': 200}
2026-01-15 20:47:54,684 - FL_Attack_krum_mb - INFO - Similarity metrics: {'l2_ratio': 9.746220588684082, 'euclidean_distance': 119.42180633544922, 'cosine_similarity': -0.9913519024848938, 'correlation': -0.9914242625236511, 'l2_norm1': 108.38807678222656, 'l2_norm2': 11.121036529541016}
2026-01-15 20:48:01,660 - FL_Attack_krum_mb - INFO - Round 17: mb attack by clients [69] - Success: False
2026-01-15 20:48:01,661 - FL_Attack_krum_mb - INFO - Attack parameters: {'scaling_min': -100.0, 'scaling_max': 100.0, 'num_steps': 200}
2026-01-15 20:48:01,661 - FL_Attack_krum_mb - INFO - Similarity metrics: {'l2_ratio': 9.969130516052246, 'euclidean_distance': 119.82332611083984, 'cosine_similarity': -0.9960140585899353, 'correlation': -0.9960243105888367, 'l2_norm1': 108.93563842773438, 'l2_norm2': 10.927295684814453}
2026-01-15 20:48:08,266 - FL_Attack_krum_mb - INFO - Round 18: mb attack by clients [14] - Success: False
2026-01-15 20:48:08,269 - FL_Attack_krum_mb - INFO - Attack parameters: {'scaling_min': -100.0, 'scaling_max': 100.0, 'num_steps': 200}
2026-01-15 20:48:08,269 - FL_Attack_krum_mb - INFO - Similarity metrics: {'l2_ratio': 10.023347854614258, 'euclidean_distance': 120.22557830810547, 'cosine_similarity': -0.9965712428092957, 'correlation': -0.9965716600418091, 'l2_norm1': 109.34999084472656, 'l2_norm2': 10.909527778625488}
2026-01-15 20:48:20,960 - FL_Attack_krum_mb - INFO - Round 20: mb attack by clients [77, 54, 27, 69] - Success: False
2026-01-15 20:48:20,961 - FL_Attack_krum_mb - INFO - Attack parameters: {'scaling_min': -100.0, 'scaling_max': 100.0, 'num_steps': 200}
2026-01-15 20:48:20,961 - FL_Attack_krum_mb - INFO - Similarity metrics: {'l2_ratio': 10.003064155578613, 'euclidean_distance': 120.96827697753906, 'cosine_similarity': -0.9962259531021118, 'correlation': -0.9962629079818726, 'l2_norm1': 110.00846862792969, 'l2_norm2': 10.997476577758789}
2026-01-15 20:48:27,032 - FL_Attack_krum_mb - INFO - Round 21: mb attack by clients [31] - Success: False
2026-01-15 20:48:27,033 - FL_Attack_krum_mb - INFO - Attack parameters: {'scaling_min': -100.0, 'scaling_max': 100.0, 'num_steps': 200}
2026-01-15 20:48:27,033 - FL_Attack_krum_mb - INFO - Similarity metrics: {'l2_ratio': 10.010482788085938, 'euclidean_distance': 121.70482635498047, 'cosine_similarity': -0.9943318963050842, 'correlation': -0.9943532943725586, 'l2_norm1': 110.70310974121094, 'l2_norm2': 11.05871868133545}
2026-01-15 20:48:35,436 - FL_Attack_krum_mb - INFO - Round 22: mb attack by clients [28, 75, 29] - Success: False
2026-01-15 20:48:35,436 - FL_Attack_krum_mb - INFO - Attack parameters: {'scaling_min': -100.0, 'scaling_max': 100.0, 'num_steps': 200}
2026-01-15 20:48:35,436 - FL_Attack_krum_mb - INFO - Similarity metrics: {'l2_ratio': 10.004283905029297, 'euclidean_distance': 121.9751968383789, 'cosine_similarity': -0.9973305463790894, 'correlation': -0.99735027551651, 'l2_norm1': 110.915283203125, 'l2_norm2': 11.08677864074707}
2026-01-15 20:48:44,524 - FL_Attack_krum_mb - INFO - Round 23: mb attack by clients [29, 4, 35] - Success: False
2026-01-15 20:48:44,526 - FL_Attack_krum_mb - INFO - Attack parameters: {'scaling_min': -100.0, 'scaling_max': 100.0, 'num_steps': 200}
2026-01-15 20:48:44,526 - FL_Attack_krum_mb - INFO - Similarity metrics: {'l2_ratio': 9.970597267150879, 'euclidean_distance': 122.31837463378906, 'cosine_similarity': -0.9955890774726868, 'correlation': -0.99559086561203, 'l2_norm1': 111.20935821533203, 'l2_norm2': 11.153731346130371}
2026-01-15 20:48:54,028 - FL_Attack_krum_mb - INFO - Round 24: mb attack by clients [27, 69, 31] - Success: False
2026-01-15 20:48:54,031 - FL_Attack_krum_mb - INFO - Attack parameters: {'scaling_min': -100.0, 'scaling_max': 100.0, 'num_steps': 200}
2026-01-15 20:48:54,031 - FL_Attack_krum_mb - INFO - Similarity metrics: {'l2_ratio': 9.982627868652344, 'euclidean_distance': 122.67658996582031, 'cosine_similarity': -0.9954943060874939, 'correlation': -0.9954940676689148, 'l2_norm1': 111.54815673828125, 'l2_norm2': 11.174227714538574}
2026-01-15 20:48:59,686 - FL_Attack_krum_mb - INFO - Round 25: mb attack by clients [54] - Success: False
2026-01-15 20:48:59,686 - FL_Attack_krum_mb - INFO - Attack parameters: {'scaling_min': -100.0, 'scaling_max': 100.0, 'num_steps': 200}
2026-01-15 20:48:59,686 - FL_Attack_krum_mb - INFO - Similarity metrics: {'l2_ratio': 9.9332857131958, 'euclidean_distance': 123.26289367675781, 'cosine_similarity': -0.9957184791564941, 'correlation': -0.9957176446914673, 'l2_norm1': 112.02867889404297, 'l2_norm2': 11.278108596801758}
2026-01-15 20:49:05,267 - FL_Attack_krum_mb - INFO - Round 26: mb attack by clients [86, 13, 31] - Success: False
2026-01-15 20:49:05,269 - FL_Attack_krum_mb - INFO - Attack parameters: {'scaling_min': -100.0, 'scaling_max': 100.0, 'num_steps': 200}
2026-01-15 20:49:05,269 - FL_Attack_krum_mb - INFO - Similarity metrics: {'l2_ratio': 9.966805458068848, 'euclidean_distance': 123.34551239013672, 'cosine_similarity': -0.9954479336738586, 'correlation': -0.9954468011856079, 'l2_norm1': 112.14059448242188, 'l2_norm2': 11.251407623291016}
2026-01-15 20:49:10,920 - FL_Attack_krum_mb - INFO - Round 27: mb attack by clients [17, 54, 35, 31] - Success: False
2026-01-15 20:49:10,920 - FL_Attack_krum_mb - INFO - Attack parameters: {'scaling_min': -100.0, 'scaling_max': 100.0, 'num_steps': 200}
2026-01-15 20:49:10,920 - FL_Attack_krum_mb - INFO - Similarity metrics: {'l2_ratio': 9.993175506591797, 'euclidean_distance': 123.94522094726562, 'cosine_similarity': -0.9957435727119446, 'correlation': -0.9957611560821533, 'l2_norm1': 112.71024322509766, 'l2_norm2': 11.278721809387207}
2026-01-15 20:49:16,516 - FL_Attack_krum_mb - INFO - Round 28: mb attack by clients [69, 11] - Success: False
2026-01-15 20:49:16,516 - FL_Attack_krum_mb - INFO - Attack parameters: {'scaling_min': -100.0, 'scaling_max': 100.0, 'num_steps': 200}
2026-01-15 20:49:16,517 - FL_Attack_krum_mb - INFO - Similarity metrics: {'l2_ratio': 9.966634750366211, 'euclidean_distance': 124.06130981445312, 'cosine_similarity': -0.9969121217727661, 'correlation': -0.9969140291213989, 'l2_norm1': 112.77763366699219, 'l2_norm2': 11.31551742553711}
2026-01-15 20:49:22,988 - FL_Attack_krum_mb - INFO - Round 29: mb attack by clients [27] - Success: False
2026-01-15 20:49:22,989 - FL_Attack_krum_mb - INFO - Attack parameters: {'scaling_min': -100.0, 'scaling_max': 100.0, 'num_steps': 200}
2026-01-15 20:49:22,989 - FL_Attack_krum_mb - INFO - Similarity metrics: {'l2_ratio': 9.98807144165039, 'euclidean_distance': 124.59616088867188, 'cosine_similarity': -0.9958924651145935, 'correlation': -0.9959108233451843, 'l2_norm1': 113.29541778564453, 'l2_norm2': 11.343072891235352}
2026-01-15 20:49:28,701 - FL_Attack_krum_mb - INFO - Round 30: mb attack by clients [54, 71] - Success: False
2026-01-15 20:49:28,701 - FL_Attack_krum_mb - INFO - Attack parameters: {'scaling_min': -100.0, 'scaling_max': 100.0, 'num_steps': 200}
2026-01-15 20:49:28,701 - FL_Attack_krum_mb - INFO - Similarity metrics: {'l2_ratio': 9.97250747680664, 'euclidean_distance': 124.95288848876953, 'cosine_similarity': -0.9960296750068665, 'correlation': -0.9960334897041321, 'l2_norm1': 113.60240173339844, 'l2_norm2': 11.391558647155762}
