2026-01-15 20:46:12,525 - FL_Main_krum_mb - INFO - Experiment Configuration: {
  "experiment_name": "krum_mb",
  "random_seed": 42,
  "dataset": {
    "type": "mnist",
    "data_dir": "./data",
    "num_classes": 10,
    "partition_type": "iid"
  },
  "model": {
    "type": "lenet",
    "num_classes": 10
  },
  "federated_learning": {
    "num_rounds": 30,
    "num_clients": 100,
    "client_participation_rate": 0.1,
    "learning_rate": 0.01,
    "local_epochs": 2,
    "batch_size": 32
  },
  "server": {
    "data_size": 100
  },
  "attack": {
    "type": "mb",
    "num_malicious_clients": 20,
    "params": {
      "scaling_min": -100.0,
      "scaling_max": 100.0,
      "num_steps": 200
    }
  },
  "defense": {
    "type": "krum",
    "params": {
      "num_malicious": 2,
      "multi_krum": true,
      "num_selected": 5
    }
  }
}
2026-01-15 20:46:12,526 - FL_Main_krum_mb - INFO - Using device: cpu
2026-01-15 20:46:21,034 - FL_Main_krum_mb - INFO - Data partitioned among 100 clients
2026-01-15 20:46:21,062 - FL_Main_krum_mb - INFO - Model initialized: lenet
2026-01-15 20:46:21,066 - FL_Main_krum_mb - INFO - Server initialized with defense: krum
2026-01-15 20:46:21,224 - FL_Main_krum_mb - INFO - Created 100 clients (20 malicious)
2026-01-15 20:46:21,224 - FL_Main_krum_mb - INFO - Experiment setup completed
2026-01-15 20:46:21,224 - FL_Main_krum_mb - INFO - Starting experiment with 30 rounds
2026-01-15 20:46:21,226 - FL_Main_krum_mb - INFO - === Round 1 Started ===
2026-01-15 20:46:21,226 - FL_Main_krum_mb - INFO - Participating clients: [25, 91, 83, 89, 69, 53, 28, 57, 75, 35]
2026-01-15 20:46:30,739 - FL_Main_krum_mb - INFO - === Round 1 Completed ===
2026-01-15 20:46:30,739 - FL_Main_krum_mb - INFO - Global Accuracy: 43.3800, Global Loss: 2.1958
2026-01-15 20:46:30,739 - FL_Main_krum_mb - INFO - Test Accuracy: 43.3800, Test Loss: 2.1958
2026-01-15 20:46:30,739 - FL_Main_krum_mb - INFO - === Round 2 Started ===
2026-01-15 20:46:30,739 - FL_Main_krum_mb - INFO - Participating clients: [0, 97, 20, 89, 54, 43, 35, 19, 27, 13]
2026-01-15 20:46:35,704 - FL_Main_krum_mb - INFO - === Round 2 Completed ===
2026-01-15 20:46:35,704 - FL_Main_krum_mb - INFO - Global Accuracy: 78.4200, Global Loss: 0.7021
2026-01-15 20:46:35,704 - FL_Main_krum_mb - INFO - Test Accuracy: 78.4200, Test Loss: 0.7021
2026-01-15 20:46:35,705 - FL_Main_krum_mb - INFO - === Round 3 Started ===
2026-01-15 20:46:35,705 - FL_Main_krum_mb - INFO - Participating clients: [11, 48, 12, 45, 44, 77, 33, 5, 93, 58]
2026-01-15 20:46:40,837 - FL_Main_krum_mb - INFO - === Round 3 Completed ===
2026-01-15 20:46:40,837 - FL_Main_krum_mb - INFO - Global Accuracy: 87.8700, Global Loss: 0.4125
2026-01-15 20:46:40,837 - FL_Main_krum_mb - INFO - Test Accuracy: 87.8700, Test Loss: 0.4125
2026-01-15 20:46:40,838 - FL_Main_krum_mb - INFO - === Round 4 Started ===
2026-01-15 20:46:40,838 - FL_Main_krum_mb - INFO - Participating clients: [68, 15, 48, 10, 70, 37, 80, 79, 46, 73]
2026-01-15 20:46:45,849 - FL_Main_krum_mb - INFO - === Round 4 Completed ===
2026-01-15 20:46:45,849 - FL_Main_krum_mb - INFO - Global Accuracy: 91.0900, Global Loss: 0.2947
2026-01-15 20:46:45,849 - FL_Main_krum_mb - INFO - Test Accuracy: 91.0900, Test Loss: 0.2947
2026-01-15 20:46:45,850 - FL_Main_krum_mb - INFO - === Round 5 Started ===
2026-01-15 20:46:45,850 - FL_Main_krum_mb - INFO - Participating clients: [24, 90, 8, 5, 84, 29, 98, 37, 10, 12]
2026-01-15 20:46:50,309 - FL_Main_krum_mb - INFO - === Round 5 Completed ===
2026-01-15 20:46:50,309 - FL_Main_krum_mb - INFO - Global Accuracy: 92.1700, Global Loss: 0.2540
2026-01-15 20:46:50,309 - FL_Main_krum_mb - INFO - Test Accuracy: 92.1700, Test Loss: 0.2540
2026-01-15 20:46:50,309 - FL_Main_krum_mb - INFO - === Round 6 Started ===
2026-01-15 20:46:50,309 - FL_Main_krum_mb - INFO - Participating clients: [48, 35, 58, 81, 46, 20, 47, 45, 26, 85]
2026-01-15 20:46:57,372 - FL_Main_krum_mb - INFO - === Round 6 Completed ===
2026-01-15 20:46:57,373 - FL_Main_krum_mb - INFO - Global Accuracy: 94.0300, Global Loss: 0.1992
2026-01-15 20:46:57,373 - FL_Main_krum_mb - INFO - Test Accuracy: 94.0300, Test Loss: 0.1992
2026-01-15 20:46:57,373 - FL_Main_krum_mb - INFO - === Round 7 Started ===
2026-01-15 20:46:57,373 - FL_Main_krum_mb - INFO - Participating clients: [34, 89, 87, 82, 9, 77, 81, 21, 68, 93]
2026-01-15 20:47:03,710 - FL_Main_krum_mb - INFO - === Round 7 Completed ===
2026-01-15 20:47:03,710 - FL_Main_krum_mb - INFO - Global Accuracy: 94.4700, Global Loss: 0.1791
2026-01-15 20:47:03,710 - FL_Main_krum_mb - INFO - Test Accuracy: 94.4700, Test Loss: 0.1791
2026-01-15 20:47:03,711 - FL_Main_krum_mb - INFO - === Round 8 Started ===
2026-01-15 20:47:03,711 - FL_Main_krum_mb - INFO - Participating clients: [31, 20, 59, 48, 34, 81, 88, 71, 28, 87]
2026-01-15 20:47:12,411 - FL_Main_krum_mb - INFO - === Round 8 Completed ===
2026-01-15 20:47:12,411 - FL_Main_krum_mb - INFO - Global Accuracy: 95.5900, Global Loss: 0.1450
2026-01-15 20:47:12,412 - FL_Main_krum_mb - INFO - Test Accuracy: 95.5900, Test Loss: 0.1450
2026-01-15 20:47:12,412 - FL_Main_krum_mb - INFO - === Round 9 Started ===
2026-01-15 20:47:12,412 - FL_Main_krum_mb - INFO - Participating clients: [41, 98, 99, 7, 29, 4, 40, 51, 34, 8]
2026-01-15 20:47:18,718 - FL_Main_krum_mb - INFO - === Round 9 Completed ===
2026-01-15 20:47:18,718 - FL_Main_krum_mb - INFO - Global Accuracy: 95.6300, Global Loss: 0.1411
2026-01-15 20:47:18,718 - FL_Main_krum_mb - INFO - Test Accuracy: 95.6300, Test Loss: 0.1411
2026-01-15 20:47:18,718 - FL_Main_krum_mb - INFO - === Round 10 Started ===
2026-01-15 20:47:18,719 - FL_Main_krum_mb - INFO - Participating clients: [27, 72, 91, 40, 83, 63, 50, 82, 58, 18]
2026-01-15 20:47:23,282 - FL_Main_krum_mb - INFO - === Round 10 Completed ===
2026-01-15 20:47:23,282 - FL_Main_krum_mb - INFO - Global Accuracy: 95.8100, Global Loss: 0.1324
2026-01-15 20:47:23,282 - FL_Main_krum_mb - INFO - Test Accuracy: 95.8100, Test Loss: 0.1324
2026-01-15 20:47:23,283 - FL_Main_krum_mb - INFO - === Round 11 Started ===
2026-01-15 20:47:23,283 - FL_Main_krum_mb - INFO - Participating clients: [33, 17, 31, 95, 71, 68, 74, 54, 51, 46]
2026-01-15 20:47:28,330 - FL_Main_krum_mb - INFO - === Round 11 Completed ===
2026-01-15 20:47:28,331 - FL_Main_krum_mb - INFO - Global Accuracy: 96.5600, Global Loss: 0.1146
2026-01-15 20:47:28,331 - FL_Main_krum_mb - INFO - Test Accuracy: 96.5600, Test Loss: 0.1146
2026-01-15 20:47:28,331 - FL_Main_krum_mb - INFO - === Round 12 Started ===
2026-01-15 20:47:28,331 - FL_Main_krum_mb - INFO - Participating clients: [28, 17, 65, 63, 11, 96, 6, 14, 19, 80]
2026-01-15 20:47:32,378 - FL_Main_krum_mb - INFO - === Round 12 Completed ===
2026-01-15 20:47:32,378 - FL_Main_krum_mb - INFO - Global Accuracy: 96.5700, Global Loss: 0.1086
2026-01-15 20:47:32,378 - FL_Main_krum_mb - INFO - Test Accuracy: 96.5700, Test Loss: 0.1086
2026-01-15 20:47:32,378 - FL_Main_krum_mb - INFO - === Round 13 Started ===
2026-01-15 20:47:32,378 - FL_Main_krum_mb - INFO - Participating clients: [20, 87, 54, 76, 8, 49, 48, 59, 67, 32]
2026-01-15 20:47:37,734 - FL_Main_krum_mb - INFO - === Round 13 Completed ===
2026-01-15 20:47:37,734 - FL_Main_krum_mb - INFO - Global Accuracy: 96.8300, Global Loss: 0.0993
2026-01-15 20:47:37,734 - FL_Main_krum_mb - INFO - Test Accuracy: 96.8300, Test Loss: 0.0993
2026-01-15 20:47:37,735 - FL_Main_krum_mb - INFO - === Round 14 Started ===
2026-01-15 20:47:37,735 - FL_Main_krum_mb - INFO - Participating clients: [70, 1, 87, 92, 14, 68, 96, 34, 98, 82]
2026-01-15 20:47:46,320 - FL_Main_krum_mb - INFO - === Round 14 Completed ===
2026-01-15 20:47:46,320 - FL_Main_krum_mb - INFO - Global Accuracy: 96.9400, Global Loss: 0.0966
2026-01-15 20:47:46,320 - FL_Main_krum_mb - INFO - Test Accuracy: 96.9400, Test Loss: 0.0966
2026-01-15 20:47:46,321 - FL_Main_krum_mb - INFO - === Round 15 Started ===
2026-01-15 20:47:46,321 - FL_Main_krum_mb - INFO - Participating clients: [43, 14, 37, 55, 20, 58, 0, 92, 33, 64]
2026-01-15 20:47:51,065 - FL_Main_krum_mb - INFO - === Round 15 Completed ===
2026-01-15 20:47:51,065 - FL_Main_krum_mb - INFO - Global Accuracy: 97.1800, Global Loss: 0.0912
2026-01-15 20:47:51,065 - FL_Main_krum_mb - INFO - Test Accuracy: 97.1800, Test Loss: 0.0912
2026-01-15 20:47:51,066 - FL_Main_krum_mb - INFO - === Round 16 Started ===
2026-01-15 20:47:51,067 - FL_Main_krum_mb - INFO - Participating clients: [97, 22, 64, 13, 80, 38, 81, 77, 25, 19]
2026-01-15 20:47:56,027 - FL_Main_krum_mb - INFO - === Round 16 Completed ===
2026-01-15 20:47:56,027 - FL_Main_krum_mb - INFO - Global Accuracy: 97.2100, Global Loss: 0.0871
2026-01-15 20:47:56,028 - FL_Main_krum_mb - INFO - Test Accuracy: 97.2100, Test Loss: 0.0871
2026-01-15 20:47:56,029 - FL_Main_krum_mb - INFO - === Round 17 Started ===
2026-01-15 20:47:56,029 - FL_Main_krum_mb - INFO - Participating clients: [47, 97, 20, 69, 99, 67, 0, 76, 41, 62]
2026-01-15 20:48:03,433 - FL_Main_krum_mb - INFO - === Round 17 Completed ===
2026-01-15 20:48:03,433 - FL_Main_krum_mb - INFO - Global Accuracy: 97.6000, Global Loss: 0.0789
2026-01-15 20:48:03,433 - FL_Main_krum_mb - INFO - Test Accuracy: 97.6000, Test Loss: 0.0789
2026-01-15 20:48:03,435 - FL_Main_krum_mb - INFO - === Round 18 Started ===
2026-01-15 20:48:03,435 - FL_Main_krum_mb - INFO - Participating clients: [2, 14, 46, 39, 30, 7, 72, 10, 93, 62]
2026-01-15 20:48:10,964 - FL_Main_krum_mb - INFO - === Round 18 Completed ===
2026-01-15 20:48:10,964 - FL_Main_krum_mb - INFO - Global Accuracy: 97.4600, Global Loss: 0.0796
2026-01-15 20:48:10,964 - FL_Main_krum_mb - INFO - Test Accuracy: 97.4600, Test Loss: 0.0796
2026-01-15 20:48:10,964 - FL_Main_krum_mb - INFO - === Round 19 Started ===
2026-01-15 20:48:10,965 - FL_Main_krum_mb - INFO - Participating clients: [8, 97, 68, 98, 16, 84, 60, 70, 21, 33]
2026-01-15 20:48:16,870 - FL_Main_krum_mb - INFO - === Round 19 Completed ===
2026-01-15 20:48:16,870 - FL_Main_krum_mb - INFO - Global Accuracy: 97.5000, Global Loss: 0.0802
2026-01-15 20:48:16,870 - FL_Main_krum_mb - INFO - Test Accuracy: 97.5000, Test Loss: 0.0802
2026-01-15 20:48:16,871 - FL_Main_krum_mb - INFO - === Round 20 Started ===
2026-01-15 20:48:16,871 - FL_Main_krum_mb - INFO - Participating clients: [67, 77, 54, 27, 69, 96, 93, 88, 25, 91]
2026-01-15 20:48:22,640 - FL_Main_krum_mb - INFO - === Round 20 Completed ===
2026-01-15 20:48:22,641 - FL_Main_krum_mb - INFO - Global Accuracy: 97.7300, Global Loss: 0.0743
2026-01-15 20:48:22,641 - FL_Main_krum_mb - INFO - Test Accuracy: 97.7300, Test Loss: 0.0743
2026-01-15 20:48:22,641 - FL_Main_krum_mb - INFO - === Round 21 Started ===
2026-01-15 20:48:22,641 - FL_Main_krum_mb - INFO - Participating clients: [39, 51, 85, 83, 47, 56, 66, 57, 15, 31]
2026-01-15 20:48:28,869 - FL_Main_krum_mb - INFO - === Round 21 Completed ===
2026-01-15 20:48:28,869 - FL_Main_krum_mb - INFO - Global Accuracy: 97.5400, Global Loss: 0.0756
2026-01-15 20:48:28,870 - FL_Main_krum_mb - INFO - Test Accuracy: 97.5400, Test Loss: 0.0756
2026-01-15 20:48:28,871 - FL_Main_krum_mb - INFO - === Round 22 Started ===
2026-01-15 20:48:28,871 - FL_Main_krum_mb - INFO - Participating clients: [28, 8, 43, 2, 75, 70, 29, 0, 9, 90]
2026-01-15 20:48:37,765 - FL_Main_krum_mb - INFO - === Round 22 Completed ===
2026-01-15 20:48:37,765 - FL_Main_krum_mb - INFO - Global Accuracy: 97.8400, Global Loss: 0.0699
2026-01-15 20:48:37,765 - FL_Main_krum_mb - INFO - Test Accuracy: 97.8400, Test Loss: 0.0699
2026-01-15 20:48:37,765 - FL_Main_krum_mb - INFO - === Round 23 Started ===
2026-01-15 20:48:37,765 - FL_Main_krum_mb - INFO - Participating clients: [80, 7, 29, 8, 4, 42, 9, 65, 30, 35]
2026-01-15 20:48:48,069 - FL_Main_krum_mb - INFO - === Round 23 Completed ===
2026-01-15 20:48:48,070 - FL_Main_krum_mb - INFO - Global Accuracy: 97.7600, Global Loss: 0.0706
2026-01-15 20:48:48,070 - FL_Main_krum_mb - INFO - Test Accuracy: 97.7600, Test Loss: 0.0706
2026-01-15 20:48:48,072 - FL_Main_krum_mb - INFO - === Round 24 Started ===
2026-01-15 20:48:48,072 - FL_Main_krum_mb - INFO - Participating clients: [85, 62, 27, 69, 16, 92, 73, 60, 31, 52]
2026-01-15 20:48:55,881 - FL_Main_krum_mb - INFO - === Round 24 Completed ===
2026-01-15 20:48:55,881 - FL_Main_krum_mb - INFO - Global Accuracy: 97.9100, Global Loss: 0.0700
2026-01-15 20:48:55,881 - FL_Main_krum_mb - INFO - Test Accuracy: 97.9100, Test Loss: 0.0700
2026-01-15 20:48:55,882 - FL_Main_krum_mb - INFO - === Round 25 Started ===
2026-01-15 20:48:55,882 - FL_Main_krum_mb - INFO - Participating clients: [24, 12, 84, 55, 45, 54, 52, 59, 93, 6]
2026-01-15 20:49:00,993 - FL_Main_krum_mb - INFO - === Round 25 Completed ===
2026-01-15 20:49:00,993 - FL_Main_krum_mb - INFO - Global Accuracy: 97.8900, Global Loss: 0.0697
2026-01-15 20:49:00,993 - FL_Main_krum_mb - INFO - Test Accuracy: 97.8900, Test Loss: 0.0697
2026-01-15 20:49:00,993 - FL_Main_krum_mb - INFO - === Round 26 Started ===
2026-01-15 20:49:00,993 - FL_Main_krum_mb - INFO - Participating clients: [86, 83, 82, 12, 7, 51, 93, 43, 13, 31]
2026-01-15 20:49:06,551 - FL_Main_krum_mb - INFO - === Round 26 Completed ===
2026-01-15 20:49:06,551 - FL_Main_krum_mb - INFO - Global Accuracy: 97.9200, Global Loss: 0.0686
2026-01-15 20:49:06,551 - FL_Main_krum_mb - INFO - Test Accuracy: 97.9200, Test Loss: 0.0686
2026-01-15 20:49:06,551 - FL_Main_krum_mb - INFO - === Round 27 Started ===
2026-01-15 20:49:06,551 - FL_Main_krum_mb - INFO - Participating clients: [24, 68, 57, 17, 54, 23, 35, 59, 31, 9]
2026-01-15 20:49:12,170 - FL_Main_krum_mb - INFO - === Round 27 Completed ===
2026-01-15 20:49:12,170 - FL_Main_krum_mb - INFO - Global Accuracy: 98.1000, Global Loss: 0.0622
2026-01-15 20:49:12,170 - FL_Main_krum_mb - INFO - Test Accuracy: 98.1000, Test Loss: 0.0622
2026-01-15 20:49:12,170 - FL_Main_krum_mb - INFO - === Round 28 Started ===
2026-01-15 20:49:12,170 - FL_Main_krum_mb - INFO - Participating clients: [56, 70, 12, 6, 83, 69, 1, 11, 96, 30]
2026-01-15 20:49:18,901 - FL_Main_krum_mb - INFO - === Round 28 Completed ===
2026-01-15 20:49:18,901 - FL_Main_krum_mb - INFO - Global Accuracy: 98.0700, Global Loss: 0.0633
2026-01-15 20:49:18,901 - FL_Main_krum_mb - INFO - Test Accuracy: 98.0700, Test Loss: 0.0633
2026-01-15 20:49:18,902 - FL_Main_krum_mb - INFO - === Round 29 Started ===
2026-01-15 20:49:18,902 - FL_Main_krum_mb - INFO - Participating clients: [21, 52, 62, 61, 27, 51, 7, 48, 0, 49]
2026-01-15 20:49:25,938 - FL_Main_krum_mb - INFO - === Round 29 Completed ===
2026-01-15 20:49:25,939 - FL_Main_krum_mb - INFO - Global Accuracy: 98.0200, Global Loss: 0.0645
2026-01-15 20:49:25,939 - FL_Main_krum_mb - INFO - Test Accuracy: 98.0200, Test Loss: 0.0645
2026-01-15 20:49:25,939 - FL_Main_krum_mb - INFO - === Round 30 Started ===
2026-01-15 20:49:25,939 - FL_Main_krum_mb - INFO - Participating clients: [33, 58, 36, 54, 89, 93, 71, 84, 91, 62]
2026-01-15 20:49:29,624 - FL_Main_krum_mb - INFO - === Round 30 Completed ===
2026-01-15 20:49:29,624 - FL_Main_krum_mb - INFO - Global Accuracy: 98.1300, Global Loss: 0.0617
2026-01-15 20:49:29,624 - FL_Main_krum_mb - INFO - Test Accuracy: 98.1300, Test Loss: 0.0617
2026-01-15 20:49:29,624 - FL_Main_krum_mb - INFO - Experiment completed
2026-01-15 20:49:29,631 - FL_Main_krum_mb - INFO - All logs saved to logs/krum_mb_20260115_204612
