2026-01-15 19:23:27,095 - FL_Main_normclip_faker - INFO - Experiment Configuration: {
  "experiment_name": "normclip_faker",
  "random_seed": 42,
  "dataset": {
    "type": "mnist",
    "data_dir": "./data",
    "num_classes": 10,
    "partition_type": "iid"
  },
  "model": {
    "type": "lenet",
    "num_classes": 10
  },
  "federated_learning": {
    "num_rounds": 30,
    "num_clients": 100,
    "client_participation_rate": 0.1,
    "learning_rate": 0.01,
    "local_epochs": 2,
    "batch_size": 32
  },
  "server": {
    "data_size": 100
  },
  "attack": {
    "type": "faker",
    "num_malicious_clients": 20,
    "params": {
      "target_defense": "norm_clipping",
      "num_groups": 10
    }
  },
  "defense": {
    "type": "norm_clipping",
    "params": {
      "max_norm": 100.0,
      "check_lower_bound": true
    }
  }
}
2026-01-15 19:23:27,095 - FL_Main_normclip_faker - INFO - Using device: cpu
2026-01-15 19:23:30,610 - FL_Main_normclip_faker - INFO - Data partitioned among 100 clients
2026-01-15 19:23:30,612 - FL_Main_normclip_faker - INFO - Model initialized: lenet
2026-01-15 19:23:30,613 - FL_Main_normclip_faker - INFO - Server initialized with defense: norm_clipping
2026-01-15 19:23:30,668 - FL_Main_normclip_faker - INFO - Created 100 clients (20 malicious)
2026-01-15 19:23:30,668 - FL_Main_normclip_faker - INFO - Experiment setup completed
2026-01-15 19:23:30,668 - FL_Main_normclip_faker - INFO - Starting experiment with 30 rounds
2026-01-15 19:23:30,668 - FL_Main_normclip_faker - INFO - === Round 1 Started ===
2026-01-15 19:23:30,668 - FL_Main_normclip_faker - INFO - Participating clients: [25, 91, 83, 89, 69, 53, 28, 57, 75, 35]
2026-01-15 19:23:36,248 - FL_Main_normclip_faker - INFO - === Round 1 Completed ===
2026-01-15 19:23:36,248 - FL_Main_normclip_faker - INFO - Global Accuracy: 6.1500, Global Loss: 2.3234
2026-01-15 19:23:36,249 - FL_Main_normclip_faker - INFO - Test Accuracy: 6.1500, Test Loss: 2.3234
2026-01-15 19:23:36,249 - FL_Main_normclip_faker - INFO - === Round 2 Started ===
2026-01-15 19:23:36,249 - FL_Main_normclip_faker - INFO - Participating clients: [0, 97, 20, 89, 54, 43, 35, 19, 27, 13]
2026-01-15 19:23:42,249 - FL_Main_normclip_faker - INFO - === Round 2 Completed ===
2026-01-15 19:23:42,249 - FL_Main_normclip_faker - INFO - Global Accuracy: 11.0100, Global Loss: 2.3153
2026-01-15 19:23:42,249 - FL_Main_normclip_faker - INFO - Test Accuracy: 11.0100, Test Loss: 2.3153
2026-01-15 19:23:42,249 - FL_Main_normclip_faker - INFO - === Round 3 Started ===
2026-01-15 19:23:42,249 - FL_Main_normclip_faker - INFO - Participating clients: [11, 48, 12, 45, 44, 77, 33, 5, 93, 58]
2026-01-15 19:23:47,297 - FL_Main_normclip_faker - INFO - === Round 3 Completed ===
2026-01-15 19:23:47,297 - FL_Main_normclip_faker - INFO - Global Accuracy: 10.3900, Global Loss: 2.2938
2026-01-15 19:23:47,298 - FL_Main_normclip_faker - INFO - Test Accuracy: 10.3900, Test Loss: 2.2938
2026-01-15 19:23:47,298 - FL_Main_normclip_faker - INFO - === Round 4 Started ===
2026-01-15 19:23:47,298 - FL_Main_normclip_faker - INFO - Participating clients: [68, 15, 48, 10, 70, 37, 80, 79, 46, 73]
2026-01-15 19:23:51,752 - FL_Main_normclip_faker - INFO - === Round 4 Completed ===
2026-01-15 19:23:51,752 - FL_Main_normclip_faker - INFO - Global Accuracy: 36.6800, Global Loss: 2.1977
2026-01-15 19:23:51,752 - FL_Main_normclip_faker - INFO - Test Accuracy: 36.6800, Test Loss: 2.1977
2026-01-15 19:23:51,752 - FL_Main_normclip_faker - INFO - === Round 5 Started ===
2026-01-15 19:23:51,752 - FL_Main_normclip_faker - INFO - Participating clients: [24, 90, 8, 5, 84, 29, 98, 37, 10, 12]
2026-01-15 19:23:56,216 - FL_Main_normclip_faker - INFO - === Round 5 Completed ===
2026-01-15 19:23:56,216 - FL_Main_normclip_faker - INFO - Global Accuracy: 33.5600, Global Loss: 2.0904
2026-01-15 19:23:56,216 - FL_Main_normclip_faker - INFO - Test Accuracy: 33.5600, Test Loss: 2.0904
2026-01-15 19:23:56,216 - FL_Main_normclip_faker - INFO - === Round 6 Started ===
2026-01-15 19:23:56,216 - FL_Main_normclip_faker - INFO - Participating clients: [48, 35, 58, 81, 46, 20, 47, 45, 26, 85]
2026-01-15 19:24:00,299 - FL_Main_normclip_faker - INFO - === Round 6 Completed ===
2026-01-15 19:24:00,300 - FL_Main_normclip_faker - INFO - Global Accuracy: 19.8500, Global Loss: 2.2390
2026-01-15 19:24:00,300 - FL_Main_normclip_faker - INFO - Test Accuracy: 19.8500, Test Loss: 2.2390
2026-01-15 19:24:00,300 - FL_Main_normclip_faker - INFO - === Round 7 Started ===
2026-01-15 19:24:00,300 - FL_Main_normclip_faker - INFO - Participating clients: [34, 89, 87, 82, 9, 77, 81, 21, 68, 93]
2026-01-15 19:24:04,060 - FL_Main_normclip_faker - INFO - === Round 7 Completed ===
2026-01-15 19:24:04,060 - FL_Main_normclip_faker - INFO - Global Accuracy: 10.4300, Global Loss: 2.2960
2026-01-15 19:24:04,060 - FL_Main_normclip_faker - INFO - Test Accuracy: 10.4300, Test Loss: 2.2960
2026-01-15 19:24:04,060 - FL_Main_normclip_faker - INFO - === Round 8 Started ===
2026-01-15 19:24:04,060 - FL_Main_normclip_faker - INFO - Participating clients: [31, 20, 59, 48, 34, 81, 88, 71, 28, 87]
2026-01-15 19:24:08,312 - FL_Main_normclip_faker - INFO - === Round 8 Completed ===
2026-01-15 19:24:08,312 - FL_Main_normclip_faker - INFO - Global Accuracy: 52.0400, Global Loss: 1.6808
2026-01-15 19:24:08,312 - FL_Main_normclip_faker - INFO - Test Accuracy: 52.0400, Test Loss: 1.6808
2026-01-15 19:24:08,312 - FL_Main_normclip_faker - INFO - === Round 9 Started ===
2026-01-15 19:24:08,312 - FL_Main_normclip_faker - INFO - Participating clients: [41, 98, 99, 7, 29, 4, 40, 51, 34, 8]
2026-01-15 19:24:12,800 - FL_Main_normclip_faker - INFO - === Round 9 Completed ===
2026-01-15 19:24:12,800 - FL_Main_normclip_faker - INFO - Global Accuracy: 27.1900, Global Loss: 2.2287
2026-01-15 19:24:12,800 - FL_Main_normclip_faker - INFO - Test Accuracy: 27.1900, Test Loss: 2.2287
2026-01-15 19:24:12,801 - FL_Main_normclip_faker - INFO - === Round 10 Started ===
2026-01-15 19:24:12,801 - FL_Main_normclip_faker - INFO - Participating clients: [27, 72, 91, 40, 83, 63, 50, 82, 58, 18]
2026-01-15 19:24:16,625 - FL_Main_normclip_faker - INFO - === Round 10 Completed ===
2026-01-15 19:24:16,626 - FL_Main_normclip_faker - INFO - Global Accuracy: 82.4800, Global Loss: 0.5551
2026-01-15 19:24:16,626 - FL_Main_normclip_faker - INFO - Test Accuracy: 82.4800, Test Loss: 0.5551
2026-01-15 19:24:16,626 - FL_Main_normclip_faker - INFO - === Round 11 Started ===
2026-01-15 19:24:16,626 - FL_Main_normclip_faker - INFO - Participating clients: [33, 17, 31, 95, 71, 68, 74, 54, 51, 46]
2026-01-15 19:24:21,572 - FL_Main_normclip_faker - INFO - === Round 11 Completed ===
2026-01-15 19:24:21,572 - FL_Main_normclip_faker - INFO - Global Accuracy: 61.8200, Global Loss: 1.1014
2026-01-15 19:24:21,572 - FL_Main_normclip_faker - INFO - Test Accuracy: 61.8200, Test Loss: 1.1014
2026-01-15 19:24:21,572 - FL_Main_normclip_faker - INFO - === Round 12 Started ===
2026-01-15 19:24:21,572 - FL_Main_normclip_faker - INFO - Participating clients: [28, 17, 65, 63, 11, 96, 6, 14, 19, 80]
2026-01-15 19:24:26,277 - FL_Main_normclip_faker - INFO - === Round 12 Completed ===
2026-01-15 19:24:26,277 - FL_Main_normclip_faker - INFO - Global Accuracy: 31.4800, Global Loss: 2.4871
2026-01-15 19:24:26,277 - FL_Main_normclip_faker - INFO - Test Accuracy: 31.4800, Test Loss: 2.4871
2026-01-15 19:24:26,277 - FL_Main_normclip_faker - INFO - === Round 13 Started ===
2026-01-15 19:24:26,277 - FL_Main_normclip_faker - INFO - Participating clients: [20, 87, 54, 76, 8, 49, 48, 59, 67, 32]
2026-01-15 19:24:30,568 - FL_Main_normclip_faker - INFO - === Round 13 Completed ===
2026-01-15 19:24:30,568 - FL_Main_normclip_faker - INFO - Global Accuracy: 54.9500, Global Loss: 1.2891
2026-01-15 19:24:30,568 - FL_Main_normclip_faker - INFO - Test Accuracy: 54.9500, Test Loss: 1.2891
2026-01-15 19:24:30,568 - FL_Main_normclip_faker - INFO - === Round 14 Started ===
2026-01-15 19:24:30,568 - FL_Main_normclip_faker - INFO - Participating clients: [70, 1, 87, 92, 14, 68, 96, 34, 98, 82]
2026-01-15 19:24:34,410 - FL_Main_normclip_faker - INFO - === Round 14 Completed ===
2026-01-15 19:24:34,410 - FL_Main_normclip_faker - INFO - Global Accuracy: 79.5500, Global Loss: 0.7466
2026-01-15 19:24:34,410 - FL_Main_normclip_faker - INFO - Test Accuracy: 79.5500, Test Loss: 0.7466
2026-01-15 19:24:34,411 - FL_Main_normclip_faker - INFO - === Round 15 Started ===
2026-01-15 19:24:34,411 - FL_Main_normclip_faker - INFO - Participating clients: [43, 14, 37, 55, 20, 58, 0, 92, 33, 64]
2026-01-15 19:24:38,322 - FL_Main_normclip_faker - INFO - === Round 15 Completed ===
2026-01-15 19:24:38,322 - FL_Main_normclip_faker - INFO - Global Accuracy: 84.9200, Global Loss: 0.5295
2026-01-15 19:24:38,322 - FL_Main_normclip_faker - INFO - Test Accuracy: 84.9200, Test Loss: 0.5295
2026-01-15 19:24:38,322 - FL_Main_normclip_faker - INFO - === Round 16 Started ===
2026-01-15 19:24:38,322 - FL_Main_normclip_faker - INFO - Participating clients: [97, 22, 64, 13, 80, 38, 81, 77, 25, 19]
2026-01-15 19:24:42,387 - FL_Main_normclip_faker - INFO - === Round 16 Completed ===
2026-01-15 19:24:42,387 - FL_Main_normclip_faker - INFO - Global Accuracy: 82.3200, Global Loss: 0.6637
2026-01-15 19:24:42,387 - FL_Main_normclip_faker - INFO - Test Accuracy: 82.3200, Test Loss: 0.6637
2026-01-15 19:24:42,387 - FL_Main_normclip_faker - INFO - === Round 17 Started ===
2026-01-15 19:24:42,387 - FL_Main_normclip_faker - INFO - Participating clients: [47, 97, 20, 69, 99, 67, 0, 76, 41, 62]
2026-01-15 19:24:46,089 - FL_Main_normclip_faker - INFO - === Round 17 Completed ===
2026-01-15 19:24:46,090 - FL_Main_normclip_faker - INFO - Global Accuracy: 87.3200, Global Loss: 0.4076
2026-01-15 19:24:46,090 - FL_Main_normclip_faker - INFO - Test Accuracy: 87.3200, Test Loss: 0.4076
2026-01-15 19:24:46,090 - FL_Main_normclip_faker - INFO - === Round 18 Started ===
2026-01-15 19:24:46,090 - FL_Main_normclip_faker - INFO - Participating clients: [2, 14, 46, 39, 30, 7, 72, 10, 93, 62]
2026-01-15 19:24:49,954 - FL_Main_normclip_faker - INFO - === Round 18 Completed ===
2026-01-15 19:24:49,954 - FL_Main_normclip_faker - INFO - Global Accuracy: 81.5200, Global Loss: 0.6636
2026-01-15 19:24:49,954 - FL_Main_normclip_faker - INFO - Test Accuracy: 81.5200, Test Loss: 0.6636
2026-01-15 19:24:49,955 - FL_Main_normclip_faker - INFO - === Round 19 Started ===
2026-01-15 19:24:49,955 - FL_Main_normclip_faker - INFO - Participating clients: [8, 97, 68, 98, 16, 84, 60, 70, 21, 33]
2026-01-15 19:24:54,560 - FL_Main_normclip_faker - INFO - === Round 19 Completed ===
2026-01-15 19:24:54,560 - FL_Main_normclip_faker - INFO - Global Accuracy: 93.2800, Global Loss: 0.2201
2026-01-15 19:24:54,561 - FL_Main_normclip_faker - INFO - Test Accuracy: 93.2800, Test Loss: 0.2201
2026-01-15 19:24:54,561 - FL_Main_normclip_faker - INFO - === Round 20 Started ===
2026-01-15 19:24:54,561 - FL_Main_normclip_faker - INFO - Participating clients: [67, 77, 54, 27, 69, 96, 93, 88, 25, 91]
2026-01-15 19:24:58,585 - FL_Main_normclip_faker - INFO - === Round 20 Completed ===
2026-01-15 19:24:58,585 - FL_Main_normclip_faker - INFO - Global Accuracy: 89.1000, Global Loss: 0.3742
2026-01-15 19:24:58,585 - FL_Main_normclip_faker - INFO - Test Accuracy: 89.1000, Test Loss: 0.3742
2026-01-15 19:24:58,585 - FL_Main_normclip_faker - INFO - === Round 21 Started ===
2026-01-15 19:24:58,585 - FL_Main_normclip_faker - INFO - Participating clients: [39, 51, 85, 83, 47, 56, 66, 57, 15, 31]
2026-01-15 19:25:02,396 - FL_Main_normclip_faker - INFO - === Round 21 Completed ===
2026-01-15 19:25:02,396 - FL_Main_normclip_faker - INFO - Global Accuracy: 93.0800, Global Loss: 0.2372
2026-01-15 19:25:02,396 - FL_Main_normclip_faker - INFO - Test Accuracy: 93.0800, Test Loss: 0.2372
2026-01-15 19:25:02,396 - FL_Main_normclip_faker - INFO - === Round 22 Started ===
2026-01-15 19:25:02,396 - FL_Main_normclip_faker - INFO - Participating clients: [28, 8, 43, 2, 75, 70, 29, 0, 9, 90]
2026-01-15 19:25:06,320 - FL_Main_normclip_faker - INFO - === Round 22 Completed ===
2026-01-15 19:25:06,320 - FL_Main_normclip_faker - INFO - Global Accuracy: 91.5800, Global Loss: 0.3007
2026-01-15 19:25:06,320 - FL_Main_normclip_faker - INFO - Test Accuracy: 91.5800, Test Loss: 0.3007
2026-01-15 19:25:06,321 - FL_Main_normclip_faker - INFO - === Round 23 Started ===
2026-01-15 19:25:06,321 - FL_Main_normclip_faker - INFO - Participating clients: [80, 7, 29, 8, 4, 42, 9, 65, 30, 35]
2026-01-15 19:25:10,279 - FL_Main_normclip_faker - INFO - === Round 23 Completed ===
2026-01-15 19:25:10,279 - FL_Main_normclip_faker - INFO - Global Accuracy: 90.3200, Global Loss: 0.3282
2026-01-15 19:25:10,279 - FL_Main_normclip_faker - INFO - Test Accuracy: 90.3200, Test Loss: 0.3282
2026-01-15 19:25:10,280 - FL_Main_normclip_faker - INFO - === Round 24 Started ===
2026-01-15 19:25:10,280 - FL_Main_normclip_faker - INFO - Participating clients: [85, 62, 27, 69, 16, 92, 73, 60, 31, 52]
2026-01-15 19:25:14,228 - FL_Main_normclip_faker - INFO - === Round 24 Completed ===
2026-01-15 19:25:14,228 - FL_Main_normclip_faker - INFO - Global Accuracy: 82.7900, Global Loss: 0.6480
2026-01-15 19:25:14,228 - FL_Main_normclip_faker - INFO - Test Accuracy: 82.7900, Test Loss: 0.6480
2026-01-15 19:25:14,228 - FL_Main_normclip_faker - INFO - === Round 25 Started ===
2026-01-15 19:25:14,228 - FL_Main_normclip_faker - INFO - Participating clients: [24, 12, 84, 55, 45, 54, 52, 59, 93, 6]
2026-01-15 19:25:17,983 - FL_Main_normclip_faker - INFO - === Round 25 Completed ===
2026-01-15 19:25:17,983 - FL_Main_normclip_faker - INFO - Global Accuracy: 91.0000, Global Loss: 0.2944
2026-01-15 19:25:17,983 - FL_Main_normclip_faker - INFO - Test Accuracy: 91.0000, Test Loss: 0.2944
2026-01-15 19:25:17,984 - FL_Main_normclip_faker - INFO - === Round 26 Started ===
2026-01-15 19:25:17,984 - FL_Main_normclip_faker - INFO - Participating clients: [86, 83, 82, 12, 7, 51, 93, 43, 13, 31]
2026-01-15 19:25:22,015 - FL_Main_normclip_faker - INFO - === Round 26 Completed ===
2026-01-15 19:25:22,015 - FL_Main_normclip_faker - INFO - Global Accuracy: 86.0500, Global Loss: 0.4711
2026-01-15 19:25:22,015 - FL_Main_normclip_faker - INFO - Test Accuracy: 86.0500, Test Loss: 0.4711
2026-01-15 19:25:22,015 - FL_Main_normclip_faker - INFO - === Round 27 Started ===
2026-01-15 19:25:22,015 - FL_Main_normclip_faker - INFO - Participating clients: [24, 68, 57, 17, 54, 23, 35, 59, 31, 9]
2026-01-15 19:25:26,014 - FL_Main_normclip_faker - INFO - === Round 27 Completed ===
2026-01-15 19:25:26,014 - FL_Main_normclip_faker - INFO - Global Accuracy: 64.7800, Global Loss: 1.6310
2026-01-15 19:25:26,014 - FL_Main_normclip_faker - INFO - Test Accuracy: 64.7800, Test Loss: 1.6310
2026-01-15 19:25:26,014 - FL_Main_normclip_faker - INFO - === Round 28 Started ===
2026-01-15 19:25:26,014 - FL_Main_normclip_faker - INFO - Participating clients: [56, 70, 12, 6, 83, 69, 1, 11, 96, 30]
2026-01-15 19:25:29,802 - FL_Main_normclip_faker - INFO - === Round 28 Completed ===
2026-01-15 19:25:29,802 - FL_Main_normclip_faker - INFO - Global Accuracy: 84.3600, Global Loss: 0.5626
2026-01-15 19:25:29,802 - FL_Main_normclip_faker - INFO - Test Accuracy: 84.3600, Test Loss: 0.5626
2026-01-15 19:25:29,802 - FL_Main_normclip_faker - INFO - === Round 29 Started ===
2026-01-15 19:25:29,802 - FL_Main_normclip_faker - INFO - Participating clients: [21, 52, 62, 61, 27, 51, 7, 48, 0, 49]
2026-01-15 19:25:33,563 - FL_Main_normclip_faker - INFO - === Round 29 Completed ===
2026-01-15 19:25:33,563 - FL_Main_normclip_faker - INFO - Global Accuracy: 92.4100, Global Loss: 0.2494
2026-01-15 19:25:33,563 - FL_Main_normclip_faker - INFO - Test Accuracy: 92.4100, Test Loss: 0.2494
2026-01-15 19:25:33,563 - FL_Main_normclip_faker - INFO - === Round 30 Started ===
2026-01-15 19:25:33,563 - FL_Main_normclip_faker - INFO - Participating clients: [33, 58, 36, 54, 89, 93, 71, 84, 91, 62]
2026-01-15 19:25:37,595 - FL_Main_normclip_faker - INFO - === Round 30 Completed ===
2026-01-15 19:25:37,595 - FL_Main_normclip_faker - INFO - Global Accuracy: 77.6400, Global Loss: 0.8328
2026-01-15 19:25:37,595 - FL_Main_normclip_faker - INFO - Test Accuracy: 77.6400, Test Loss: 0.8328
2026-01-15 19:25:37,595 - FL_Main_normclip_faker - INFO - Experiment completed
2026-01-15 19:25:37,605 - FL_Main_normclip_faker - INFO - All logs saved to logs/normclip_faker_20260115_192327
