2026-01-15 20:19:41,376 - FL_Defense_fltrust_la - INFO - Round 1: fltrust defense applied - Rejected clients: [69, 28, 35] - Detected malicious: [69, 28, 75, 35]
2026-01-15 20:19:41,376 - FL_Defense_fltrust_la - INFO - Defense parameters: {'server_epochs': 5, 'server_lr': 0.01, 'cosine_threshold': 0.0, 'use_relu': True, 'clip_updates': True, 'use_statistical_filtering': True, 'std_threshold': 1.5}
2026-01-15 20:19:45,499 - FL_Defense_fltrust_la - INFO - Round 2: fltrust defense applied - Rejected clients: [13] - Detected malicious: [54, 35, 27, 13]
2026-01-15 20:19:45,499 - FL_Defense_fltrust_la - INFO - Defense parameters: {'server_epochs': 5, 'server_lr': 0.01, 'cosine_threshold': 0.0, 'use_relu': True, 'clip_updates': True, 'use_statistical_filtering': True, 'std_threshold': 1.5}
2026-01-15 20:19:48,672 - FL_Defense_fltrust_la - INFO - Round 3: fltrust defense applied - Rejected clients: [11, 77] - Detected malicious: [11, 77]
2026-01-15 20:19:48,672 - FL_Defense_fltrust_la - INFO - Defense parameters: {'server_epochs': 5, 'server_lr': 0.01, 'cosine_threshold': 0.0, 'use_relu': True, 'clip_updates': True, 'use_statistical_filtering': True, 'std_threshold': 1.5}
2026-01-15 20:19:51,852 - FL_Defense_fltrust_la - INFO - Round 4: fltrust defense applied
2026-01-15 20:19:51,852 - FL_Defense_fltrust_la - INFO - Defense parameters: {'server_epochs': 5, 'server_lr': 0.01, 'cosine_threshold': 0.0, 'use_relu': True, 'clip_updates': True, 'use_statistical_filtering': True, 'std_threshold': 1.5}
2026-01-15 20:19:56,423 - FL_Defense_fltrust_la - INFO - Round 5: fltrust defense applied - Rejected clients: [29] - Detected malicious: [29]
2026-01-15 20:19:56,423 - FL_Defense_fltrust_la - INFO - Defense parameters: {'server_epochs': 5, 'server_lr': 0.01, 'cosine_threshold': 0.0, 'use_relu': True, 'clip_updates': True, 'use_statistical_filtering': True, 'std_threshold': 1.5}
2026-01-15 20:19:59,903 - FL_Defense_fltrust_la - INFO - Round 6: fltrust defense applied - Rejected clients: [35, 81] - Detected malicious: [35, 81]
2026-01-15 20:19:59,903 - FL_Defense_fltrust_la - INFO - Defense parameters: {'server_epochs': 5, 'server_lr': 0.01, 'cosine_threshold': 0.0, 'use_relu': True, 'clip_updates': True, 'use_statistical_filtering': True, 'std_threshold': 1.5}
2026-01-15 20:20:03,624 - FL_Defense_fltrust_la - INFO - Round 7: fltrust defense applied - Rejected clients: [77, 81] - Detected malicious: [77, 81]
2026-01-15 20:20:03,624 - FL_Defense_fltrust_la - INFO - Defense parameters: {'server_epochs': 5, 'server_lr': 0.01, 'cosine_threshold': 0.0, 'use_relu': True, 'clip_updates': True, 'use_statistical_filtering': True, 'std_threshold': 1.5}
2026-01-15 20:20:07,661 - FL_Defense_fltrust_la - INFO - Round 8: fltrust defense applied - Rejected clients: [31, 81, 71, 28] - Detected malicious: [31, 81, 71, 28]
2026-01-15 20:20:07,661 - FL_Defense_fltrust_la - INFO - Defense parameters: {'server_epochs': 5, 'server_lr': 0.01, 'cosine_threshold': 0.0, 'use_relu': True, 'clip_updates': True, 'use_statistical_filtering': True, 'std_threshold': 1.5}
2026-01-15 20:20:11,182 - FL_Defense_fltrust_la - INFO - Round 9: fltrust defense applied - Rejected clients: [29, 4] - Detected malicious: [29, 4]
2026-01-15 20:20:11,182 - FL_Defense_fltrust_la - INFO - Defense parameters: {'server_epochs': 5, 'server_lr': 0.01, 'cosine_threshold': 0.0, 'use_relu': True, 'clip_updates': True, 'use_statistical_filtering': True, 'std_threshold': 1.5}
2026-01-15 20:20:15,343 - FL_Defense_fltrust_la - INFO - Round 10: fltrust defense applied - Rejected clients: [27] - Detected malicious: [27]
2026-01-15 20:20:15,343 - FL_Defense_fltrust_la - INFO - Defense parameters: {'server_epochs': 5, 'server_lr': 0.01, 'cosine_threshold': 0.0, 'use_relu': True, 'clip_updates': True, 'use_statistical_filtering': True, 'std_threshold': 1.5}
2026-01-15 20:20:20,491 - FL_Defense_fltrust_la - INFO - Round 11: fltrust defense applied - Rejected clients: [17, 31, 71, 54] - Detected malicious: [17, 31, 71, 54]
2026-01-15 20:20:20,491 - FL_Defense_fltrust_la - INFO - Defense parameters: {'server_epochs': 5, 'server_lr': 0.01, 'cosine_threshold': 0.0, 'use_relu': True, 'clip_updates': True, 'use_statistical_filtering': True, 'std_threshold': 1.5}
2026-01-15 20:20:25,963 - FL_Defense_fltrust_la - INFO - Round 12: fltrust defense applied - Rejected clients: [28, 11, 14] - Detected malicious: [28, 17, 11, 14]
2026-01-15 20:20:25,963 - FL_Defense_fltrust_la - INFO - Defense parameters: {'server_epochs': 5, 'server_lr': 0.01, 'cosine_threshold': 0.0, 'use_relu': True, 'clip_updates': True, 'use_statistical_filtering': True, 'std_threshold': 1.5}
2026-01-15 20:20:30,786 - FL_Defense_fltrust_la - INFO - Round 13: fltrust defense applied - Rejected clients: [54] - Detected malicious: [54]
2026-01-15 20:20:30,786 - FL_Defense_fltrust_la - INFO - Defense parameters: {'server_epochs': 5, 'server_lr': 0.01, 'cosine_threshold': 0.0, 'use_relu': True, 'clip_updates': True, 'use_statistical_filtering': True, 'std_threshold': 1.5}
2026-01-15 20:20:36,584 - FL_Defense_fltrust_la - INFO - Round 14: fltrust defense applied - Rejected clients: [14] - Detected malicious: [14]
2026-01-15 20:20:36,584 - FL_Defense_fltrust_la - INFO - Defense parameters: {'server_epochs': 5, 'server_lr': 0.01, 'cosine_threshold': 0.0, 'use_relu': True, 'clip_updates': True, 'use_statistical_filtering': True, 'std_threshold': 1.5}
2026-01-15 20:20:43,294 - FL_Defense_fltrust_la - INFO - Round 15: fltrust defense applied - Rejected clients: [14, 64] - Detected malicious: [14, 64]
2026-01-15 20:20:43,295 - FL_Defense_fltrust_la - INFO - Defense parameters: {'server_epochs': 5, 'server_lr': 0.01, 'cosine_threshold': 0.0, 'use_relu': True, 'clip_updates': True, 'use_statistical_filtering': True, 'std_threshold': 1.5}
2026-01-15 20:20:48,737 - FL_Defense_fltrust_la - INFO - Round 16: fltrust defense applied - Rejected clients: [13, 81, 77] - Detected malicious: [64, 13, 81, 77]
2026-01-15 20:20:48,737 - FL_Defense_fltrust_la - INFO - Defense parameters: {'server_epochs': 5, 'server_lr': 0.01, 'cosine_threshold': 0.0, 'use_relu': True, 'clip_updates': True, 'use_statistical_filtering': True, 'std_threshold': 1.5}
2026-01-15 20:20:53,423 - FL_Defense_fltrust_la - INFO - Round 17: fltrust defense applied - Rejected clients: [69] - Detected malicious: [69]
2026-01-15 20:20:53,423 - FL_Defense_fltrust_la - INFO - Defense parameters: {'server_epochs': 5, 'server_lr': 0.01, 'cosine_threshold': 0.0, 'use_relu': True, 'clip_updates': True, 'use_statistical_filtering': True, 'std_threshold': 1.5}
2026-01-15 20:20:57,768 - FL_Defense_fltrust_la - INFO - Round 18: fltrust defense applied - Rejected clients: [14] - Detected malicious: [14]
2026-01-15 20:20:57,768 - FL_Defense_fltrust_la - INFO - Defense parameters: {'server_epochs': 5, 'server_lr': 0.01, 'cosine_threshold': 0.0, 'use_relu': True, 'clip_updates': True, 'use_statistical_filtering': True, 'std_threshold': 1.5}
2026-01-15 20:21:02,586 - FL_Defense_fltrust_la - INFO - Round 19: fltrust defense applied
2026-01-15 20:21:02,586 - FL_Defense_fltrust_la - INFO - Defense parameters: {'server_epochs': 5, 'server_lr': 0.01, 'cosine_threshold': 0.0, 'use_relu': True, 'clip_updates': True, 'use_statistical_filtering': True, 'std_threshold': 1.5}
2026-01-15 20:21:06,938 - FL_Defense_fltrust_la - INFO - Round 20: fltrust defense applied - Rejected clients: [77, 54, 27, 69] - Detected malicious: [77, 54, 27, 69]
2026-01-15 20:21:06,938 - FL_Defense_fltrust_la - INFO - Defense parameters: {'server_epochs': 5, 'server_lr': 0.01, 'cosine_threshold': 0.0, 'use_relu': True, 'clip_updates': True, 'use_statistical_filtering': True, 'std_threshold': 1.5}
2026-01-15 20:21:11,904 - FL_Defense_fltrust_la - INFO - Round 21: fltrust defense applied - Rejected clients: [31] - Detected malicious: [31]
2026-01-15 20:21:11,904 - FL_Defense_fltrust_la - INFO - Defense parameters: {'server_epochs': 5, 'server_lr': 0.01, 'cosine_threshold': 0.0, 'use_relu': True, 'clip_updates': True, 'use_statistical_filtering': True, 'std_threshold': 1.5}
2026-01-15 20:21:16,100 - FL_Defense_fltrust_la - INFO - Round 22: fltrust defense applied - Rejected clients: [28, 75, 29, 90] - Detected malicious: [28, 75, 29]
2026-01-15 20:21:16,100 - FL_Defense_fltrust_la - INFO - Defense parameters: {'server_epochs': 5, 'server_lr': 0.01, 'cosine_threshold': 0.0, 'use_relu': True, 'clip_updates': True, 'use_statistical_filtering': True, 'std_threshold': 1.5}
2026-01-15 20:21:20,396 - FL_Defense_fltrust_la - INFO - Round 23: fltrust defense applied - Rejected clients: [29, 4, 30, 35] - Detected malicious: [29, 4, 35]
2026-01-15 20:21:20,396 - FL_Defense_fltrust_la - INFO - Defense parameters: {'server_epochs': 5, 'server_lr': 0.01, 'cosine_threshold': 0.0, 'use_relu': True, 'clip_updates': True, 'use_statistical_filtering': True, 'std_threshold': 1.5}
2026-01-15 20:21:25,122 - FL_Defense_fltrust_la - INFO - Round 24: fltrust defense applied - Rejected clients: [27, 69, 31] - Detected malicious: [27, 69, 31]
2026-01-15 20:21:25,122 - FL_Defense_fltrust_la - INFO - Defense parameters: {'server_epochs': 5, 'server_lr': 0.01, 'cosine_threshold': 0.0, 'use_relu': True, 'clip_updates': True, 'use_statistical_filtering': True, 'std_threshold': 1.5}
2026-01-15 20:21:30,062 - FL_Defense_fltrust_la - INFO - Round 25: fltrust defense applied - Rejected clients: [54] - Detected malicious: [54]
2026-01-15 20:21:30,062 - FL_Defense_fltrust_la - INFO - Defense parameters: {'server_epochs': 5, 'server_lr': 0.01, 'cosine_threshold': 0.0, 'use_relu': True, 'clip_updates': True, 'use_statistical_filtering': True, 'std_threshold': 1.5}
2026-01-15 20:21:37,742 - FL_Defense_fltrust_la - INFO - Round 26: fltrust defense applied - Rejected clients: [86, 12, 31] - Detected malicious: [86, 13, 31]
2026-01-15 20:21:37,742 - FL_Defense_fltrust_la - INFO - Defense parameters: {'server_epochs': 5, 'server_lr': 0.01, 'cosine_threshold': 0.0, 'use_relu': True, 'clip_updates': True, 'use_statistical_filtering': True, 'std_threshold': 1.5}
2026-01-15 20:21:43,348 - FL_Defense_fltrust_la - INFO - Round 27: fltrust defense applied - Rejected clients: [17, 54, 35] - Detected malicious: [17, 54, 35, 31]
2026-01-15 20:21:43,348 - FL_Defense_fltrust_la - INFO - Defense parameters: {'server_epochs': 5, 'server_lr': 0.01, 'cosine_threshold': 0.0, 'use_relu': True, 'clip_updates': True, 'use_statistical_filtering': True, 'std_threshold': 1.5}
2026-01-15 20:21:48,848 - FL_Defense_fltrust_la - INFO - Round 28: fltrust defense applied - Rejected clients: [69, 11] - Detected malicious: [69, 11]
2026-01-15 20:21:48,848 - FL_Defense_fltrust_la - INFO - Defense parameters: {'server_epochs': 5, 'server_lr': 0.01, 'cosine_threshold': 0.0, 'use_relu': True, 'clip_updates': True, 'use_statistical_filtering': True, 'std_threshold': 1.5}
2026-01-15 20:21:54,464 - FL_Defense_fltrust_la - INFO - Round 29: fltrust defense applied - Rejected clients: [27, 7] - Detected malicious: [27]
2026-01-15 20:21:54,464 - FL_Defense_fltrust_la - INFO - Defense parameters: {'server_epochs': 5, 'server_lr': 0.01, 'cosine_threshold': 0.0, 'use_relu': True, 'clip_updates': True, 'use_statistical_filtering': True, 'std_threshold': 1.5}
2026-01-15 20:21:59,891 - FL_Defense_fltrust_la - INFO - Round 30: fltrust defense applied - Rejected clients: [71] - Detected malicious: [54, 71]
2026-01-15 20:21:59,891 - FL_Defense_fltrust_la - INFO - Defense parameters: {'server_epochs': 5, 'server_lr': 0.01, 'cosine_threshold': 0.0, 'use_relu': True, 'clip_updates': True, 'use_statistical_filtering': True, 'std_threshold': 1.5}
