2026-01-14 19:43:01,322 - FL_Defense_normclip_la - INFO - Round 1: norm_clipping defense applied - Detected malicious: [69, 28, 75, 35]
2026-01-14 19:43:01,322 - FL_Defense_normclip_la - INFO - Defense parameters: {'max_norm': 100.0, 'check_lower_bound': True}
2026-01-14 19:43:07,969 - FL_Defense_normclip_la - INFO - Round 2: norm_clipping defense applied - Rejected clients: [54, 35, 27, 13] - Detected malicious: [54, 35, 27, 13]
2026-01-14 19:43:07,969 - FL_Defense_normclip_la - INFO - Defense parameters: {'max_norm': 100.0, 'check_lower_bound': True}
2026-01-14 19:43:17,509 - FL_Defense_normclip_la - INFO - Round 3: norm_clipping defense applied - Rejected clients: [11, 77] - Detected malicious: [11, 77]
2026-01-14 19:43:17,509 - FL_Defense_normclip_la - INFO - Defense parameters: {'max_norm': 100.0, 'check_lower_bound': True}
2026-01-14 19:43:30,013 - FL_Defense_normclip_la - INFO - Round 4: norm_clipping defense applied
2026-01-14 19:43:30,013 - FL_Defense_normclip_la - INFO - Defense parameters: {'max_norm': 100.0, 'check_lower_bound': True}
2026-01-14 19:43:39,443 - FL_Defense_normclip_la - INFO - Round 5: norm_clipping defense applied - Rejected clients: [29] - Detected malicious: [29]
2026-01-14 19:43:39,443 - FL_Defense_normclip_la - INFO - Defense parameters: {'max_norm': 100.0, 'check_lower_bound': True}
2026-01-14 19:43:46,917 - FL_Defense_normclip_la - INFO - Round 6: norm_clipping defense applied - Rejected clients: [35, 81] - Detected malicious: [35, 81]
2026-01-14 19:43:46,917 - FL_Defense_normclip_la - INFO - Defense parameters: {'max_norm': 100.0, 'check_lower_bound': True}
2026-01-14 19:43:54,485 - FL_Defense_normclip_la - INFO - Round 7: norm_clipping defense applied - Rejected clients: [77, 81] - Detected malicious: [77, 81]
2026-01-14 19:43:54,485 - FL_Defense_normclip_la - INFO - Defense parameters: {'max_norm': 100.0, 'check_lower_bound': True}
2026-01-14 19:44:01,600 - FL_Defense_normclip_la - INFO - Round 8: norm_clipping defense applied - Rejected clients: [31, 81, 71, 28] - Detected malicious: [31, 81, 71, 28]
2026-01-14 19:44:01,600 - FL_Defense_normclip_la - INFO - Defense parameters: {'max_norm': 100.0, 'check_lower_bound': True}
2026-01-14 19:44:10,477 - FL_Defense_normclip_la - INFO - Round 9: norm_clipping defense applied - Rejected clients: [29, 4] - Detected malicious: [29, 4]
2026-01-14 19:44:10,477 - FL_Defense_normclip_la - INFO - Defense parameters: {'max_norm': 100.0, 'check_lower_bound': True}
2026-01-14 19:44:17,606 - FL_Defense_normclip_la - INFO - Round 10: norm_clipping defense applied - Rejected clients: [27] - Detected malicious: [27]
2026-01-14 19:44:17,606 - FL_Defense_normclip_la - INFO - Defense parameters: {'max_norm': 100.0, 'check_lower_bound': True}
2026-01-14 19:44:24,655 - FL_Defense_normclip_la - INFO - Round 11: norm_clipping defense applied - Rejected clients: [17, 31, 71, 54] - Detected malicious: [17, 31, 71, 54]
2026-01-14 19:44:24,655 - FL_Defense_normclip_la - INFO - Defense parameters: {'max_norm': 100.0, 'check_lower_bound': True}
2026-01-14 19:44:32,485 - FL_Defense_normclip_la - INFO - Round 12: norm_clipping defense applied - Rejected clients: [28, 17, 11, 14] - Detected malicious: [28, 17, 11, 14]
2026-01-14 19:44:32,485 - FL_Defense_normclip_la - INFO - Defense parameters: {'max_norm': 100.0, 'check_lower_bound': True}
2026-01-14 19:44:47,877 - FL_Defense_normclip_la - INFO - Round 13: norm_clipping defense applied - Rejected clients: [54] - Detected malicious: [54]
2026-01-14 19:44:47,877 - FL_Defense_normclip_la - INFO - Defense parameters: {'max_norm': 100.0, 'check_lower_bound': True}
2026-01-14 19:44:56,174 - FL_Defense_normclip_la - INFO - Round 14: norm_clipping defense applied - Rejected clients: [14] - Detected malicious: [14]
2026-01-14 19:44:56,174 - FL_Defense_normclip_la - INFO - Defense parameters: {'max_norm': 100.0, 'check_lower_bound': True}
2026-01-14 19:45:07,013 - FL_Defense_normclip_la - INFO - Round 15: norm_clipping defense applied - Rejected clients: [14, 64] - Detected malicious: [14, 64]
2026-01-14 19:45:07,013 - FL_Defense_normclip_la - INFO - Defense parameters: {'max_norm': 100.0, 'check_lower_bound': True}
2026-01-14 19:45:19,749 - FL_Defense_normclip_la - INFO - Round 16: norm_clipping defense applied - Rejected clients: [64, 13, 81, 77] - Detected malicious: [64, 13, 81, 77]
2026-01-14 19:45:19,749 - FL_Defense_normclip_la - INFO - Defense parameters: {'max_norm': 100.0, 'check_lower_bound': True}
2026-01-14 19:45:29,049 - FL_Defense_normclip_la - INFO - Round 17: norm_clipping defense applied - Rejected clients: [69] - Detected malicious: [69]
2026-01-14 19:45:29,049 - FL_Defense_normclip_la - INFO - Defense parameters: {'max_norm': 100.0, 'check_lower_bound': True}
2026-01-14 19:45:40,408 - FL_Defense_normclip_la - INFO - Round 18: norm_clipping defense applied - Rejected clients: [14] - Detected malicious: [14]
2026-01-14 19:45:40,409 - FL_Defense_normclip_la - INFO - Defense parameters: {'max_norm': 100.0, 'check_lower_bound': True}
2026-01-14 19:45:48,373 - FL_Defense_normclip_la - INFO - Round 19: norm_clipping defense applied
2026-01-14 19:45:48,374 - FL_Defense_normclip_la - INFO - Defense parameters: {'max_norm': 100.0, 'check_lower_bound': True}
2026-01-14 19:45:55,850 - FL_Defense_normclip_la - INFO - Round 20: norm_clipping defense applied - Rejected clients: [77, 54, 27, 69] - Detected malicious: [77, 54, 27, 69]
2026-01-14 19:45:55,850 - FL_Defense_normclip_la - INFO - Defense parameters: {'max_norm': 100.0, 'check_lower_bound': True}
2026-01-14 19:46:03,309 - FL_Defense_normclip_la - INFO - Round 21: norm_clipping defense applied - Rejected clients: [31] - Detected malicious: [31]
2026-01-14 19:46:03,309 - FL_Defense_normclip_la - INFO - Defense parameters: {'max_norm': 100.0, 'check_lower_bound': True}
2026-01-14 19:46:10,597 - FL_Defense_normclip_la - INFO - Round 22: norm_clipping defense applied - Rejected clients: [28, 75, 29] - Detected malicious: [28, 75, 29]
2026-01-14 19:46:10,597 - FL_Defense_normclip_la - INFO - Defense parameters: {'max_norm': 100.0, 'check_lower_bound': True}
2026-01-14 19:46:20,870 - FL_Defense_normclip_la - INFO - Round 23: norm_clipping defense applied - Rejected clients: [29, 4, 35] - Detected malicious: [29, 4, 35]
2026-01-14 19:46:20,870 - FL_Defense_normclip_la - INFO - Defense parameters: {'max_norm': 100.0, 'check_lower_bound': True}
2026-01-14 19:46:28,229 - FL_Defense_normclip_la - INFO - Round 24: norm_clipping defense applied - Rejected clients: [27, 69, 31] - Detected malicious: [27, 69, 31]
2026-01-14 19:46:28,229 - FL_Defense_normclip_la - INFO - Defense parameters: {'max_norm': 100.0, 'check_lower_bound': True}
2026-01-14 19:46:35,392 - FL_Defense_normclip_la - INFO - Round 25: norm_clipping defense applied - Rejected clients: [54] - Detected malicious: [54]
2026-01-14 19:46:35,392 - FL_Defense_normclip_la - INFO - Defense parameters: {'max_norm': 100.0, 'check_lower_bound': True}
2026-01-14 19:46:43,896 - FL_Defense_normclip_la - INFO - Round 26: norm_clipping defense applied - Rejected clients: [86, 13, 31] - Detected malicious: [86, 13, 31]
2026-01-14 19:46:43,896 - FL_Defense_normclip_la - INFO - Defense parameters: {'max_norm': 100.0, 'check_lower_bound': True}
2026-01-14 19:46:51,461 - FL_Defense_normclip_la - INFO - Round 27: norm_clipping defense applied - Rejected clients: [17, 54, 35, 31] - Detected malicious: [17, 54, 35, 31]
2026-01-14 19:46:51,462 - FL_Defense_normclip_la - INFO - Defense parameters: {'max_norm': 100.0, 'check_lower_bound': True}
2026-01-14 19:47:00,740 - FL_Defense_normclip_la - INFO - Round 28: norm_clipping defense applied - Rejected clients: [69, 11] - Detected malicious: [69, 11]
2026-01-14 19:47:00,741 - FL_Defense_normclip_la - INFO - Defense parameters: {'max_norm': 100.0, 'check_lower_bound': True}
2026-01-14 19:47:07,202 - FL_Defense_normclip_la - INFO - Round 29: norm_clipping defense applied - Rejected clients: [27] - Detected malicious: [27]
2026-01-14 19:47:07,202 - FL_Defense_normclip_la - INFO - Defense parameters: {'max_norm': 100.0, 'check_lower_bound': True}
2026-01-14 19:47:14,451 - FL_Defense_normclip_la - INFO - Round 30: norm_clipping defense applied - Rejected clients: [54, 71] - Detected malicious: [54, 71]
2026-01-14 19:47:14,451 - FL_Defense_normclip_la - INFO - Defense parameters: {'max_norm': 100.0, 'check_lower_bound': True}
