2026-01-21 12:24:36,615 - FL_Defense_fltrust_la - INFO - Round 1: fltrust defense applied - Rejected clients: [69, 28, 75, 35] - Detected malicious: [69, 28, 75, 35]
2026-01-21 12:24:36,615 - FL_Defense_fltrust_la - INFO - Defense parameters: {'server_epochs': 5, 'server_lr': 0.01, 'cosine_threshold': 0.0, 'use_relu': True, 'clip_updates': True, 'use_statistical_filtering': True, 'std_threshold': 1.5}
2026-01-21 12:25:04,964 - FL_Defense_fltrust_la - INFO - Round 2: fltrust defense applied - Rejected clients: [54, 35, 27, 13] - Detected malicious: [54, 35, 27, 13]
2026-01-21 12:25:04,964 - FL_Defense_fltrust_la - INFO - Defense parameters: {'server_epochs': 5, 'server_lr': 0.01, 'cosine_threshold': 0.0, 'use_relu': True, 'clip_updates': True, 'use_statistical_filtering': True, 'std_threshold': 1.5}
2026-01-21 12:25:31,702 - FL_Defense_fltrust_la - INFO - Round 3: fltrust defense applied - Rejected clients: [77] - Detected malicious: [11, 77]
2026-01-21 12:25:31,702 - FL_Defense_fltrust_la - INFO - Defense parameters: {'server_epochs': 5, 'server_lr': 0.01, 'cosine_threshold': 0.0, 'use_relu': True, 'clip_updates': True, 'use_statistical_filtering': True, 'std_threshold': 1.5}
2026-01-21 12:25:59,180 - FL_Defense_fltrust_la - INFO - Round 4: fltrust defense applied
2026-01-21 12:25:59,180 - FL_Defense_fltrust_la - INFO - Defense parameters: {'server_epochs': 5, 'server_lr': 0.01, 'cosine_threshold': 0.0, 'use_relu': True, 'clip_updates': True, 'use_statistical_filtering': True, 'std_threshold': 1.5}
2026-01-21 12:26:25,597 - FL_Defense_fltrust_la - INFO - Round 5: fltrust defense applied - Rejected clients: [29] - Detected malicious: [29]
2026-01-21 12:26:25,597 - FL_Defense_fltrust_la - INFO - Defense parameters: {'server_epochs': 5, 'server_lr': 0.01, 'cosine_threshold': 0.0, 'use_relu': True, 'clip_updates': True, 'use_statistical_filtering': True, 'std_threshold': 1.5}
2026-01-21 12:26:49,929 - FL_Defense_fltrust_la - INFO - Round 6: fltrust defense applied - Rejected clients: [35] - Detected malicious: [35, 81]
2026-01-21 12:26:49,929 - FL_Defense_fltrust_la - INFO - Defense parameters: {'server_epochs': 5, 'server_lr': 0.01, 'cosine_threshold': 0.0, 'use_relu': True, 'clip_updates': True, 'use_statistical_filtering': True, 'std_threshold': 1.5}
2026-01-21 12:27:15,373 - FL_Defense_fltrust_la - INFO - Round 7: fltrust defense applied - Rejected clients: [77, 81] - Detected malicious: [77, 81]
2026-01-21 12:27:15,373 - FL_Defense_fltrust_la - INFO - Defense parameters: {'server_epochs': 5, 'server_lr': 0.01, 'cosine_threshold': 0.0, 'use_relu': True, 'clip_updates': True, 'use_statistical_filtering': True, 'std_threshold': 1.5}
2026-01-21 12:27:42,049 - FL_Defense_fltrust_la - INFO - Round 8: fltrust defense applied - Rejected clients: [31, 81, 71, 28] - Detected malicious: [31, 81, 71, 28]
2026-01-21 12:27:42,050 - FL_Defense_fltrust_la - INFO - Defense parameters: {'server_epochs': 5, 'server_lr': 0.01, 'cosine_threshold': 0.0, 'use_relu': True, 'clip_updates': True, 'use_statistical_filtering': True, 'std_threshold': 1.5}
2026-01-21 12:28:06,863 - FL_Defense_fltrust_la - INFO - Round 9: fltrust defense applied - Rejected clients: [29, 4] - Detected malicious: [29, 4]
2026-01-21 12:28:06,863 - FL_Defense_fltrust_la - INFO - Defense parameters: {'server_epochs': 5, 'server_lr': 0.01, 'cosine_threshold': 0.0, 'use_relu': True, 'clip_updates': True, 'use_statistical_filtering': True, 'std_threshold': 1.5}
2026-01-21 12:28:36,004 - FL_Defense_fltrust_la - INFO - Round 10: fltrust defense applied - Rejected clients: [27] - Detected malicious: [27]
2026-01-21 12:28:36,004 - FL_Defense_fltrust_la - INFO - Defense parameters: {'server_epochs': 5, 'server_lr': 0.01, 'cosine_threshold': 0.0, 'use_relu': True, 'clip_updates': True, 'use_statistical_filtering': True, 'std_threshold': 1.5}
2026-01-21 12:29:02,070 - FL_Defense_fltrust_la - INFO - Round 11: fltrust defense applied - Rejected clients: [17, 31, 71, 54] - Detected malicious: [17, 31, 71, 54]
2026-01-21 12:29:02,070 - FL_Defense_fltrust_la - INFO - Defense parameters: {'server_epochs': 5, 'server_lr': 0.01, 'cosine_threshold': 0.0, 'use_relu': True, 'clip_updates': True, 'use_statistical_filtering': True, 'std_threshold': 1.5}
2026-01-21 12:29:28,148 - FL_Defense_fltrust_la - INFO - Round 12: fltrust defense applied - Rejected clients: [28, 17, 11, 14] - Detected malicious: [28, 17, 11, 14]
2026-01-21 12:29:28,148 - FL_Defense_fltrust_la - INFO - Defense parameters: {'server_epochs': 5, 'server_lr': 0.01, 'cosine_threshold': 0.0, 'use_relu': True, 'clip_updates': True, 'use_statistical_filtering': True, 'std_threshold': 1.5}
2026-01-21 12:29:54,980 - FL_Defense_fltrust_la - INFO - Round 13: fltrust defense applied - Rejected clients: [54] - Detected malicious: [54]
2026-01-21 12:29:54,980 - FL_Defense_fltrust_la - INFO - Defense parameters: {'server_epochs': 5, 'server_lr': 0.01, 'cosine_threshold': 0.0, 'use_relu': True, 'clip_updates': True, 'use_statistical_filtering': True, 'std_threshold': 1.5}
2026-01-21 12:30:19,863 - FL_Defense_fltrust_la - INFO - Round 14: fltrust defense applied - Rejected clients: [14] - Detected malicious: [14]
2026-01-21 12:30:19,864 - FL_Defense_fltrust_la - INFO - Defense parameters: {'server_epochs': 5, 'server_lr': 0.01, 'cosine_threshold': 0.0, 'use_relu': True, 'clip_updates': True, 'use_statistical_filtering': True, 'std_threshold': 1.5}
2026-01-21 12:30:45,315 - FL_Defense_fltrust_la - INFO - Round 15: fltrust defense applied - Rejected clients: [14, 64] - Detected malicious: [14, 64]
2026-01-21 12:30:45,315 - FL_Defense_fltrust_la - INFO - Defense parameters: {'server_epochs': 5, 'server_lr': 0.01, 'cosine_threshold': 0.0, 'use_relu': True, 'clip_updates': True, 'use_statistical_filtering': True, 'std_threshold': 1.5}
2026-01-21 12:31:13,845 - FL_Defense_fltrust_la - INFO - Round 16: fltrust defense applied - Rejected clients: [64, 13, 81, 77] - Detected malicious: [64, 13, 81, 77]
2026-01-21 12:31:13,845 - FL_Defense_fltrust_la - INFO - Defense parameters: {'server_epochs': 5, 'server_lr': 0.01, 'cosine_threshold': 0.0, 'use_relu': True, 'clip_updates': True, 'use_statistical_filtering': True, 'std_threshold': 1.5}
2026-01-21 12:31:40,266 - FL_Defense_fltrust_la - INFO - Round 17: fltrust defense applied - Rejected clients: [69] - Detected malicious: [69]
2026-01-21 12:31:40,266 - FL_Defense_fltrust_la - INFO - Defense parameters: {'server_epochs': 5, 'server_lr': 0.01, 'cosine_threshold': 0.0, 'use_relu': True, 'clip_updates': True, 'use_statistical_filtering': True, 'std_threshold': 1.5}
2026-01-21 12:32:05,250 - FL_Defense_fltrust_la - INFO - Round 18: fltrust defense applied - Rejected clients: [14] - Detected malicious: [14]
2026-01-21 12:32:05,250 - FL_Defense_fltrust_la - INFO - Defense parameters: {'server_epochs': 5, 'server_lr': 0.01, 'cosine_threshold': 0.0, 'use_relu': True, 'clip_updates': True, 'use_statistical_filtering': True, 'std_threshold': 1.5}
2026-01-21 12:32:31,816 - FL_Defense_fltrust_la - INFO - Round 19: fltrust defense applied
2026-01-21 12:32:31,817 - FL_Defense_fltrust_la - INFO - Defense parameters: {'server_epochs': 5, 'server_lr': 0.01, 'cosine_threshold': 0.0, 'use_relu': True, 'clip_updates': True, 'use_statistical_filtering': True, 'std_threshold': 1.5}
2026-01-21 12:32:59,093 - FL_Defense_fltrust_la - INFO - Round 20: fltrust defense applied - Rejected clients: [77, 54, 27, 69] - Detected malicious: [77, 54, 27, 69]
2026-01-21 12:32:59,093 - FL_Defense_fltrust_la - INFO - Defense parameters: {'server_epochs': 5, 'server_lr': 0.01, 'cosine_threshold': 0.0, 'use_relu': True, 'clip_updates': True, 'use_statistical_filtering': True, 'std_threshold': 1.5}
2026-01-21 12:33:25,027 - FL_Defense_fltrust_la - INFO - Round 21: fltrust defense applied - Rejected clients: [31] - Detected malicious: [31]
2026-01-21 12:33:25,028 - FL_Defense_fltrust_la - INFO - Defense parameters: {'server_epochs': 5, 'server_lr': 0.01, 'cosine_threshold': 0.0, 'use_relu': True, 'clip_updates': True, 'use_statistical_filtering': True, 'std_threshold': 1.5}
2026-01-21 12:33:50,804 - FL_Defense_fltrust_la - INFO - Round 22: fltrust defense applied - Rejected clients: [28, 29] - Detected malicious: [28, 75, 29]
2026-01-21 12:33:50,804 - FL_Defense_fltrust_la - INFO - Defense parameters: {'server_epochs': 5, 'server_lr': 0.01, 'cosine_threshold': 0.0, 'use_relu': True, 'clip_updates': True, 'use_statistical_filtering': True, 'std_threshold': 1.5}
2026-01-21 12:34:19,432 - FL_Defense_fltrust_la - INFO - Round 23: fltrust defense applied - Rejected clients: [29, 4, 35] - Detected malicious: [29, 4, 35]
2026-01-21 12:34:19,432 - FL_Defense_fltrust_la - INFO - Defense parameters: {'server_epochs': 5, 'server_lr': 0.01, 'cosine_threshold': 0.0, 'use_relu': True, 'clip_updates': True, 'use_statistical_filtering': True, 'std_threshold': 1.5}
2026-01-21 12:34:45,403 - FL_Defense_fltrust_la - INFO - Round 24: fltrust defense applied - Rejected clients: [27, 69, 31] - Detected malicious: [27, 69, 31]
2026-01-21 12:34:45,403 - FL_Defense_fltrust_la - INFO - Defense parameters: {'server_epochs': 5, 'server_lr': 0.01, 'cosine_threshold': 0.0, 'use_relu': True, 'clip_updates': True, 'use_statistical_filtering': True, 'std_threshold': 1.5}
2026-01-21 12:35:10,324 - FL_Defense_fltrust_la - INFO - Round 25: fltrust defense applied - Rejected clients: [54] - Detected malicious: [54]
2026-01-21 12:35:10,324 - FL_Defense_fltrust_la - INFO - Defense parameters: {'server_epochs': 5, 'server_lr': 0.01, 'cosine_threshold': 0.0, 'use_relu': True, 'clip_updates': True, 'use_statistical_filtering': True, 'std_threshold': 1.5}
2026-01-21 12:35:37,084 - FL_Defense_fltrust_la - INFO - Round 26: fltrust defense applied - Rejected clients: [86, 51, 13, 31] - Detected malicious: [86, 13, 31]
2026-01-21 12:35:37,085 - FL_Defense_fltrust_la - INFO - Defense parameters: {'server_epochs': 5, 'server_lr': 0.01, 'cosine_threshold': 0.0, 'use_relu': True, 'clip_updates': True, 'use_statistical_filtering': True, 'std_threshold': 1.5}
2026-01-21 12:36:03,401 - FL_Defense_fltrust_la - INFO - Round 27: fltrust defense applied - Rejected clients: [17, 54, 35, 31] - Detected malicious: [17, 54, 35, 31]
2026-01-21 12:36:03,401 - FL_Defense_fltrust_la - INFO - Defense parameters: {'server_epochs': 5, 'server_lr': 0.01, 'cosine_threshold': 0.0, 'use_relu': True, 'clip_updates': True, 'use_statistical_filtering': True, 'std_threshold': 1.5}
2026-01-21 12:36:31,372 - FL_Defense_fltrust_la - INFO - Round 28: fltrust defense applied - Rejected clients: [69, 11] - Detected malicious: [69, 11]
2026-01-21 12:36:31,372 - FL_Defense_fltrust_la - INFO - Defense parameters: {'server_epochs': 5, 'server_lr': 0.01, 'cosine_threshold': 0.0, 'use_relu': True, 'clip_updates': True, 'use_statistical_filtering': True, 'std_threshold': 1.5}
2026-01-21 12:36:58,645 - FL_Defense_fltrust_la - INFO - Round 29: fltrust defense applied - Rejected clients: [27, 51] - Detected malicious: [27]
2026-01-21 12:36:58,645 - FL_Defense_fltrust_la - INFO - Defense parameters: {'server_epochs': 5, 'server_lr': 0.01, 'cosine_threshold': 0.0, 'use_relu': True, 'clip_updates': True, 'use_statistical_filtering': True, 'std_threshold': 1.5}
2026-01-21 12:37:24,831 - FL_Defense_fltrust_la - INFO - Round 30: fltrust defense applied - Rejected clients: [54, 71] - Detected malicious: [54, 71]
2026-01-21 12:37:24,831 - FL_Defense_fltrust_la - INFO - Defense parameters: {'server_epochs': 5, 'server_lr': 0.01, 'cosine_threshold': 0.0, 'use_relu': True, 'clip_updates': True, 'use_statistical_filtering': True, 'std_threshold': 1.5}
