2026-01-21 12:23:56,838 - FL_Main_fltrust_la - INFO - Experiment Configuration: {
  "experiment_name": "fltrust_la",
  "random_seed": 42,
  "dataset": {
    "type": "cifar",
    "data_dir": "./data",
    "num_classes": 10,
    "partition_type": "iid"
  },
  "model": {
    "type": "lenet",
    "num_classes": 10
  },
  "federated_learning": {
    "num_rounds": 30,
    "num_clients": 100,
    "client_participation_rate": 0.1,
    "learning_rate": 0.01,
    "local_epochs": 2,
    "batch_size": 32
  },
  "server": {
    "data_size": 500
  },
  "attack": {
    "type": "la",
    "num_malicious_clients": 20,
    "params": {
      "target_norm_ratio": 10.0,
      "max_iterations": 100
    }
  },
  "defense": {
    "type": "fltrust",
    "params": {
      "server_epochs": 5,
      "server_lr": 0.01,
      "cosine_threshold": 0.0,
      "use_relu": true,
      "clip_updates": true,
      "use_statistical_filtering": true,
      "std_threshold": 1.5
    }
  }
}
2026-01-21 12:23:56,839 - FL_Main_fltrust_la - INFO - Using device: cpu
2026-01-21 12:24:19,238 - FL_Main_fltrust_la - INFO - Data partitioned among 100 clients
2026-01-21 12:24:19,243 - FL_Main_fltrust_la - INFO - Model initialized: lenet
2026-01-21 12:24:19,245 - FL_Main_fltrust_la - INFO - Server initialized with defense: fltrust
2026-01-21 12:24:19,565 - FL_Main_fltrust_la - INFO - Created 100 clients (20 malicious)
2026-01-21 12:24:19,565 - FL_Main_fltrust_la - INFO - Experiment setup completed
2026-01-21 12:24:19,566 - FL_Main_fltrust_la - INFO - Starting experiment with 30 rounds
2026-01-21 12:24:19,566 - FL_Main_fltrust_la - INFO - === Round 1 Started ===
2026-01-21 12:24:19,567 - FL_Main_fltrust_la - INFO - Participating clients: [25, 91, 83, 89, 69, 53, 28, 57, 75, 35]
2026-01-21 12:24:45,337 - FL_Main_fltrust_la - INFO - === Round 1 Completed ===
2026-01-21 12:24:45,337 - FL_Main_fltrust_la - INFO - Global Accuracy: 13.1200, Global Loss: 2.2998
2026-01-21 12:24:45,338 - FL_Main_fltrust_la - INFO - Test Accuracy: 13.1200, Test Loss: 2.2998
2026-01-21 12:24:45,338 - FL_Main_fltrust_la - INFO - === Round 2 Started ===
2026-01-21 12:24:45,339 - FL_Main_fltrust_la - INFO - Participating clients: [0, 97, 20, 89, 54, 43, 35, 19, 27, 13]
2026-01-21 12:25:13,733 - FL_Main_fltrust_la - INFO - === Round 2 Completed ===
2026-01-21 12:25:13,733 - FL_Main_fltrust_la - INFO - Global Accuracy: 16.0900, Global Loss: 2.2948
2026-01-21 12:25:13,733 - FL_Main_fltrust_la - INFO - Test Accuracy: 16.0900, Test Loss: 2.2948
2026-01-21 12:25:13,734 - FL_Main_fltrust_la - INFO - === Round 3 Started ===
2026-01-21 12:25:13,735 - FL_Main_fltrust_la - INFO - Participating clients: [11, 48, 12, 45, 44, 77, 33, 5, 93, 58]
2026-01-21 12:25:40,521 - FL_Main_fltrust_la - INFO - === Round 3 Completed ===
2026-01-21 12:25:40,521 - FL_Main_fltrust_la - INFO - Global Accuracy: 18.7100, Global Loss: 2.2840
2026-01-21 12:25:40,521 - FL_Main_fltrust_la - INFO - Test Accuracy: 18.7100, Test Loss: 2.2840
2026-01-21 12:25:40,521 - FL_Main_fltrust_la - INFO - === Round 4 Started ===
2026-01-21 12:25:40,522 - FL_Main_fltrust_la - INFO - Participating clients: [68, 15, 48, 10, 70, 37, 80, 79, 46, 73]
2026-01-21 12:26:07,202 - FL_Main_fltrust_la - INFO - === Round 4 Completed ===
2026-01-21 12:26:07,203 - FL_Main_fltrust_la - INFO - Global Accuracy: 21.3000, Global Loss: 2.2577
2026-01-21 12:26:07,203 - FL_Main_fltrust_la - INFO - Test Accuracy: 21.3000, Test Loss: 2.2577
2026-01-21 12:26:07,204 - FL_Main_fltrust_la - INFO - === Round 5 Started ===
2026-01-21 12:26:07,204 - FL_Main_fltrust_la - INFO - Participating clients: [24, 90, 8, 5, 84, 29, 98, 37, 10, 12]
2026-01-21 12:26:32,244 - FL_Main_fltrust_la - INFO - === Round 5 Completed ===
2026-01-21 12:26:32,244 - FL_Main_fltrust_la - INFO - Global Accuracy: 23.2800, Global Loss: 2.1920
2026-01-21 12:26:32,244 - FL_Main_fltrust_la - INFO - Test Accuracy: 23.2800, Test Loss: 2.1920
2026-01-21 12:26:32,245 - FL_Main_fltrust_la - INFO - === Round 6 Started ===
2026-01-21 12:26:32,245 - FL_Main_fltrust_la - INFO - Participating clients: [48, 35, 58, 81, 46, 20, 47, 45, 26, 85]
2026-01-21 12:26:58,091 - FL_Main_fltrust_la - INFO - === Round 6 Completed ===
2026-01-21 12:26:58,092 - FL_Main_fltrust_la - INFO - Global Accuracy: 25.4400, Global Loss: 2.1182
2026-01-21 12:26:58,092 - FL_Main_fltrust_la - INFO - Test Accuracy: 25.4400, Test Loss: 2.1182
2026-01-21 12:26:58,093 - FL_Main_fltrust_la - INFO - === Round 7 Started ===
2026-01-21 12:26:58,093 - FL_Main_fltrust_la - INFO - Participating clients: [34, 89, 87, 82, 9, 77, 81, 21, 68, 93]
2026-01-21 12:27:24,431 - FL_Main_fltrust_la - INFO - === Round 7 Completed ===
2026-01-21 12:27:24,431 - FL_Main_fltrust_la - INFO - Global Accuracy: 26.7200, Global Loss: 2.0511
2026-01-21 12:27:24,431 - FL_Main_fltrust_la - INFO - Test Accuracy: 26.7200, Test Loss: 2.0511
2026-01-21 12:27:24,433 - FL_Main_fltrust_la - INFO - === Round 8 Started ===
2026-01-21 12:27:24,433 - FL_Main_fltrust_la - INFO - Participating clients: [31, 20, 59, 48, 34, 81, 88, 71, 28, 87]
2026-01-21 12:27:51,083 - FL_Main_fltrust_la - INFO - === Round 8 Completed ===
2026-01-21 12:27:51,084 - FL_Main_fltrust_la - INFO - Global Accuracy: 28.9400, Global Loss: 2.0041
2026-01-21 12:27:51,084 - FL_Main_fltrust_la - INFO - Test Accuracy: 28.9400, Test Loss: 2.0041
2026-01-21 12:27:51,085 - FL_Main_fltrust_la - INFO - === Round 9 Started ===
2026-01-21 12:27:51,085 - FL_Main_fltrust_la - INFO - Participating clients: [41, 98, 99, 7, 29, 4, 40, 51, 34, 8]
2026-01-21 12:28:15,771 - FL_Main_fltrust_la - INFO - === Round 9 Completed ===
2026-01-21 12:28:15,771 - FL_Main_fltrust_la - INFO - Global Accuracy: 30.2200, Global Loss: 1.9658
2026-01-21 12:28:15,771 - FL_Main_fltrust_la - INFO - Test Accuracy: 30.2200, Test Loss: 1.9658
2026-01-21 12:28:15,772 - FL_Main_fltrust_la - INFO - === Round 10 Started ===
2026-01-21 12:28:15,773 - FL_Main_fltrust_la - INFO - Participating clients: [27, 72, 91, 40, 83, 63, 50, 82, 58, 18]
2026-01-21 12:28:44,665 - FL_Main_fltrust_la - INFO - === Round 10 Completed ===
2026-01-21 12:28:44,666 - FL_Main_fltrust_la - INFO - Global Accuracy: 30.9100, Global Loss: 1.9236
2026-01-21 12:28:44,666 - FL_Main_fltrust_la - INFO - Test Accuracy: 30.9100, Test Loss: 1.9236
2026-01-21 12:28:44,667 - FL_Main_fltrust_la - INFO - === Round 11 Started ===
2026-01-21 12:28:44,667 - FL_Main_fltrust_la - INFO - Participating clients: [33, 17, 31, 95, 71, 68, 74, 54, 51, 46]
2026-01-21 12:29:10,336 - FL_Main_fltrust_la - INFO - === Round 11 Completed ===
2026-01-21 12:29:10,337 - FL_Main_fltrust_la - INFO - Global Accuracy: 31.7200, Global Loss: 1.8964
2026-01-21 12:29:10,337 - FL_Main_fltrust_la - INFO - Test Accuracy: 31.7200, Test Loss: 1.8964
2026-01-21 12:29:10,337 - FL_Main_fltrust_la - INFO - === Round 12 Started ===
2026-01-21 12:29:10,338 - FL_Main_fltrust_la - INFO - Participating clients: [28, 17, 65, 63, 11, 96, 6, 14, 19, 80]
2026-01-21 12:29:36,172 - FL_Main_fltrust_la - INFO - === Round 12 Completed ===
2026-01-21 12:29:36,173 - FL_Main_fltrust_la - INFO - Global Accuracy: 32.9800, Global Loss: 1.8660
2026-01-21 12:29:36,173 - FL_Main_fltrust_la - INFO - Test Accuracy: 32.9800, Test Loss: 1.8660
2026-01-21 12:29:36,174 - FL_Main_fltrust_la - INFO - === Round 13 Started ===
2026-01-21 12:29:36,174 - FL_Main_fltrust_la - INFO - Participating clients: [20, 87, 54, 76, 8, 49, 48, 59, 67, 32]
2026-01-21 12:30:01,628 - FL_Main_fltrust_la - INFO - === Round 13 Completed ===
2026-01-21 12:30:01,629 - FL_Main_fltrust_la - INFO - Global Accuracy: 33.4900, Global Loss: 1.8474
2026-01-21 12:30:01,629 - FL_Main_fltrust_la - INFO - Test Accuracy: 33.4900, Test Loss: 1.8474
2026-01-21 12:30:01,630 - FL_Main_fltrust_la - INFO - === Round 14 Started ===
2026-01-21 12:30:01,630 - FL_Main_fltrust_la - INFO - Participating clients: [70, 1, 87, 92, 14, 68, 96, 34, 98, 82]
2026-01-21 12:30:28,320 - FL_Main_fltrust_la - INFO - === Round 14 Completed ===
2026-01-21 12:30:28,320 - FL_Main_fltrust_la - INFO - Global Accuracy: 34.5300, Global Loss: 1.8249
2026-01-21 12:30:28,320 - FL_Main_fltrust_la - INFO - Test Accuracy: 34.5300, Test Loss: 1.8249
2026-01-21 12:30:28,321 - FL_Main_fltrust_la - INFO - === Round 15 Started ===
2026-01-21 12:30:28,321 - FL_Main_fltrust_la - INFO - Participating clients: [43, 14, 37, 55, 20, 58, 0, 92, 33, 64]
2026-01-21 12:30:54,290 - FL_Main_fltrust_la - INFO - === Round 15 Completed ===
2026-01-21 12:30:54,290 - FL_Main_fltrust_la - INFO - Global Accuracy: 35.2800, Global Loss: 1.8062
2026-01-21 12:30:54,291 - FL_Main_fltrust_la - INFO - Test Accuracy: 35.2800, Test Loss: 1.8062
2026-01-21 12:30:54,292 - FL_Main_fltrust_la - INFO - === Round 16 Started ===
2026-01-21 12:30:54,292 - FL_Main_fltrust_la - INFO - Participating clients: [97, 22, 64, 13, 80, 38, 81, 77, 25, 19]
2026-01-21 12:31:23,109 - FL_Main_fltrust_la - INFO - === Round 16 Completed ===
2026-01-21 12:31:23,109 - FL_Main_fltrust_la - INFO - Global Accuracy: 35.8600, Global Loss: 1.7774
2026-01-21 12:31:23,110 - FL_Main_fltrust_la - INFO - Test Accuracy: 35.8600, Test Loss: 1.7774
2026-01-21 12:31:23,111 - FL_Main_fltrust_la - INFO - === Round 17 Started ===
2026-01-21 12:31:23,111 - FL_Main_fltrust_la - INFO - Participating clients: [47, 97, 20, 69, 99, 67, 0, 76, 41, 62]
2026-01-21 12:31:48,937 - FL_Main_fltrust_la - INFO - === Round 17 Completed ===
2026-01-21 12:31:48,938 - FL_Main_fltrust_la - INFO - Global Accuracy: 36.5500, Global Loss: 1.7568
2026-01-21 12:31:48,938 - FL_Main_fltrust_la - INFO - Test Accuracy: 36.5500, Test Loss: 1.7568
2026-01-21 12:31:48,939 - FL_Main_fltrust_la - INFO - === Round 18 Started ===
2026-01-21 12:31:48,939 - FL_Main_fltrust_la - INFO - Participating clients: [2, 14, 46, 39, 30, 7, 72, 10, 93, 62]
2026-01-21 12:32:13,986 - FL_Main_fltrust_la - INFO - === Round 18 Completed ===
2026-01-21 12:32:13,986 - FL_Main_fltrust_la - INFO - Global Accuracy: 37.3400, Global Loss: 1.7450
2026-01-21 12:32:13,986 - FL_Main_fltrust_la - INFO - Test Accuracy: 37.3400, Test Loss: 1.7450
2026-01-21 12:32:13,988 - FL_Main_fltrust_la - INFO - === Round 19 Started ===
2026-01-21 12:32:13,988 - FL_Main_fltrust_la - INFO - Participating clients: [8, 97, 68, 98, 16, 84, 60, 70, 21, 33]
2026-01-21 12:32:40,535 - FL_Main_fltrust_la - INFO - === Round 19 Completed ===
2026-01-21 12:32:40,535 - FL_Main_fltrust_la - INFO - Global Accuracy: 37.7400, Global Loss: 1.7299
2026-01-21 12:32:40,536 - FL_Main_fltrust_la - INFO - Test Accuracy: 37.7400, Test Loss: 1.7299
2026-01-21 12:32:40,536 - FL_Main_fltrust_la - INFO - === Round 20 Started ===
2026-01-21 12:32:40,537 - FL_Main_fltrust_la - INFO - Participating clients: [67, 77, 54, 27, 69, 96, 93, 88, 25, 91]
2026-01-21 12:33:07,202 - FL_Main_fltrust_la - INFO - === Round 20 Completed ===
2026-01-21 12:33:07,202 - FL_Main_fltrust_la - INFO - Global Accuracy: 38.0300, Global Loss: 1.7168
2026-01-21 12:33:07,203 - FL_Main_fltrust_la - INFO - Test Accuracy: 38.0300, Test Loss: 1.7168
2026-01-21 12:33:07,204 - FL_Main_fltrust_la - INFO - === Round 21 Started ===
2026-01-21 12:33:07,205 - FL_Main_fltrust_la - INFO - Participating clients: [39, 51, 85, 83, 47, 56, 66, 57, 15, 31]
2026-01-21 12:33:32,264 - FL_Main_fltrust_la - INFO - === Round 21 Completed ===
2026-01-21 12:33:32,264 - FL_Main_fltrust_la - INFO - Global Accuracy: 38.2700, Global Loss: 1.6963
2026-01-21 12:33:32,265 - FL_Main_fltrust_la - INFO - Test Accuracy: 38.2700, Test Loss: 1.6963
2026-01-21 12:33:32,266 - FL_Main_fltrust_la - INFO - === Round 22 Started ===
2026-01-21 12:33:32,266 - FL_Main_fltrust_la - INFO - Participating clients: [28, 8, 43, 2, 75, 70, 29, 0, 9, 90]
2026-01-21 12:34:00,512 - FL_Main_fltrust_la - INFO - === Round 22 Completed ===
2026-01-21 12:34:00,513 - FL_Main_fltrust_la - INFO - Global Accuracy: 38.9100, Global Loss: 1.6864
2026-01-21 12:34:00,513 - FL_Main_fltrust_la - INFO - Test Accuracy: 38.9100, Test Loss: 1.6864
2026-01-21 12:34:00,514 - FL_Main_fltrust_la - INFO - === Round 23 Started ===
2026-01-21 12:34:00,515 - FL_Main_fltrust_la - INFO - Participating clients: [80, 7, 29, 8, 4, 42, 9, 65, 30, 35]
2026-01-21 12:34:28,534 - FL_Main_fltrust_la - INFO - === Round 23 Completed ===
2026-01-21 12:34:28,535 - FL_Main_fltrust_la - INFO - Global Accuracy: 39.5200, Global Loss: 1.6734
2026-01-21 12:34:28,535 - FL_Main_fltrust_la - INFO - Test Accuracy: 39.5200, Test Loss: 1.6734
2026-01-21 12:34:28,535 - FL_Main_fltrust_la - INFO - === Round 24 Started ===
2026-01-21 12:34:28,536 - FL_Main_fltrust_la - INFO - Participating clients: [85, 62, 27, 69, 16, 92, 73, 60, 31, 52]
2026-01-21 12:34:53,695 - FL_Main_fltrust_la - INFO - === Round 24 Completed ===
2026-01-21 12:34:53,696 - FL_Main_fltrust_la - INFO - Global Accuracy: 39.9900, Global Loss: 1.6495
2026-01-21 12:34:53,696 - FL_Main_fltrust_la - INFO - Test Accuracy: 39.9900, Test Loss: 1.6495
2026-01-21 12:34:53,697 - FL_Main_fltrust_la - INFO - === Round 25 Started ===
2026-01-21 12:34:53,698 - FL_Main_fltrust_la - INFO - Participating clients: [24, 12, 84, 55, 45, 54, 52, 59, 93, 6]
2026-01-21 12:35:19,044 - FL_Main_fltrust_la - INFO - === Round 25 Completed ===
2026-01-21 12:35:19,045 - FL_Main_fltrust_la - INFO - Global Accuracy: 40.6600, Global Loss: 1.6411
2026-01-21 12:35:19,045 - FL_Main_fltrust_la - INFO - Test Accuracy: 40.6600, Test Loss: 1.6411
2026-01-21 12:35:19,046 - FL_Main_fltrust_la - INFO - === Round 26 Started ===
2026-01-21 12:35:19,046 - FL_Main_fltrust_la - INFO - Participating clients: [86, 83, 82, 12, 7, 51, 93, 43, 13, 31]
2026-01-21 12:35:45,937 - FL_Main_fltrust_la - INFO - === Round 26 Completed ===
2026-01-21 12:35:45,938 - FL_Main_fltrust_la - INFO - Global Accuracy: 40.7100, Global Loss: 1.6277
2026-01-21 12:35:45,938 - FL_Main_fltrust_la - INFO - Test Accuracy: 40.7100, Test Loss: 1.6277
2026-01-21 12:35:45,940 - FL_Main_fltrust_la - INFO - === Round 27 Started ===
2026-01-21 12:35:45,940 - FL_Main_fltrust_la - INFO - Participating clients: [24, 68, 57, 17, 54, 23, 35, 59, 31, 9]
2026-01-21 12:36:12,260 - FL_Main_fltrust_la - INFO - === Round 27 Completed ===
2026-01-21 12:36:12,260 - FL_Main_fltrust_la - INFO - Global Accuracy: 40.9900, Global Loss: 1.6278
2026-01-21 12:36:12,261 - FL_Main_fltrust_la - INFO - Test Accuracy: 40.9900, Test Loss: 1.6278
2026-01-21 12:36:12,262 - FL_Main_fltrust_la - INFO - === Round 28 Started ===
2026-01-21 12:36:12,262 - FL_Main_fltrust_la - INFO - Participating clients: [56, 70, 12, 6, 83, 69, 1, 11, 96, 30]
2026-01-21 12:36:39,982 - FL_Main_fltrust_la - INFO - === Round 28 Completed ===
2026-01-21 12:36:39,982 - FL_Main_fltrust_la - INFO - Global Accuracy: 41.0800, Global Loss: 1.6208
2026-01-21 12:36:39,982 - FL_Main_fltrust_la - INFO - Test Accuracy: 41.0800, Test Loss: 1.6208
2026-01-21 12:36:39,983 - FL_Main_fltrust_la - INFO - === Round 29 Started ===
2026-01-21 12:36:39,983 - FL_Main_fltrust_la - INFO - Participating clients: [21, 52, 62, 61, 27, 51, 7, 48, 0, 49]
2026-01-21 12:37:05,965 - FL_Main_fltrust_la - INFO - === Round 29 Completed ===
2026-01-21 12:37:05,965 - FL_Main_fltrust_la - INFO - Global Accuracy: 41.1400, Global Loss: 1.6117
2026-01-21 12:37:05,965 - FL_Main_fltrust_la - INFO - Test Accuracy: 41.1400, Test Loss: 1.6117
2026-01-21 12:37:05,966 - FL_Main_fltrust_la - INFO - === Round 30 Started ===
2026-01-21 12:37:05,966 - FL_Main_fltrust_la - INFO - Participating clients: [33, 58, 36, 54, 89, 93, 71, 84, 91, 62]
2026-01-21 12:37:33,336 - FL_Main_fltrust_la - INFO - === Round 30 Completed ===
2026-01-21 12:37:33,337 - FL_Main_fltrust_la - INFO - Global Accuracy: 41.7300, Global Loss: 1.5943
2026-01-21 12:37:33,337 - FL_Main_fltrust_la - INFO - Test Accuracy: 41.7300, Test Loss: 1.5943
2026-01-21 12:37:33,338 - FL_Main_fltrust_la - INFO - Experiment completed
2026-01-21 12:37:33,367 - FL_Main_fltrust_la - INFO - All logs saved to logs/fltrust_la_20260121_122356
