2026-01-21 11:20:43,018 - FL_Main_baseline_none - INFO - Experiment Configuration: {
  "experiment_name": "baseline_none",
  "random_seed": 42,
  "dataset": {
    "type": "cifar",
    "data_dir": "./data",
    "num_classes": 10,
    "partition_type": "iid"
  },
  "model": {
    "type": "lenet",
    "num_classes": 10
  },
  "federated_learning": {
    "num_rounds": 30,
    "num_clients": 100,
    "client_participation_rate": 0.1,
    "learning_rate": 0.01,
    "local_epochs": 2,
    "batch_size": 32
  },
  "server": {
    "data_size": 100
  },
  "attack": {
    "type": "none",
    "num_malicious_clients": 0
  },
  "defense": {
    "type": "none"
  }
}
2026-01-21 11:20:43,018 - FL_Main_baseline_none - INFO - Using device: cpu
2026-01-21 11:21:07,931 - FL_Main_baseline_none - INFO - Data partitioned among 100 clients
2026-01-21 11:21:07,938 - FL_Main_baseline_none - INFO - Model initialized: lenet
2026-01-21 11:21:07,940 - FL_Main_baseline_none - INFO - Server initialized with defense: none
2026-01-21 11:21:08,198 - FL_Main_baseline_none - INFO - Created 100 clients (0 malicious)
2026-01-21 11:21:08,199 - FL_Main_baseline_none - INFO - Experiment setup completed
2026-01-21 11:21:08,199 - FL_Main_baseline_none - INFO - Starting experiment with 30 rounds
2026-01-21 11:21:08,199 - FL_Main_baseline_none - INFO - === Round 1 Started ===
2026-01-21 11:21:08,199 - FL_Main_baseline_none - INFO - Participating clients: [81, 14, 3, 94, 35, 31, 28, 17, 13, 86]
2026-01-21 11:21:32,108 - FL_Main_baseline_none - INFO - === Round 1 Completed ===
2026-01-21 11:21:32,108 - FL_Main_baseline_none - INFO - Global Accuracy: 15.6000, Global Loss: 2.2937
2026-01-21 11:21:32,109 - FL_Main_baseline_none - INFO - Test Accuracy: 15.6000, Test Loss: 2.2937
2026-01-21 11:21:32,109 - FL_Main_baseline_none - INFO - === Round 2 Started ===
2026-01-21 11:21:32,110 - FL_Main_baseline_none - INFO - Participating clients: [94, 69, 11, 75, 54, 4, 3, 27, 29, 64]
2026-01-21 11:21:56,773 - FL_Main_baseline_none - INFO - === Round 2 Completed ===
2026-01-21 11:21:56,774 - FL_Main_baseline_none - INFO - Global Accuracy: 21.6000, Global Loss: 2.2460
2026-01-21 11:21:56,774 - FL_Main_baseline_none - INFO - Test Accuracy: 21.6000, Test Loss: 2.2460
2026-01-21 11:21:56,775 - FL_Main_baseline_none - INFO - === Round 3 Started ===
2026-01-21 11:21:56,776 - FL_Main_baseline_none - INFO - Participating clients: [77, 3, 71, 25, 91, 83, 89, 69, 53, 28]
2026-01-21 11:22:19,744 - FL_Main_baseline_none - INFO - === Round 3 Completed ===
2026-01-21 11:22:19,744 - FL_Main_baseline_none - INFO - Global Accuracy: 23.1200, Global Loss: 2.1026
2026-01-21 11:22:19,744 - FL_Main_baseline_none - INFO - Test Accuracy: 23.1200, Test Loss: 2.1026
2026-01-21 11:22:19,745 - FL_Main_baseline_none - INFO - === Round 4 Started ===
2026-01-21 11:22:19,745 - FL_Main_baseline_none - INFO - Participating clients: [57, 75, 35, 0, 97, 20, 89, 54, 43, 19]
2026-01-21 11:22:43,189 - FL_Main_baseline_none - INFO - === Round 4 Completed ===
2026-01-21 11:22:43,190 - FL_Main_baseline_none - INFO - Global Accuracy: 25.3500, Global Loss: 2.0073
2026-01-21 11:22:43,190 - FL_Main_baseline_none - INFO - Test Accuracy: 25.3500, Test Loss: 2.0073
2026-01-21 11:22:43,190 - FL_Main_baseline_none - INFO - === Round 5 Started ===
2026-01-21 11:22:43,190 - FL_Main_baseline_none - INFO - Participating clients: [27, 97, 43, 13, 11, 48, 12, 45, 44, 77]
2026-01-21 11:23:05,364 - FL_Main_baseline_none - INFO - === Round 5 Completed ===
2026-01-21 11:23:05,365 - FL_Main_baseline_none - INFO - Global Accuracy: 28.7000, Global Loss: 1.9456
2026-01-21 11:23:05,365 - FL_Main_baseline_none - INFO - Test Accuracy: 28.7000, Test Loss: 1.9456
2026-01-21 11:23:05,366 - FL_Main_baseline_none - INFO - === Round 6 Started ===
2026-01-21 11:23:05,366 - FL_Main_baseline_none - INFO - Participating clients: [33, 5, 93, 58, 68, 15, 48, 10, 70, 37]
2026-01-21 11:23:32,275 - FL_Main_baseline_none - INFO - === Round 6 Completed ===
2026-01-21 11:23:32,275 - FL_Main_baseline_none - INFO - Global Accuracy: 31.5200, Global Loss: 1.8930
2026-01-21 11:23:32,276 - FL_Main_baseline_none - INFO - Test Accuracy: 31.5200, Test Loss: 1.8930
2026-01-21 11:23:32,276 - FL_Main_baseline_none - INFO - === Round 7 Started ===
2026-01-21 11:23:32,277 - FL_Main_baseline_none - INFO - Participating clients: [80, 79, 46, 73, 24, 90, 8, 5, 84, 29]
2026-01-21 11:23:58,119 - FL_Main_baseline_none - INFO - === Round 7 Completed ===
2026-01-21 11:23:58,120 - FL_Main_baseline_none - INFO - Global Accuracy: 32.6500, Global Loss: 1.8455
2026-01-21 11:23:58,120 - FL_Main_baseline_none - INFO - Test Accuracy: 32.6500, Test Loss: 1.8455
2026-01-21 11:23:58,121 - FL_Main_baseline_none - INFO - === Round 8 Started ===
2026-01-21 11:23:58,121 - FL_Main_baseline_none - INFO - Participating clients: [98, 37, 10, 29, 12, 48, 35, 58, 81, 46]
2026-01-21 11:24:24,070 - FL_Main_baseline_none - INFO - === Round 8 Completed ===
2026-01-21 11:24:24,071 - FL_Main_baseline_none - INFO - Global Accuracy: 34.8100, Global Loss: 1.8047
2026-01-21 11:24:24,071 - FL_Main_baseline_none - INFO - Test Accuracy: 34.8100, Test Loss: 1.8047
2026-01-21 11:24:24,072 - FL_Main_baseline_none - INFO - === Round 9 Started ===
2026-01-21 11:24:24,073 - FL_Main_baseline_none - INFO - Participating clients: [20, 47, 45, 26, 85, 34, 89, 87, 82, 9]
2026-01-21 11:24:48,995 - FL_Main_baseline_none - INFO - === Round 9 Completed ===
2026-01-21 11:24:48,995 - FL_Main_baseline_none - INFO - Global Accuracy: 35.8600, Global Loss: 1.7609
2026-01-21 11:24:48,995 - FL_Main_baseline_none - INFO - Test Accuracy: 35.8600, Test Loss: 1.7609
2026-01-21 11:24:48,996 - FL_Main_baseline_none - INFO - === Round 10 Started ===
2026-01-21 11:24:48,996 - FL_Main_baseline_none - INFO - Participating clients: [77, 81, 21, 68, 93, 31, 20, 59, 48, 34]
2026-01-21 11:25:15,143 - FL_Main_baseline_none - INFO - === Round 10 Completed ===
2026-01-21 11:25:15,144 - FL_Main_baseline_none - INFO - Global Accuracy: 37.6300, Global Loss: 1.7231
2026-01-21 11:25:15,144 - FL_Main_baseline_none - INFO - Test Accuracy: 37.6300, Test Loss: 1.7231
2026-01-21 11:25:15,145 - FL_Main_baseline_none - INFO - === Round 11 Started ===
2026-01-21 11:25:15,145 - FL_Main_baseline_none - INFO - Participating clients: [81, 88, 71, 28, 87, 41, 98, 99, 7, 29]
2026-01-21 11:25:41,385 - FL_Main_baseline_none - INFO - === Round 11 Completed ===
2026-01-21 11:25:41,386 - FL_Main_baseline_none - INFO - Global Accuracy: 38.4800, Global Loss: 1.6973
2026-01-21 11:25:41,386 - FL_Main_baseline_none - INFO - Test Accuracy: 38.4800, Test Loss: 1.6973
2026-01-21 11:25:41,387 - FL_Main_baseline_none - INFO - === Round 12 Started ===
2026-01-21 11:25:41,387 - FL_Main_baseline_none - INFO - Participating clients: [4, 40, 51, 34, 8, 27, 72, 91, 83, 63]
2026-01-21 11:26:07,808 - FL_Main_baseline_none - INFO - === Round 12 Completed ===
2026-01-21 11:26:07,809 - FL_Main_baseline_none - INFO - Global Accuracy: 39.0300, Global Loss: 1.6746
2026-01-21 11:26:07,809 - FL_Main_baseline_none - INFO - Test Accuracy: 39.0300, Test Loss: 1.6746
2026-01-21 11:26:07,810 - FL_Main_baseline_none - INFO - === Round 13 Started ===
2026-01-21 11:26:07,810 - FL_Main_baseline_none - INFO - Participating clients: [50, 82, 58, 18, 33, 17, 31, 95, 71, 68]
2026-01-21 11:26:34,362 - FL_Main_baseline_none - INFO - === Round 13 Completed ===
2026-01-21 11:26:34,362 - FL_Main_baseline_none - INFO - Global Accuracy: 40.2000, Global Loss: 1.6492
2026-01-21 11:26:34,362 - FL_Main_baseline_none - INFO - Test Accuracy: 40.2000, Test Loss: 1.6492
2026-01-21 11:26:34,363 - FL_Main_baseline_none - INFO - === Round 14 Started ===
2026-01-21 11:26:34,364 - FL_Main_baseline_none - INFO - Participating clients: [33, 95, 74, 54, 51, 46, 28, 17, 65, 63]
2026-01-21 11:27:00,510 - FL_Main_baseline_none - INFO - === Round 14 Completed ===
2026-01-21 11:27:00,511 - FL_Main_baseline_none - INFO - Global Accuracy: 40.6300, Global Loss: 1.6118
2026-01-21 11:27:00,511 - FL_Main_baseline_none - INFO - Test Accuracy: 40.6300, Test Loss: 1.6118
2026-01-21 11:27:00,512 - FL_Main_baseline_none - INFO - === Round 15 Started ===
2026-01-21 11:27:00,512 - FL_Main_baseline_none - INFO - Participating clients: [11, 96, 6, 14, 19, 80, 20, 87, 54, 76]
2026-01-21 11:27:26,163 - FL_Main_baseline_none - INFO - === Round 15 Completed ===
2026-01-21 11:27:26,163 - FL_Main_baseline_none - INFO - Global Accuracy: 42.0000, Global Loss: 1.5852
2026-01-21 11:27:26,163 - FL_Main_baseline_none - INFO - Test Accuracy: 42.0000, Test Loss: 1.5852
2026-01-21 11:27:26,164 - FL_Main_baseline_none - INFO - === Round 16 Started ===
2026-01-21 11:27:26,165 - FL_Main_baseline_none - INFO - Participating clients: [8, 49, 48, 76, 59, 67, 32, 70, 1, 87]
2026-01-21 11:27:52,787 - FL_Main_baseline_none - INFO - === Round 16 Completed ===
2026-01-21 11:27:52,788 - FL_Main_baseline_none - INFO - Global Accuracy: 42.3900, Global Loss: 1.5901
2026-01-21 11:27:52,788 - FL_Main_baseline_none - INFO - Test Accuracy: 42.3900, Test Loss: 1.5901
2026-01-21 11:27:52,789 - FL_Main_baseline_none - INFO - === Round 17 Started ===
2026-01-21 11:27:52,790 - FL_Main_baseline_none - INFO - Participating clients: [92, 14, 87, 68, 96, 34, 98, 82, 43, 37]
2026-01-21 11:28:16,841 - FL_Main_baseline_none - INFO - === Round 17 Completed ===
2026-01-21 11:28:16,844 - FL_Main_baseline_none - INFO - Global Accuracy: 43.4800, Global Loss: 1.5661
2026-01-21 11:28:16,844 - FL_Main_baseline_none - INFO - Test Accuracy: 43.4800, Test Loss: 1.5661
2026-01-21 11:28:16,844 - FL_Main_baseline_none - INFO - === Round 18 Started ===
2026-01-21 11:28:16,845 - FL_Main_baseline_none - INFO - Participating clients: [55, 20, 58, 0, 92, 33, 64, 97, 22, 13]
2026-01-21 11:28:39,965 - FL_Main_baseline_none - INFO - === Round 18 Completed ===
2026-01-21 11:28:39,965 - FL_Main_baseline_none - INFO - Global Accuracy: 44.1700, Global Loss: 1.5480
2026-01-21 11:28:39,966 - FL_Main_baseline_none - INFO - Test Accuracy: 44.1700, Test Loss: 1.5480
2026-01-21 11:28:39,966 - FL_Main_baseline_none - INFO - === Round 19 Started ===
2026-01-21 11:28:39,967 - FL_Main_baseline_none - INFO - Participating clients: [80, 38, 81, 64, 77, 25, 19, 47, 97, 20]
2026-01-21 11:29:04,246 - FL_Main_baseline_none - INFO - === Round 19 Completed ===
2026-01-21 11:29:04,246 - FL_Main_baseline_none - INFO - Global Accuracy: 45.2900, Global Loss: 1.5226
2026-01-21 11:29:04,247 - FL_Main_baseline_none - INFO - Test Accuracy: 45.2900, Test Loss: 1.5226
2026-01-21 11:29:04,248 - FL_Main_baseline_none - INFO - === Round 20 Started ===
2026-01-21 11:29:04,248 - FL_Main_baseline_none - INFO - Participating clients: [69, 99, 67, 0, 76, 41, 62, 2, 14, 46]
2026-01-21 11:29:28,801 - FL_Main_baseline_none - INFO - === Round 20 Completed ===
2026-01-21 11:29:28,802 - FL_Main_baseline_none - INFO - Global Accuracy: 43.9600, Global Loss: 1.5181
2026-01-21 11:29:28,802 - FL_Main_baseline_none - INFO - Test Accuracy: 43.9600, Test Loss: 1.5181
2026-01-21 11:29:28,803 - FL_Main_baseline_none - INFO - === Round 21 Started ===
2026-01-21 11:29:28,803 - FL_Main_baseline_none - INFO - Participating clients: [39, 30, 7, 72, 10, 93, 62, 8, 97, 68]
2026-01-21 11:29:53,465 - FL_Main_baseline_none - INFO - === Round 21 Completed ===
2026-01-21 11:29:53,466 - FL_Main_baseline_none - INFO - Global Accuracy: 45.4700, Global Loss: 1.5076
2026-01-21 11:29:53,466 - FL_Main_baseline_none - INFO - Test Accuracy: 45.4700, Test Loss: 1.5076
2026-01-21 11:29:53,467 - FL_Main_baseline_none - INFO - === Round 22 Started ===
2026-01-21 11:29:53,468 - FL_Main_baseline_none - INFO - Participating clients: [98, 16, 84, 60, 70, 21, 33, 67, 77, 54]
2026-01-21 11:30:15,625 - FL_Main_baseline_none - INFO - === Round 22 Completed ===
2026-01-21 11:30:15,626 - FL_Main_baseline_none - INFO - Global Accuracy: 46.0100, Global Loss: 1.4927
2026-01-21 11:30:15,626 - FL_Main_baseline_none - INFO - Test Accuracy: 46.0100, Test Loss: 1.4927
2026-01-21 11:30:15,627 - FL_Main_baseline_none - INFO - === Round 23 Started ===
2026-01-21 11:30:15,627 - FL_Main_baseline_none - INFO - Participating clients: [27, 69, 96, 93, 88, 25, 91, 39, 51, 85]
2026-01-21 11:30:39,043 - FL_Main_baseline_none - INFO - === Round 23 Completed ===
2026-01-21 11:30:39,043 - FL_Main_baseline_none - INFO - Global Accuracy: 47.0300, Global Loss: 1.4972
2026-01-21 11:30:39,044 - FL_Main_baseline_none - INFO - Test Accuracy: 47.0300, Test Loss: 1.4972
2026-01-21 11:30:39,044 - FL_Main_baseline_none - INFO - === Round 24 Started ===
2026-01-21 11:30:39,045 - FL_Main_baseline_none - INFO - Participating clients: [83, 47, 56, 66, 57, 15, 31, 28, 8, 43]
2026-01-21 11:31:03,136 - FL_Main_baseline_none - INFO - === Round 24 Completed ===
2026-01-21 11:31:03,136 - FL_Main_baseline_none - INFO - Global Accuracy: 47.0500, Global Loss: 1.4837
2026-01-21 11:31:03,137 - FL_Main_baseline_none - INFO - Test Accuracy: 47.0500, Test Loss: 1.4837
2026-01-21 11:31:03,137 - FL_Main_baseline_none - INFO - === Round 25 Started ===
2026-01-21 11:31:03,138 - FL_Main_baseline_none - INFO - Participating clients: [2, 75, 70, 29, 28, 0, 9, 90, 80, 7]
2026-01-21 11:31:27,125 - FL_Main_baseline_none - INFO - === Round 25 Completed ===
2026-01-21 11:31:27,126 - FL_Main_baseline_none - INFO - Global Accuracy: 46.9600, Global Loss: 1.4576
2026-01-21 11:31:27,126 - FL_Main_baseline_none - INFO - Test Accuracy: 46.9600, Test Loss: 1.4576
2026-01-21 11:31:27,127 - FL_Main_baseline_none - INFO - === Round 26 Started ===
2026-01-21 11:31:27,127 - FL_Main_baseline_none - INFO - Participating clients: [29, 8, 4, 42, 9, 65, 30, 35, 85, 62]
2026-01-21 11:31:51,948 - FL_Main_baseline_none - INFO - === Round 26 Completed ===
2026-01-21 11:31:51,948 - FL_Main_baseline_none - INFO - Global Accuracy: 48.3200, Global Loss: 1.4474
2026-01-21 11:31:51,948 - FL_Main_baseline_none - INFO - Test Accuracy: 48.3200, Test Loss: 1.4474
2026-01-21 11:31:51,949 - FL_Main_baseline_none - INFO - === Round 27 Started ===
2026-01-21 11:31:51,949 - FL_Main_baseline_none - INFO - Participating clients: [27, 69, 16, 92, 73, 60, 31, 52, 24, 12]
2026-01-21 11:32:16,894 - FL_Main_baseline_none - INFO - === Round 27 Completed ===
2026-01-21 11:32:16,894 - FL_Main_baseline_none - INFO - Global Accuracy: 48.6100, Global Loss: 1.4431
2026-01-21 11:32:16,894 - FL_Main_baseline_none - INFO - Test Accuracy: 48.6100, Test Loss: 1.4431
2026-01-21 11:32:16,895 - FL_Main_baseline_none - INFO - === Round 28 Started ===
2026-01-21 11:32:16,895 - FL_Main_baseline_none - INFO - Participating clients: [12, 84, 55, 45, 54, 52, 59, 93, 6, 86]
2026-01-21 11:32:41,237 - FL_Main_baseline_none - INFO - === Round 28 Completed ===
2026-01-21 11:32:41,238 - FL_Main_baseline_none - INFO - Global Accuracy: 49.4700, Global Loss: 1.4245
2026-01-21 11:32:41,238 - FL_Main_baseline_none - INFO - Test Accuracy: 49.4700, Test Loss: 1.4245
2026-01-21 11:32:41,239 - FL_Main_baseline_none - INFO - === Round 29 Started ===
2026-01-21 11:32:41,239 - FL_Main_baseline_none - INFO - Participating clients: [83, 82, 12, 7, 51, 93, 43, 13, 31, 24]
2026-01-21 11:33:05,721 - FL_Main_baseline_none - INFO - === Round 29 Completed ===
2026-01-21 11:33:05,721 - FL_Main_baseline_none - INFO - Global Accuracy: 49.3600, Global Loss: 1.4226
2026-01-21 11:33:05,721 - FL_Main_baseline_none - INFO - Test Accuracy: 49.3600, Test Loss: 1.4226
2026-01-21 11:33:05,723 - FL_Main_baseline_none - INFO - === Round 30 Started ===
2026-01-21 11:33:05,723 - FL_Main_baseline_none - INFO - Participating clients: [24, 68, 57, 17, 54, 23, 35, 59, 31, 9]
2026-01-21 11:33:30,275 - FL_Main_baseline_none - INFO - === Round 30 Completed ===
2026-01-21 11:33:30,276 - FL_Main_baseline_none - INFO - Global Accuracy: 49.7200, Global Loss: 1.4068
2026-01-21 11:33:30,276 - FL_Main_baseline_none - INFO - Test Accuracy: 49.7200, Test Loss: 1.4068
2026-01-21 11:33:30,277 - FL_Main_baseline_none - INFO - Experiment completed
2026-01-21 11:33:30,300 - FL_Main_baseline_none - INFO - All logs saved to logs/baseline_none_20260121_112043
