2025-12-09 14:26:12,267 - FL_Main_fl_similarity_attack_defense_demo - INFO - Experiment Configuration: {
  "experiment_name": "fl_similarity_attack_defense_demo",
  "random_seed": 42,
  "dataset": {
    "type": "cifar10",
    "data_dir": "./data",
    "num_classes": 10,
    "partition_type": "non_iid_dirichlet",
    "alpha": 0.5
  },
  "model": {
    "type": "lenet",
    "num_classes": 10
  },
  "federated_learning": {
    "num_rounds": 20,
    "num_clients": 10,
    "client_participation_rate": 0.8,
    "learning_rate": 0.01,
    "local_epochs": 2,
    "batch_size": 32
  },
  "server": {
    "data_size": 100
  },
  "attack": {
    "type": "faker",
    "num_malicious_clients": 2,
    "params": {
      "max_iterations": 50,
      "learning_rate": 0.01,
      "target_similarity": 0.9,
      "similarity_type": "cosine",
      "stealth_factor": 1.0
    }
  },
  "defense": {
    "type": "fltrust",
    "params": {
      "server_epochs": 5,
      "server_lr": 0.01,
      "cosine_threshold": 0.0,
      "use_relu": true,
      "clip_updates": true
    }
  }
}
2025-12-09 14:26:12,267 - FL_Main_fl_similarity_attack_defense_demo - INFO - Using device: cpu
2025-12-09 14:26:23,792 - FL_Main_fl_similarity_attack_defense_demo - INFO - Data partitioned among 10 clients
2025-12-09 14:26:23,806 - FL_Main_fl_similarity_attack_defense_demo - INFO - Model initialized: lenet
2025-12-09 14:26:23,811 - FL_Main_fl_similarity_attack_defense_demo - INFO - Server initialized with defense: fltrust
2025-12-09 14:26:23,836 - FL_Main_fl_similarity_attack_defense_demo - INFO - Created 10 clients (2 malicious)
2025-12-09 14:26:23,836 - FL_Main_fl_similarity_attack_defense_demo - INFO - Experiment setup completed
2025-12-09 14:26:23,837 - FL_Main_fl_similarity_attack_defense_demo - INFO - Starting experiment with 20 rounds
2025-12-09 14:26:23,837 - FL_Main_fl_similarity_attack_defense_demo - INFO - === Round 1 Started ===
2025-12-09 14:26:23,837 - FL_Main_fl_similarity_attack_defense_demo - INFO - Participating clients: [4, 3, 8, 1, 5, 0, 9, 2]
2025-12-09 14:26:47,510 - FL_Main_fl_similarity_attack_defense_demo - INFO - === Round 1 Completed ===
2025-12-09 14:26:47,511 - FL_Main_fl_similarity_attack_defense_demo - INFO - Global Accuracy: 20.2900, Global Loss: 2.1945
2025-12-09 14:26:47,511 - FL_Main_fl_similarity_attack_defense_demo - INFO - Test Accuracy: 20.2900, Test Loss: 2.1945
2025-12-09 14:26:47,511 - FL_Main_fl_similarity_attack_defense_demo - INFO - === Round 2 Started ===
2025-12-09 14:26:47,511 - FL_Main_fl_similarity_attack_defense_demo - INFO - Participating clients: [6, 0, 8, 7, 1, 5, 9, 2]
2025-12-09 14:27:10,715 - FL_Main_fl_similarity_attack_defense_demo - INFO - === Round 2 Completed ===
2025-12-09 14:27:10,715 - FL_Main_fl_similarity_attack_defense_demo - INFO - Global Accuracy: 31.9200, Global Loss: 1.8605
2025-12-09 14:27:10,715 - FL_Main_fl_similarity_attack_defense_demo - INFO - Test Accuracy: 31.9200, Test Loss: 1.8605
2025-12-09 14:27:10,716 - FL_Main_fl_similarity_attack_defense_demo - INFO - === Round 3 Started ===
2025-12-09 14:27:10,716 - FL_Main_fl_similarity_attack_defense_demo - INFO - Participating clients: [3, 8, 6, 1, 9, 4, 2, 0]
2025-12-09 14:27:34,697 - FL_Main_fl_similarity_attack_defense_demo - INFO - === Round 3 Completed ===
2025-12-09 14:27:34,697 - FL_Main_fl_similarity_attack_defense_demo - INFO - Global Accuracy: 34.2400, Global Loss: 1.7565
2025-12-09 14:27:34,698 - FL_Main_fl_similarity_attack_defense_demo - INFO - Test Accuracy: 34.2400, Test Loss: 1.7565
2025-12-09 14:27:34,698 - FL_Main_fl_similarity_attack_defense_demo - INFO - === Round 4 Started ===
2025-12-09 14:27:34,698 - FL_Main_fl_similarity_attack_defense_demo - INFO - Participating clients: [2, 6, 5, 9, 1, 7, 8, 0]
2025-12-09 14:28:00,235 - FL_Main_fl_similarity_attack_defense_demo - INFO - === Round 4 Completed ===
2025-12-09 14:28:00,236 - FL_Main_fl_similarity_attack_defense_demo - INFO - Global Accuracy: 39.2700, Global Loss: 1.6362
2025-12-09 14:28:00,236 - FL_Main_fl_similarity_attack_defense_demo - INFO - Test Accuracy: 39.2700, Test Loss: 1.6362
2025-12-09 14:28:00,236 - FL_Main_fl_similarity_attack_defense_demo - INFO - === Round 5 Started ===
2025-12-09 14:28:00,236 - FL_Main_fl_similarity_attack_defense_demo - INFO - Participating clients: [1, 6, 9, 2, 8, 4, 5, 0]
2025-12-09 14:28:27,098 - FL_Main_fl_similarity_attack_defense_demo - INFO - === Round 5 Completed ===
2025-12-09 14:28:27,099 - FL_Main_fl_similarity_attack_defense_demo - INFO - Global Accuracy: 38.5700, Global Loss: 1.6298
2025-12-09 14:28:27,099 - FL_Main_fl_similarity_attack_defense_demo - INFO - Test Accuracy: 38.5700, Test Loss: 1.6298
2025-12-09 14:28:27,099 - FL_Main_fl_similarity_attack_defense_demo - INFO - === Round 6 Started ===
2025-12-09 14:28:27,099 - FL_Main_fl_similarity_attack_defense_demo - INFO - Participating clients: [7, 8, 1, 3, 0, 4, 2, 6]
2025-12-09 14:28:56,935 - FL_Main_fl_similarity_attack_defense_demo - INFO - === Round 6 Completed ===
2025-12-09 14:28:56,936 - FL_Main_fl_similarity_attack_defense_demo - INFO - Global Accuracy: 42.6800, Global Loss: 1.5646
2025-12-09 14:28:56,936 - FL_Main_fl_similarity_attack_defense_demo - INFO - Test Accuracy: 42.6800, Test Loss: 1.5646
2025-12-09 14:28:56,937 - FL_Main_fl_similarity_attack_defense_demo - INFO - === Round 7 Started ===
2025-12-09 14:28:56,937 - FL_Main_fl_similarity_attack_defense_demo - INFO - Participating clients: [9, 5, 3, 8, 0, 6, 1, 7]
2025-12-09 14:29:20,484 - FL_Main_fl_similarity_attack_defense_demo - INFO - === Round 7 Completed ===
2025-12-09 14:29:20,485 - FL_Main_fl_similarity_attack_defense_demo - INFO - Global Accuracy: 45.9500, Global Loss: 1.4753
2025-12-09 14:29:20,485 - FL_Main_fl_similarity_attack_defense_demo - INFO - Test Accuracy: 45.9500, Test Loss: 1.4753
2025-12-09 14:29:20,485 - FL_Main_fl_similarity_attack_defense_demo - INFO - === Round 8 Started ===
2025-12-09 14:29:20,485 - FL_Main_fl_similarity_attack_defense_demo - INFO - Participating clients: [1, 3, 9, 8, 2, 6, 5, 0]
2025-12-09 14:29:43,192 - FL_Main_fl_similarity_attack_defense_demo - INFO - === Round 8 Completed ===
2025-12-09 14:29:43,193 - FL_Main_fl_similarity_attack_defense_demo - INFO - Global Accuracy: 46.2800, Global Loss: 1.4539
2025-12-09 14:29:43,193 - FL_Main_fl_similarity_attack_defense_demo - INFO - Test Accuracy: 46.2800, Test Loss: 1.4539
2025-12-09 14:29:43,193 - FL_Main_fl_similarity_attack_defense_demo - INFO - === Round 9 Started ===
2025-12-09 14:29:43,193 - FL_Main_fl_similarity_attack_defense_demo - INFO - Participating clients: [5, 9, 3, 8, 2, 0, 1, 6]
2025-12-09 14:30:09,199 - FL_Main_fl_similarity_attack_defense_demo - INFO - === Round 9 Completed ===
2025-12-09 14:30:09,200 - FL_Main_fl_similarity_attack_defense_demo - INFO - Global Accuracy: 46.7000, Global Loss: 1.4462
2025-12-09 14:30:09,200 - FL_Main_fl_similarity_attack_defense_demo - INFO - Test Accuracy: 46.7000, Test Loss: 1.4462
2025-12-09 14:30:09,200 - FL_Main_fl_similarity_attack_defense_demo - INFO - === Round 10 Started ===
2025-12-09 14:30:09,200 - FL_Main_fl_similarity_attack_defense_demo - INFO - Participating clients: [3, 2, 7, 9, 8, 4, 1, 5]
2025-12-09 14:30:31,689 - FL_Main_fl_similarity_attack_defense_demo - INFO - === Round 10 Completed ===
2025-12-09 14:30:31,690 - FL_Main_fl_similarity_attack_defense_demo - INFO - Global Accuracy: 47.0500, Global Loss: 1.4648
2025-12-09 14:30:31,690 - FL_Main_fl_similarity_attack_defense_demo - INFO - Test Accuracy: 47.0500, Test Loss: 1.4648
2025-12-09 14:30:31,690 - FL_Main_fl_similarity_attack_defense_demo - INFO - === Round 11 Started ===
2025-12-09 14:30:31,690 - FL_Main_fl_similarity_attack_defense_demo - INFO - Participating clients: [5, 0, 3, 6, 8, 2, 7, 1]
2025-12-09 14:30:53,726 - FL_Main_fl_similarity_attack_defense_demo - INFO - === Round 11 Completed ===
2025-12-09 14:30:53,727 - FL_Main_fl_similarity_attack_defense_demo - INFO - Global Accuracy: 48.0000, Global Loss: 1.4094
2025-12-09 14:30:53,727 - FL_Main_fl_similarity_attack_defense_demo - INFO - Test Accuracy: 48.0000, Test Loss: 1.4094
2025-12-09 14:30:53,727 - FL_Main_fl_similarity_attack_defense_demo - INFO - === Round 12 Started ===
2025-12-09 14:30:53,727 - FL_Main_fl_similarity_attack_defense_demo - INFO - Participating clients: [1, 3, 5, 9, 7, 8, 4, 2]
2025-12-09 14:31:15,401 - FL_Main_fl_similarity_attack_defense_demo - INFO - === Round 12 Completed ===
2025-12-09 14:31:15,402 - FL_Main_fl_similarity_attack_defense_demo - INFO - Global Accuracy: 47.9700, Global Loss: 1.4478
2025-12-09 14:31:15,402 - FL_Main_fl_similarity_attack_defense_demo - INFO - Test Accuracy: 47.9700, Test Loss: 1.4478
2025-12-09 14:31:15,402 - FL_Main_fl_similarity_attack_defense_demo - INFO - === Round 13 Started ===
2025-12-09 14:31:15,402 - FL_Main_fl_similarity_attack_defense_demo - INFO - Participating clients: [7, 2, 4, 1, 6, 9, 8, 3]
2025-12-09 14:31:40,265 - FL_Main_fl_similarity_attack_defense_demo - INFO - === Round 13 Completed ===
2025-12-09 14:31:40,266 - FL_Main_fl_similarity_attack_defense_demo - INFO - Global Accuracy: 48.8600, Global Loss: 1.4275
2025-12-09 14:31:40,266 - FL_Main_fl_similarity_attack_defense_demo - INFO - Test Accuracy: 48.8600, Test Loss: 1.4275
2025-12-09 14:31:40,266 - FL_Main_fl_similarity_attack_defense_demo - INFO - === Round 14 Started ===
2025-12-09 14:31:40,266 - FL_Main_fl_similarity_attack_defense_demo - INFO - Participating clients: [9, 6, 8, 2, 1, 5, 3, 0]
2025-12-09 14:32:02,546 - FL_Main_fl_similarity_attack_defense_demo - INFO - === Round 14 Completed ===
2025-12-09 14:32:02,547 - FL_Main_fl_similarity_attack_defense_demo - INFO - Global Accuracy: 50.6600, Global Loss: 1.3676
2025-12-09 14:32:02,547 - FL_Main_fl_similarity_attack_defense_demo - INFO - Test Accuracy: 50.6600, Test Loss: 1.3676
2025-12-09 14:32:02,547 - FL_Main_fl_similarity_attack_defense_demo - INFO - === Round 15 Started ===
2025-12-09 14:32:02,547 - FL_Main_fl_similarity_attack_defense_demo - INFO - Participating clients: [0, 1, 2, 5, 8, 3, 9, 6]
2025-12-09 14:32:24,986 - FL_Main_fl_similarity_attack_defense_demo - INFO - === Round 15 Completed ===
2025-12-09 14:32:24,987 - FL_Main_fl_similarity_attack_defense_demo - INFO - Global Accuracy: 50.4500, Global Loss: 1.3676
2025-12-09 14:32:24,987 - FL_Main_fl_similarity_attack_defense_demo - INFO - Test Accuracy: 50.4500, Test Loss: 1.3676
2025-12-09 14:32:24,987 - FL_Main_fl_similarity_attack_defense_demo - INFO - === Round 16 Started ===
2025-12-09 14:32:24,987 - FL_Main_fl_similarity_attack_defense_demo - INFO - Participating clients: [6, 7, 4, 8, 0, 5, 2, 3]
2025-12-09 14:32:47,289 - FL_Main_fl_similarity_attack_defense_demo - INFO - === Round 16 Completed ===
2025-12-09 14:32:47,289 - FL_Main_fl_similarity_attack_defense_demo - INFO - Global Accuracy: 52.5800, Global Loss: 1.3080
2025-12-09 14:32:47,289 - FL_Main_fl_similarity_attack_defense_demo - INFO - Test Accuracy: 52.5800, Test Loss: 1.3080
2025-12-09 14:32:47,289 - FL_Main_fl_similarity_attack_defense_demo - INFO - === Round 17 Started ===
2025-12-09 14:32:47,289 - FL_Main_fl_similarity_attack_defense_demo - INFO - Participating clients: [5, 1, 4, 3, 8, 6, 0, 2]
2025-12-09 14:33:09,264 - FL_Main_fl_similarity_attack_defense_demo - INFO - === Round 17 Completed ===
2025-12-09 14:33:09,265 - FL_Main_fl_similarity_attack_defense_demo - INFO - Global Accuracy: 49.9700, Global Loss: 1.3845
2025-12-09 14:33:09,265 - FL_Main_fl_similarity_attack_defense_demo - INFO - Test Accuracy: 49.9700, Test Loss: 1.3845
2025-12-09 14:33:09,265 - FL_Main_fl_similarity_attack_defense_demo - INFO - === Round 18 Started ===
2025-12-09 14:33:09,265 - FL_Main_fl_similarity_attack_defense_demo - INFO - Participating clients: [4, 8, 2, 9, 0, 7, 1, 5]
2025-12-09 14:33:32,775 - FL_Main_fl_similarity_attack_defense_demo - INFO - === Round 18 Completed ===
2025-12-09 14:33:32,776 - FL_Main_fl_similarity_attack_defense_demo - INFO - Global Accuracy: 50.2700, Global Loss: 1.3750
2025-12-09 14:33:32,776 - FL_Main_fl_similarity_attack_defense_demo - INFO - Test Accuracy: 50.2700, Test Loss: 1.3750
2025-12-09 14:33:32,777 - FL_Main_fl_similarity_attack_defense_demo - INFO - === Round 19 Started ===
2025-12-09 14:33:32,777 - FL_Main_fl_similarity_attack_defense_demo - INFO - Participating clients: [5, 2, 0, 4, 8, 3, 7, 6]
2025-12-09 14:33:54,332 - FL_Main_fl_similarity_attack_defense_demo - INFO - === Round 19 Completed ===
2025-12-09 14:33:54,333 - FL_Main_fl_similarity_attack_defense_demo - INFO - Global Accuracy: 52.7200, Global Loss: 1.2978
2025-12-09 14:33:54,333 - FL_Main_fl_similarity_attack_defense_demo - INFO - Test Accuracy: 52.7200, Test Loss: 1.2978
2025-12-09 14:33:54,333 - FL_Main_fl_similarity_attack_defense_demo - INFO - === Round 20 Started ===
2025-12-09 14:33:54,333 - FL_Main_fl_similarity_attack_defense_demo - INFO - Participating clients: [5, 4, 3, 0, 1, 8, 6, 7]
2025-12-09 14:34:16,914 - FL_Main_fl_similarity_attack_defense_demo - INFO - === Round 20 Completed ===
2025-12-09 14:34:16,915 - FL_Main_fl_similarity_attack_defense_demo - INFO - Global Accuracy: 51.7500, Global Loss: 1.3099
2025-12-09 14:34:16,915 - FL_Main_fl_similarity_attack_defense_demo - INFO - Test Accuracy: 51.7500, Test Loss: 1.3099
2025-12-09 14:34:16,915 - FL_Main_fl_similarity_attack_defense_demo - INFO - Experiment completed
2025-12-09 14:34:16,920 - FL_Main_fl_similarity_attack_defense_demo - INFO - All logs saved to logs/fl_similarity_attack_defense_demo_20251209_142612
