2026-01-14 19:32:26,173 - FL_Main_baseline_mb - INFO - Experiment Configuration: {
  "experiment_name": "baseline_mb",
  "random_seed": 42,
  "dataset": {
    "type": "mnist",
    "data_dir": "./data",
    "num_classes": 10,
    "partition_type": "iid"
  },
  "model": {
    "type": "lenet",
    "num_classes": 10
  },
  "federated_learning": {
    "num_rounds": 30,
    "num_clients": 100,
    "client_participation_rate": 0.1,
    "learning_rate": 0.01,
    "local_epochs": 2,
    "batch_size": 32
  },
  "server": {
    "data_size": 100
  },
  "attack": {
    "type": "mb",
    "num_malicious_clients": 20,
    "params": {
      "scaling_min": -100.0,
      "scaling_max": 100.0,
      "num_steps": 200
    }
  },
  "defense": {
    "type": "none"
  }
}
2026-01-14 19:32:26,173 - FL_Main_baseline_mb - INFO - Using device: cpu
2026-01-14 19:32:32,531 - FL_Main_baseline_mb - INFO - Data partitioned among 100 clients
2026-01-14 19:32:32,538 - FL_Main_baseline_mb - INFO - Model initialized: lenet
2026-01-14 19:32:32,539 - FL_Main_baseline_mb - INFO - Server initialized with defense: none
2026-01-14 19:32:32,648 - FL_Main_baseline_mb - INFO - Created 100 clients (20 malicious)
2026-01-14 19:32:32,648 - FL_Main_baseline_mb - INFO - Experiment setup completed
2026-01-14 19:32:32,648 - FL_Main_baseline_mb - INFO - Starting experiment with 30 rounds
2026-01-14 19:32:32,648 - FL_Main_baseline_mb - INFO - === Round 1 Started ===
2026-01-14 19:32:32,648 - FL_Main_baseline_mb - INFO - Participating clients: [25, 91, 83, 89, 69, 53, 28, 57, 75, 35]
2026-01-14 19:32:37,122 - FL_Main_baseline_mb - INFO - === Round 1 Completed ===
2026-01-14 19:32:37,123 - FL_Main_baseline_mb - INFO - Global Accuracy: 3.9300, Global Loss: 31.7869
2026-01-14 19:32:37,123 - FL_Main_baseline_mb - INFO - Test Accuracy: 3.9300, Test Loss: 31.7869
2026-01-14 19:32:37,123 - FL_Main_baseline_mb - INFO - === Round 2 Started ===
2026-01-14 19:32:37,123 - FL_Main_baseline_mb - INFO - Participating clients: [0, 97, 20, 89, 54, 43, 35, 19, 27, 13]
2026-01-14 19:32:41,790 - FL_Main_baseline_mb - INFO - === Round 2 Completed ===
2026-01-14 19:32:41,791 - FL_Main_baseline_mb - INFO - Global Accuracy: 9.8200, Global Loss: 7183166.4457
2026-01-14 19:32:41,791 - FL_Main_baseline_mb - INFO - Test Accuracy: 9.8200, Test Loss: 7183166.4457
2026-01-14 19:32:41,791 - FL_Main_baseline_mb - INFO - === Round 3 Started ===
2026-01-14 19:32:41,791 - FL_Main_baseline_mb - INFO - Participating clients: [11, 48, 12, 45, 44, 77, 33, 5, 93, 58]
2026-01-14 19:32:49,856 - FL_Main_baseline_mb - INFO - === Round 3 Completed ===
2026-01-14 19:32:49,856 - FL_Main_baseline_mb - INFO - Global Accuracy: 9.8000, Global Loss: nan
2026-01-14 19:32:49,856 - FL_Main_baseline_mb - INFO - Test Accuracy: 9.8000, Test Loss: nan
2026-01-14 19:32:49,857 - FL_Main_baseline_mb - INFO - === Round 4 Started ===
2026-01-14 19:32:49,857 - FL_Main_baseline_mb - INFO - Participating clients: [68, 15, 48, 10, 70, 37, 80, 79, 46, 73]
2026-01-14 19:32:55,545 - FL_Main_baseline_mb - INFO - === Round 4 Completed ===
2026-01-14 19:32:55,545 - FL_Main_baseline_mb - INFO - Global Accuracy: 9.8000, Global Loss: nan
2026-01-14 19:32:55,545 - FL_Main_baseline_mb - INFO - Test Accuracy: 9.8000, Test Loss: nan
2026-01-14 19:32:55,546 - FL_Main_baseline_mb - INFO - === Round 5 Started ===
2026-01-14 19:32:55,546 - FL_Main_baseline_mb - INFO - Participating clients: [24, 90, 8, 5, 84, 29, 98, 37, 10, 12]
2026-01-14 19:33:01,723 - FL_Main_baseline_mb - INFO - === Round 5 Completed ===
2026-01-14 19:33:01,723 - FL_Main_baseline_mb - INFO - Global Accuracy: 9.8000, Global Loss: nan
2026-01-14 19:33:01,723 - FL_Main_baseline_mb - INFO - Test Accuracy: 9.8000, Test Loss: nan
2026-01-14 19:33:01,723 - FL_Main_baseline_mb - INFO - === Round 6 Started ===
2026-01-14 19:33:01,723 - FL_Main_baseline_mb - INFO - Participating clients: [48, 35, 58, 81, 46, 20, 47, 45, 26, 85]
2026-01-14 19:33:06,807 - FL_Main_baseline_mb - INFO - === Round 6 Completed ===
2026-01-14 19:33:06,807 - FL_Main_baseline_mb - INFO - Global Accuracy: 9.8000, Global Loss: nan
2026-01-14 19:33:06,808 - FL_Main_baseline_mb - INFO - Test Accuracy: 9.8000, Test Loss: nan
2026-01-14 19:33:06,808 - FL_Main_baseline_mb - INFO - === Round 7 Started ===
2026-01-14 19:33:06,808 - FL_Main_baseline_mb - INFO - Participating clients: [34, 89, 87, 82, 9, 77, 81, 21, 68, 93]
2026-01-14 19:33:12,102 - FL_Main_baseline_mb - INFO - === Round 7 Completed ===
2026-01-14 19:33:12,102 - FL_Main_baseline_mb - INFO - Global Accuracy: 9.8000, Global Loss: nan
2026-01-14 19:33:12,103 - FL_Main_baseline_mb - INFO - Test Accuracy: 9.8000, Test Loss: nan
2026-01-14 19:33:12,103 - FL_Main_baseline_mb - INFO - === Round 8 Started ===
2026-01-14 19:33:12,103 - FL_Main_baseline_mb - INFO - Participating clients: [31, 20, 59, 48, 34, 81, 88, 71, 28, 87]
2026-01-14 19:33:17,307 - FL_Main_baseline_mb - INFO - === Round 8 Completed ===
2026-01-14 19:33:17,307 - FL_Main_baseline_mb - INFO - Global Accuracy: 9.8000, Global Loss: nan
2026-01-14 19:33:17,307 - FL_Main_baseline_mb - INFO - Test Accuracy: 9.8000, Test Loss: nan
2026-01-14 19:33:17,307 - FL_Main_baseline_mb - INFO - === Round 9 Started ===
2026-01-14 19:33:17,308 - FL_Main_baseline_mb - INFO - Participating clients: [41, 98, 99, 7, 29, 4, 40, 51, 34, 8]
2026-01-14 19:33:23,013 - FL_Main_baseline_mb - INFO - === Round 9 Completed ===
2026-01-14 19:33:23,013 - FL_Main_baseline_mb - INFO - Global Accuracy: 9.8000, Global Loss: nan
2026-01-14 19:33:23,013 - FL_Main_baseline_mb - INFO - Test Accuracy: 9.8000, Test Loss: nan
2026-01-14 19:33:23,013 - FL_Main_baseline_mb - INFO - === Round 10 Started ===
2026-01-14 19:33:23,013 - FL_Main_baseline_mb - INFO - Participating clients: [27, 72, 91, 40, 83, 63, 50, 82, 58, 18]
2026-01-14 19:33:29,873 - FL_Main_baseline_mb - INFO - === Round 10 Completed ===
2026-01-14 19:33:29,873 - FL_Main_baseline_mb - INFO - Global Accuracy: 9.8000, Global Loss: nan
2026-01-14 19:33:29,873 - FL_Main_baseline_mb - INFO - Test Accuracy: 9.8000, Test Loss: nan
2026-01-14 19:33:29,873 - FL_Main_baseline_mb - INFO - === Round 11 Started ===
2026-01-14 19:33:29,873 - FL_Main_baseline_mb - INFO - Participating clients: [33, 17, 31, 95, 71, 68, 74, 54, 51, 46]
2026-01-14 19:33:35,373 - FL_Main_baseline_mb - INFO - === Round 11 Completed ===
2026-01-14 19:33:35,373 - FL_Main_baseline_mb - INFO - Global Accuracy: 9.8000, Global Loss: nan
2026-01-14 19:33:35,373 - FL_Main_baseline_mb - INFO - Test Accuracy: 9.8000, Test Loss: nan
2026-01-14 19:33:35,374 - FL_Main_baseline_mb - INFO - === Round 12 Started ===
2026-01-14 19:33:35,374 - FL_Main_baseline_mb - INFO - Participating clients: [28, 17, 65, 63, 11, 96, 6, 14, 19, 80]
2026-01-14 19:33:40,701 - FL_Main_baseline_mb - INFO - === Round 12 Completed ===
2026-01-14 19:33:40,701 - FL_Main_baseline_mb - INFO - Global Accuracy: 9.8000, Global Loss: nan
2026-01-14 19:33:40,701 - FL_Main_baseline_mb - INFO - Test Accuracy: 9.8000, Test Loss: nan
2026-01-14 19:33:40,702 - FL_Main_baseline_mb - INFO - === Round 13 Started ===
2026-01-14 19:33:40,702 - FL_Main_baseline_mb - INFO - Participating clients: [20, 87, 54, 76, 8, 49, 48, 59, 67, 32]
2026-01-14 19:33:46,626 - FL_Main_baseline_mb - INFO - === Round 13 Completed ===
2026-01-14 19:33:46,627 - FL_Main_baseline_mb - INFO - Global Accuracy: 9.8000, Global Loss: nan
2026-01-14 19:33:46,627 - FL_Main_baseline_mb - INFO - Test Accuracy: 9.8000, Test Loss: nan
2026-01-14 19:33:46,627 - FL_Main_baseline_mb - INFO - === Round 14 Started ===
2026-01-14 19:33:46,627 - FL_Main_baseline_mb - INFO - Participating clients: [70, 1, 87, 92, 14, 68, 96, 34, 98, 82]
2026-01-14 19:33:52,842 - FL_Main_baseline_mb - INFO - === Round 14 Completed ===
2026-01-14 19:33:52,843 - FL_Main_baseline_mb - INFO - Global Accuracy: 9.8000, Global Loss: nan
2026-01-14 19:33:52,843 - FL_Main_baseline_mb - INFO - Test Accuracy: 9.8000, Test Loss: nan
2026-01-14 19:33:52,843 - FL_Main_baseline_mb - INFO - === Round 15 Started ===
2026-01-14 19:33:52,843 - FL_Main_baseline_mb - INFO - Participating clients: [43, 14, 37, 55, 20, 58, 0, 92, 33, 64]
2026-01-14 19:33:58,345 - FL_Main_baseline_mb - INFO - === Round 15 Completed ===
2026-01-14 19:33:58,345 - FL_Main_baseline_mb - INFO - Global Accuracy: 9.8000, Global Loss: nan
2026-01-14 19:33:58,345 - FL_Main_baseline_mb - INFO - Test Accuracy: 9.8000, Test Loss: nan
2026-01-14 19:33:58,346 - FL_Main_baseline_mb - INFO - === Round 16 Started ===
2026-01-14 19:33:58,346 - FL_Main_baseline_mb - INFO - Participating clients: [97, 22, 64, 13, 80, 38, 81, 77, 25, 19]
2026-01-14 19:34:03,836 - FL_Main_baseline_mb - INFO - === Round 16 Completed ===
2026-01-14 19:34:03,836 - FL_Main_baseline_mb - INFO - Global Accuracy: 9.8000, Global Loss: nan
2026-01-14 19:34:03,836 - FL_Main_baseline_mb - INFO - Test Accuracy: 9.8000, Test Loss: nan
2026-01-14 19:34:03,836 - FL_Main_baseline_mb - INFO - === Round 17 Started ===
2026-01-14 19:34:03,836 - FL_Main_baseline_mb - INFO - Participating clients: [47, 97, 20, 69, 99, 67, 0, 76, 41, 62]
2026-01-14 19:34:10,739 - FL_Main_baseline_mb - INFO - === Round 17 Completed ===
2026-01-14 19:34:10,740 - FL_Main_baseline_mb - INFO - Global Accuracy: 9.8000, Global Loss: nan
2026-01-14 19:34:10,740 - FL_Main_baseline_mb - INFO - Test Accuracy: 9.8000, Test Loss: nan
2026-01-14 19:34:10,740 - FL_Main_baseline_mb - INFO - === Round 18 Started ===
2026-01-14 19:34:10,740 - FL_Main_baseline_mb - INFO - Participating clients: [2, 14, 46, 39, 30, 7, 72, 10, 93, 62]
2026-01-14 19:34:24,599 - FL_Main_baseline_mb - INFO - === Round 18 Completed ===
2026-01-14 19:34:24,600 - FL_Main_baseline_mb - INFO - Global Accuracy: 9.8000, Global Loss: nan
2026-01-14 19:34:24,601 - FL_Main_baseline_mb - INFO - Test Accuracy: 9.8000, Test Loss: nan
2026-01-14 19:34:24,602 - FL_Main_baseline_mb - INFO - === Round 19 Started ===
2026-01-14 19:34:24,602 - FL_Main_baseline_mb - INFO - Participating clients: [8, 97, 68, 98, 16, 84, 60, 70, 21, 33]
2026-01-14 19:34:38,921 - FL_Main_baseline_mb - INFO - === Round 19 Completed ===
2026-01-14 19:34:38,921 - FL_Main_baseline_mb - INFO - Global Accuracy: 9.8000, Global Loss: nan
2026-01-14 19:34:38,921 - FL_Main_baseline_mb - INFO - Test Accuracy: 9.8000, Test Loss: nan
2026-01-14 19:34:38,922 - FL_Main_baseline_mb - INFO - === Round 20 Started ===
2026-01-14 19:34:38,922 - FL_Main_baseline_mb - INFO - Participating clients: [67, 77, 54, 27, 69, 96, 93, 88, 25, 91]
2026-01-14 19:34:49,948 - FL_Main_baseline_mb - INFO - === Round 20 Completed ===
2026-01-14 19:34:49,948 - FL_Main_baseline_mb - INFO - Global Accuracy: 9.8000, Global Loss: nan
2026-01-14 19:34:49,948 - FL_Main_baseline_mb - INFO - Test Accuracy: 9.8000, Test Loss: nan
2026-01-14 19:34:49,949 - FL_Main_baseline_mb - INFO - === Round 21 Started ===
2026-01-14 19:34:49,949 - FL_Main_baseline_mb - INFO - Participating clients: [39, 51, 85, 83, 47, 56, 66, 57, 15, 31]
2026-01-14 19:35:02,237 - FL_Main_baseline_mb - INFO - === Round 21 Completed ===
2026-01-14 19:35:02,237 - FL_Main_baseline_mb - INFO - Global Accuracy: 9.8000, Global Loss: nan
2026-01-14 19:35:02,237 - FL_Main_baseline_mb - INFO - Test Accuracy: 9.8000, Test Loss: nan
2026-01-14 19:35:02,238 - FL_Main_baseline_mb - INFO - === Round 22 Started ===
2026-01-14 19:35:02,238 - FL_Main_baseline_mb - INFO - Participating clients: [28, 8, 43, 2, 75, 70, 29, 0, 9, 90]
2026-01-14 19:35:12,918 - FL_Main_baseline_mb - INFO - === Round 22 Completed ===
2026-01-14 19:35:12,918 - FL_Main_baseline_mb - INFO - Global Accuracy: 9.8000, Global Loss: nan
2026-01-14 19:35:12,919 - FL_Main_baseline_mb - INFO - Test Accuracy: 9.8000, Test Loss: nan
2026-01-14 19:35:12,919 - FL_Main_baseline_mb - INFO - === Round 23 Started ===
2026-01-14 19:35:12,921 - FL_Main_baseline_mb - INFO - Participating clients: [80, 7, 29, 8, 4, 42, 9, 65, 30, 35]
2026-01-14 19:35:24,118 - FL_Main_baseline_mb - INFO - === Round 23 Completed ===
2026-01-14 19:35:24,118 - FL_Main_baseline_mb - INFO - Global Accuracy: 9.8000, Global Loss: nan
2026-01-14 19:35:24,118 - FL_Main_baseline_mb - INFO - Test Accuracy: 9.8000, Test Loss: nan
2026-01-14 19:35:24,119 - FL_Main_baseline_mb - INFO - === Round 24 Started ===
2026-01-14 19:35:24,119 - FL_Main_baseline_mb - INFO - Participating clients: [85, 62, 27, 69, 16, 92, 73, 60, 31, 52]
2026-01-14 19:35:34,194 - FL_Main_baseline_mb - INFO - === Round 24 Completed ===
2026-01-14 19:35:34,194 - FL_Main_baseline_mb - INFO - Global Accuracy: 9.8000, Global Loss: nan
2026-01-14 19:35:34,194 - FL_Main_baseline_mb - INFO - Test Accuracy: 9.8000, Test Loss: nan
2026-01-14 19:35:34,195 - FL_Main_baseline_mb - INFO - === Round 25 Started ===
2026-01-14 19:35:34,195 - FL_Main_baseline_mb - INFO - Participating clients: [24, 12, 84, 55, 45, 54, 52, 59, 93, 6]
2026-01-14 19:35:44,533 - FL_Main_baseline_mb - INFO - === Round 25 Completed ===
2026-01-14 19:35:44,533 - FL_Main_baseline_mb - INFO - Global Accuracy: 9.8000, Global Loss: nan
2026-01-14 19:35:44,533 - FL_Main_baseline_mb - INFO - Test Accuracy: 9.8000, Test Loss: nan
2026-01-14 19:35:44,534 - FL_Main_baseline_mb - INFO - === Round 26 Started ===
2026-01-14 19:35:44,534 - FL_Main_baseline_mb - INFO - Participating clients: [86, 83, 82, 12, 7, 51, 93, 43, 13, 31]
2026-01-14 19:36:02,466 - FL_Main_baseline_mb - INFO - === Round 26 Completed ===
2026-01-14 19:36:02,467 - FL_Main_baseline_mb - INFO - Global Accuracy: 9.8000, Global Loss: nan
2026-01-14 19:36:02,467 - FL_Main_baseline_mb - INFO - Test Accuracy: 9.8000, Test Loss: nan
2026-01-14 19:36:02,468 - FL_Main_baseline_mb - INFO - === Round 27 Started ===
2026-01-14 19:36:02,468 - FL_Main_baseline_mb - INFO - Participating clients: [24, 68, 57, 17, 54, 23, 35, 59, 31, 9]
2026-01-14 19:36:11,742 - FL_Main_baseline_mb - INFO - === Round 27 Completed ===
2026-01-14 19:36:11,742 - FL_Main_baseline_mb - INFO - Global Accuracy: 9.8000, Global Loss: nan
2026-01-14 19:36:11,742 - FL_Main_baseline_mb - INFO - Test Accuracy: 9.8000, Test Loss: nan
2026-01-14 19:36:11,743 - FL_Main_baseline_mb - INFO - === Round 28 Started ===
2026-01-14 19:36:11,743 - FL_Main_baseline_mb - INFO - Participating clients: [56, 70, 12, 6, 83, 69, 1, 11, 96, 30]
2026-01-14 19:36:20,281 - FL_Main_baseline_mb - INFO - === Round 28 Completed ===
2026-01-14 19:36:20,281 - FL_Main_baseline_mb - INFO - Global Accuracy: 9.8000, Global Loss: nan
2026-01-14 19:36:20,281 - FL_Main_baseline_mb - INFO - Test Accuracy: 9.8000, Test Loss: nan
2026-01-14 19:36:20,282 - FL_Main_baseline_mb - INFO - === Round 29 Started ===
2026-01-14 19:36:20,282 - FL_Main_baseline_mb - INFO - Participating clients: [21, 52, 62, 61, 27, 51, 7, 48, 0, 49]
2026-01-14 19:36:29,231 - FL_Main_baseline_mb - INFO - === Round 29 Completed ===
2026-01-14 19:36:29,232 - FL_Main_baseline_mb - INFO - Global Accuracy: 9.8000, Global Loss: nan
2026-01-14 19:36:29,232 - FL_Main_baseline_mb - INFO - Test Accuracy: 9.8000, Test Loss: nan
2026-01-14 19:36:29,232 - FL_Main_baseline_mb - INFO - === Round 30 Started ===
2026-01-14 19:36:29,232 - FL_Main_baseline_mb - INFO - Participating clients: [33, 58, 36, 54, 89, 93, 71, 84, 91, 62]
2026-01-14 19:36:36,907 - FL_Main_baseline_mb - INFO - === Round 30 Completed ===
2026-01-14 19:36:36,907 - FL_Main_baseline_mb - INFO - Global Accuracy: 9.8000, Global Loss: nan
2026-01-14 19:36:36,907 - FL_Main_baseline_mb - INFO - Test Accuracy: 9.8000, Test Loss: nan
2026-01-14 19:36:36,907 - FL_Main_baseline_mb - INFO - Experiment completed
2026-01-14 19:36:36,919 - FL_Main_baseline_mb - INFO - All logs saved to logs/baseline_mb_20260114_193226
