2026-01-13 21:39:35,528 - FL_Main_baseline_fedavg - INFO - Experiment Configuration: {
  "experiment_name": "baseline_fedavg",
  "random_seed": 42,
  "dataset": {
    "type": "cifar10",
    "data_dir": "./data",
    "num_classes": 10,
    "partition_type": "iid",
    "alpha": 0.5
  },
  "model": {
    "type": "lenet",
    "num_classes": 10
  },
  "federated_learning": {
    "num_rounds": 30,
    "num_clients": 10,
    "client_participation_rate": 1.0,
    "learning_rate": 0.01,
    "local_epochs": 1,
    "batch_size": 32
  },
  "server": {
    "data_size": 100
  },
  "attack": {
    "type": "none",
    "num_malicious_clients": 0
  },
  "defense": {
    "type": "none"
  }
}
2026-01-13 21:39:35,528 - FL_Main_baseline_fedavg - INFO - Using device: cpu
2026-01-13 21:40:15,617 - FL_Main_baseline_fedavg - INFO - Data partitioned among 10 clients
2026-01-13 21:40:15,620 - FL_Main_baseline_fedavg - INFO - Model initialized: lenet
2026-01-13 21:40:15,623 - FL_Main_baseline_fedavg - INFO - Server initialized with defense: none
2026-01-13 21:40:15,643 - FL_Main_baseline_fedavg - INFO - Created 10 clients (0 malicious)
2026-01-13 21:40:15,644 - FL_Main_baseline_fedavg - INFO - Experiment setup completed
2026-01-13 21:40:15,644 - FL_Main_baseline_fedavg - INFO - Starting experiment with 30 rounds
2026-01-13 21:40:15,644 - FL_Main_baseline_fedavg - INFO - === Round 1 Started ===
2026-01-13 21:40:15,644 - FL_Main_baseline_fedavg - INFO - Participating clients: [1, 0, 4, 9, 6, 5, 8, 2, 3, 7]
2026-01-13 21:41:31,383 - FL_Main_baseline_fedavg - INFO - === Round 1 Completed ===
2026-01-13 21:41:31,384 - FL_Main_baseline_fedavg - INFO - Global Accuracy: 29.5700, Global Loss: 1.9579
2026-01-13 21:41:31,384 - FL_Main_baseline_fedavg - INFO - Test Accuracy: 29.5700, Test Loss: 1.9579
2026-01-13 21:41:31,384 - FL_Main_baseline_fedavg - INFO - === Round 2 Started ===
2026-01-13 21:41:31,385 - FL_Main_baseline_fedavg - INFO - Participating clients: [0, 9, 1, 7, 6, 4, 8, 2, 3, 5]
2026-01-13 21:42:38,157 - FL_Main_baseline_fedavg - INFO - === Round 2 Completed ===
2026-01-13 21:42:38,158 - FL_Main_baseline_fedavg - INFO - Global Accuracy: 37.3800, Global Loss: 1.7218
2026-01-13 21:42:38,158 - FL_Main_baseline_fedavg - INFO - Test Accuracy: 37.3800, Test Loss: 1.7218
2026-01-13 21:42:38,158 - FL_Main_baseline_fedavg - INFO - === Round 3 Started ===
2026-01-13 21:42:38,159 - FL_Main_baseline_fedavg - INFO - Participating clients: [3, 7, 4, 6, 0, 1, 9, 8, 2, 5]
2026-01-13 21:43:44,623 - FL_Main_baseline_fedavg - INFO - === Round 3 Completed ===
2026-01-13 21:43:44,623 - FL_Main_baseline_fedavg - INFO - Global Accuracy: 41.7200, Global Loss: 1.5957
2026-01-13 21:43:44,623 - FL_Main_baseline_fedavg - INFO - Test Accuracy: 41.7200, Test Loss: 1.5957
2026-01-13 21:43:44,624 - FL_Main_baseline_fedavg - INFO - === Round 4 Started ===
2026-01-13 21:43:44,624 - FL_Main_baseline_fedavg - INFO - Participating clients: [3, 5, 1, 0, 9, 6, 2, 7, 8, 4]
2026-01-13 21:44:44,945 - FL_Main_baseline_fedavg - INFO - === Round 4 Completed ===
2026-01-13 21:44:44,945 - FL_Main_baseline_fedavg - INFO - Global Accuracy: 44.7600, Global Loss: 1.5445
2026-01-13 21:44:44,946 - FL_Main_baseline_fedavg - INFO - Test Accuracy: 44.7600, Test Loss: 1.5445
2026-01-13 21:44:44,946 - FL_Main_baseline_fedavg - INFO - === Round 5 Started ===
2026-01-13 21:44:44,946 - FL_Main_baseline_fedavg - INFO - Participating clients: [7, 8, 1, 3, 0, 4, 2, 6, 9, 5]
2026-01-13 21:45:45,481 - FL_Main_baseline_fedavg - INFO - === Round 5 Completed ===
2026-01-13 21:45:45,482 - FL_Main_baseline_fedavg - INFO - Global Accuracy: 47.1600, Global Loss: 1.4779
2026-01-13 21:45:45,482 - FL_Main_baseline_fedavg - INFO - Test Accuracy: 47.1600, Test Loss: 1.4779
2026-01-13 21:45:45,482 - FL_Main_baseline_fedavg - INFO - === Round 6 Started ===
2026-01-13 21:45:45,483 - FL_Main_baseline_fedavg - INFO - Participating clients: [1, 0, 3, 6, 2, 8, 9, 4, 7, 5]
2026-01-13 21:46:54,193 - FL_Main_baseline_fedavg - INFO - === Round 6 Completed ===
2026-01-13 21:46:54,193 - FL_Main_baseline_fedavg - INFO - Global Accuracy: 48.3400, Global Loss: 1.4527
2026-01-13 21:46:54,194 - FL_Main_baseline_fedavg - INFO - Test Accuracy: 48.3400, Test Loss: 1.4527
2026-01-13 21:46:54,194 - FL_Main_baseline_fedavg - INFO - === Round 7 Started ===
2026-01-13 21:46:54,195 - FL_Main_baseline_fedavg - INFO - Participating clients: [7, 5, 2, 9, 6, 1, 8, 3, 0, 4]
2026-01-13 21:48:03,874 - FL_Main_baseline_fedavg - INFO - === Round 7 Completed ===
2026-01-13 21:48:03,875 - FL_Main_baseline_fedavg - INFO - Global Accuracy: 49.7900, Global Loss: 1.4127
2026-01-13 21:48:03,875 - FL_Main_baseline_fedavg - INFO - Test Accuracy: 49.7900, Test Loss: 1.4127
2026-01-13 21:48:03,876 - FL_Main_baseline_fedavg - INFO - === Round 8 Started ===
2026-01-13 21:48:03,876 - FL_Main_baseline_fedavg - INFO - Participating clients: [8, 3, 2, 9, 6, 7, 1, 4, 5, 0]
2026-01-13 21:49:08,466 - FL_Main_baseline_fedavg - INFO - === Round 8 Completed ===
2026-01-13 21:49:08,466 - FL_Main_baseline_fedavg - INFO - Global Accuracy: 50.5200, Global Loss: 1.3903
2026-01-13 21:49:08,466 - FL_Main_baseline_fedavg - INFO - Test Accuracy: 50.5200, Test Loss: 1.3903
2026-01-13 21:49:08,467 - FL_Main_baseline_fedavg - INFO - === Round 9 Started ===
2026-01-13 21:49:08,467 - FL_Main_baseline_fedavg - INFO - Participating clients: [3, 0, 5, 9, 2, 8, 1, 7, 6, 4]
2026-01-13 21:50:12,406 - FL_Main_baseline_fedavg - INFO - === Round 9 Completed ===
2026-01-13 21:50:12,407 - FL_Main_baseline_fedavg - INFO - Global Accuracy: 51.6900, Global Loss: 1.3623
2026-01-13 21:50:12,407 - FL_Main_baseline_fedavg - INFO - Test Accuracy: 51.6900, Test Loss: 1.3623
2026-01-13 21:50:12,407 - FL_Main_baseline_fedavg - INFO - === Round 10 Started ===
2026-01-13 21:50:12,407 - FL_Main_baseline_fedavg - INFO - Participating clients: [7, 6, 9, 1, 2, 8, 4, 5, 3, 0]
2026-01-13 21:51:22,353 - FL_Main_baseline_fedavg - INFO - === Round 10 Completed ===
2026-01-13 21:51:22,354 - FL_Main_baseline_fedavg - INFO - Global Accuracy: 52.6800, Global Loss: 1.3483
2026-01-13 21:51:22,354 - FL_Main_baseline_fedavg - INFO - Test Accuracy: 52.6800, Test Loss: 1.3483
2026-01-13 21:51:22,355 - FL_Main_baseline_fedavg - INFO - === Round 11 Started ===
2026-01-13 21:51:22,355 - FL_Main_baseline_fedavg - INFO - Participating clients: [9, 6, 5, 1, 8, 4, 3, 0, 2, 7]
2026-01-13 21:52:43,249 - FL_Main_baseline_fedavg - INFO - === Round 11 Completed ===
2026-01-13 21:52:43,249 - FL_Main_baseline_fedavg - INFO - Global Accuracy: 53.4200, Global Loss: 1.3306
2026-01-13 21:52:43,249 - FL_Main_baseline_fedavg - INFO - Test Accuracy: 53.4200, Test Loss: 1.3306
2026-01-13 21:52:43,250 - FL_Main_baseline_fedavg - INFO - === Round 12 Started ===
2026-01-13 21:52:43,250 - FL_Main_baseline_fedavg - INFO - Participating clients: [2, 9, 6, 4, 0, 3, 7, 8, 1, 5]
2026-01-13 21:53:45,075 - FL_Main_baseline_fedavg - INFO - === Round 12 Completed ===
2026-01-13 21:53:45,076 - FL_Main_baseline_fedavg - INFO - Global Accuracy: 54.1600, Global Loss: 1.3144
2026-01-13 21:53:45,076 - FL_Main_baseline_fedavg - INFO - Test Accuracy: 54.1600, Test Loss: 1.3144
2026-01-13 21:53:45,077 - FL_Main_baseline_fedavg - INFO - === Round 13 Started ===
2026-01-13 21:53:45,077 - FL_Main_baseline_fedavg - INFO - Participating clients: [8, 0, 1, 5, 4, 2, 6, 9, 7, 3]
2026-01-13 21:54:53,619 - FL_Main_baseline_fedavg - INFO - === Round 13 Completed ===
2026-01-13 21:54:53,619 - FL_Main_baseline_fedavg - INFO - Global Accuracy: 54.5900, Global Loss: 1.2764
2026-01-13 21:54:53,619 - FL_Main_baseline_fedavg - INFO - Test Accuracy: 54.5900, Test Loss: 1.2764
2026-01-13 21:54:53,620 - FL_Main_baseline_fedavg - INFO - === Round 14 Started ===
2026-01-13 21:54:53,620 - FL_Main_baseline_fedavg - INFO - Participating clients: [2, 7, 0, 5, 6, 9, 1, 4, 8, 3]
2026-01-13 21:56:08,801 - FL_Main_baseline_fedavg - INFO - === Round 14 Completed ===
2026-01-13 21:56:08,801 - FL_Main_baseline_fedavg - INFO - Global Accuracy: 54.2500, Global Loss: 1.2879
2026-01-13 21:56:08,801 - FL_Main_baseline_fedavg - INFO - Test Accuracy: 54.2500, Test Loss: 1.2879
2026-01-13 21:56:08,801 - FL_Main_baseline_fedavg - INFO - === Round 15 Started ===
2026-01-13 21:56:08,802 - FL_Main_baseline_fedavg - INFO - Participating clients: [8, 3, 2, 7, 1, 4, 0, 6, 5, 9]
2026-01-13 21:57:20,898 - FL_Main_baseline_fedavg - INFO - === Round 15 Completed ===
2026-01-13 21:57:20,898 - FL_Main_baseline_fedavg - INFO - Global Accuracy: 55.2400, Global Loss: 1.2637
2026-01-13 21:57:20,898 - FL_Main_baseline_fedavg - INFO - Test Accuracy: 55.2400, Test Loss: 1.2637
2026-01-13 21:57:20,899 - FL_Main_baseline_fedavg - INFO - === Round 16 Started ===
2026-01-13 21:57:20,899 - FL_Main_baseline_fedavg - INFO - Participating clients: [0, 1, 5, 6, 2, 8, 9, 3, 7, 4]
2026-01-13 21:58:31,404 - FL_Main_baseline_fedavg - INFO - === Round 16 Completed ===
2026-01-13 21:58:31,405 - FL_Main_baseline_fedavg - INFO - Global Accuracy: 56.3700, Global Loss: 1.2494
2026-01-13 21:58:31,405 - FL_Main_baseline_fedavg - INFO - Test Accuracy: 56.3700, Test Loss: 1.2494
2026-01-13 21:58:31,405 - FL_Main_baseline_fedavg - INFO - === Round 17 Started ===
2026-01-13 21:58:31,406 - FL_Main_baseline_fedavg - INFO - Participating clients: [7, 1, 2, 8, 5, 3, 6, 4, 9, 0]
2026-01-13 21:59:36,939 - FL_Main_baseline_fedavg - INFO - === Round 17 Completed ===
2026-01-13 21:59:36,940 - FL_Main_baseline_fedavg - INFO - Global Accuracy: 56.5200, Global Loss: 1.2406
2026-01-13 21:59:36,940 - FL_Main_baseline_fedavg - INFO - Test Accuracy: 56.5200, Test Loss: 1.2406
2026-01-13 21:59:36,940 - FL_Main_baseline_fedavg - INFO - === Round 18 Started ===
2026-01-13 21:59:36,941 - FL_Main_baseline_fedavg - INFO - Participating clients: [8, 3, 4, 9, 5, 2, 6, 7, 1, 0]
2026-01-13 22:00:42,261 - FL_Main_baseline_fedavg - INFO - === Round 18 Completed ===
2026-01-13 22:00:42,262 - FL_Main_baseline_fedavg - INFO - Global Accuracy: 56.5000, Global Loss: 1.2342
2026-01-13 22:00:42,262 - FL_Main_baseline_fedavg - INFO - Test Accuracy: 56.5000, Test Loss: 1.2342
2026-01-13 22:00:42,262 - FL_Main_baseline_fedavg - INFO - === Round 19 Started ===
2026-01-13 22:00:42,262 - FL_Main_baseline_fedavg - INFO - Participating clients: [3, 9, 1, 2, 0, 4, 7, 6, 5, 8]
2026-01-13 22:01:46,407 - FL_Main_baseline_fedavg - INFO - === Round 19 Completed ===
2026-01-13 22:01:46,408 - FL_Main_baseline_fedavg - INFO - Global Accuracy: 57.3800, Global Loss: 1.2079
2026-01-13 22:01:46,408 - FL_Main_baseline_fedavg - INFO - Test Accuracy: 57.3800, Test Loss: 1.2079
2026-01-13 22:01:46,409 - FL_Main_baseline_fedavg - INFO - === Round 20 Started ===
2026-01-13 22:01:46,409 - FL_Main_baseline_fedavg - INFO - Participating clients: [1, 0, 3, 8, 6, 2, 5, 4, 7, 9]
2026-01-13 22:02:50,955 - FL_Main_baseline_fedavg - INFO - === Round 20 Completed ===
2026-01-13 22:02:50,955 - FL_Main_baseline_fedavg - INFO - Global Accuracy: 57.9900, Global Loss: 1.2096
2026-01-13 22:02:50,955 - FL_Main_baseline_fedavg - INFO - Test Accuracy: 57.9900, Test Loss: 1.2096
2026-01-13 22:02:50,956 - FL_Main_baseline_fedavg - INFO - === Round 21 Started ===
2026-01-13 22:02:50,956 - FL_Main_baseline_fedavg - INFO - Participating clients: [7, 3, 2, 5, 4, 6, 8, 0, 1, 9]
2026-01-13 22:04:03,936 - FL_Main_baseline_fedavg - INFO - === Round 21 Completed ===
2026-01-13 22:04:03,937 - FL_Main_baseline_fedavg - INFO - Global Accuracy: 58.4100, Global Loss: 1.1970
2026-01-13 22:04:03,937 - FL_Main_baseline_fedavg - INFO - Test Accuracy: 58.4100, Test Loss: 1.1970
2026-01-13 22:04:03,937 - FL_Main_baseline_fedavg - INFO - === Round 22 Started ===
2026-01-13 22:04:03,938 - FL_Main_baseline_fedavg - INFO - Participating clients: [3, 1, 8, 5, 9, 2, 6, 7, 4, 0]
2026-01-13 22:05:13,814 - FL_Main_baseline_fedavg - INFO - === Round 22 Completed ===
2026-01-13 22:05:13,814 - FL_Main_baseline_fedavg - INFO - Global Accuracy: 58.5100, Global Loss: 1.1856
2026-01-13 22:05:13,814 - FL_Main_baseline_fedavg - INFO - Test Accuracy: 58.5100, Test Loss: 1.1856
2026-01-13 22:05:13,815 - FL_Main_baseline_fedavg - INFO - === Round 23 Started ===
2026-01-13 22:05:13,815 - FL_Main_baseline_fedavg - INFO - Participating clients: [1, 0, 6, 5, 2, 8, 9, 4, 7, 3]
2026-01-13 22:06:24,417 - FL_Main_baseline_fedavg - INFO - === Round 23 Completed ===
2026-01-13 22:06:24,418 - FL_Main_baseline_fedavg - INFO - Global Accuracy: 58.9300, Global Loss: 1.1783
2026-01-13 22:06:24,418 - FL_Main_baseline_fedavg - INFO - Test Accuracy: 58.9300, Test Loss: 1.1783
2026-01-13 22:06:24,419 - FL_Main_baseline_fedavg - INFO - === Round 24 Started ===
2026-01-13 22:06:24,419 - FL_Main_baseline_fedavg - INFO - Participating clients: [2, 6, 9, 7, 3, 1, 0, 4, 5, 8]
2026-01-13 22:07:32,963 - FL_Main_baseline_fedavg - INFO - === Round 24 Completed ===
2026-01-13 22:07:32,963 - FL_Main_baseline_fedavg - INFO - Global Accuracy: 59.0700, Global Loss: 1.1705
2026-01-13 22:07:32,968 - FL_Main_baseline_fedavg - INFO - Test Accuracy: 59.0700, Test Loss: 1.1705
2026-01-13 22:07:32,969 - FL_Main_baseline_fedavg - INFO - === Round 25 Started ===
2026-01-13 22:07:32,969 - FL_Main_baseline_fedavg - INFO - Participating clients: [8, 0, 1, 6, 7, 5, 3, 4, 2, 9]
2026-01-13 22:08:45,312 - FL_Main_baseline_fedavg - INFO - === Round 25 Completed ===
2026-01-13 22:08:45,313 - FL_Main_baseline_fedavg - INFO - Global Accuracy: 59.8700, Global Loss: 1.1599
2026-01-13 22:08:45,313 - FL_Main_baseline_fedavg - INFO - Test Accuracy: 59.8700, Test Loss: 1.1599
2026-01-13 22:08:45,313 - FL_Main_baseline_fedavg - INFO - === Round 26 Started ===
2026-01-13 22:08:45,314 - FL_Main_baseline_fedavg - INFO - Participating clients: [6, 0, 2, 3, 8, 9, 7, 1, 4, 5]
2026-01-13 22:09:57,437 - FL_Main_baseline_fedavg - INFO - === Round 26 Completed ===
2026-01-13 22:09:57,437 - FL_Main_baseline_fedavg - INFO - Global Accuracy: 59.9200, Global Loss: 1.1511
2026-01-13 22:09:57,437 - FL_Main_baseline_fedavg - INFO - Test Accuracy: 59.9200, Test Loss: 1.1511
2026-01-13 22:09:57,438 - FL_Main_baseline_fedavg - INFO - === Round 27 Started ===
2026-01-13 22:09:57,438 - FL_Main_baseline_fedavg - INFO - Participating clients: [8, 7, 2, 1, 9, 6, 0, 5, 3, 4]
2026-01-13 22:11:01,234 - FL_Main_baseline_fedavg - INFO - === Round 27 Completed ===
2026-01-13 22:11:01,234 - FL_Main_baseline_fedavg - INFO - Global Accuracy: 60.3500, Global Loss: 1.1363
2026-01-13 22:11:01,234 - FL_Main_baseline_fedavg - INFO - Test Accuracy: 60.3500, Test Loss: 1.1363
2026-01-13 22:11:01,235 - FL_Main_baseline_fedavg - INFO - === Round 28 Started ===
2026-01-13 22:11:01,236 - FL_Main_baseline_fedavg - INFO - Participating clients: [0, 9, 7, 4, 6, 1, 8, 2, 3, 5]
2026-01-13 22:12:06,737 - FL_Main_baseline_fedavg - INFO - === Round 28 Completed ===
2026-01-13 22:12:06,738 - FL_Main_baseline_fedavg - INFO - Global Accuracy: 60.2100, Global Loss: 1.1396
2026-01-13 22:12:06,738 - FL_Main_baseline_fedavg - INFO - Test Accuracy: 60.2100, Test Loss: 1.1396
2026-01-13 22:12:06,738 - FL_Main_baseline_fedavg - INFO - === Round 29 Started ===
2026-01-13 22:12:06,739 - FL_Main_baseline_fedavg - INFO - Participating clients: [1, 9, 3, 7, 0, 4, 8, 2, 5, 6]
2026-01-13 22:13:15,614 - FL_Main_baseline_fedavg - INFO - === Round 29 Completed ===
2026-01-13 22:13:15,615 - FL_Main_baseline_fedavg - INFO - Global Accuracy: 60.9800, Global Loss: 1.1199
2026-01-13 22:13:15,620 - FL_Main_baseline_fedavg - INFO - Test Accuracy: 60.9800, Test Loss: 1.1199
2026-01-13 22:13:15,621 - FL_Main_baseline_fedavg - INFO - === Round 30 Started ===
2026-01-13 22:13:15,621 - FL_Main_baseline_fedavg - INFO - Participating clients: [6, 8, 5, 2, 1, 9, 7, 3, 4, 0]
2026-01-13 22:14:31,554 - FL_Main_baseline_fedavg - INFO - === Round 30 Completed ===
2026-01-13 22:14:31,555 - FL_Main_baseline_fedavg - INFO - Global Accuracy: 60.9200, Global Loss: 1.1188
2026-01-13 22:14:31,555 - FL_Main_baseline_fedavg - INFO - Test Accuracy: 60.9200, Test Loss: 1.1188
2026-01-13 22:14:31,556 - FL_Main_baseline_fedavg - INFO - Experiment completed
2026-01-13 22:14:31,571 - FL_Main_baseline_fedavg - INFO - All logs saved to logs/baseline_fedavg_20260113_213935
