2026-01-15 19:23:17,272 - FL_Main_krum_faker - INFO - Experiment Configuration: {
  "experiment_name": "krum_faker",
  "random_seed": 42,
  "dataset": {
    "type": "mnist",
    "data_dir": "./data",
    "num_classes": 10,
    "partition_type": "iid"
  },
  "model": {
    "type": "lenet",
    "num_classes": 10
  },
  "federated_learning": {
    "num_rounds": 30,
    "num_clients": 100,
    "client_participation_rate": 1.0,
    "learning_rate": 0.01,
    "local_epochs": 2,
    "batch_size": 32
  },
  "server": {
    "data_size": 100
  },
  "attack": {
    "type": "faker",
    "num_malicious_clients": 20,
    "params": {
      "target_defense": "krum",
      "num_groups": 10
    }
  },
  "defense": {
    "type": "krum",
    "params": {
      "num_malicious": 20,
      "multi_krum": false,
      "num_selected": 1
    }
  }
}
2026-01-15 19:23:17,272 - FL_Main_krum_faker - INFO - Using device: cpu
2026-01-15 19:23:20,082 - FL_Main_krum_faker - INFO - Data partitioned among 100 clients
2026-01-15 19:23:20,084 - FL_Main_krum_faker - INFO - Model initialized: lenet
2026-01-15 19:23:20,084 - FL_Main_krum_faker - INFO - Server initialized with defense: krum
2026-01-15 19:23:20,131 - FL_Main_krum_faker - INFO - Created 100 clients (20 malicious)
2026-01-15 19:23:20,131 - FL_Main_krum_faker - INFO - Experiment setup completed
2026-01-15 19:23:20,131 - FL_Main_krum_faker - INFO - Starting experiment with 30 rounds
2026-01-15 19:23:20,131 - FL_Main_krum_faker - INFO - === Round 1 Started ===
2026-01-15 19:23:20,131 - FL_Main_krum_faker - INFO - Participating clients: [25, 91, 83, 89, 69, 53, 28, 57, 75, 35, 0, 20, 54, 43, 90, 19, 27, 86, 13, 11, 48, 12, 45, 44, 33, 5, 58, 68, 15, 79, 10, 37, 46, 24, 8, 74, 29, 49, 18, 64, 87, 14, 55, 6, 66, 17, 63, 40, 23, 95, 51, 22, 81, 42, 59, 76, 82, 41, 4, 38, 50, 34, 71, 39, 94, 92, 77, 73, 88, 26, 52, 85, 1, 7, 97, 36, 78, 65, 2, 56, 61, 93, 31, 72, 62, 32, 84, 30, 21, 67, 80, 3, 47, 60, 16, 70, 98, 99, 96, 9]
2026-01-15 19:24:05,594 - FL_Main_krum_faker - INFO - === Round 1 Completed ===
2026-01-15 19:24:05,595 - FL_Main_krum_faker - INFO - Global Accuracy: 35.8200, Global Loss: 2.1930
2026-01-15 19:24:05,595 - FL_Main_krum_faker - INFO - Test Accuracy: 35.8200, Test Loss: 2.1930
2026-01-15 19:24:05,597 - FL_Main_krum_faker - INFO - === Round 2 Started ===
2026-01-15 19:24:05,597 - FL_Main_krum_faker - INFO - Participating clients: [65, 63, 11, 96, 6, 14, 19, 80, 20, 87, 54, 76, 8, 49, 48, 88, 59, 67, 32, 70, 1, 94, 68, 34, 43, 78, 37, 55, 91, 58, 0, 33, 64, 22, 82, 13, 38, 53, 40, 81, 98, 12, 9, 23, 85, 10, 84, 86, 77, 69, 83, 71, 31, 79, 7, 56, 93, 15, 3, 42, 36, 5, 52, 47, 4, 62, 90, 51, 30, 39, 17, 73, 60, 16, 75, 99, 95, 29, 44, 57, 92, 97, 74, 26, 66, 46, 41, 24, 61, 28, 50, 27, 25, 35, 18, 72, 21, 2, 45, 89]
2026-01-15 19:24:48,723 - FL_Main_krum_faker - INFO - === Round 2 Completed ===
2026-01-15 19:24:48,724 - FL_Main_krum_faker - INFO - Global Accuracy: 69.7700, Global Loss: 0.9107
2026-01-15 19:24:48,724 - FL_Main_krum_faker - INFO - Test Accuracy: 69.7700, Test Loss: 0.9107
2026-01-15 19:24:48,725 - FL_Main_krum_faker - INFO - === Round 3 Started ===
2026-01-15 19:24:48,726 - FL_Main_krum_faker - INFO - Participating clients: [8, 4, 42, 9, 65, 30, 35, 85, 62, 27, 69, 16, 73, 87, 60, 31, 92, 52, 24, 12, 80, 55, 45, 54, 82, 59, 6, 79, 7, 51, 43, 13, 84, 81, 66, 57, 17, 90, 11, 63, 29, 15, 78, 98, 28, 70, 93, 86, 3, 41, 34, 0, 5, 58, 10, 26, 67, 94, 68, 25, 76, 77, 95, 48, 37, 88, 74, 18, 91, 22, 23, 40, 83, 21, 97, 46, 56, 75, 96, 64, 1, 32, 89, 19, 38, 36, 14, 44, 71, 99, 53, 2, 50, 33, 61, 49, 47, 72, 39, 20]
2026-01-15 19:25:32,544 - FL_Main_krum_faker - INFO - === Round 3 Completed ===
2026-01-15 19:25:32,545 - FL_Main_krum_faker - INFO - Global Accuracy: 83.2600, Global Loss: 0.5295
2026-01-15 19:25:32,545 - FL_Main_krum_faker - INFO - Test Accuracy: 83.2600, Test Loss: 0.5295
2026-01-15 19:25:32,546 - FL_Main_krum_faker - INFO - === Round 4 Started ===
2026-01-15 19:25:32,546 - FL_Main_krum_faker - INFO - Participating clients: [51, 15, 72, 31, 74, 76, 5, 79, 10, 53, 84, 95, 97, 66, 40, 33, 26, 85, 30, 89, 50, 16, 38, 58, 82, 9, 1, 94, 12, 88, 68, 27, 64, 80, 78, 44, 8, 56, 98, 23, 18, 91, 28, 90, 34, 45, 19, 39, 99, 41, 86, 0, 42, 35, 62, 47, 6, 63, 65, 7, 43, 46, 70, 17, 59, 13, 21, 55, 92, 96, 61, 67, 69, 73, 2, 20, 32, 57, 83, 48, 87, 4, 22, 93, 14, 36, 11, 52, 29, 24, 49, 37, 25, 77, 54, 75, 60, 3, 81, 71]
2026-01-15 19:26:20,345 - FL_Main_krum_faker - INFO - === Round 4 Completed ===
2026-01-15 19:26:20,346 - FL_Main_krum_faker - INFO - Global Accuracy: 87.9000, Global Loss: 0.3987
2026-01-15 19:26:20,346 - FL_Main_krum_faker - INFO - Test Accuracy: 87.9000, Test Loss: 0.3987
2026-01-15 19:26:20,347 - FL_Main_krum_faker - INFO - === Round 5 Started ===
2026-01-15 19:26:20,347 - FL_Main_krum_faker - INFO - Participating clients: [39, 46, 5, 45, 26, 87, 31, 85, 13, 96, 71, 52, 79, 19, 30, 20, 22, 88, 3, 83, 42, 82, 93, 34, 84, 91, 48, 4, 60, 28, 25, 58, 44, 99, 29, 70, 81, 94, 12, 69, 21, 17, 55, 72, 49, 68, 80, 41, 32, 89, 43, 76, 59, 1, 7, 16, 11, 37, 67, 2, 6, 38, 27, 53, 75, 62, 51, 90, 24, 64, 18, 66, 8, 98, 36, 74, 0, 78, 54, 92, 57, 77, 40, 10, 50, 15, 65, 95, 86, 56, 73, 14, 35, 47, 63, 33, 61, 23, 97, 9]
2026-01-15 19:26:54,131 - FL_Main_krum_faker - INFO - === Round 5 Completed ===
2026-01-15 19:26:54,132 - FL_Main_krum_faker - INFO - Global Accuracy: 91.3000, Global Loss: 0.3003
2026-01-15 19:26:54,132 - FL_Main_krum_faker - INFO - Test Accuracy: 91.3000, Test Loss: 0.3003
2026-01-15 19:26:54,133 - FL_Main_krum_faker - INFO - === Round 6 Started ===
2026-01-15 19:26:54,133 - FL_Main_krum_faker - INFO - Participating clients: [86, 95, 22, 78, 72, 38, 51, 70, 0, 94, 36, 26, 55, 74, 77, 83, 41, 59, 56, 81, 27, 65, 60, 21, 10, 89, 96, 42, 11, 30, 39, 28, 25, 18, 3, 5, 31, 62, 92, 69, 54, 49, 4, 29, 88, 40, 99, 12, 45, 44, 24, 63, 67, 15, 9, 84, 91, 6, 79, 14, 71, 33, 80, 73, 35, 46, 7, 37, 8, 47, 82, 76, 16, 17, 19, 75, 32, 61, 50, 13, 87, 23, 64, 34, 66, 57, 52, 53, 58, 68, 48, 90, 20, 2, 93, 43, 98, 85, 1, 97]
2026-01-15 19:27:27,309 - FL_Main_krum_faker - INFO - === Round 6 Completed ===
2026-01-15 19:27:27,310 - FL_Main_krum_faker - INFO - Global Accuracy: 92.5000, Global Loss: 0.2737
2026-01-15 19:27:27,310 - FL_Main_krum_faker - INFO - Test Accuracy: 92.5000, Test Loss: 0.2737
2026-01-15 19:27:27,311 - FL_Main_krum_faker - INFO - === Round 7 Started ===
2026-01-15 19:27:27,311 - FL_Main_krum_faker - INFO - Participating clients: [40, 69, 10, 17, 19, 29, 49, 88, 95, 90, 27, 8, 53, 52, 42, 98, 59, 87, 7, 26, 82, 93, 74, 2, 73, 48, 61, 0, 45, 38, 78, 79, 28, 62, 67, 34, 55, 31, 1, 24, 21, 85, 43, 51, 25, 46, 97, 94, 92, 39, 64, 75, 63, 37, 36, 58, 77, 5, 41, 89, 56, 86, 11, 3, 16, 60, 20, 13, 70, 68, 30, 84, 12, 50, 65, 32, 80, 76, 15, 72, 96, 57, 54, 81, 22, 99, 66, 33, 14, 71, 47, 91, 83, 18, 6, 9, 23, 35, 4, 44]
2026-01-15 19:27:59,786 - FL_Main_krum_faker - INFO - === Round 7 Completed ===
2026-01-15 19:27:59,786 - FL_Main_krum_faker - INFO - Global Accuracy: 92.4300, Global Loss: 0.3149
2026-01-15 19:27:59,786 - FL_Main_krum_faker - INFO - Test Accuracy: 92.4300, Test Loss: 0.3149
2026-01-15 19:27:59,787 - FL_Main_krum_faker - INFO - === Round 8 Started ===
2026-01-15 19:27:59,787 - FL_Main_krum_faker - INFO - Participating clients: [89, 32, 47, 21, 77, 95, 91, 14, 20, 39, 13, 74, 3, 90, 73, 48, 50, 25, 9, 75, 31, 99, 38, 76, 15, 72, 5, 44, 68, 54, 97, 8, 64, 43, 1, 53, 62, 6, 27, 23, 40, 57, 67, 29, 45, 81, 61, 11, 46, 33, 41, 17, 86, 34, 30, 56, 58, 37, 84, 93, 80, 85, 49, 28, 69, 88, 24, 96, 65, 35, 66, 10, 94, 55, 63, 52, 71, 36, 60, 19, 98, 42, 0, 16, 82, 79, 87, 83, 26, 7, 59, 78, 22, 51, 12, 70, 4, 18, 2, 92]
2026-01-15 19:28:33,947 - FL_Main_krum_faker - INFO - === Round 8 Completed ===
2026-01-15 19:28:33,948 - FL_Main_krum_faker - INFO - Global Accuracy: 92.4400, Global Loss: 0.3429
2026-01-15 19:28:33,948 - FL_Main_krum_faker - INFO - Test Accuracy: 92.4400, Test Loss: 0.3429
2026-01-15 19:28:33,949 - FL_Main_krum_faker - INFO - === Round 9 Started ===
2026-01-15 19:28:33,949 - FL_Main_krum_faker - INFO - Participating clients: [28, 51, 88, 31, 39, 84, 74, 47, 60, 70, 67, 44, 54, 90, 42, 45, 58, 34, 95, 32, 29, 15, 24, 40, 78, 68, 23, 77, 27, 61, 35, 89, 36, 12, 72, 37, 79, 73, 11, 19, 0, 94, 82, 8, 17, 2, 3, 69, 18, 97, 56, 76, 96, 6, 59, 93, 98, 30, 85, 99, 21, 86, 53, 16, 41, 7, 4, 25, 92, 87, 43, 20, 81, 1, 33, 80, 63, 9, 52, 57, 64, 55, 13, 48, 66, 50, 14, 65, 22, 46, 75, 83, 26, 10, 62, 5, 71, 91, 49, 38]
2026-01-15 19:29:05,642 - FL_Main_krum_faker - INFO - === Round 9 Completed ===
2026-01-15 19:29:05,643 - FL_Main_krum_faker - INFO - Global Accuracy: 92.5400, Global Loss: 0.3226
2026-01-15 19:29:05,643 - FL_Main_krum_faker - INFO - Test Accuracy: 92.5400, Test Loss: 0.3226
2026-01-15 19:29:05,645 - FL_Main_krum_faker - INFO - === Round 10 Started ===
2026-01-15 19:29:05,645 - FL_Main_krum_faker - INFO - Participating clients: [30, 22, 70, 9, 20, 0, 52, 57, 88, 76, 60, 37, 4, 29, 36, 85, 58, 96, 86, 33, 75, 25, 54, 14, 69, 28, 19, 34, 18, 82, 7, 21, 39, 84, 56, 15, 59, 44, 73, 62, 78, 17, 32, 72, 31, 74, 5, 38, 2, 27, 47, 95, 93, 16, 1, 53, 90, 66, 91, 45, 83, 42, 51, 11, 99, 80, 77, 67, 49, 71, 13, 48, 26, 64, 41, 50, 55, 81, 10, 68, 3, 89, 65, 98, 24, 87, 92, 6, 8, 94, 79, 40, 35, 63, 12, 46, 61, 97, 43, 23]
2026-01-15 19:29:35,463 - FL_Main_krum_faker - INFO - === Round 10 Completed ===
2026-01-15 19:29:35,464 - FL_Main_krum_faker - INFO - Global Accuracy: 93.2600, Global Loss: 0.3214
2026-01-15 19:29:35,464 - FL_Main_krum_faker - INFO - Test Accuracy: 93.2600, Test Loss: 0.3214
2026-01-15 19:29:35,465 - FL_Main_krum_faker - INFO - === Round 11 Started ===
2026-01-15 19:29:35,465 - FL_Main_krum_faker - INFO - Participating clients: [52, 6, 24, 66, 46, 79, 63, 80, 56, 98, 26, 34, 70, 16, 36, 91, 62, 15, 3, 92, 77, 30, 20, 39, 87, 1, 75, 99, 11, 28, 14, 59, 82, 19, 93, 37, 88, 89, 53, 78, 60, 67, 29, 35, 9, 97, 12, 38, 32, 47, 8, 4, 17, 83, 21, 51, 50, 0, 18, 96, 64, 76, 31, 55, 73, 65, 68, 22, 45, 43, 54, 33, 61, 69, 10, 90, 44, 7, 41, 27, 23, 13, 74, 25, 58, 71, 94, 57, 72, 86, 2, 40, 42, 84, 48, 5, 85, 49, 95, 81]
2026-01-15 19:30:03,466 - FL_Main_krum_faker - INFO - === Round 11 Completed ===
2026-01-15 19:30:03,466 - FL_Main_krum_faker - INFO - Global Accuracy: 93.4500, Global Loss: 0.3275
2026-01-15 19:30:03,466 - FL_Main_krum_faker - INFO - Test Accuracy: 93.4500, Test Loss: 0.3275
2026-01-15 19:30:03,467 - FL_Main_krum_faker - INFO - === Round 12 Started ===
2026-01-15 19:30:03,467 - FL_Main_krum_faker - INFO - Participating clients: [67, 58, 1, 92, 18, 52, 83, 19, 9, 60, 33, 43, 79, 50, 93, 10, 42, 68, 48, 40, 62, 69, 4, 8, 30, 36, 29, 11, 55, 12, 70, 56, 21, 38, 3, 5, 41, 86, 65, 95, 22, 23, 27, 91, 15, 89, 26, 74, 88, 87, 72, 84, 49, 64, 39, 24, 45, 71, 31, 37, 82, 14, 73, 16, 80, 94, 0, 35, 90, 99, 17, 46, 2, 66, 47, 63, 51, 20, 13, 76, 53, 98, 6, 78, 85, 97, 61, 32, 44, 28, 25, 77, 59, 54, 81, 75, 57, 34, 7, 96]
2026-01-15 19:30:33,094 - FL_Main_krum_faker - INFO - === Round 12 Completed ===
2026-01-15 19:30:33,094 - FL_Main_krum_faker - INFO - Global Accuracy: 93.7000, Global Loss: 0.3299
2026-01-15 19:30:33,094 - FL_Main_krum_faker - INFO - Test Accuracy: 93.7000, Test Loss: 0.3299
2026-01-15 19:30:33,095 - FL_Main_krum_faker - INFO - === Round 13 Started ===
2026-01-15 19:30:33,095 - FL_Main_krum_faker - INFO - Participating clients: [36, 29, 77, 45, 28, 81, 24, 79, 32, 86, 84, 87, 17, 80, 12, 90, 82, 5, 39, 56, 4, 74, 46, 16, 11, 37, 41, 53, 22, 25, 76, 97, 67, 64, 34, 21, 91, 58, 52, 60, 30, 51, 18, 47, 55, 66, 62, 7, 98, 92, 9, 48, 14, 43, 68, 70, 35, 23, 83, 44, 0, 69, 65, 61, 72, 42, 38, 93, 78, 3, 54, 99, 15, 94, 19, 88, 10, 40, 95, 20, 2, 89, 49, 13, 59, 71, 26, 33, 50, 96, 1, 63, 27, 75, 8, 31, 6, 73, 57, 85]
2026-01-15 19:31:02,908 - FL_Main_krum_faker - INFO - === Round 13 Completed ===
2026-01-15 19:31:02,909 - FL_Main_krum_faker - INFO - Global Accuracy: 93.6800, Global Loss: 0.3367
2026-01-15 19:31:02,909 - FL_Main_krum_faker - INFO - Test Accuracy: 93.6800, Test Loss: 0.3367
2026-01-15 19:31:02,910 - FL_Main_krum_faker - INFO - === Round 14 Started ===
2026-01-15 19:31:02,910 - FL_Main_krum_faker - INFO - Participating clients: [53, 83, 12, 62, 78, 52, 35, 4, 88, 47, 27, 56, 91, 30, 46, 97, 90, 69, 45, 7, 50, 93, 24, 15, 58, 11, 89, 2, 6, 42, 31, 16, 26, 8, 67, 73, 29, 21, 49, 9, 79, 57, 38, 0, 17, 54, 60, 66, 34, 68, 74, 80, 70, 1, 94, 87, 22, 76, 37, 20, 85, 61, 59, 3, 81, 65, 33, 48, 92, 98, 14, 77, 75, 41, 18, 36, 63, 51, 32, 19, 39, 43, 99, 23, 44, 86, 96, 71, 84, 10, 40, 13, 95, 25, 64, 72, 55, 5, 82, 28]
2026-01-15 19:31:33,916 - FL_Main_krum_faker - INFO - === Round 14 Completed ===
2026-01-15 19:31:33,917 - FL_Main_krum_faker - INFO - Global Accuracy: 93.6700, Global Loss: 0.3416
2026-01-15 19:31:33,917 - FL_Main_krum_faker - INFO - Test Accuracy: 93.6700, Test Loss: 0.3416
2026-01-15 19:31:33,918 - FL_Main_krum_faker - INFO - === Round 15 Started ===
2026-01-15 19:31:33,918 - FL_Main_krum_faker - INFO - Participating clients: [79, 81, 74, 70, 91, 41, 48, 76, 67, 37, 58, 64, 77, 55, 12, 14, 83, 96, 27, 86, 57, 29, 52, 43, 89, 51, 53, 85, 40, 54, 71, 32, 47, 19, 60, 8, 11, 73, 5, 61, 98, 6, 95, 99, 23, 97, 88, 35, 3, 90, 87, 49, 21, 42, 7, 26, 22, 46, 59, 82, 18, 38, 66, 92, 75, 68, 13, 9, 30, 45, 94, 69, 63, 17, 78, 28, 62, 39, 31, 33, 44, 50, 0, 80, 36, 2, 4, 25, 20, 65, 10, 15, 84, 93, 1, 72, 24, 16, 56, 34]
2026-01-15 19:32:03,527 - FL_Main_krum_faker - INFO - === Round 15 Completed ===
2026-01-15 19:32:03,527 - FL_Main_krum_faker - INFO - Global Accuracy: 93.6500, Global Loss: 0.3474
2026-01-15 19:32:03,527 - FL_Main_krum_faker - INFO - Test Accuracy: 93.6500, Test Loss: 0.3474
2026-01-15 19:32:03,528 - FL_Main_krum_faker - INFO - === Round 16 Started ===
2026-01-15 19:32:03,528 - FL_Main_krum_faker - INFO - Participating clients: [11, 95, 67, 27, 48, 53, 58, 43, 20, 47, 39, 41, 72, 76, 10, 6, 19, 91, 79, 84, 85, 34, 56, 54, 62, 77, 94, 78, 96, 65, 14, 44, 55, 69, 36, 75, 89, 2, 66, 25, 38, 3, 0, 13, 83, 74, 49, 8, 98, 16, 18, 82, 7, 57, 31, 71, 99, 52, 24, 87, 61, 32, 35, 22, 4, 60, 64, 68, 1, 63, 29, 33, 59, 81, 73, 86, 40, 12, 51, 88, 9, 93, 70, 46, 26, 28, 17, 97, 90, 5, 45, 80, 21, 92, 23, 37, 15, 30, 50, 42]
2026-01-15 19:32:35,128 - FL_Main_krum_faker - INFO - === Round 16 Completed ===
2026-01-15 19:32:35,129 - FL_Main_krum_faker - INFO - Global Accuracy: 93.6600, Global Loss: 0.3504
2026-01-15 19:32:35,129 - FL_Main_krum_faker - INFO - Test Accuracy: 93.6600, Test Loss: 0.3504
2026-01-15 19:32:35,131 - FL_Main_krum_faker - INFO - === Round 17 Started ===
2026-01-15 19:32:35,132 - FL_Main_krum_faker - INFO - Participating clients: [39, 95, 43, 28, 42, 21, 9, 65, 81, 14, 67, 92, 24, 44, 86, 82, 18, 30, 13, 83, 32, 25, 22, 19, 93, 77, 63, 59, 57, 41, 40, 76, 56, 8, 60, 89, 38, 50, 17, 37, 3, 74, 79, 4, 68, 29, 96, 2, 72, 23, 80, 64, 70, 5, 99, 73, 71, 87, 54, 88, 35, 52, 53, 36, 12, 20, 84, 97, 75, 33, 1, 90, 51, 78, 10, 58, 85, 16, 34, 46, 47, 7, 69, 61, 94, 15, 98, 48, 6, 11, 91, 0, 31, 66, 62, 26, 27, 55, 49, 45]
2026-01-15 19:33:04,294 - FL_Main_krum_faker - INFO - === Round 17 Completed ===
2026-01-15 19:33:04,294 - FL_Main_krum_faker - INFO - Global Accuracy: 93.6800, Global Loss: 0.3543
2026-01-15 19:33:04,294 - FL_Main_krum_faker - INFO - Test Accuracy: 93.6800, Test Loss: 0.3543
2026-01-15 19:33:04,296 - FL_Main_krum_faker - INFO - === Round 18 Started ===
2026-01-15 19:33:04,296 - FL_Main_krum_faker - INFO - Participating clients: [42, 10, 74, 84, 18, 44, 39, 83, 89, 96, 50, 16, 76, 98, 93, 71, 48, 82, 99, 88, 67, 11, 54, 65, 46, 2, 75, 85, 23, 27, 43, 62, 24, 28, 17, 19, 9, 95, 77, 91, 6, 32, 49, 34, 53, 47, 33, 97, 81, 21, 57, 72, 8, 38, 79, 63, 86, 78, 92, 69, 66, 52, 26, 90, 15, 41, 68, 56, 14, 87, 7, 94, 25, 70, 35, 59, 51, 60, 55, 31, 20, 58, 12, 80, 13, 73, 37, 3, 22, 64, 4, 0, 29, 45, 40, 36, 61, 5, 30, 1]
2026-01-15 19:33:34,762 - FL_Main_krum_faker - INFO - === Round 18 Completed ===
2026-01-15 19:33:34,763 - FL_Main_krum_faker - INFO - Global Accuracy: 93.6500, Global Loss: 0.3581
2026-01-15 19:33:34,763 - FL_Main_krum_faker - INFO - Test Accuracy: 93.6500, Test Loss: 0.3581
2026-01-15 19:33:34,764 - FL_Main_krum_faker - INFO - === Round 19 Started ===
2026-01-15 19:33:34,764 - FL_Main_krum_faker - INFO - Participating clients: [10, 97, 20, 34, 57, 65, 18, 55, 11, 28, 95, 44, 3, 53, 6, 50, 64, 47, 30, 49, 99, 82, 90, 87, 40, 12, 42, 93, 17, 4, 36, 60, 71, 68, 89, 0, 79, 1, 16, 13, 86, 9, 35, 46, 38, 33, 27, 7, 80, 72, 15, 19, 52, 76, 51, 26, 75, 39, 29, 70, 78, 31, 96, 62, 32, 45, 58, 84, 59, 83, 48, 91, 73, 94, 66, 5, 21, 23, 2, 61, 77, 22, 98, 67, 81, 85, 25, 92, 37, 63, 14, 24, 43, 8, 41, 88, 54, 69, 56, 74]
2026-01-15 19:34:06,470 - FL_Main_krum_faker - INFO - === Round 19 Completed ===
2026-01-15 19:34:06,471 - FL_Main_krum_faker - INFO - Global Accuracy: 93.6900, Global Loss: 0.3608
2026-01-15 19:34:06,471 - FL_Main_krum_faker - INFO - Test Accuracy: 93.6900, Test Loss: 0.3608
2026-01-15 19:34:06,473 - FL_Main_krum_faker - INFO - === Round 20 Started ===
2026-01-15 19:34:06,473 - FL_Main_krum_faker - INFO - Participating clients: [98, 74, 94, 96, 42, 17, 5, 45, 69, 43, 82, 22, 87, 59, 61, 80, 23, 97, 8, 58, 4, 37, 25, 93, 77, 76, 40, 39, 65, 50, 91, 60, 32, 79, 24, 36, 92, 55, 49, 3, 62, 41, 21, 89, 7, 51, 83, 27, 75, 47, 28, 71, 57, 11, 31, 44, 63, 53, 33, 56, 99, 52, 72, 38, 46, 34, 18, 20, 6, 2, 10, 70, 9, 64, 14, 19, 88, 13, 78, 54, 35, 67, 1, 48, 95, 66, 29, 12, 0, 73, 90, 85, 30, 16, 15, 84, 68, 26, 86, 81]
2026-01-15 19:34:35,758 - FL_Main_krum_faker - INFO - === Round 20 Completed ===
2026-01-15 19:34:35,759 - FL_Main_krum_faker - INFO - Global Accuracy: 93.7000, Global Loss: 0.3636
2026-01-15 19:34:35,759 - FL_Main_krum_faker - INFO - Test Accuracy: 93.7000, Test Loss: 0.3636
2026-01-15 19:34:35,760 - FL_Main_krum_faker - INFO - === Round 21 Started ===
2026-01-15 19:34:35,760 - FL_Main_krum_faker - INFO - Participating clients: [30, 82, 46, 97, 49, 72, 4, 77, 19, 86, 57, 47, 88, 56, 9, 73, 17, 67, 96, 50, 40, 35, 31, 14, 3, 23, 63, 66, 95, 15, 33, 69, 89, 27, 36, 62, 25, 7, 8, 54, 93, 28, 11, 45, 58, 5, 51, 43, 20, 42, 22, 90, 59, 78, 34, 18, 91, 10, 79, 98, 74, 32, 76, 64, 12, 61, 70, 92, 1, 41, 83, 44, 99, 37, 84, 29, 87, 52, 2, 21, 85, 81, 68, 16, 13, 55, 6, 71, 38, 53, 60, 94, 65, 75, 26, 39, 80, 0, 24, 48]
2026-01-15 19:35:06,753 - FL_Main_krum_faker - INFO - === Round 21 Completed ===
2026-01-15 19:35:06,754 - FL_Main_krum_faker - INFO - Global Accuracy: 93.6800, Global Loss: 0.3661
2026-01-15 19:35:06,754 - FL_Main_krum_faker - INFO - Test Accuracy: 93.6800, Test Loss: 0.3661
2026-01-15 19:35:06,755 - FL_Main_krum_faker - INFO - === Round 22 Started ===
2026-01-15 19:35:06,755 - FL_Main_krum_faker - INFO - Participating clients: [55, 64, 7, 15, 66, 19, 38, 21, 20, 41, 28, 44, 95, 36, 10, 32, 25, 81, 70, 35, 16, 93, 68, 11, 98, 92, 94, 74, 43, 5, 3, 85, 82, 33, 26, 53, 69, 31, 56, 40, 34, 18, 90, 73, 30, 96, 51, 75, 71, 83, 61, 29, 4, 88, 63, 77, 89, 65, 99, 48, 13, 72, 9, 91, 86, 22, 50, 8, 23, 79, 17, 45, 46, 97, 14, 52, 84, 87, 42, 47, 24, 1, 37, 12, 39, 49, 54, 2, 67, 60, 76, 59, 57, 62, 80, 6, 27, 58, 78, 0]
2026-01-15 19:35:36,387 - FL_Main_krum_faker - INFO - === Round 22 Completed ===
2026-01-15 19:35:36,388 - FL_Main_krum_faker - INFO - Global Accuracy: 93.6900, Global Loss: 0.3690
2026-01-15 19:35:36,388 - FL_Main_krum_faker - INFO - Test Accuracy: 93.6900, Test Loss: 0.3690
2026-01-15 19:35:36,389 - FL_Main_krum_faker - INFO - === Round 23 Started ===
2026-01-15 19:35:36,389 - FL_Main_krum_faker - INFO - Participating clients: [11, 50, 64, 58, 30, 27, 74, 45, 6, 91, 36, 63, 76, 83, 60, 89, 68, 1, 13, 55, 17, 33, 46, 51, 77, 5, 87, 90, 71, 24, 75, 84, 9, 49, 97, 57, 35, 52, 39, 43, 61, 7, 8, 72, 25, 23, 98, 21, 88, 54, 48, 67, 12, 38, 32, 80, 92, 2, 42, 41, 65, 62, 95, 78, 29, 66, 85, 59, 20, 73, 19, 10, 93, 47, 37, 53, 34, 18, 28, 16, 31, 79, 15, 70, 22, 81, 0, 94, 26, 69, 82, 56, 4, 86, 99, 14, 3, 44, 96, 40]
2026-01-15 19:36:07,256 - FL_Main_krum_faker - INFO - === Round 23 Completed ===
2026-01-15 19:36:07,257 - FL_Main_krum_faker - INFO - Global Accuracy: 93.6700, Global Loss: 0.3710
2026-01-15 19:36:07,257 - FL_Main_krum_faker - INFO - Test Accuracy: 93.6700, Test Loss: 0.3710
2026-01-15 19:36:07,259 - FL_Main_krum_faker - INFO - === Round 24 Started ===
2026-01-15 19:36:07,259 - FL_Main_krum_faker - INFO - Participating clients: [74, 61, 21, 67, 80, 92, 79, 48, 18, 87, 31, 4, 73, 14, 24, 2, 56, 40, 53, 19, 52, 26, 93, 64, 60, 7, 17, 66, 78, 41, 98, 96, 94, 82, 22, 58, 43, 34, 65, 63, 49, 55, 46, 75, 70, 51, 44, 16, 39, 30, 12, 15, 90, 35, 95, 86, 45, 91, 13, 89, 20, 50, 69, 57, 47, 42, 99, 85, 25, 71, 11, 32, 72, 88, 9, 1, 27, 37, 84, 29, 81, 8, 68, 6, 77, 76, 62, 38, 83, 59, 97, 28, 3, 54, 0, 10, 36, 23, 5, 33]
2026-01-15 19:36:37,586 - FL_Main_krum_faker - INFO - === Round 24 Completed ===
2026-01-15 19:36:37,586 - FL_Main_krum_faker - INFO - Global Accuracy: 93.6700, Global Loss: 0.3735
2026-01-15 19:36:37,586 - FL_Main_krum_faker - INFO - Test Accuracy: 93.6700, Test Loss: 0.3735
2026-01-15 19:36:37,588 - FL_Main_krum_faker - INFO - === Round 25 Started ===
2026-01-15 19:36:37,588 - FL_Main_krum_faker - INFO - Participating clients: [12, 52, 42, 91, 60, 99, 87, 17, 0, 70, 20, 98, 83, 95, 61, 93, 25, 36, 41, 82, 7, 11, 73, 29, 68, 4, 22, 53, 77, 74, 50, 63, 23, 37, 90, 1, 38, 80, 75, 6, 59, 21, 18, 76, 81, 34, 33, 31, 8, 32, 56, 92, 94, 79, 58, 10, 49, 55, 16, 78, 96, 45, 57, 62, 47, 40, 84, 27, 89, 2, 35, 85, 3, 5, 65, 15, 44, 46, 39, 51, 43, 71, 14, 88, 67, 72, 9, 54, 13, 28, 48, 26, 69, 24, 97, 86, 66, 64, 19, 30]
2026-01-15 19:37:08,902 - FL_Main_krum_faker - INFO - === Round 25 Completed ===
2026-01-15 19:37:08,903 - FL_Main_krum_faker - INFO - Global Accuracy: 93.6900, Global Loss: 0.3754
2026-01-15 19:37:08,903 - FL_Main_krum_faker - INFO - Test Accuracy: 93.6900, Test Loss: 0.3754
2026-01-15 19:37:08,904 - FL_Main_krum_faker - INFO - === Round 26 Started ===
2026-01-15 19:37:08,904 - FL_Main_krum_faker - INFO - Participating clients: [87, 64, 90, 39, 88, 15, 81, 37, 47, 78, 28, 89, 17, 61, 19, 58, 77, 91, 53, 70, 60, 68, 27, 31, 10, 67, 57, 74, 46, 9, 14, 7, 98, 25, 85, 21, 41, 54, 33, 95, 97, 43, 13, 45, 92, 76, 5, 32, 79, 3, 29, 8, 52, 26, 49, 36, 50, 35, 56, 65, 1, 66, 16, 0, 73, 4, 2, 83, 22, 62, 86, 99, 96, 63, 94, 82, 80, 42, 93, 34, 30, 11, 12, 69, 51, 6, 24, 75, 38, 48, 71, 72, 40, 59, 20, 84, 55, 23, 44, 18]
2026-01-15 19:37:37,710 - FL_Main_krum_faker - INFO - === Round 26 Completed ===
2026-01-15 19:37:37,711 - FL_Main_krum_faker - INFO - Global Accuracy: 93.6900, Global Loss: 0.3778
2026-01-15 19:37:37,711 - FL_Main_krum_faker - INFO - Test Accuracy: 93.6900, Test Loss: 0.3778
2026-01-15 19:37:37,712 - FL_Main_krum_faker - INFO - === Round 27 Started ===
2026-01-15 19:37:37,712 - FL_Main_krum_faker - INFO - Participating clients: [96, 2, 38, 59, 86, 92, 69, 54, 68, 48, 29, 31, 58, 44, 19, 35, 24, 14, 4, 53, 78, 98, 30, 26, 8, 12, 81, 57, 6, 88, 5, 51, 56, 89, 27, 7, 17, 32, 18, 82, 52, 87, 46, 36, 20, 67, 97, 49, 43, 55, 15, 85, 9, 42, 33, 60, 76, 90, 63, 3, 84, 37, 11, 65, 39, 70, 40, 22, 83, 25, 16, 10, 62, 13, 91, 73, 47, 74, 93, 41, 99, 64, 61, 23, 34, 94, 50, 0, 75, 71, 28, 80, 79, 45, 1, 77, 21, 66, 95, 72]
2026-01-15 19:38:09,137 - FL_Main_krum_faker - INFO - === Round 27 Completed ===
2026-01-15 19:38:09,138 - FL_Main_krum_faker - INFO - Global Accuracy: 93.7000, Global Loss: 0.3795
2026-01-15 19:38:09,138 - FL_Main_krum_faker - INFO - Test Accuracy: 93.7000, Test Loss: 0.3795
2026-01-15 19:38:09,139 - FL_Main_krum_faker - INFO - === Round 28 Started ===
2026-01-15 19:38:09,139 - FL_Main_krum_faker - INFO - Participating clients: [47, 11, 68, 92, 24, 6, 34, 48, 86, 77, 90, 5, 9, 95, 75, 71, 27, 61, 26, 42, 38, 1, 83, 91, 15, 82, 31, 81, 50, 30, 41, 36, 96, 59, 45, 39, 33, 23, 32, 56, 73, 29, 94, 51, 46, 70, 67, 20, 13, 62, 52, 72, 2, 97, 14, 87, 78, 16, 35, 37, 40, 53, 18, 44, 12, 21, 65, 76, 85, 66, 17, 49, 93, 10, 8, 74, 54, 28, 84, 63, 88, 98, 19, 4, 89, 99, 25, 79, 0, 60, 64, 43, 55, 57, 7, 3, 69, 22, 58, 80]
2026-01-15 19:38:39,606 - FL_Main_krum_faker - INFO - === Round 28 Completed ===
2026-01-15 19:38:39,607 - FL_Main_krum_faker - INFO - Global Accuracy: 93.7300, Global Loss: 0.3814
2026-01-15 19:38:39,607 - FL_Main_krum_faker - INFO - Test Accuracy: 93.7300, Test Loss: 0.3814
2026-01-15 19:38:39,608 - FL_Main_krum_faker - INFO - === Round 29 Started ===
2026-01-15 19:38:39,608 - FL_Main_krum_faker - INFO - Participating clients: [90, 19, 1, 27, 64, 58, 47, 7, 79, 81, 85, 78, 61, 84, 62, 2, 0, 68, 70, 52, 97, 86, 67, 35, 82, 36, 88, 95, 55, 22, 13, 12, 77, 98, 30, 24, 32, 80, 99, 17, 50, 25, 5, 23, 94, 29, 74, 15, 44, 14, 66, 43, 57, 41, 46, 73, 93, 71, 72, 45, 76, 65, 3, 83, 10, 48, 31, 96, 21, 18, 63, 37, 16, 91, 92, 6, 87, 38, 89, 8, 26, 51, 20, 49, 34, 59, 69, 33, 53, 28, 9, 56, 40, 11, 60, 54, 4, 75, 39, 42]
2026-01-15 19:39:09,845 - FL_Main_krum_faker - INFO - === Round 29 Completed ===
2026-01-15 19:39:09,846 - FL_Main_krum_faker - INFO - Global Accuracy: 93.7000, Global Loss: 0.3831
2026-01-15 19:39:09,846 - FL_Main_krum_faker - INFO - Test Accuracy: 93.7000, Test Loss: 0.3831
2026-01-15 19:39:09,848 - FL_Main_krum_faker - INFO - === Round 30 Started ===
2026-01-15 19:39:09,848 - FL_Main_krum_faker - INFO - Participating clients: [49, 96, 94, 17, 88, 92, 10, 64, 44, 6, 12, 55, 29, 9, 43, 77, 78, 76, 50, 41, 3, 34, 57, 62, 87, 45, 70, 48, 95, 23, 72, 93, 37, 31, 86, 68, 83, 65, 24, 74, 81, 40, 82, 47, 61, 20, 73, 90, 5, 0, 19, 28, 53, 98, 52, 8, 51, 11, 27, 69, 35, 39, 32, 26, 60, 1, 85, 22, 33, 99, 30, 25, 97, 89, 59, 84, 13, 36, 2, 46, 7, 18, 16, 66, 67, 21, 14, 4, 15, 42, 75, 56, 63, 71, 79, 91, 54, 38, 80, 58]
2026-01-15 19:39:38,167 - FL_Main_krum_faker - INFO - === Round 30 Completed ===
2026-01-15 19:39:38,167 - FL_Main_krum_faker - INFO - Global Accuracy: 93.7000, Global Loss: 0.3851
2026-01-15 19:39:38,168 - FL_Main_krum_faker - INFO - Test Accuracy: 93.7000, Test Loss: 0.3851
2026-01-15 19:39:38,168 - FL_Main_krum_faker - INFO - Experiment completed
2026-01-15 19:39:38,201 - FL_Main_krum_faker - INFO - All logs saved to logs/krum_faker_20260115_192317
